{"#attributes":{"xmlns":"http://schemas.microsoft.com/win/2004/08/events/event"},"EventData":{"DestinationHostname":"-","DestinationIp":"192.168.1.11","DestinationIsIpv6":false,"DestinationPort":8080,"DestinationPortName":"-","Image":"C:\\Windows\\Temp\\supply.exe","Initiated":true,"ProcessGuid":"747F3D96-312B-6095-4305-000000001D00","ProcessId":5540,"Protocol":"tcp","RuleName":"-","SourceHostname":"MSEDGEWIN10.domain.name","SourceIp":"192.168.1.8","SourceIsIpv6":false,"SourcePort":50701,"SourcePortName":"-","User":"MSEDGEWIN10\\IEUser","UtcTime":"2021-05-07 12:23:07.741"},"System":{"Channel":"Microsoft-Windows-Sysmon/Operational","Computer":"MSEDGEWIN10","Correlation":null,"EventID":3,"EventRecordID":1917,"Execution":{"#attributes":{"ProcessID":4224,"ThreadID":4216}},"Keywords":"0x8000000000000000","Level":4,"Opcode":0,"Provider":{"#attributes":{"Guid":"5770385F-C22A-43E0-BF4C-06F5698FFBD9","Name":"Microsoft-Windows-Sysmon"}},"Security":{"#attributes":{"UserID":"S-1-5-18"}},"Task":3,"TimeCreated":{"#attributes":{"SystemTime":"2021-05-07T12:23:08.849476Z"}},"Version":5}}
{"#attributes":{"xmlns":"http://schemas.microsoft.com/win/2004/08/events/event"},"EventData":{"CommandLine":"C:\\windows\\temp\\supply.exe /c \"whoami\"\n","Company":"-","CurrentDirectory":"C:\\Users\\IEUser\\Downloads\\","Description":"-","FileVersion":"-","Hashes":"MD5=E253708011D4153D7764EC1B3CBC019F,SHA256=B896CC820879C983970829D81667BB69DA2567E942E9228AB68D64EDF550A77A,IMPHASH=4DF47BD79D7FE79953651A03293F0E8F","Image":"C:\\Windows\\Temp\\supply.exe","IntegrityLevel":"Medium","LogonGuid":"747F3D96-DE82-6094-7713-0F0000000000","LogonId":"0xf1377","OriginalFileName":"-","ParentCommandLine":"C:\\windows\\temp\\supply.exe /c \"whoami\"\n","ParentImage":"C:\\Windows\\Temp\\supply.exe","ParentProcessGuid":"747F3D96-312C-6095-4705-000000001D00","ParentProcessId":7192,"ProcessGuid":"747F3D96-312C-6095-4805-000000001D00","ProcessId":7208,"Product":"-","RuleName":"-","TerminalSessionId":1,"User":"MSEDGEWIN10\\IEUser","UtcTime":"2021-05-07 12:23:08.895"},"System":{"Channel":"Microsoft-Windows-Sysmon/Operational","Computer":"MSEDGEWIN10","Correlation":null,"EventID":1,"EventRecordID":1918,"Execution":{"#attributes":{"ProcessID":4224,"ThreadID":7088}},"Keywords":"0x8000000000000000","Level":4,"Opcode":0,"Provider":{"#attributes":{"Guid":"5770385F-C22A-43E0-BF4C-06F5698FFBD9","Name":"Microsoft-Windows-Sysmon"}},"Security":{"#attributes":{"UserID":"S-1-5-18"}},"Task":1,"TimeCreated":{"#attributes":{"SystemTime":"2021-05-07T12:23:08.898170Z"}},"Version":5}}
{"#attributes":{"xmlns":"http://schemas.microsoft.com/win/2004/08/events/event"},"EventData":{"CreationUtcTime":"2021-05-07 12:23:08.910","Image":"C:\\windows\\temp\\supply.exe","ProcessGuid":"747F3D96-312C-6095-4805-000000001D00","ProcessId":7208,"RuleName":"DLL","TargetFilename":"C:\\Users\\IEUser\\AppData\\Local\\Temp\\_MEI72082\\msvcm90.dll","UtcTime":"2021-05-07 12:23:08.910"},"System":{"Channel":"Microsoft-Windows-Sysmon/Operational","Computer":"MSEDGEWIN10","Correlation":null,"EventID":11,"EventRecordID":1919,"Execution":{"#attributes":{"ProcessID":4224,"ThreadID":7088}},"Keywords":"0x8000000000000000","Level":4,"Opcode":0,"Provider":{"#attributes":{"Guid":"5770385F-C22A-43E0-BF4C-06F5698FFBD9","Name":"Microsoft-Windows-Sysmon"}},"Security":{"#attributes":{"UserID":"S-1-5-18"}},"Task":11,"TimeCreated":{"#attributes":{"SystemTime":"2021-05-07T12:23:08.934385Z"}},"Version":2}}
{"#attributes":{"xmlns":"http://schemas.microsoft.com/win/2004/08/events/event"},"EventData":{"CreationUtcTime":"2021-05-07 12:23:08.926","Image":"C:\\windows\\temp\\supply.exe","ProcessGuid":"747F3D96-312C-6095-4805-000000001D00","ProcessId":7208,"RuleName":"DLL","TargetFilename":"C:\\Users\\IEUser\\AppData\\Local\\Temp\\_MEI72082\\msvcp90.dll","UtcTime":"2021-05-07 12:23:08.926"},"System":{"Channel":"Microsoft-Windows-Sysmon/Operational","Computer":"MSEDGEWIN10","Correlation":null,"EventID":11,"EventRecordID":1920,"Execution":{"#attributes":{"ProcessID":4224,"ThreadID":7088}},"Keywords":"0x8000000000000000","Level":4,"Opcode":0,"Provider":{"#attributes":{"Guid":"5770385F-C22A-43E0-BF4C-06F5698FFBD9","Name":"Microsoft-Windows-Sysmon"}},"Security":{"#attributes":{"UserID":"S-1-5-18"}},"Task":11,"TimeCreated":{"#attributes":{"SystemTime":"2021-05-07T12:23:08.934419Z"}},"Version":2}}
{"#attributes":{"xmlns":"http://schemas.microsoft.com/win/2004/08/events/event"},"EventData":{"CreationUtcTime":"2021-05-07 12:23:08.926","Image":"C:\\windows\\temp\\supply.exe","ProcessGuid":"747F3D96-312C-6095-4805-000000001D00","ProcessId":7208,"RuleName":"DLL","TargetFilename":"C:\\Users\\IEUser\\AppData\\Local\\Temp\\_MEI72082\\msvcr90.dll","UtcTime":"2021-05-07 12:23:08.926"},"System":{"Channel":"Microsoft-Windows-Sysmon/Operational","Computer":"MSEDGEWIN10","Correlation":null,"EventID":11,"EventRecordID":1921,"Execution":{"#attributes":{"ProcessID":4224,"ThreadID":7088}},"Keywords":"0x8000000000000000","Level":4,"Opcode":0,"Provider":{"#attributes":{"Guid":"5770385F-C22A-43E0-BF4C-06F5698FFBD9","Name":"Microsoft-Windows-Sysmon"}},"Security":{"#attributes":{"UserID":"S-1-5-18"}},"Task":11,"TimeCreated":{"#attributes":{"SystemTime":"2021-05-07T12:23:08.935082Z"}},"Version":2}}
{"#attributes":{"xmlns":"http://schemas.microsoft.com/win/2004/08/events/event"},"EventData":{"CreationUtcTime":"2021-05-07 12:23:08.942","Image":"C:\\windows\\temp\\supply.exe","ProcessGuid":"747F3D96-312C-6095-4805-000000001D00","ProcessId":7208,"RuleName":"DLL","TargetFilename":"C:\\Users\\IEUser\\AppData\\Local\\Temp\\_MEI72082\\python27.dll","UtcTime":"2021-05-07 12:23:08.942"},"System":{"Channel":"Microsoft-Windows-Sysmon/Operational","Computer":"MSEDGEWIN10","Correlation":null,"EventID":11,"EventRecordID":1922,"Execution":{"#attributes":{"ProcessID":4224,"ThreadID":7088}},"Keywords":"0x8000000000000000","Level":4,"Opcode":0,"Provider":{"#attributes":{"Guid":"5770385F-C22A-43E0-BF4C-06F5698FFBD9","Name":"Microsoft-Windows-Sysmon"}},"Security":{"#attributes":{"UserID":"S-1-5-18"}},"Task":11,"TimeCreated":{"#attributes":{"SystemTime":"2021-05-07T12:23:08.953197Z"}},"Version":2}}
{"#attributes":{"xmlns":"http://schemas.microsoft.com/win/2004/08/events/event"},"EventData":{"CommandLine":"C:\\windows\\temp\\supply.exe /c \"whoami\"\n","Company":"-","CurrentDirectory":"C:\\Users\\IEUser\\Downloads\\","Description":"-","FileVersion":"-","Hashes":"MD5=E253708011D4153D7764EC1B3CBC019F,SHA256=B896CC820879C983970829D81667BB69DA2567E942E9228AB68D64EDF550A77A,IMPHASH=4DF47BD79D7FE79953651A03293F0E8F","Image":"C:\\Windows\\Temp\\supply.exe","IntegrityLevel":"Medium","LogonGuid":"747F3D96-DE82-6094-7713-0F0000000000","LogonId":"0xf1377","OriginalFileName":"-","ParentCommandLine":"C:\\windows\\temp\\supply.exe /c \"whoami\"\n","ParentImage":"C:\\Windows\\Temp\\supply.exe","ParentProcessGuid":"747F3D96-312C-6095-4805-000000001D00","ParentProcessId":7208,"ProcessGuid":"747F3D96-312C-6095-4905-000000001D00","ProcessId":7220,"Product":"-","RuleName":"-","TerminalSessionId":1,"User":"MSEDGEWIN10\\IEUser","UtcTime":"2021-05-07 12:23:08.965"},"System":{"Channel":"Microsoft-Windows-Sysmon/Operational","Computer":"MSEDGEWIN10","Correlation":null,"EventID":1,"EventRecordID":1923,"Execution":{"#attributes":{"ProcessID":4224,"ThreadID":7088}},"Keywords":"0x8000000000000000","Level":4,"Opcode":0,"Provider":{"#attributes":{"Guid":"5770385F-C22A-43E0-BF4C-06F5698FFBD9","Name":"Microsoft-Windows-Sysmon"}},"Security":{"#attributes":{"UserID":"S-1-5-18"}},"Task":1,"TimeCreated":{"#attributes":{"SystemTime":"2021-05-07T12:23:08.967922Z"}},"Version":5}}
{"#attributes":{"xmlns":"http://schemas.microsoft.com/win/2004/08/events/event"},"EventData":{"CommandLine":"C:\\windows\\temp\\supply.exe /c \"whoami\"\n","Company":"-","CurrentDirectory":"C:\\Users\\IEUser\\Downloads\\","Description":"-","FileVersion":"-","Hashes":"MD5=E253708011D4153D7764EC1B3CBC019F,SHA256=B896CC820879C983970829D81667BB69DA2567E942E9228AB68D64EDF550A77A,IMPHASH=4DF47BD79D7FE79953651A03293F0E8F","Image":"C:\\Windows\\Temp\\supply.exe","IntegrityLevel":"Medium","LogonGuid":"747F3D96-DE82-6094-7713-0F0000000000","LogonId":"0xf1377","OriginalFileName":"-","ParentCommandLine":"C:\\windows\\temp\\supply.exe /c \"whoami\"\n","ParentImage":"C:\\Windows\\Temp\\supply.exe","ParentProcessGuid":"747F3D96-312C-6095-4905-000000001D00","ParentProcessId":7220,"ProcessGuid":"747F3D96-312D-6095-4A05-000000001D00","ProcessId":7232,"Product":"-","RuleName":"-","TerminalSessionId":1,"User":"MSEDGEWIN10\\IEUser","UtcTime":"2021-05-07 12:23:09.213"},"System":{"Channel":"Microsoft-Windows-Sysmon/Operational","Computer":"MSEDGEWIN10","Correlation":null,"EventID":1,"EventRecordID":1924,"Execution":{"#attributes":{"ProcessID":4224,"ThreadID":7088}},"Keywords":"0x8000000000000000","Level":4,"Opcode":0,"Provider":{"#attributes":{"Guid":"5770385F-C22A-43E0-BF4C-06F5698FFBD9","Name":"Microsoft-Windows-Sysmon"}},"Security":{"#attributes":{"UserID":"S-1-5-18"}},"Task":1,"TimeCreated":{"#attributes":{"SystemTime":"2021-05-07T12:23:09.215826Z"}},"Version":5}}
{"#attributes":{"xmlns":"http://schemas.microsoft.com/win/2004/08/events/event"},"EventData":{"CreationUtcTime":"2021-05-07 12:23:09.239","Image":"C:\\windows\\temp\\supply.exe","ProcessGuid":"747F3D96-312D-6095-4A05-000000001D00","ProcessId":7232,"RuleName":"DLL","TargetFilename":"C:\\Users\\IEUser\\AppData\\Local\\Temp\\_MEI72322\\msvcm90.dll","UtcTime":"2021-05-07 12:23:09.239"},"System":{"Channel":"Microsoft-Windows-Sysmon/Operational","Computer":"MSEDGEWIN10","Correlation":null,"EventID":11,"EventRecordID":1925,"Execution":{"#attributes":{"ProcessID":4224,"ThreadID":7088}},"Keywords":"0x8000000000000000","Level":4,"Opcode":0,"Provider":{"#attributes":{"Guid":"5770385F-C22A-43E0-BF4C-06F5698FFBD9","Name":"Microsoft-Windows-Sysmon"}},"Security":{"#attributes":{"UserID":"S-1-5-18"}},"Task":11,"TimeCreated":{"#attributes":{"SystemTime":"2021-05-07T12:23:09.255087Z"}},"Version":2}}
{"#attributes":{"xmlns":"http://schemas.microsoft.com/win/2004/08/events/event"},"EventData":{"CreationUtcTime":"2021-05-07 12:23:09.239","Image":"C:\\windows\\temp\\supply.exe","ProcessGuid":"747F3D96-312D-6095-4A05-000000001D00","ProcessId":7232,"RuleName":"DLL","TargetFilename":"C:\\Users\\IEUser\\AppData\\Local\\Temp\\_MEI72322\\msvcp90.dll","UtcTime":"2021-05-07 12:23:09.239"},"System":{"Channel":"Microsoft-Windows-Sysmon/Operational","Computer":"MSEDGEWIN10","Correlation":null,"EventID":11,"EventRecordID":1926,"Execution":{"#attributes":{"ProcessID":4224,"ThreadID":7088}},"Keywords":"0x8000000000000000","Level":4,"Opcode":0,"Provider":{"#attributes":{"Guid":"5770385F-C22A-43E0-BF4C-06F5698FFBD9","Name":"Microsoft-Windows-Sysmon"}},"Security":{"#attributes":{"UserID":"S-1-5-18"}},"Task":11,"TimeCreated":{"#attributes":{"SystemTime":"2021-05-07T12:23:09.255116Z"}},"Version":2}}
{"#attributes":{"xmlns":"http://schemas.microsoft.com/win/2004/08/events/event"},"EventData":{"CreationUtcTime":"2021-05-07 12:23:09.239","Image":"C:\\windows\\temp\\supply.exe","ProcessGuid":"747F3D96-312D-6095-4A05-000000001D00","ProcessId":7232,"RuleName":"DLL","TargetFilename":"C:\\Users\\IEUser\\AppData\\Local\\Temp\\_MEI72322\\msvcr90.dll","UtcTime":"2021-05-07 12:23:09.239"},"System":{"Channel":"Microsoft-Windows-Sysmon/Operational","Computer":"MSEDGEWIN10","Correlation":null,"EventID":11,"EventRecordID":1927,"Execution":{"#attributes":{"ProcessID":4224,"ThreadID":7088}},"Keywords":"0x8000000000000000","Level":4,"Opcode":0,"Provider":{"#attributes":{"Guid":"5770385F-C22A-43E0-BF4C-06F5698FFBD9","Name":"Microsoft-Windows-Sysmon"}},"Security":{"#attributes":{"UserID":"S-1-5-18"}},"Task":11,"TimeCreated":{"#attributes":{"SystemTime":"2021-05-07T12:23:09.255141Z"}},"Version":2}}
{"#attributes":{"xmlns":"http://schemas.microsoft.com/win/2004/08/events/event"},"EventData":{"CreationUtcTime":"2021-05-07 12:23:09.254","Image":"C:\\windows\\temp\\supply.exe","ProcessGuid":"747F3D96-312D-6095-4A05-000000001D00","ProcessId":7232,"RuleName":"DLL","TargetFilename":"C:\\Users\\IEUser\\AppData\\Local\\Temp\\_MEI72322\\python27.dll","UtcTime":"2021-05-07 12:23:09.254"},"System":{"Channel":"Microsoft-Windows-Sysmon/Operational","Computer":"MSEDGEWIN10","Correlation":null,"EventID":11,"EventRecordID":1928,"Execution":{"#attributes":{"ProcessID":4224,"ThreadID":7088}},"Keywords":"0x8000000000000000","Level":4,"Opcode":0,"Provider":{"#attributes":{"Guid":"5770385F-C22A-43E0-BF4C-06F5698FFBD9","Name":"Microsoft-Windows-Sysmon"}},"Security":{"#attributes":{"UserID":"S-1-5-18"}},"Task":11,"TimeCreated":{"#attributes":{"SystemTime":"2021-05-07T12:23:09.277328Z"}},"Version":2}}
{"#attributes":{"xmlns":"http://schemas.microsoft.com/win/2004/08/events/event"},"EventData":{"CommandLine":"C:\\windows\\temp\\supply.exe /c \"whoami\"\n","Company":"-","CurrentDirectory":"C:\\Users\\IEUser\\Downloads\\","Description":"-","FileVersion":"-","Hashes":"MD5=E253708011D4153D7764EC1B3CBC019F,SHA256=B896CC820879C983970829D81667BB69DA2567E942E9228AB68D64EDF550A77A,IMPHASH=4DF47BD79D7FE79953651A03293F0E8F","Image":"C:\\Windows\\Temp\\supply.exe","IntegrityLevel":"Medium","LogonGuid":"747F3D96-DE82-6094-7713-0F0000000000","LogonId":"0xf1377","OriginalFileName":"-","ParentCommandLine":"C:\\windows\\temp\\supply.exe /c \"whoami\"\n","ParentImage":"C:\\Windows\\Temp\\supply.exe","ParentProcessGuid":"747F3D96-312D-6095-4A05-000000001D00","ParentProcessId":7232,"ProcessGuid":"747F3D96-312D-6095-4B05-000000001D00","ProcessId":7244,"Product":"-","RuleName":"-","TerminalSessionId":1,"User":"MSEDGEWIN10\\IEUser","UtcTime":"2021-05-07 12:23:09.281"},"System":{"Channel":"Microsoft-Windows-Sysmon/Operational","Computer":"MSEDGEWIN10","Correlation":null,"EventID":1,"EventRecordID":1929,"Execution":{"#attributes":{"ProcessID":4224,"ThreadID":7088}},"Keywords":"0x8000000000000000","Level":4,"Opcode":0,"Provider":{"#attributes":{"Guid":"5770385F-C22A-43E0-BF4C-06F5698FFBD9","Name":"Microsoft-Windows-Sysmon"}},"Security":{"#attributes":{"UserID":"S-1-5-18"}},"Task":1,"TimeCreated":{"#attributes":{"SystemTime":"2021-05-07T12:23:09.284353Z"}},"Version":5}}
{"#attributes":{"xmlns":"http://schemas.microsoft.com/win/2004/08/events/event"},"EventData":{"DestinationHostname":"-","DestinationIp":"192.168.1.11","DestinationIsIpv6":false,"DestinationPort":8080,"DestinationPortName":"-","Image":"C:\\Windows\\Temp\\supply.exe","Initiated":true,"ProcessGuid":"747F3D96-312B-6095-4505-000000001D00","ProcessId":6624,"Protocol":"tcp","RuleName":"-","SourceHostname":"MSEDGEWIN10.domain.name","SourceIp":"192.168.1.8","SourceIsIpv6":false,"SourcePort":50703,"SourcePortName":"-","User":"MSEDGEWIN10\\IEUser","UtcTime":"2021-05-07 12:23:08.183"},"System":{"Channel":"Microsoft-Windows-Sysmon/Operational","Computer":"MSEDGEWIN10","Correlation":null,"EventID":3,"EventRecordID":1930,"Execution":{"#attributes":{"ProcessID":4224,"ThreadID":4216}},"Keywords":"0x8000000000000000","Level":4,"Opcode":0,"Provider":{"#attributes":{"Guid":"5770385F-C22A-43E0-BF4C-06F5698FFBD9","Name":"Microsoft-Windows-Sysmon"}},"Security":{"#attributes":{"UserID":"S-1-5-18"}},"Task":3,"TimeCreated":{"#attributes":{"SystemTime":"2021-05-07T12:23:09.392637Z"}},"Version":5}}
{"#attributes":{"xmlns":"http://schemas.microsoft.com/win/2004/08/events/event"},"EventData":{"CommandLine":"C:\\windows\\temp\\supply.exe /c \"whoami\"\n","Company":"-","CurrentDirectory":"C:\\Users\\IEUser\\Downloads\\","Description":"-","FileVersion":"-","Hashes":"MD5=E253708011D4153D7764EC1B3CBC019F,SHA256=B896CC820879C983970829D81667BB69DA2567E942E9228AB68D64EDF550A77A,IMPHASH=4DF47BD79D7FE79953651A03293F0E8F","Image":"C:\\Windows\\Temp\\supply.exe","IntegrityLevel":"Medium","LogonGuid":"747F3D96-DE82-6094-7713-0F0000000000","LogonId":"0xf1377","OriginalFileName":"-","ParentCommandLine":"C:\\windows\\temp\\supply.exe /c \"whoami\"\n","ParentImage":"C:\\Windows\\Temp\\supply.exe","ParentProcessGuid":"747F3D96-312D-6095-4B05-000000001D00","ParentProcessId":7244,"ProcessGuid":"747F3D96-312D-6095-4C05-000000001D00","ProcessId":7264,"Product":"-","RuleName":"-","TerminalSessionId":1,"User":"MSEDGEWIN10\\IEUser","UtcTime":"2021-05-07 12:23:09.550"},"System":{"Channel":"Microsoft-Windows-Sysmon/Operational","Computer":"MSEDGEWIN10","Correlation":null,"EventID":1,"EventRecordID":1931,"Execution":{"#attributes":{"ProcessID":4224,"ThreadID":7088}},"Keywords":"0x8000000000000000","Level":4,"Opcode":0,"Provider":{"#attributes":{"Guid":"5770385F-C22A-43E0-BF4C-06F5698FFBD9","Name":"Microsoft-Windows-Sysmon"}},"Security":{"#attributes":{"UserID":"S-1-5-18"}},"Task":1,"TimeCreated":{"#attributes":{"SystemTime":"2021-05-07T12:23:09.552818Z"}},"Version":5}}
{"#attributes":{"xmlns":"http://schemas.microsoft.com/win/2004/08/events/event"},"EventData":{"CreationUtcTime":"2021-05-07 12:23:09.582","Image":"C:\\windows\\temp\\supply.exe","ProcessGuid":"747F3D96-312D-6095-4C05-000000001D00","ProcessId":7264,"RuleName":"DLL","TargetFilename":"C:\\Users\\IEUser\\AppData\\Local\\Temp\\_MEI72642\\msvcm90.dll","UtcTime":"2021-05-07 12:23:09.582"},"System":{"Channel":"Microsoft-Windows-Sysmon/Operational","Computer":"MSEDGEWIN10","Correlation":null,"EventID":11,"EventRecordID":1932,"Execution":{"#attributes":{"ProcessID":4224,"ThreadID":7088}},"Keywords":"0x8000000000000000","Level":4,"Opcode":0,"Provider":{"#attributes":{"Guid":"5770385F-C22A-43E0-BF4C-06F5698FFBD9","Name":"Microsoft-Windows-Sysmon"}},"Security":{"#attributes":{"UserID":"S-1-5-18"}},"Task":11,"TimeCreated":{"#attributes":{"SystemTime":"2021-05-07T12:23:09.598622Z"}},"Version":2}}
{"#attributes":{"xmlns":"http://schemas.microsoft.com/win/2004/08/events/event"},"EventData":{"CreationUtcTime":"2021-05-07 12:23:09.598","Image":"C:\\windows\\temp\\supply.exe","ProcessGuid":"747F3D96-312D-6095-4C05-000000001D00","ProcessId":7264,"RuleName":"DLL","TargetFilename":"C:\\Users\\IEUser\\AppData\\Local\\Temp\\_MEI72642\\msvcp90.dll","UtcTime":"2021-05-07 12:23:09.598"},"System":{"Channel":"Microsoft-Windows-Sysmon/Operational","Computer":"MSEDGEWIN10","Correlation":null,"EventID":11,"EventRecordID":1933,"Execution":{"#attributes":{"ProcessID":4224,"ThreadID":7088}},"Keywords":"0x8000000000000000","Level":4,"Opcode":0,"Provider":{"#attributes":{"Guid":"5770385F-C22A-43E0-BF4C-06F5698FFBD9","Name":"Microsoft-Windows-Sysmon"}},"Security":{"#attributes":{"UserID":"S-1-5-18"}},"Task":11,"TimeCreated":{"#attributes":{"SystemTime":"2021-05-07T12:23:09.605590Z"}},"Version":2}}
{"#attributes":{"xmlns":"http://schemas.microsoft.com/win/2004/08/events/event"},"EventData":{"CreationUtcTime":"2021-05-07 12:23:09.598","Image":"C:\\windows\\temp\\supply.exe","ProcessGuid":"747F3D96-312D-6095-4C05-000000001D00","ProcessId":7264,"RuleName":"DLL","TargetFilename":"C:\\Users\\IEUser\\AppData\\Local\\Temp\\_MEI72642\\msvcr90.dll","UtcTime":"2021-05-07 12:23:09.598"},"System":{"Channel":"Microsoft-Windows-Sysmon/Operational","Computer":"MSEDGEWIN10","Correlation":null,"EventID":11,"EventRecordID":1934,"Execution":{"#attributes":{"ProcessID":4224,"ThreadID":7088}},"Keywords":"0x8000000000000000","Level":4,"Opcode":0,"Provider":{"#attributes":{"Guid":"5770385F-C22A-43E0-BF4C-06F5698FFBD9","Name":"Microsoft-Windows-Sysmon"}},"Security":{"#attributes":{"UserID":"S-1-5-18"}},"Task":11,"TimeCreated":{"#attributes":{"SystemTime":"2021-05-07T12:23:09.607450Z"}},"Version":2}}
{"#attributes":{"xmlns":"http://schemas.microsoft.com/win/2004/08/events/event"},"EventData":{"CreationUtcTime":"2021-05-07 12:23:09.614","Image":"C:\\windows\\temp\\supply.exe","ProcessGuid":"747F3D96-312D-6095-4C05-000000001D00","ProcessId":7264,"RuleName":"DLL","TargetFilename":"C:\\Users\\IEUser\\AppData\\Local\\Temp\\_MEI72642\\python27.dll","UtcTime":"2021-05-07 12:23:09.614"},"System":{"Channel":"Microsoft-Windows-Sysmon/Operational","Computer":"MSEDGEWIN10","Correlation":null,"EventID":11,"EventRecordID":1935,"Execution":{"#attributes":{"ProcessID":4224,"ThreadID":7088}},"Keywords":"0x8000000000000000","Level":4,"Opcode":0,"Provider":{"#attributes":{"Guid":"5770385F-C22A-43E0-BF4C-06F5698FFBD9","Name":"Microsoft-Windows-Sysmon"}},"Security":{"#attributes":{"UserID":"S-1-5-18"}},"Task":11,"TimeCreated":{"#attributes":{"SystemTime":"2021-05-07T12:23:09.625327Z"}},"Version":2}}
{"#attributes":{"xmlns":"http://schemas.microsoft.com/win/2004/08/events/event"},"EventData":{"DestinationHostname":"-","DestinationIp":"192.168.1.11","DestinationIsIpv6":false,"DestinationPort":8080,"DestinationPortName":"-","Image":"C:\\Windows\\Temp\\supply.exe","Initiated":true,"ProcessGuid":"747F3D96-312C-6095-4705-000000001D00","ProcessId":7192,"Protocol":"tcp","RuleName":"-","SourceHostname":"MSEDGEWIN10.domain.name","SourceIp":"192.168.1.8","SourceIsIpv6":false,"SourcePort":50705,"SourcePortName":"-","User":"MSEDGEWIN10\\IEUser","UtcTime":"2021-05-07 12:23:08.879"},"System":{"Channel":"Microsoft-Windows-Sysmon/Operational","Computer":"MSEDGEWIN10","Correlation":null,"EventID":3,"EventRecordID":1936,"Execution":{"#attributes":{"ProcessID":4224,"ThreadID":4216}},"Keywords":"0x8000000000000000","Level":4,"Opcode":0,"Provider":{"#attributes":{"Guid":"5770385F-C22A-43E0-BF4C-06F5698FFBD9","Name":"Microsoft-Windows-Sysmon"}},"Security":{"#attributes":{"UserID":"S-1-5-18"}},"Task":3,"TimeCreated":{"#attributes":{"SystemTime":"2021-05-07T12:23:09.897061Z"}},"Version":5}}
{"#attributes":{"xmlns":"http://schemas.microsoft.com/win/2004/08/events/event"},"EventData":{"CommandLine":"C:\\windows\\temp\\supply.exe /c \"whoami\"\n","Company":"-","CurrentDirectory":"C:\\Users\\IEUser\\Downloads\\","Description":"-","FileVersion":"-","Hashes":"MD5=E253708011D4153D7764EC1B3CBC019F,SHA256=B896CC820879C983970829D81667BB69DA2567E942E9228AB68D64EDF550A77A,IMPHASH=4DF47BD79D7FE79953651A03293F0E8F","Image":"C:\\Windows\\Temp\\supply.exe","IntegrityLevel":"Medium","LogonGuid":"747F3D96-DE82-6094-7713-0F0000000000","LogonId":"0xf1377","OriginalFileName":"-","ParentCommandLine":"C:\\windows\\temp\\supply.exe /c \"whoami\"\n","ParentImage":"C:\\Windows\\Temp\\supply.exe","ParentProcessGuid":"747F3D96-312D-6095-4C05-000000001D00","ParentProcessId":7264,"ProcessGuid":"747F3D96-312D-6095-4D05-000000001D00","ProcessId":7280,"Product":"-","RuleName":"-","TerminalSessionId":1,"User":"MSEDGEWIN10\\IEUser","UtcTime":"2021-05-07 12:23:09.959"},"System":{"Channel":"Microsoft-Windows-Sysmon/Operational","Computer":"MSEDGEWIN10","Correlation":null,"EventID":1,"EventRecordID":1937,"Execution":{"#attributes":{"ProcessID":4224,"ThreadID":7088}},"Keywords":"0x8000000000000000","Level":4,"Opcode":0,"Provider":{"#attributes":{"Guid":"5770385F-C22A-43E0-BF4C-06F5698FFBD9","Name":"Microsoft-Windows-Sysmon"}},"Security":{"#attributes":{"UserID":"S-1-5-18"}},"Task":1,"TimeCreated":{"#attributes":{"SystemTime":"2021-05-07T12:23:09.962446Z"}},"Version":5}}
{"#attributes":{"xmlns":"http://schemas.microsoft.com/win/2004/08/events/event"},"EventData":{"DestinationHostname":"-","DestinationIp":"192.168.1.11","DestinationIsIpv6":false,"DestinationPort":8080,"DestinationPortName":"-","Image":"C:\\Windows\\Temp\\supply.exe","Initiated":true,"ProcessGuid":"747F3D96-312C-6095-4905-000000001D00","ProcessId":7220,"Protocol":"tcp","RuleName":"-","SourceHostname":"MSEDGEWIN10.domain.name","SourceIp":"192.168.1.8","SourceIsIpv6":false,"SourcePort":50707,"SourcePortName":"-","User":"MSEDGEWIN10\\IEUser","UtcTime":"2021-05-07 12:23:09.196"},"System":{"Channel":"Microsoft-Windows-Sysmon/Operational","Computer":"MSEDGEWIN10","Correlation":null,"EventID":3,"EventRecordID":1938,"Execution":{"#attributes":{"ProcessID":4224,"ThreadID":4216}},"Keywords":"0x8000000000000000","Level":4,"Opcode":0,"Provider":{"#attributes":{"Guid":"5770385F-C22A-43E0-BF4C-06F5698FFBD9","Name":"Microsoft-Windows-Sysmon"}},"Security":{"#attributes":{"UserID":"S-1-5-18"}},"Task":3,"TimeCreated":{"#attributes":{"SystemTime":"2021-05-07T12:23:10.427275Z"}},"Version":5}}
{"#attributes":{"xmlns":"http://schemas.microsoft.com/win/2004/08/events/event"},"EventData":{"CommandLine":"C:\\windows\\temp\\supply.exe /c \"whoami\"\n","Company":"-","CurrentDirectory":"C:\\Users\\IEUser\\Downloads\\","Description":"-","FileVersion":"-","Hashes":"MD5=E253708011D4153D7764EC1B3CBC019F,SHA256=B896CC820879C983970829D81667BB69DA2567E942E9228AB68D64EDF550A77A,IMPHASH=4DF47BD79D7FE79953651A03293F0E8F","Image":"C:\\Windows\\Temp\\supply.exe","IntegrityLevel":"Medium","LogonGuid":"747F3D96-DE82-6094-7713-0F0000000000","LogonId":"0xf1377","OriginalFileName":"-","ParentCommandLine":"C:\\windows\\temp\\supply.exe /c \"whoami\"\n","ParentImage":"C:\\Windows\\Temp\\supply.exe","ParentProcessGuid":"747F3D96-312D-6095-4D05-000000001D00","ParentProcessId":7280,"ProcessGuid":"747F3D96-312E-6095-4E05-000000001D00","ProcessId":7292,"Product":"-","RuleName":"-","TerminalSessionId":1,"User":"MSEDGEWIN10\\IEUser","UtcTime":"2021-05-07 12:23:10.538"},"System":{"Channel":"Microsoft-Windows-Sysmon/Operational","Computer":"MSEDGEWIN10","Correlation":null,"EventID":1,"EventRecordID":1939,"Execution":{"#attributes":{"ProcessID":4224,"ThreadID":7088}},"Keywords":"0x8000000000000000","Level":4,"Opcode":0,"Provider":{"#attributes":{"Guid":"5770385F-C22A-43E0-BF4C-06F5698FFBD9","Name":"Microsoft-Windows-Sysmon"}},"Security":{"#attributes":{"UserID":"S-1-5-18"}},"Task":1,"TimeCreated":{"#attributes":{"SystemTime":"2021-05-07T12:23:10.540382Z"}},"Version":5}}
{"#attributes":{"xmlns":"http://schemas.microsoft.com/win/2004/08/events/event"},"EventData":{"CreationUtcTime":"2021-05-07 12:23:10.567","Image":"C:\\windows\\temp\\supply.exe","ProcessGuid":"747F3D96-312E-6095-4E05-000000001D00","ProcessId":7292,"RuleName":"DLL","TargetFilename":"C:\\Users\\IEUser\\AppData\\Local\\Temp\\_MEI72922\\msvcm90.dll","UtcTime":"2021-05-07 12:23:10.567"},"System":{"Channel":"Microsoft-Windows-Sysmon/Operational","Computer":"MSEDGEWIN10","Correlation":null,"EventID":11,"EventRecordID":1940,"Execution":{"#attributes":{"ProcessID":4224,"ThreadID":7088}},"Keywords":"0x8000000000000000","Level":4,"Opcode":0,"Provider":{"#attributes":{"Guid":"5770385F-C22A-43E0-BF4C-06F5698FFBD9","Name":"Microsoft-Windows-Sysmon"}},"Security":{"#attributes":{"UserID":"S-1-5-18"}},"Task":11,"TimeCreated":{"#attributes":{"SystemTime":"2021-05-07T12:23:10.582819Z"}},"Version":2}}
{"#attributes":{"xmlns":"http://schemas.microsoft.com/win/2004/08/events/event"},"EventData":{"CreationUtcTime":"2021-05-07 12:23:10.567","Image":"C:\\windows\\temp\\supply.exe","ProcessGuid":"747F3D96-312E-6095-4E05-000000001D00","ProcessId":7292,"RuleName":"DLL","TargetFilename":"C:\\Users\\IEUser\\AppData\\Local\\Temp\\_MEI72922\\msvcp90.dll","UtcTime":"2021-05-07 12:23:10.567"},"System":{"Channel":"Microsoft-Windows-Sysmon/Operational","Computer":"MSEDGEWIN10","Correlation":null,"EventID":11,"EventRecordID":1941,"Execution":{"#attributes":{"ProcessID":4224,"ThreadID":7088}},"Keywords":"0x8000000000000000","Level":4,"Opcode":0,"Provider":{"#attributes":{"Guid":"5770385F-C22A-43E0-BF4C-06F5698FFBD9","Name":"Microsoft-Windows-Sysmon"}},"Security":{"#attributes":{"UserID":"S-1-5-18"}},"Task":11,"TimeCreated":{"#attributes":{"SystemTime":"2021-05-07T12:23:10.582873Z"}},"Version":2}}
{"#attributes":{"xmlns":"http://schemas.microsoft.com/win/2004/08/events/event"},"EventData":{"CreationUtcTime":"2021-05-07 12:23:10.567","Image":"C:\\windows\\temp\\supply.exe","ProcessGuid":"747F3D96-312E-6095-4E05-000000001D00","ProcessId":7292,"RuleName":"DLL","TargetFilename":"C:\\Users\\IEUser\\AppData\\Local\\Temp\\_MEI72922\\msvcr90.dll","UtcTime":"2021-05-07 12:23:10.567"},"System":{"Channel":"Microsoft-Windows-Sysmon/Operational","Computer":"MSEDGEWIN10","Correlation":null,"EventID":11,"EventRecordID":1942,"Execution":{"#attributes":{"ProcessID":4224,"ThreadID":7088}},"Keywords":"0x8000000000000000","Level":4,"Opcode":0,"Provider":{"#attributes":{"Guid":"5770385F-C22A-43E0-BF4C-06F5698FFBD9","Name":"Microsoft-Windows-Sysmon"}},"Security":{"#attributes":{"UserID":"S-1-5-18"}},"Task":11,"TimeCreated":{"#attributes":{"SystemTime":"2021-05-07T12:23:10.582900Z"}},"Version":2}}
{"#attributes":{"xmlns":"http://schemas.microsoft.com/win/2004/08/events/event"},"EventData":{"CreationUtcTime":"2021-05-07 12:23:10.582","Image":"C:\\windows\\temp\\supply.exe","ProcessGuid":"747F3D96-312E-6095-4E05-000000001D00","ProcessId":7292,"RuleName":"DLL","TargetFilename":"C:\\Users\\IEUser\\AppData\\Local\\Temp\\_MEI72922\\python27.dll","UtcTime":"2021-05-07 12:23:10.582"},"System":{"Channel":"Microsoft-Windows-Sysmon/Operational","Computer":"MSEDGEWIN10","Correlation":null,"EventID":11,"EventRecordID":1943,"Execution":{"#attributes":{"ProcessID":4224,"ThreadID":7088}},"Keywords":"0x8000000000000000","Level":4,"Opcode":0,"Provider":{"#attributes":{"Guid":"5770385F-C22A-43E0-BF4C-06F5698FFBD9","Name":"Microsoft-Windows-Sysmon"}},"Security":{"#attributes":{"UserID":"S-1-5-18"}},"Task":11,"TimeCreated":{"#attributes":{"SystemTime":"2021-05-07T12:23:10.591557Z"}},"Version":2}}
{"#attributes":{"xmlns":"http://schemas.microsoft.com/win/2004/08/events/event"},"EventData":{"CommandLine":"C:\\windows\\temp\\supply.exe /c \"whoami\"\n","Company":"-","CurrentDirectory":"C:\\Users\\IEUser\\Downloads\\","Description":"-","FileVersion":"-","Hashes":"MD5=E253708011D4153D7764EC1B3CBC019F,SHA256=B896CC820879C983970829D81667BB69DA2567E942E9228AB68D64EDF550A77A,IMPHASH=4DF47BD79D7FE79953651A03293F0E8F","Image":"C:\\Windows\\Temp\\supply.exe","IntegrityLevel":"Medium","LogonGuid":"747F3D96-DE82-6094-7713-0F0000000000","LogonId":"0xf1377","OriginalFileName":"-","ParentCommandLine":"C:\\windows\\temp\\supply.exe /c \"whoami\"\n","ParentImage":"C:\\Windows\\Temp\\supply.exe","ParentProcessGuid":"747F3D96-312E-6095-4E05-000000001D00","ParentProcessId":7292,"ProcessGuid":"747F3D96-312E-6095-4F05-000000001D00","ProcessId":7304,"Product":"-","RuleName":"-","TerminalSessionId":1,"User":"MSEDGEWIN10\\IEUser","UtcTime":"2021-05-07 12:23:10.603"},"System":{"Channel":"Microsoft-Windows-Sysmon/Operational","Computer":"MSEDGEWIN10","Correlation":null,"EventID":1,"EventRecordID":1944,"Execution":{"#attributes":{"ProcessID":4224,"ThreadID":7088}},"Keywords":"0x8000000000000000","Level":4,"Opcode":0,"Provider":{"#attributes":{"Guid":"5770385F-C22A-43E0-BF4C-06F5698FFBD9","Name":"Microsoft-Windows-Sysmon"}},"Security":{"#attributes":{"UserID":"S-1-5-18"}},"Task":1,"TimeCreated":{"#attributes":{"SystemTime":"2021-05-07T12:23:10.606273Z"}},"Version":5}}
{"#attributes":{"xmlns":"http://schemas.microsoft.com/win/2004/08/events/event"},"EventData":{"DestinationHostname":"-","DestinationIp":"192.168.1.11","DestinationIsIpv6":false,"DestinationPort":8080,"DestinationPortName":"-","Image":"C:\\Windows\\Temp\\supply.exe","Initiated":true,"ProcessGuid":"747F3D96-312D-6095-4B05-000000001D00","ProcessId":7244,"Protocol":"tcp","RuleName":"-","SourceHostname":"MSEDGEWIN10.domain.name","SourceIp":"192.168.1.8","SourceIsIpv6":false,"SourcePort":50709,"SourcePortName":"-","User":"MSEDGEWIN10\\IEUser","UtcTime":"2021-05-07 12:23:09.533"},"System":{"Channel":"Microsoft-Windows-Sysmon/Operational","Computer":"MSEDGEWIN10","Correlation":null,"EventID":3,"EventRecordID":1945,"Execution":{"#attributes":{"ProcessID":4224,"ThreadID":4216}},"Keywords":"0x8000000000000000","Level":4,"Opcode":0,"Provider":{"#attributes":{"Guid":"5770385F-C22A-43E0-BF4C-06F5698FFBD9","Name":"Microsoft-Windows-Sysmon"}},"Security":{"#attributes":{"UserID":"S-1-5-18"}},"Task":3,"TimeCreated":{"#attributes":{"SystemTime":"2021-05-07T12:23:10.711880Z"}},"Version":5}}
{"#attributes":{"xmlns":"http://schemas.microsoft.com/win/2004/08/events/event"},"EventData":{"CommandLine":"C:\\windows\\temp\\supply.exe /c \"whoami\"\n","Company":"-","CurrentDirectory":"C:\\Users\\IEUser\\Downloads\\","Description":"-","FileVersion":"-","Hashes":"MD5=E253708011D4153D7764EC1B3CBC019F,SHA256=B896CC820879C983970829D81667BB69DA2567E942E9228AB68D64EDF550A77A,IMPHASH=4DF47BD79D7FE79953651A03293F0E8F","Image":"C:\\Windows\\Temp\\supply.exe","IntegrityLevel":"Medium","LogonGuid":"747F3D96-DE82-6094-7713-0F0000000000","LogonId":"0xf1377","OriginalFileName":"-","ParentCommandLine":"C:\\windows\\temp\\supply.exe /c \"whoami\"\n","ParentImage":"C:\\Windows\\Temp\\supply.exe","ParentProcessGuid":"747F3D96-312E-6095-4F05-000000001D00","ParentProcessId":7304,"ProcessGuid":"747F3D96-312E-6095-5005-000000001D00","ProcessId":7316,"Product":"-","RuleName":"-","TerminalSessionId":1,"User":"MSEDGEWIN10\\IEUser","UtcTime":"2021-05-07 12:23:10.844"},"System":{"Channel":"Microsoft-Windows-Sysmon/Operational","Computer":"MSEDGEWIN10","Correlation":null,"EventID":1,"EventRecordID":1946,"Execution":{"#attributes":{"ProcessID":4224,"ThreadID":7088}},"Keywords":"0x8000000000000000","Level":4,"Opcode":0,"Provider":{"#attributes":{"Guid":"5770385F-C22A-43E0-BF4C-06F5698FFBD9","Name":"Microsoft-Windows-Sysmon"}},"Security":{"#attributes":{"UserID":"S-1-5-18"}},"Task":1,"TimeCreated":{"#attributes":{"SystemTime":"2021-05-07T12:23:10.847083Z"}},"Version":5}}
{"#attributes":{"xmlns":"http://schemas.microsoft.com/win/2004/08/events/event"},"EventData":{"CreationUtcTime":"2021-05-07 12:23:10.864","Image":"C:\\windows\\temp\\supply.exe","ProcessGuid":"747F3D96-312E-6095-5005-000000001D00","ProcessId":7316,"RuleName":"DLL","TargetFilename":"C:\\Users\\IEUser\\AppData\\Local\\Temp\\_MEI73162\\msvcm90.dll","UtcTime":"2021-05-07 12:23:10.864"},"System":{"Channel":"Microsoft-Windows-Sysmon/Operational","Computer":"MSEDGEWIN10","Correlation":null,"EventID":11,"EventRecordID":1947,"Execution":{"#attributes":{"ProcessID":4224,"ThreadID":7088}},"Keywords":"0x8000000000000000","Level":4,"Opcode":0,"Provider":{"#attributes":{"Guid":"5770385F-C22A-43E0-BF4C-06F5698FFBD9","Name":"Microsoft-Windows-Sysmon"}},"Security":{"#attributes":{"UserID":"S-1-5-18"}},"Task":11,"TimeCreated":{"#attributes":{"SystemTime":"2021-05-07T12:23:10.879916Z"}},"Version":2}}
{"#attributes":{"xmlns":"http://schemas.microsoft.com/win/2004/08/events/event"},"EventData":{"CreationUtcTime":"2021-05-07 12:23:10.864","Image":"C:\\windows\\temp\\supply.exe","ProcessGuid":"747F3D96-312E-6095-5005-000000001D00","ProcessId":7316,"RuleName":"DLL","TargetFilename":"C:\\Users\\IEUser\\AppData\\Local\\Temp\\_MEI73162\\msvcp90.dll","UtcTime":"2021-05-07 12:23:10.864"},"System":{"Channel":"Microsoft-Windows-Sysmon/Operational","Computer":"MSEDGEWIN10","Correlation":null,"EventID":11,"EventRecordID":1948,"Execution":{"#attributes":{"ProcessID":4224,"ThreadID":7088}},"Keywords":"0x8000000000000000","Level":4,"Opcode":0,"Provider":{"#attributes":{"Guid":"5770385F-C22A-43E0-BF4C-06F5698FFBD9","Name":"Microsoft-Windows-Sysmon"}},"Security":{"#attributes":{"UserID":"S-1-5-18"}},"Task":11,"TimeCreated":{"#attributes":{"SystemTime":"2021-05-07T12:23:10.894679Z"}},"Version":2}}
{"#attributes":{"xmlns":"http://schemas.microsoft.com/win/2004/08/events/event"},"EventData":{"CreationUtcTime":"2021-05-07 12:23:10.880","Image":"C:\\windows\\temp\\supply.exe","ProcessGuid":"747F3D96-312E-6095-5005-000000001D00","ProcessId":7316,"RuleName":"DLL","TargetFilename":"C:\\Users\\IEUser\\AppData\\Local\\Temp\\_MEI73162\\msvcr90.dll","UtcTime":"2021-05-07 12:23:10.880"},"System":{"Channel":"Microsoft-Windows-Sysmon/Operational","Computer":"MSEDGEWIN10","Correlation":null,"EventID":11,"EventRecordID":1949,"Execution":{"#attributes":{"ProcessID":4224,"ThreadID":7088}},"Keywords":"0x8000000000000000","Level":4,"Opcode":0,"Provider":{"#attributes":{"Guid":"5770385F-C22A-43E0-BF4C-06F5698FFBD9","Name":"Microsoft-Windows-Sysmon"}},"Security":{"#attributes":{"UserID":"S-1-5-18"}},"Task":11,"TimeCreated":{"#attributes":{"SystemTime":"2021-05-07T12:23:10.894741Z"}},"Version":2}}
{"#attributes":{"xmlns":"http://schemas.microsoft.com/win/2004/08/events/event"},"EventData":{"CreationUtcTime":"2021-05-07 12:23:10.895","Image":"C:\\windows\\temp\\supply.exe","ProcessGuid":"747F3D96-312E-6095-5005-000000001D00","ProcessId":7316,"RuleName":"DLL","TargetFilename":"C:\\Users\\IEUser\\AppData\\Local\\Temp\\_MEI73162\\python27.dll","UtcTime":"2021-05-07 12:23:10.895"},"System":{"Channel":"Microsoft-Windows-Sysmon/Operational","Computer":"MSEDGEWIN10","Correlation":null,"EventID":11,"EventRecordID":1950,"Execution":{"#attributes":{"ProcessID":4224,"ThreadID":7088}},"Keywords":"0x8000000000000000","Level":4,"Opcode":0,"Provider":{"#attributes":{"Guid":"5770385F-C22A-43E0-BF4C-06F5698FFBD9","Name":"Microsoft-Windows-Sysmon"}},"Security":{"#attributes":{"UserID":"S-1-5-18"}},"Task":11,"TimeCreated":{"#attributes":{"SystemTime":"2021-05-07T12:23:10.925209Z"}},"Version":2}}
{"#attributes":{"xmlns":"http://schemas.microsoft.com/win/2004/08/events/event"},"EventData":{"CommandLine":"C:\\windows\\temp\\supply.exe /c \"whoami\"\n","Company":"-","CurrentDirectory":"C:\\Users\\IEUser\\Downloads\\","Description":"-","FileVersion":"-","Hashes":"MD5=E253708011D4153D7764EC1B3CBC019F,SHA256=B896CC820879C983970829D81667BB69DA2567E942E9228AB68D64EDF550A77A,IMPHASH=4DF47BD79D7FE79953651A03293F0E8F","Image":"C:\\Windows\\Temp\\supply.exe","IntegrityLevel":"Medium","LogonGuid":"747F3D96-DE82-6094-7713-0F0000000000","LogonId":"0xf1377","OriginalFileName":"-","ParentCommandLine":"C:\\windows\\temp\\supply.exe /c \"whoami\"\n","ParentImage":"C:\\Windows\\Temp\\supply.exe","ParentProcessGuid":"747F3D96-312E-6095-5005-000000001D00","ParentProcessId":7316,"ProcessGuid":"747F3D96-312E-6095-5105-000000001D00","ProcessId":7328,"Product":"-","RuleName":"-","TerminalSessionId":1,"User":"MSEDGEWIN10\\IEUser","UtcTime":"2021-05-07 12:23:10.945"},"System":{"Channel":"Microsoft-Windows-Sysmon/Operational","Computer":"MSEDGEWIN10","Correlation":null,"EventID":1,"EventRecordID":1951,"Execution":{"#attributes":{"ProcessID":4224,"ThreadID":7088}},"Keywords":"0x8000000000000000","Level":4,"Opcode":0,"Provider":{"#attributes":{"Guid":"5770385F-C22A-43E0-BF4C-06F5698FFBD9","Name":"Microsoft-Windows-Sysmon"}},"Security":{"#attributes":{"UserID":"S-1-5-18"}},"Task":1,"TimeCreated":{"#attributes":{"SystemTime":"2021-05-07T12:23:10.950874Z"}},"Version":5}}
{"#attributes":{"xmlns":"http://schemas.microsoft.com/win/2004/08/events/event"},"EventData":{"CommandLine":"C:\\windows\\temp\\supply.exe /c \"whoami\"\n","Company":"-","CurrentDirectory":"C:\\Users\\IEUser\\Downloads\\","Description":"-","FileVersion":"-","Hashes":"MD5=E253708011D4153D7764EC1B3CBC019F,SHA256=B896CC820879C983970829D81667BB69DA2567E942E9228AB68D64EDF550A77A,IMPHASH=4DF47BD79D7FE79953651A03293F0E8F","Image":"C:\\Windows\\Temp\\supply.exe","IntegrityLevel":"Medium","LogonGuid":"747F3D96-DE82-6094-7713-0F0000000000","LogonId":"0xf1377","OriginalFileName":"-","ParentCommandLine":"C:\\windows\\temp\\supply.exe /c \"whoami\"\n","ParentImage":"C:\\Windows\\Temp\\supply.exe","ParentProcessGuid":"747F3D96-312E-6095-5105-000000001D00","ParentProcessId":7328,"ProcessGuid":"747F3D96-312F-6095-5205-000000001D00","ProcessId":7340,"Product":"-","RuleName":"-","TerminalSessionId":1,"User":"MSEDGEWIN10\\IEUser","UtcTime":"2021-05-07 12:23:11.275"},"System":{"Channel":"Microsoft-Windows-Sysmon/Operational","Computer":"MSEDGEWIN10","Correlation":null,"EventID":1,"EventRecordID":1952,"Execution":{"#attributes":{"ProcessID":4224,"ThreadID":7088}},"Keywords":"0x8000000000000000","Level":4,"Opcode":0,"Provider":{"#attributes":{"Guid":"5770385F-C22A-43E0-BF4C-06F5698FFBD9","Name":"Microsoft-Windows-Sysmon"}},"Security":{"#attributes":{"UserID":"S-1-5-18"}},"Task":1,"TimeCreated":{"#attributes":{"SystemTime":"2021-05-07T12:23:11.277864Z"}},"Version":5}}
{"#attributes":{"xmlns":"http://schemas.microsoft.com/win/2004/08/events/event"},"EventData":{"CreationUtcTime":"2021-05-07 12:23:11.301","Image":"C:\\windows\\temp\\supply.exe","ProcessGuid":"747F3D96-312F-6095-5205-000000001D00","ProcessId":7340,"RuleName":"DLL","TargetFilename":"C:\\Users\\IEUser\\AppData\\Local\\Temp\\_MEI73402\\msvcm90.dll","UtcTime":"2021-05-07 12:23:11.301"},"System":{"Channel":"Microsoft-Windows-Sysmon/Operational","Computer":"MSEDGEWIN10","Correlation":null,"EventID":11,"EventRecordID":1953,"Execution":{"#attributes":{"ProcessID":4224,"ThreadID":7088}},"Keywords":"0x8000000000000000","Level":4,"Opcode":0,"Provider":{"#attributes":{"Guid":"5770385F-C22A-43E0-BF4C-06F5698FFBD9","Name":"Microsoft-Windows-Sysmon"}},"Security":{"#attributes":{"UserID":"S-1-5-18"}},"Task":11,"TimeCreated":{"#attributes":{"SystemTime":"2021-05-07T12:23:11.310086Z"}},"Version":2}}
{"#attributes":{"xmlns":"http://schemas.microsoft.com/win/2004/08/events/event"},"EventData":{"CreationUtcTime":"2021-05-07 12:23:11.301","Image":"C:\\windows\\temp\\supply.exe","ProcessGuid":"747F3D96-312F-6095-5205-000000001D00","ProcessId":7340,"RuleName":"DLL","TargetFilename":"C:\\Users\\IEUser\\AppData\\Local\\Temp\\_MEI73402\\msvcp90.dll","UtcTime":"2021-05-07 12:23:11.301"},"System":{"Channel":"Microsoft-Windows-Sysmon/Operational","Computer":"MSEDGEWIN10","Correlation":null,"EventID":11,"EventRecordID":1954,"Execution":{"#attributes":{"ProcessID":4224,"ThreadID":7088}},"Keywords":"0x8000000000000000","Level":4,"Opcode":0,"Provider":{"#attributes":{"Guid":"5770385F-C22A-43E0-BF4C-06F5698FFBD9","Name":"Microsoft-Windows-Sysmon"}},"Security":{"#attributes":{"UserID":"S-1-5-18"}},"Task":11,"TimeCreated":{"#attributes":{"SystemTime":"2021-05-07T12:23:11.317772Z"}},"Version":2}}
{"#attributes":{"xmlns":"http://schemas.microsoft.com/win/2004/08/events/event"},"EventData":{"CreationUtcTime":"2021-05-07 12:23:11.301","Image":"C:\\windows\\temp\\supply.exe","ProcessGuid":"747F3D96-312F-6095-5205-000000001D00","ProcessId":7340,"RuleName":"DLL","TargetFilename":"C:\\Users\\IEUser\\AppData\\Local\\Temp\\_MEI73402\\msvcr90.dll","UtcTime":"2021-05-07 12:23:11.301"},"System":{"Channel":"Microsoft-Windows-Sysmon/Operational","Computer":"MSEDGEWIN10","Correlation":null,"EventID":11,"EventRecordID":1955,"Execution":{"#attributes":{"ProcessID":4224,"ThreadID":7088}},"Keywords":"0x8000000000000000","Level":4,"Opcode":0,"Provider":{"#attributes":{"Guid":"5770385F-C22A-43E0-BF4C-06F5698FFBD9","Name":"Microsoft-Windows-Sysmon"}},"Security":{"#attributes":{"UserID":"S-1-5-18"}},"Task":11,"TimeCreated":{"#attributes":{"SystemTime":"2021-05-07T12:23:11.317822Z"}},"Version":2}}
{"#attributes":{"xmlns":"http://schemas.microsoft.com/win/2004/08/events/event"},"EventData":{"CreationUtcTime":"2021-05-07 12:23:11.317","Image":"C:\\windows\\temp\\supply.exe","ProcessGuid":"747F3D96-312F-6095-5205-000000001D00","ProcessId":7340,"RuleName":"DLL","TargetFilename":"C:\\Users\\IEUser\\AppData\\Local\\Temp\\_MEI73402\\python27.dll","UtcTime":"2021-05-07 12:23:11.317"},"System":{"Channel":"Microsoft-Windows-Sysmon/Operational","Computer":"MSEDGEWIN10","Correlation":null,"EventID":11,"EventRecordID":1956,"Execution":{"#attributes":{"ProcessID":4224,"ThreadID":7088}},"Keywords":"0x8000000000000000","Level":4,"Opcode":0,"Provider":{"#attributes":{"Guid":"5770385F-C22A-43E0-BF4C-06F5698FFBD9","Name":"Microsoft-Windows-Sysmon"}},"Security":{"#attributes":{"UserID":"S-1-5-18"}},"Task":11,"TimeCreated":{"#attributes":{"SystemTime":"2021-05-07T12:23:11.334377Z"}},"Version":2}}
{"#attributes":{"xmlns":"http://schemas.microsoft.com/win/2004/08/events/event"},"EventData":{"CommandLine":"C:\\windows\\temp\\supply.exe /c \"whoami\"\n","Company":"-","CurrentDirectory":"C:\\Users\\IEUser\\Downloads\\","Description":"-","FileVersion":"-","Hashes":"MD5=E253708011D4153D7764EC1B3CBC019F,SHA256=B896CC820879C983970829D81667BB69DA2567E942E9228AB68D64EDF550A77A,IMPHASH=4DF47BD79D7FE79953651A03293F0E8F","Image":"C:\\Windows\\Temp\\supply.exe","IntegrityLevel":"Medium","LogonGuid":"747F3D96-DE82-6094-7713-0F0000000000","LogonId":"0xf1377","OriginalFileName":"-","ParentCommandLine":"C:\\windows\\temp\\supply.exe /c \"whoami\"\n","ParentImage":"C:\\Windows\\Temp\\supply.exe","ParentProcessGuid":"747F3D96-312F-6095-5205-000000001D00","ParentProcessId":7340,"ProcessGuid":"747F3D96-312F-6095-5305-000000001D00","ProcessId":7352,"Product":"-","RuleName":"-","TerminalSessionId":1,"User":"MSEDGEWIN10\\IEUser","UtcTime":"2021-05-07 12:23:11.343"},"System":{"Channel":"Microsoft-Windows-Sysmon/Operational","Computer":"MSEDGEWIN10","Correlation":null,"EventID":1,"EventRecordID":1957,"Execution":{"#attributes":{"ProcessID":4224,"ThreadID":7088}},"Keywords":"0x8000000000000000","Level":4,"Opcode":0,"Provider":{"#attributes":{"Guid":"5770385F-C22A-43E0-BF4C-06F5698FFBD9","Name":"Microsoft-Windows-Sysmon"}},"Security":{"#attributes":{"UserID":"S-1-5-18"}},"Task":1,"TimeCreated":{"#attributes":{"SystemTime":"2021-05-07T12:23:11.346599Z"}},"Version":5}}
{"#attributes":{"xmlns":"http://schemas.microsoft.com/win/2004/08/events/event"},"EventData":{"CommandLine":"C:\\windows\\temp\\supply.exe /c \"whoami\"\n","Company":"-","CurrentDirectory":"C:\\Users\\IEUser\\Downloads\\","Description":"-","FileVersion":"-","Hashes":"MD5=E253708011D4153D7764EC1B3CBC019F,SHA256=B896CC820879C983970829D81667BB69DA2567E942E9228AB68D64EDF550A77A,IMPHASH=4DF47BD79D7FE79953651A03293F0E8F","Image":"C:\\Windows\\Temp\\supply.exe","IntegrityLevel":"Medium","LogonGuid":"747F3D96-DE82-6094-7713-0F0000000000","LogonId":"0xf1377","OriginalFileName":"-","ParentCommandLine":"C:\\windows\\temp\\supply.exe /c \"whoami\"\n","ParentImage":"C:\\Windows\\Temp\\supply.exe","ParentProcessGuid":"747F3D96-312F-6095-5305-000000001D00","ParentProcessId":7352,"ProcessGuid":"747F3D96-312F-6095-5405-000000001D00","ProcessId":7364,"Product":"-","RuleName":"-","TerminalSessionId":1,"User":"MSEDGEWIN10\\IEUser","UtcTime":"2021-05-07 12:23:11.590"},"System":{"Channel":"Microsoft-Windows-Sysmon/Operational","Computer":"MSEDGEWIN10","Correlation":null,"EventID":1,"EventRecordID":1958,"Execution":{"#attributes":{"ProcessID":4224,"ThreadID":7088}},"Keywords":"0x8000000000000000","Level":4,"Opcode":0,"Provider":{"#attributes":{"Guid":"5770385F-C22A-43E0-BF4C-06F5698FFBD9","Name":"Microsoft-Windows-Sysmon"}},"Security":{"#attributes":{"UserID":"S-1-5-18"}},"Task":1,"TimeCreated":{"#attributes":{"SystemTime":"2021-05-07T12:23:11.592971Z"}},"Version":5}}
{"#attributes":{"xmlns":"http://schemas.microsoft.com/win/2004/08/events/event"},"EventData":{"CreationUtcTime":"2021-05-07 12:23:11.614","Image":"C:\\windows\\temp\\supply.exe","ProcessGuid":"747F3D96-312F-6095-5405-000000001D00","ProcessId":7364,"RuleName":"DLL","TargetFilename":"C:\\Users\\IEUser\\AppData\\Local\\Temp\\_MEI73642\\msvcm90.dll","UtcTime":"2021-05-07 12:23:11.614"},"System":{"Channel":"Microsoft-Windows-Sysmon/Operational","Computer":"MSEDGEWIN10","Correlation":null,"EventID":11,"EventRecordID":1959,"Execution":{"#attributes":{"ProcessID":4224,"ThreadID":7088}},"Keywords":"0x8000000000000000","Level":4,"Opcode":0,"Provider":{"#attributes":{"Guid":"5770385F-C22A-43E0-BF4C-06F5698FFBD9","Name":"Microsoft-Windows-Sysmon"}},"Security":{"#attributes":{"UserID":"S-1-5-18"}},"Task":11,"TimeCreated":{"#attributes":{"SystemTime":"2021-05-07T12:23:11.625579Z"}},"Version":2}}
{"#attributes":{"xmlns":"http://schemas.microsoft.com/win/2004/08/events/event"},"EventData":{"CreationUtcTime":"2021-05-07 12:23:11.614","Image":"C:\\windows\\temp\\supply.exe","ProcessGuid":"747F3D96-312F-6095-5405-000000001D00","ProcessId":7364,"RuleName":"DLL","TargetFilename":"C:\\Users\\IEUser\\AppData\\Local\\Temp\\_MEI73642\\msvcp90.dll","UtcTime":"2021-05-07 12:23:11.614"},"System":{"Channel":"Microsoft-Windows-Sysmon/Operational","Computer":"MSEDGEWIN10","Correlation":null,"EventID":11,"EventRecordID":1960,"Execution":{"#attributes":{"ProcessID":4224,"ThreadID":7088}},"Keywords":"0x8000000000000000","Level":4,"Opcode":0,"Provider":{"#attributes":{"Guid":"5770385F-C22A-43E0-BF4C-06F5698FFBD9","Name":"Microsoft-Windows-Sysmon"}},"Security":{"#attributes":{"UserID":"S-1-5-18"}},"Task":11,"TimeCreated":{"#attributes":{"SystemTime":"2021-05-07T12:23:11.630561Z"}},"Version":2}}
{"#attributes":{"xmlns":"http://schemas.microsoft.com/win/2004/08/events/event"},"EventData":{"CreationUtcTime":"2021-05-07 12:23:11.630","Image":"C:\\windows\\temp\\supply.exe","ProcessGuid":"747F3D96-312F-6095-5405-000000001D00","ProcessId":7364,"RuleName":"DLL","TargetFilename":"C:\\Users\\IEUser\\AppData\\Local\\Temp\\_MEI73642\\msvcr90.dll","UtcTime":"2021-05-07 12:23:11.630"},"System":{"Channel":"Microsoft-Windows-Sysmon/Operational","Computer":"MSEDGEWIN10","Correlation":null,"EventID":11,"EventRecordID":1961,"Execution":{"#attributes":{"ProcessID":4224,"ThreadID":7088}},"Keywords":"0x8000000000000000","Level":4,"Opcode":0,"Provider":{"#attributes":{"Guid":"5770385F-C22A-43E0-BF4C-06F5698FFBD9","Name":"Microsoft-Windows-Sysmon"}},"Security":{"#attributes":{"UserID":"S-1-5-18"}},"Task":11,"TimeCreated":{"#attributes":{"SystemTime":"2021-05-07T12:23:11.630843Z"}},"Version":2}}
{"#attributes":{"xmlns":"http://schemas.microsoft.com/win/2004/08/events/event"},"EventData":{"CreationUtcTime":"2021-05-07 12:23:11.646","Image":"C:\\windows\\temp\\supply.exe","ProcessGuid":"747F3D96-312F-6095-5405-000000001D00","ProcessId":7364,"RuleName":"DLL","TargetFilename":"C:\\Users\\IEUser\\AppData\\Local\\Temp\\_MEI73642\\python27.dll","UtcTime":"2021-05-07 12:23:11.646"},"System":{"Channel":"Microsoft-Windows-Sysmon/Operational","Computer":"MSEDGEWIN10","Correlation":null,"EventID":11,"EventRecordID":1962,"Execution":{"#attributes":{"ProcessID":4224,"ThreadID":7088}},"Keywords":"0x8000000000000000","Level":4,"Opcode":0,"Provider":{"#attributes":{"Guid":"5770385F-C22A-43E0-BF4C-06F5698FFBD9","Name":"Microsoft-Windows-Sysmon"}},"Security":{"#attributes":{"UserID":"S-1-5-18"}},"Task":11,"TimeCreated":{"#attributes":{"SystemTime":"2021-05-07T12:23:11.646416Z"}},"Version":2}}
