{"#attributes":{"xmlns":"http://schemas.microsoft.com/win/2004/08/events/event"},"EventData":{"DestinationHostname":"-","DestinationIp":"192.168.1.11","DestinationIsIpv6":false,"DestinationPort":8080,"DestinationPortName":"-","Image":"C:\\Windows\\Temp\\supply.exe","Initiated":true,"ProcessGuid":"747F3D96-3335-6095-7F06-000000001D00","ProcessId":6376,"Protocol":"tcp","RuleName":"-","SourceHostname":"MSEDGEWIN10.domain.name","SourceIp":"192.168.1.8","SourceIsIpv6":false,"SourcePort":51005,"SourcePortName":"-","User":"MSEDGEWIN10\\IEUser","UtcTime":"2021-05-07 12:31:50.991"},"System":{"Channel":"Microsoft-Windows-Sysmon/Operational","Computer":"MSEDGEWIN10","Correlation":null,"EventID":3,"EventRecordID":2958,"Execution":{"#attributes":{"ProcessID":4224,"ThreadID":4216}},"Keywords":"0x8000000000000000","Level":4,"Opcode":0,"Provider":{"#attributes":{"Guid":"5770385F-C22A-43E0-BF4C-06F5698FFBD9","Name":"Microsoft-Windows-Sysmon"}},"Security":{"#attributes":{"UserID":"S-1-5-18"}},"Task":3,"TimeCreated":{"#attributes":{"SystemTime":"2021-05-07T12:31:52.166724Z"}},"Version":5}}
{"#attributes":{"xmlns":"http://schemas.microsoft.com/win/2004/08/events/event"},"EventData":{"DestinationHostname":"-","DestinationIp":"192.168.1.11","DestinationIsIpv6":false,"DestinationPort":8080,"DestinationPortName":"-","Image":"C:\\Windows\\Temp\\supply.exe","Initiated":true,"ProcessGuid":"747F3D96-3335-6095-7E06-000000001D00","ProcessId":2592,"Protocol":"tcp","RuleName":"-","SourceHostname":"MSEDGEWIN10.domain.name","SourceIp":"192.168.1.8","SourceIsIpv6":false,"SourcePort":51006,"SourcePortName":"-","User":"MSEDGEWIN10\\IEUser","UtcTime":"2021-05-07 12:31:51.080"},"System":{"Channel":"Microsoft-Windows-Sysmon/Operational","Computer":"MSEDGEWIN10","Correlation":null,"EventID":3,"EventRecordID":2959,"Execution":{"#attributes":{"ProcessID":4224,"ThreadID":4216}},"Keywords":"0x8000000000000000","Level":4,"Opcode":0,"Provider":{"#attributes":{"Guid":"5770385F-C22A-43E0-BF4C-06F5698FFBD9","Name":"Microsoft-Windows-Sysmon"}},"Security":{"#attributes":{"UserID":"S-1-5-18"}},"Task":3,"TimeCreated":{"#attributes":{"SystemTime":"2021-05-07T12:31:52.166768Z"}},"Version":5}}
{"#attributes":{"xmlns":"http://schemas.microsoft.com/win/2004/08/events/event"},"EventData":{"CommandLine":"\"C:\\Windows\\system32\\mmc.exe\" \"C:\\Windows\\system32\\eventvwr.msc\" /s","Company":"Microsoft Corporation","CurrentDirectory":"C:\\Windows\\system32\\","Description":"Microsoft Management Console","FileVersion":"10.0.17763.1697 (WinBuild.160101.0800)","Hashes":"MD5=7A769B71B7FAE44E4F57B6BE4206DD97,SHA256=03048F7A610EE24CA36007019C6D5D200A9E94172D7F7A46CF71D7E792163E8D,IMPHASH=B8EE2D6252332A68B70B22E3D6E377D2","Image":"C:\\Windows\\System32\\mmc.exe","IntegrityLevel":"Medium","LogonGuid":"747F3D96-DE82-6094-7713-0F0000000000","LogonId":"0xf1377","OriginalFileName":"mmc.exe","ParentCommandLine":"C:\\Windows\\Explorer.EXE","ParentImage":"C:\\Windows\\explorer.exe","ParentProcessGuid":"747F3D96-DE84-6094-6800-000000001D00","ParentProcessId":2956,"ProcessGuid":"747F3D96-335A-6095-8706-000000001D00","ProcessId":8532,"Product":"Microsoft\u00ae Windows\u00ae Operating System","RuleName":"-","TerminalSessionId":1,"User":"MSEDGEWIN10\\IEUser","UtcTime":"2021-05-07 12:32:26.288"},"System":{"Channel":"Microsoft-Windows-Sysmon/Operational","Computer":"MSEDGEWIN10","Correlation":null,"EventID":1,"EventRecordID":2960,"Execution":{"#attributes":{"ProcessID":4224,"ThreadID":7088}},"Keywords":"0x8000000000000000","Level":4,"Opcode":0,"Provider":{"#attributes":{"Guid":"5770385F-C22A-43E0-BF4C-06F5698FFBD9","Name":"Microsoft-Windows-Sysmon"}},"Security":{"#attributes":{"UserID":"S-1-5-18"}},"Task":1,"TimeCreated":{"#attributes":{"SystemTime":"2021-05-07T12:32:26.322054Z"}},"Version":5}}
{"#attributes":{"xmlns":"http://schemas.microsoft.com/win/2004/08/events/event"},"EventData":{"CommandLine":"consent.exe 956 426 00000170631BF040","Company":"Microsoft Corporation","CurrentDirectory":"C:\\Windows\\system32\\","Description":"Consent UI for administrative applications","FileVersion":"10.0.17763.1697 (WinBuild.160101.0800)","Hashes":"MD5=12064AC595A2CB3833CEB505113A2E7F,SHA256=D7C8C63680C78A0C5ED9415CBF0597CBA0CCB140EBD2080EC1C4BA8A1C11C22E,IMPHASH=522D83761201075834F05037F5307949","Image":"C:\\Windows\\System32\\consent.exe","IntegrityLevel":"System","LogonGuid":"747F3D96-89A0-6095-E703-000000000000","LogonId":"0x3e7","OriginalFileName":"consent.exe","ParentCommandLine":"-","ParentImage":"-","ParentProcessGuid":"00000000-0000-0000-0000-000000000000","ParentProcessId":956,"ProcessGuid":"747F3D96-335A-6095-8806-000000001D00","ProcessId":7080,"Product":"Microsoft\u00ae Windows\u00ae Operating System","RuleName":"-","TerminalSessionId":1,"User":"NT AUTHORITY\\SYSTEM","UtcTime":"2021-05-07 12:32:26.644"},"System":{"Channel":"Microsoft-Windows-Sysmon/Operational","Computer":"MSEDGEWIN10","Correlation":null,"EventID":1,"EventRecordID":2961,"Execution":{"#attributes":{"ProcessID":4224,"ThreadID":7088}},"Keywords":"0x8000000000000000","Level":4,"Opcode":0,"Provider":{"#attributes":{"Guid":"5770385F-C22A-43E0-BF4C-06F5698FFBD9","Name":"Microsoft-Windows-Sysmon"}},"Security":{"#attributes":{"UserID":"S-1-5-18"}},"Task":1,"TimeCreated":{"#attributes":{"SystemTime":"2021-05-07T12:32:26.656033Z"}},"Version":5}}
{"#attributes":{"xmlns":"http://schemas.microsoft.com/win/2004/08/events/event"},"EventData":{"CommandLine":"\"C:\\Windows\\system32\\mmc.exe\" \"C:\\Windows\\system32\\eventvwr.msc\" /s","Company":"Microsoft Corporation","CurrentDirectory":"C:\\Windows\\system32\\","Description":"Microsoft Management Console","FileVersion":"10.0.17763.1697 (WinBuild.160101.0800)","Hashes":"MD5=7A769B71B7FAE44E4F57B6BE4206DD97,SHA256=03048F7A610EE24CA36007019C6D5D200A9E94172D7F7A46CF71D7E792163E8D,IMPHASH=B8EE2D6252332A68B70B22E3D6E377D2","Image":"C:\\Windows\\System32\\mmc.exe","IntegrityLevel":"High","LogonGuid":"747F3D96-DE82-6094-4A13-0F0000000000","LogonId":"0xf134a","OriginalFileName":"mmc.exe","ParentCommandLine":"C:\\Windows\\Explorer.EXE","ParentImage":"C:\\Windows\\explorer.exe","ParentProcessGuid":"747F3D96-DE84-6094-6800-000000001D00","ParentProcessId":2956,"ProcessGuid":"747F3D96-335B-6095-8B06-000000001D00","ProcessId":5904,"Product":"Microsoft\u00ae Windows\u00ae Operating System","RuleName":"-","TerminalSessionId":1,"User":"MSEDGEWIN10\\IEUser","UtcTime":"2021-05-07 12:32:27.116"},"System":{"Channel":"Microsoft-Windows-Sysmon/Operational","Computer":"MSEDGEWIN10","Correlation":null,"EventID":1,"EventRecordID":2962,"Execution":{"#attributes":{"ProcessID":4224,"ThreadID":7088}},"Keywords":"0x8000000000000000","Level":4,"Opcode":0,"Provider":{"#attributes":{"Guid":"5770385F-C22A-43E0-BF4C-06F5698FFBD9","Name":"Microsoft-Windows-Sysmon"}},"Security":{"#attributes":{"UserID":"S-1-5-18"}},"Task":1,"TimeCreated":{"#attributes":{"SystemTime":"2021-05-07T12:32:27.118795Z"}},"Version":5}}
{"#attributes":{"xmlns":"http://schemas.microsoft.com/win/2004/08/events/event"},"EventData":{"Image":"C:\\Windows\\System32\\svchost.exe","ProcessGuid":"747F3D96-89A1-6095-1500-000000001D00","ProcessId":996,"QueryName":"wpad","QueryResults":"::ffff:185.38.111.1;","QueryStatus":"0","RuleName":"-","UtcTime":"2021-05-07 12:33:02.784"},"System":{"Channel":"Microsoft-Windows-Sysmon/Operational","Computer":"MSEDGEWIN10","Correlation":null,"EventID":22,"EventRecordID":2963,"Execution":{"#attributes":{"ProcessID":4224,"ThreadID":3364}},"Keywords":"0x8000000000000000","Level":4,"Opcode":0,"Provider":{"#attributes":{"Guid":"5770385F-C22A-43E0-BF4C-06F5698FFBD9","Name":"Microsoft-Windows-Sysmon"}},"Security":{"#attributes":{"UserID":"S-1-5-18"}},"Task":22,"TimeCreated":{"#attributes":{"SystemTime":"2021-05-07T12:33:03.665591Z"}},"Version":5}}
{"#attributes":{"xmlns":"http://schemas.microsoft.com/win/2004/08/events/event"},"EventData":{"Image":"C:\\Windows\\System32\\svchost.exe","ProcessGuid":"747F3D96-89A1-6095-1500-000000001D00","ProcessId":996,"QueryName":"wpad.domain.name","QueryResults":"::ffff:185.38.111.1;","QueryStatus":"0","RuleName":"-","UtcTime":"2021-05-07 12:33:03.224"},"System":{"Channel":"Microsoft-Windows-Sysmon/Operational","Computer":"MSEDGEWIN10","Correlation":null,"EventID":22,"EventRecordID":2964,"Execution":{"#attributes":{"ProcessID":4224,"ThreadID":3364}},"Keywords":"0x8000000000000000","Level":4,"Opcode":0,"Provider":{"#attributes":{"Guid":"5770385F-C22A-43E0-BF4C-06F5698FFBD9","Name":"Microsoft-Windows-Sysmon"}},"Security":{"#attributes":{"UserID":"S-1-5-18"}},"Task":22,"TimeCreated":{"#attributes":{"SystemTime":"2021-05-07T12:33:03.669198Z"}},"Version":5}}
